116
55 10
86 5
47 75
6 77
89 81
29 68
9 24
90 58
40 36
67 44
54 51
63 90
72 2
92 44
1 15
37 44
64 97
26 73
60 5
73 57
29 8
55 25
13 62
24 26
41 89
19 49
73 30
81 97
96 16
2 48
15 95
42 19
15 11
75 62
68 80
97 36
78 27
17 86
90 19
47 94
23 52
36 63
32 39
82 1
41 28
4 64
69 65
86 50
46 10
19 33
8 88
33 71
48 38
62 33
55 86
69 94
98 46
82 57
18 72
97 98
12 53
13 22
66 85
53 70
75 16
96 78
3 2
27 1
31 94
2 31
97 1
0 97
95 64
94 20
59 67
95 92
81 35
59 24
3 39
35 86
27 21
49 57
66 38
34 41
95 73
76 73
21 81
8 97
81 42
98 30
33 8
49 14
44 52
27 57
9 72
78 6
6 22
54 62
39 80
78 82
11 36
66 19
52 37
84 27
19 58
23 88
34 14
55 91
39 67
81 69
20 15
22 38
48 32
34 53
30 78
22 67
