196
6 97
48 63
81 84
89 28
96 55
62 44
29 48
4 77
37 16
42 33
20 14
16 29
64 62
96 75
65 20
7 63
63 87
99 13
23 64
85 14
28 93
48 93
82 64
5 12
81 42
69 5
54 6
7 42
97 92
39 77
98 41
44 48
22 78
56 31
79 99
54 76
98 99
42 97
71 22
51 12
13 43
4 28
62 90
20 8
77 80
35 34
20 99
40 62
78 64
7 57
82 48
21 30
36 8
65 48
99 72
8 91
98 8
84 28
19 82
84 5
47 47
5 8
84 98
37 79
26 63
63 69
57 34
47 99
36 20
98 47
7 72
29 43
67 91
64 6
50 7
98 30
28 99
51 77
79 82
94 77
78 41
51 21
84 67
70 27
99 61
64 99
44 92
7 23
27 68
14 96
93 98
12 47
55 62
98 24
68 51
33 48
78 7
26 7
22 22
36 30
68 69
5 83
98 83
34 62
85 23
54 58
50 29
92 8
26 85
9 48
79 50
40 5
12 8
12 64
99 33
21 36
48 43
41 82
75 35
69 12
70 96
61 34
93 57
21 68
56 20
69 76
7 33
34 97
55 83
40 30
93 92
33 44
12 90
29 21
83 34
50 58
79 58
82 79
33 83
65 55
55 99
22 54
40 12
94 49
12 12
40 68
91 14
89 72
57 42
13 76
82 57
77 93
54 13
76 21
63 76
19 50
43 44
15 23
58 90
84 94
20 92
92 33
65 30
49 67
11 56
26 14
35 69
68 62
79 27
77 12
28 38
13 37
28 53
12 68
93 61
17 84
34 91
63 15
20 43
42 59
35 53
92 86
55 49
51 82
42 22
93 22
67 35
90 44
70 53
51 37
56 67
77 72
29 79
25 28
68 44
70 83
