115
79 56
49 17
48 75
33 98
27 71
81 13
4 57
7 40
6 14
76 27
95 57
88 43
20 46
61 2
47 41
47 93
75 50
70 2
59 37
14 74
47 63
26 95
85 29
17 58
69 16
0 49
36 86
68 83
98 85
86 97
31 12
86 70
65 63
33 39
7 89
44 5
41 23
11 7
61 28
61 84
10 28
52 57
24 18
36 55
26 74
8 84
71 41
13 68
69 70
16 41
40 97
89 56
45 82
49 35
77 67
17 85
69 9
36 66
68 27
98 22
67 98
34 77
83 80
81 94
99 15
1 0
84 5
97 71
86 39
46 19
36 6
16 24
51 49
35 41
1 43
65 84
22 9
63 57
4 33
92 85
11 60
60 5
26 56
2 79
83 73
90 34
22 90
80 0
89 11
19 32
42 38
35 21
65 51
50 12
46 55
67 78
92 62
44 89
11 12
78 42
77 21
45 74
31 63
27 44
91 23
56 43
10 82
10 43
84 47
76 35
87 61
87 77
43 16
85 57
23 63
