104
60 7
68 68
77 48
42 42
72 75
20 31
48 62
44 81
28 46
95 96
7 2
10 54
59 90
26 2
33 60
57 22
84 64
97 27
65 57
34 90
58 80
38 77
73 1
16 88
9 16
11 72
37 19
91 45
86 18
81 93
65 37
72 19
10 30
29 6
53 29
51 0
55 98
30 98
25 74
78 79
56 43
3 74
16 99
36 41
3 8
76 41
67 20
98 39
31 26
50 94
71 52
23 85
80 65
89 31
68 6
50 76
64 23
79 27
98 9
61 69
98 80
78 71
2 95
16 8
56 12
2 34
96 64
5 53
49 57
90 12
33 3
64 12
98 86
49 27
25 28
20 70
94 59
84 84
69 90
47 98
22 42
41 61
82 34
50 48
87 50
8 82
26 68
30 89
8 40
99 35
81 18
64 51
73 34
64 74
86 78
42 71
52 84
29 75
69 49
91 35
69 82
75 64
64 18
57 88
