118
25 3
83 0
28 96
73 37
24 64
6 69
43 38
47 57
47 13
61 86
26 79
83 64
93 21
31 18
28 44
65 18
79 23
24 59
42 67
66 42
84 87
49 97
17 21
65 67
6 99
97 77
95 56
10 3
56 30
10 55
2 85
3 26
72 95
95 47
45 74
22 35
83 73
61 9
19 92
78 50
46 2
34 83
18 78
52 49
32 51
79 81
9 63
72 20
50 19
49 78
70 56
16 46
84 17
76 71
16 52
89 79
9 75
95 96
75 65
76 10
97 7
31 3
2 4
96 41
32 98
99 26
59 68
40 33
15 17
55 53
3 91
83 48
81 33
34 27
14 38
43 94
94 27
86 97
68 40
91 61
58 82
54 34
8 25
99 47
18 86
2 58
17 6
28 68
52 5
37 25
46 42
61 53
43 81
67 85
27 9
66 10
96 70
98 33
9 18
81 93
41 8
35 90
58 64
59 24
81 67
28 50
21 89
7 91
75 29
63 39
14 32
82 78
34 74
36 17
62 59
61 32
23 42
80 55
