109
3 71
29 89
2 93
43 9
97 2
61 78
93 47
17 62
6 22
55 39
96 21
80 23
79 94
86 67
22 8
25 42
58 94
61 50
15 94
83 14
93 29
32 8
79 49
57 15
2 2
92 86
38 36
60 64
46 24
28 24
58 1
18 46
48 91
28 86
94 68
80 35
49 73
65 19
49 52
95 89
1 68
71 68
84 98
14 5
13 51
36 22
6 95
65 90
84 58
36 50
29 97
52 24
55 6
56 72
50 40
94 14
73 25
39 83
55 87
85 89
32 30
0 41
18 76
14 21
35 55
5 37
98 99
64 36
99 73
1 98
32 74
15 99
0 25
6 2
71 52
99 28
19 36
71 11
14 60
71 88
39 8
90 4
97 37
90 61
41 57
69 62
4 17
66 4
65 98
55 65
13 74
25 89
28 51
99 81
30 20
47 83
48 2
58 41
67 73
14 44
79 64
44 21
33 94
45 62
87 18
15 66
58 25
61 10
46 12
