114
16 82
12 10
69 29
79 50
86 87
98 10
53 54
24 26
36 64
61 79
68 64
65 1
7 69
86 75
57 30
97 93
42 72
75 20
2 10
49 4
43 40
86 31
11 44
96 52
33 91
46 19
99 69
5 60
54 62
72 5
27 59
68 83
90 14
29 38
77 64
19 92
26 75
67 44
16 5
0 46
80 91
10 22
88 39
91 67
29 97
76 10
2 70
58 46
71 27
36 45
21 72
12 50
65 73
61 23
80 84
19 68
78 40
42 55
62 51
58 93
33 9
1 96
45 99
41 79
24 20
98 49
76 99
8 83
35 0
5 37
93 15
97 88
96 33
48 13
81 2
22 35
0 18
23 52
99 54
82 55
48 85
22 0
31 17
55 8
12 87
63 89
4 22
1 56
94 94
54 38
92 18
96 74
22 58
41 5
34 80
54 66
37 60
83 5
19 27
65 8
43 47
79 26
40 93
97 58
69 95
16 14
57 55
18 48
85 83
15 59
92 57
69 18
15 30
63 38
