110
17 33
38 76
60 27
51 55
89 64
42 53
43 92
95 14
47 33
88 37
39 2
74 7
21 53
80 96
2 28
14 71
69 34
50 69
24 36
31 78
96 32
14 23
59 91
94 81
69 54
16 8
74 73
59 9
1 14
94 98
27 96
10 97
39 25
4 78
72 15
82 89
13 56
31 43
35 8
97 57
67 89
33 67
87 79
26 87
8 38
97 40
53 92
93 20
45 77
65 82
60 20
37 63
36 96
10 15
59 59
33 32
16 48
6 65
31 58
89 0
0 0
83 51
3 96
98 97
52 40
53 3
77 22
24 20
83 60
10 81
40 17
97 5
58 2
0 94
30 6
22 89
75 37
99 63
60 75
46 38
5 55
80 43
98 25
78 65
84 93
54 54
30 64
35 49
68 20
29 22
83 9
54 76
39 91
95 48
47 41
52 25
74 51
24 78
84 69
26 15
7 85
91 99
91 30
67 7
21 58
24 73
66 28
47 61
38 82
33 13
