110
96 41
81 21
71 7
53 53
5 64
8 27
83 58
56 19
5 6
62 84
28 78
24 8
89 84
37 97
36 39
13 93
74 65
48 27
3 10
95 78
61 59
1 45
19 44
37 14
93 2
68 42
32 53
42 76
2 84
70 28
91 25
91 46
33 37
45 9
60 70
51 37
23 72
38 92
67 5
76 86
5 69
87 7
19 22
41 66
89 73
13 44
77 29
24 90
62 77
94 10
16 4
4 21
61 5
40 46
30 97
80 66
6 43
81 1
74 15
99 95
18 58
30 45
96 64
40 0
80 95
4 99
66 17
57 55
23 2
24 58
42 24
10 83
89 42
7 67
55 34
96 60
95 29
70 49
47 77
0 35
0 52
18 96
72 35
41 5
57 4
81 72
4 81
23 64
64 75
32 78
49 51
15 32
86 23
50 68
50 20
66 63
31 64
3 90
76 42
17 55
62 25
72 79
31 6
7 31
47 40
77 12
9 57
28 56
36 86
85 13
