111
50 51
5 2
13 53
25 42
57 92
96 40
55 47
56 26
59 65
72 6
96 66
98 84
32 69
79 84
60 85
41 49
93 73
48 40
0 82
15 20
82 38
70 30
28 94
34 18
15 78
19 5
91 8
84 21
34 2
74 64
42 92
56 16
18 57
38 76
21 80
36 54
3 53
15 28
96 31
79 0
46 26
77 79
62 42
7 83
64 68
88 61
40 12
90 87
22 89
63 74
85 30
37 87
22 52
71 91
10 62
26 10
93 79
78 27
55 59
97 49
87 98
65 4
76 43
98 2
6 17
33 34
8 33
79 61
6 48
55 9
19 98
77 99
29 67
87 14
70 23
2 87
30 24
31 39
50 95
22 10
36 97
44 4
94 17
90 53
98 89
63 89
64 28
50 33
20 43
98 74
4 23
79 68
27 86
41 20
44 59
22 28
73 16
66 37
69 58
93 69
40 64
94 26
15 12
63 79
10 44
27 58
80 35
59 35
72 35
64 15
30 49
