114
63 22
23 65
91 9
9 33
20 79
3 47
47 56
62 67
88 66
44 34
3 92
83 52
69 82
93 45
33 75
47 48
58 66
71 19
16 85
86 9
30 66
67 62
19 45
39 14
25 29
34 96
85 27
87 98
13 15
55 5
33 43
65 41
25 6
70 5
39 82
58 81
79 42
58 28
30 29
48 65
27 50
91 2
79 23
56 44
47 4
28 92
35 3
20 59
97 13
72 71
65 25
24 43
78 36
17 31
5 76
21 73
93 84
57 98
5 2
71 96
1 68
99 90
95 38
97 64
7 53
83 84
52 90
71 54
97 49
14 96
64 4
1 83
3 6
19 8
92 69
41 28
69 90
16 12
45 72
33 52
10 57
10 26
38 89
97 79
74 57
80 0
51 13
98 1
34 14
90 23
61 49
79 82
9 43
69 11
56 22
9 62
41 51
36 20
48 76
55 36
10 90
38 35
90 44
28 60
63 85
49 70
9 71
89 13
75 14
31 61
75 47
73 29
17 51
28 41
