116
21 14
49 32
88 2
58 92
64 74
9 31
57 18
84 58
33 67
2 49
26 95
78 83
92 95
4 91
71 20
16 36
51 81
14 10
53 11
67 94
51 92
67 34
24 51
31 29
97 76
89 40
10 72
67 4
75 46
8 52
81 2
34 15
41 91
88 56
62 67
42 61
47 29
6 5
12 86
32 79
37 47
95 28
96 3
16 17
98 64
74 78
15 1
92 84
2 37
59 37
23 33
33 93
44 68
73 96
68 80
84 49
43 20
60 81
55 53
32 1
76 23
23 65
1 74
47 2
93 19
98 46
2 20
88 99
51 50
10 50
25 99
9 97
1 67
30 50
61 60
27 65
99 50
46 75
81 9
45 34
93 70
0 88
19 61
53 15
43 96
78 43
59 98
3 30
19 18
48 48
27 85
85 87
68 17
90 63
87 6
2 45
20 2
59 68
61 30
18 96
29 23
26 78
56 9
57 59
78 92
15 39
47 36
9 14
37 88
56 88
56 21
95 55
11 27
9 44
62 78
61 85
