102
73 55
12 80
31 85
15 13
64 86
83 9
85 63
96 32
32 48
19 90
32 71
79 33
48 16
16 36
63 6
29 11
56 49
50 82
95 42
53 27
40 95
96 58
22 38
3 31
33 35
2 48
79 91
17 64
53 67
99 86
41 59
71 34
76 49
85 17
46 97
21 62
22 98
69 15
85 2
38 6
70 76
14 3
38 26
9 21
11 89
52 7
39 64
62 55
94 4
79 54
73 87
6 43
46 24
41 75
80 39
31 56
1 71
84 77
70 71
50 47
98 24
6 98
56 68
67 23
86 71
87 91
2 23
24 14
7 51
47 81
58 5
98 49
94 28
37 41
57 41
17 76
81 35
92 77
69 6
5 26
82 19
10 9
31 20
57 83
21 57
87 58
98 34
27 22
71 51
48 61
27 80
52 37
23 3
15 94
65 18
86 20
24 72
55 54
88 13
39 50
77 65
72 46
