111
28 96
66 51
37 3
13 21
59 85
19 47
82 86
90 52
16 73
44 90
61 9
33 61
72 96
91 97
31 82
24 31
9 58
43 96
7 76
87 59
54 56
69 79
17 26
95 54
51 95
66 25
92 15
78 39
37 43
81 0
22 7
98 83
94 34
55 71
10 88
6 15
93 69
85 19
54 29
48 12
20 69
12 44
28 15
90 1
70 18
55 81
45 58
67 67
95 20
84 71
54 5
85 89
24 75
58 92
81 60
8 52
37 93
88 80
39 27
14 97
97 0
56 40
0 40
50 87
1 13
33 42
44 72
0 78
71 43
77 16
39 6
4 57
10 29
33 19
98 70
53 44
27 55
73 81
19 8
94 40
58 99
65 65
68 10
69 33
40 63
28 89
95 5
53 15
77 95
0 27
51 54
80 46
99 41
32 35
64 60
85 28
35 76
98 64
11 81
87 95
48 34
18 62
83 65
70 59
63 24
76 31
60 74
26 65
72 63
41 86
93 64
