100
4 3
12 7
25 25
36 38
83 88
64 69
13 16
19 7
37 84
48 49
14 79
14 50
43 10
20 96
67 1
50 23
6 93
12 68
56 68
78 3
74 92
29 84
10 39
16 23
49 60
24 38
25 20
4 18
75 17
88 69
92 45
26 67
97 98
58 38
59 9
15 53
29 6
71 70
88 86
66 48
28 95
32 43
72 78
43 32
7 99
30 24
24 60
14 83
37 90
19 3
93 93
60 54
10 61
28 46
83 78
19 33
38 17
97 28
51 96
98 53
84 51
85 20
66 95
38 59
43 75
0 84
60 23
5 32
29 34
2 99
94 37
17 17
74 56
50 5
34 99
97 82
64 7
26 75
78 10
52 35
44 89
2 7
44 18
8 48
97 89
15 1
53 55
10 71
20 92
70 65
43 39
75 84
11 19
58 45
17 47
48 13
21 70
63 57
33 26
8 5
