109
16 31
65 23
68 6
47 81
45 35
74 80
3 57
46 59
96 31
24 68
44 8
31 34
3 25
68 49
13 46
26 53
50 52
17 18
58 38
75 37
35 52
35 30
3 34
12 64
95 59
84 3
80 98
5 95
50 99
33 87
89 81
74 62
10 78
53 6
52 77
23 7
94 10
89 34
35 70
56 92
80 15
54 24
6 73
96 71
33 9
20 32
22 46
85 57
78 91
70 25
83 38
76 53
48 73
59 82
86 91
8 40
13 70
71 17
35 47
14 25
1 5
30 96
17 2
2 90
19 85
39 22
70 2
38 3
92 55
61 52
88 17
94 89
29 71
67 76
72 98
48 38
36 93
52 2
99 42
82 68
0 40
0 76
32 20
7 20
63 45
73 83
7 59
58 68
60 5
9 9
26 63
87 13
57 27
27 85
9 88
80 30
83 51
34 36
22 18
40 56
44 80
66 20
15 49
85 49
44 41
72 42
15 73
57 14
26 26
