107
40 82
71 70
0 49
50 17
90 57
50 55
90 85
0 5
50 33
10 93
9 74
60 89
32 2
0 31
70 29
69 6
29 58
88 34
90 10
49 2
40 67
31 38
70 55
12 58
32 94
62 42
30 17
9 18
71 90
0 73
51 70
90 79
68 22
50 93
59 82
31 78
40 43
90 26
9 42
90 2
91 94
88 42
40 27
8 2
1 94
29 10
90 18
71 14
88 66
1 58
12 82
2 22
59 66
48 10
61 2
90 50
72 46
10 34
41 50
60 35
40 89
31 66
58 50
49 78
72 78
70 62
31 26
42 2
0 14
48 26
61 18
0 67
0 82
12 10
30 50
9 26
0 42
68 38
29 86
12 50
50 62
10 67
48 46
58 74
38 34
42 18
62 58
38 74
72 97
50 87
60 27
39 58
92 71
58 10
69 0
2 0
40 97
59 98
41 10
27 44
12 90
0 91
27 72
73 84
29 33
0 37
51 40
