109
88 9
39 43
95 51
4 90
63 16
68 85
73 26
39 96
26 66
89 81
4 6
67 99
9 23
63 61
11 52
86 63
15 37
64 71
72 34
11 94
13 66
92 39
57 58
41 33
59 82
12 87
12 12
30 83
73 2
49 17
46 69
76 49
26 13
82 97
57 34
25 49
87 25
44 7
4 47
27 84
24 33
5 74
94 32
39 75
71 68
73 11
63 37
15 28
48 38
23 55
51 65
81 38
32 96
59 23
29 76
54 72
18 46
99 93
99 69
38 57
46 91
39 7
0 35
87 83
85 98
93 12
1 21
13 2
1 58
92 47
29 33
40 21
84 77
30 5
53 86
99 73
15 99
84 1
13 73
69 53
56 43
29 69
27 28
1 10
54 19
94 87
92 29
16 17
32 62
10 80
11 45
24 96
78 33
79 94
4 27
90 67
38 37
71 63
81 48
9 63
62 75
14 80
23 19
69 30
23 62
37 64
85 92
9 13
22 82
