114
22 72
18 11
74 76
38 72
1 34
85 91
40 26
60 88
25 92
5 64
85 42
45 88
62 35
4 50
79 52
73 69
11 28
21 3
62 45
21 83
55 80
3 30
69 81
3 92
72 13
76 28
39 7
87 70
19 43
46 56
33 39
64 1
86 24
78 5
46 12
23 17
19 62
90 64
22 98
96 78
56 72
49 99
62 23
35 1
14 6
14 78
62 6
34 23
31 72
72 62
54 94
16 24
84 13
34 95
30 29
83 77
48 41
1 0
99 35
98 8
30 9
77 95
39 55
3 88
18 47
58 64
1 94
56 0
92 48
4 9
46 39
42 74
11 63
84 1
96 87
91 23
72 55
76 34
63 98
50 14
80 91
89 41
15 41
98 71
70 48
28 99
25 66
47 29
56 49
7 1
90 20
59 19
29 37
75 12
95 42
69 31
30 85
63 66
65 83
45 9
7 35
20 26
32 15
49 67
36 46
70 9
83 28
79 69
81 83
16 17
70 92
82 60
75 25
22 28
