113
42 12
53 45
84 3
62 95
73 46
12 65
39 54
68 65
3 14
27 23
17 10
27 85
86 69
32 52
39 65
49 3
18 53
55 56
15 29
72 73
97 82
59 80
91 36
91 54
80 98
98 2
18 97
73 25
3 53
97 22
42 36
26 39
39 93
24 2
56 35
86 35
95 68
86 10
50 74
12 73
74 58
10 45
65 32
59 63
33 9
35 85
9 4
39 26
23 25
33 41
87 30
32 61
82 60
47 52
61 42
13 20
28 97
65 74
18 40
83 53
82 22
66 2
46 60
4 99
67 18
98 54
3 78
76 91
64 4
47 94
26 74
2 8
47 22
82 76
50 80
97 78
2 48
7 31
14 92
77 40
34 0
30 70
55 4
71 98
2 67
60 31
32 26
25 56
67 80
71 9
40 38
17 80
24 95
3 24
67 48
41 7
17 63
45 67
19 43
89 21
31 21
81 44
33 90
89 75
53 49
53 75
42 16
71 34
40 69
51 31
47 43
52 58
55 47
