112
10 3
91 78
28 29
96 11
89 67
48 59
51 38
21 15
85 25
9 90
59 23
16 76
23 52
33 3
36 38
56 54
38 55
68 13
4 77
51 57
32 95
98 95
76 96
71 42
53 80
73 65
98 35
6 30
36 71
47 14
50 94
18 68
91 4
79 38
16 49
35 89
49 77
80 78
63 1
66 72
6 14
37 24
83 17
67 28
11 34
34 62
93 32
96 90
67 51
74 85
55 19
14 63
97 73
29 11
76 17
42 96
11 53
88 84
59 34
52 69
85 51
77 28
43 46
19 60
77 2
89 52
0 51
58 94
17 1
57 1
21 82
27 96
99 1
43 10
91 48
0 30
66 68
27 37
31 0
14 28
45 37
94 62
93 96
75 61
36 67
48 80
71 3
92 28
61 15
41 20
10 72
33 56
56 91
98 80
86 45
24 76
20 9
90 18
56 62
62 45
77 6
37 48
44 28
87 69
48 72
45 90
73 21
58 68
24 61
51 28
90 36
14 80
