108
3 94
3 55
93 58
3 28
94 78
27 38
32 82
2 21
92 66
49 82
82 35
26 5
62 43
43 15
20 60
4 3
63 69
9 69
45 8
30 30
18 73
61 82
9 20
32 6
72 97
89 17
65 6
20 93
56 29
93 3
34 65
95 42
40 94
22 53
59 12
5 84
1 70
88 86
75 11
57 61
62 97
30 21
23 79
74 85
87 39
20 44
43 23
19 10
92 86
42 83
3 62
52 12
30 73
15 49
21 15
7 8
45 38
74 53
71 26
39 51
46 98
5 39
78 55
81 72
13 59
7 99
92 24
47 77
91 9
54 49
77 1
89 93
63 3
7 35
61 62
62 76
41 0
53 26
54 96
83 69
83 53
81 15
53 44
85 32
36 47
23 29
0 93
30 92
12 3
68 83
0 19
50 30
91 72
33 25
61 14
38 72
59 53
54 67
79 83
69 63
60 91
47 29
35 20
81 20
55 77
41 28
85 80
54 88
