118
66 16
93 72
26 5
27 62
13 90
51 13
29 23
52 38
45 90
82 17
93 94
72 3
75 78
27 75
18 93
40 24
37 62
25 25
69 96
95 9
56 81
61 58
4 22
95 38
67 45
14 55
84 61
41 3
7 42
62 66
60 99
78 61
49 50
44 66
11 19
87 90
97 18
4 97
7 57
24 76
45 96
28 9
76 6
87 22
99 85
47 22
68 71
57 52
54 18
91 79
20 69
19 12
86 30
85 10
95 24
0 8
2 73
27 45
67 30
57 91
34 14
1 39
84 48
9 0
23 40
31 92
99 0
61 0
37 42
98 65
41 82
27 18
98 99
99 38
68 24
71 87
53 33
72 38
10 79
8 60
4 92
47 4
18 32
55 77
79 99
1 67
67 52
33 76
22 55
91 0
84 76
81 51
36 56
58 34
0 53
23 4
52 47
9 36
70 79
54 66
65 94
4 87
68 14
22 89
48 18
49 73
76 73
65 7
64 21
26 31
15 41
13 63
86 78
19 78
19 18
34 66
68 89
58 24
