118
84 51
76 85
38 85
7 9
29 33
43 9
3 37
92 81
61 8
81 19
18 81
98 92
40 36
52 0
83 77
96 18
25 3
47 58
28 59
66 57
14 22
19 46
4 84
17 97
99 42
2 99
54 80
52 20
8 64
91 3
90 64
54 34
37 91
33 60
69 67
8 37
23 20
98 57
24 74
58 90
1 22
63 23
77 98
46 13
89 22
76 67
2 44
92 88
37 48
31 8
12 11
21 54
48 94
41 63
18 16
88 13
36 20
54 12
71 41
85 37
80 1
60 50
99 35
96 1
2 67
2 82
63 93
57 75
83 99
34 99
23 84
4 23
51 39
10 1
99 61
85 45
77 81
49 99
68 13
53 51
39 26
96 87
13 56
82 27
44 72
72 61
25 78
15 32
43 0
99 26
60 71
8 95
2 8
41 42
94 61
61 38
84 29
32 93
54 56
64 75
28 17
30 73
23 60
53 28
54 85
82 59
11 49
2 13
94 85
91 47
44 22
68 60
52 5
31 53
61 85
37 16
75 73
42 28
