111
23 67
11 78
31 31
56 67
89 72
84 16
93 28
58 21
9 37
75 30
68 89
40 90
88 47
76 2
13 10
3 66
92 13
30 65
42 35
79 82
66 23
63 78
88 32
94 95
30 2
57 37
26 93
37 18
63 52
3 27
70 58
4 42
79 45
7 3
93 55
96 77
59 95
80 68
90 3
17 28
2 8
51 44
6 77
84 93
55 80
97 86
1 54
35 67
65 37
75 12
31 23
36 96
66 69
60 56
8 15
17 54
9 92
34 47
49 4
70 40
7 96
98 61
59 3
99 15
31 51
25 1
46 77
48 48
54 94
33 16
3 22
21 93
98 44
68 96
85 67
61 7
53 62
24 37
74 26
18 14
78 52
9 53
38 14
35 88
6 71
36 52
30 70
17 80
18 38
0 42
77 80
90 10
69 5
59 31
63 72
23 15
8 27
42 51
71 22
51 68
36 22
90 18
74 88
80 41
32 56
33 39
57 46
64 15
80 22
60 62
9 23
