117
40 56
24 38
30 47
65 97
28 94
60 59
28 2
56 7
30 25
65 30
95 31
3 82
64 6
38 8
72 57
21 7
53 98
62 68
85 91
89 58
2 8
79 17
92 11
6 36
76 39
50 29
68 81
88 73
99 92
19 82
44 42
7 57
44 93
19 97
70 1
8 72
34 26
22 54
56 50
8 25
94 44
72 97
51 0
62 37
11 9
58 94
56 71
15 39
42 15
71 50
83 79
23 17
60 11
52 54
34 52
27 29
71 10
27 6
94 83
36 81
24 68
41 50
4 97
98 17
81 32
42 70
87 5
37 39
0 50
28 67
42 0
99 42
1 32
48 20
2 87
85 65
5 65
34 96
86 50
79 98
70 73
45 84
68 24
7 51
61 86
16 89
57 36
75 19
13 5
14 20
10 67
28 22
85 44
74 64
31 86
78 14
20 34
47 36
26 48
54 82
38 64
22 0
39 14
15 75
81 60
69 88
64 10
10 34
67 59
83 67
79 48
51 47
12 81
29 53
63 82
30 12
29 37
