114
89 46
75 35
17 64
80 98
9 26
24 30
7 45
54 31
67 86
76 13
28 13
90 81
92 24
2 26
96 38
85 68
74 81
46 34
70 24
3 37
0 84
34 88
70 62
45 55
51 84
42 4
23 45
66 46
18 84
8 7
91 55
1 51
62 60
95 89
82 12
27 74
55 21
16 58
52 77
83 97
39 26
22 13
6 21
61 17
73 50
97 73
9 84
84 30
71 71
53 63
39 83
16 43
95 44
74 41
58 41
15 69
80 76
49 20
87 20
88 89
15 50
61 51
56 0
88 43
0 96
34 45
51 91
65 99
31 67
1 63
71 3
81 88
27 95
21 0
45 62
40 48
96 15
53 4
3 11
38 98
33 27
65 84
97 30
24 80
70 20
0 41
35 11
31 52
46 77
20 17
84 54
10 65
25 39
66 23
48 41
55 14
9 30
82 69
40 11
61 75
81 38
30 37
24 24
55 88
47 26
24 62
72 96
63 40
1 30
79 31
13 60
50 8
12 37
71 32
