98
98 1
87 90
89 49
33 39
2 3
15 77
56 29
14 54
95 78
49 6
12 13
28 63
43 98
53 43
63 0
68 37
80 6
19 93
40 4
18 18
47 25
9 64
24 35
82 59
75 30
21 52
7 2
45 40
3 54
15 43
59 60
5 97
94 32
52 77
66 90
33 18
71 69
84 17
70 21
67 51
4 21
26 78
90 57
62 83
32 10
75 52
31 33
25 84
36 16
81 38
68 58
4 9
75 19
26 44
41 57
78 48
35 97
72 94
58 97
76 73
43 77
11 78
65 7
94 92
53 98
37 76
80 87
47 57
49 10
61 22
40 91
90 34
24 64
91 14
36 56
93 20
45 31
56 46
80 80
73 1
48 71
61 65
81 98
58 1
56 92
29 92
55 23
37 19
58 8
86 55
23 58
55 50
52 27
70 27
89 28
70 44
41 70
25 25
