108
44 89
69 44
50 53
50 37
98 70
55 77
49 19
25 27
69 91
9 97
66 30
32 40
35 15
36 67
10 80
1 22
18 44
62 45
54 94
91 75
53 67
40 25
18 34
55 85
43 48
18 65
83 4
3 59
77 74
30 90
66 13
80 18
80 35
0 29
96 6
79 65
76 89
95 86
23 51
32 8
60 7
75 51
8 55
9 40
12 76
23 20
69 70
89 61
61 93
85 9
47 16
33 33
40 54
73 33
60 57
15 28
69 81
28 44
54 44
17 4
96 30
51 90
96 48
30 19
73 37
1 94
28 80
99 23
38 0
11 12
99 95
16 93
91 47
39 69
30 85
69 3
85 18
85 62
90 83
0 51
88 33
6 16
40 74
17 58
65 99
77 49
45 33
16 82
37 61
96 18
63 77
83 76
9 62
44 18
68 60
6 26
59 34
89 43
88 80
46 72
92 65
11 36
42 10
30 23
38 40
53 80
64 86
38 21
