113
66 17
53 86
62 51
54 37
77 41
43 14
24 76
31 95
91 52
12 96
79 2
41 77
94 82
79 90
33 29
14 50
58 7
19 94
49 7
35 70
74 63
92 11
6 37
42 55
6 6
27 4
89 68
2 21
25 60
10 64
98 65
59 32
48 94
25 31
41 46
97 47
68 67
24 45
94 87
33 89
47 60
51 31
50 77
83 71
54 97
35 11
68 3
15 9
53 54
12 42
72 52
86 57
21 69
60 88
98 55
37 6
83 78
26 69
60 64
8 81
97 27
54 18
75 36
4 95
88 30
75 18
73 99
10 23
1 60
99 6
4 78
93 75
36 64
77 85
53 4
1 10
87 96
64 74
0 94
20 8
36 27
99 40
90 14
28 52
67 31
8 57
20 36
47 78
19 17
39 96
42 28
66 47
18 89
71 15
47 45
82 49
32 47
28 83
70 61
91 40
55 74
4 88
44 31
22 62
50 12
60 24
82 85
78 70
29 36
47 73
15 90
63 11
43 83
