114
1 6
43 40
87 3
29 18
93 61
35 83
53 66
50 85
16 49
86 17
79 63
66 79
3 80
12 32
17 67
30 50
56 24
97 2
25 24
8 11
64 66
41 89
87 56
27 75
51 76
97 40
80 93
57 10
82 79
72 31
64 46
27 4
5 96
97 77
50 47
74 91
57 31
37 34
86 42
44 60
19 81
54 95
81 13
71 38
24 7
63 17
42 32
37 53
76 55
20 29
75 77
21 39
83 39
60 87
93 65
99 50
51 13
73 58
34 13
80 84
17 15
2 47
26 99
68 0
36 41
99 23
95 91
11 98
5 27
4 58
31 66
12 68
1 53
6 5
55 49
99 16
61 98
52 7
76 99
4 85
72 84
71 17
35 88
89 92
89 38
49 66
1 1
67 41
4 21
29 58
98 8
81 7
50 27
9 82
28 26
29 41
55 70
85 27
37 79
15 12
69 52
66 9
20 6
85 49
35 27
51 56
58 80
60 39
46 42
86 86
26 29
59 57
38 48
12 23
