111
29 27
65 54
49 27
34 50
94 72
90 94
37 8
27 77
20 61
84 33
70 85
8 81
49 82
90 16
75 68
53 42
10 27
41 14
36 76
18 51
83 96
42 40
18 20
26 45
4 50
53 5
64 98
86 55
65 18
98 34
73 42
50 96
12 91
40 60
17 66
2 35
52 25
93 58
12 16
88 44
69 47
71 77
25 36
68 62
79 22
99 25
12 65
30 10
33 67
57 13
53 31
37 46
14 25
44 19
53 68
77 7
90 1
40 35
23 4
85 78
97 2
0 17
9 96
23 91
98 95
51 51
73 5
55 82
52 0
10 47
75 21
5 74
92 79
86 59
41 79
22 80
32 40
47 66
99 53
76 45
3 88
93 10
28 3
4 41
48 93
15 11
63 81
64 0
26 63
6 56
88 85
37 1
78 60
63 89
78 36
76 75
25 25
18 39
18 89
80 91
91 24
60 75
95 86
51 7
87 10
89 69
31 49
42 21
19 76
25 10
50 73
