113
51 54
4 65
88 96
27 52
29 95
34 43
5 47
57 26
77 84
46 91
90 31
50 0
29 23
1 92
66 75
92 46
16 35
57 16
47 31
30 13
78 71
44 40
34 77
77 25
65 45
93 79
87 12
6 3
96 60
60 88
97 22
20 90
19 59
63 70
82 59
99 92
15 5
33 65
96 6
67 54
9 32
45 86
13 72
5 15
51 49
94 36
58 97
0 54
26 81
61 36
13 41
17 25
81 23
51 25
53 83
37 31
72 2
78 39
9 46
73 7
37 10
74 94
55 1
5 92
1 29
10 78
96 71
1 63
42 14
1 96
99 43
30 1
96 99
83 53
20 11
22 95
75 86
55 63
19 66
97 57
61 15
32 80
71 38
64 95
31 58
88 72
35 1
73 57
15 98
23 30
60 1
92 14
80 88
75 31
45 0
59 30
96 32
35 16
20 49
61 81
64 61
90 57
72 70
29 72
58 48
43 24
6 68
86 82
74 47
50 39
24 76
67 81
8 61
