106
57 25
12 36
42 56
93 36
82 64
55 93
52 33
69 80
33 30
59 68
91 76
76 49
2 9
10 52
2 68
59 53
79 30
31 91
6 24
54 47
95 85
45 66
76 70
29 16
91 18
23 64
44 1
97 51
28 50
66 14
78 86
52 98
24 96
20 37
96 92
43 79
0 28
9 67
3 48
35 12
92 10
37 4
35 85
51 40
55 87
17 51
77 55
19 34
93 45
8 76
75 36
51 67
93 25
44 45
42 24
65 53
15 26
88 86
0 96
72 99
9 44
14 98
72 5
28 71
21 11
52 13
15 80
74 14
8 93
98 31
87 97
67 97
14 12
84 4
73 20
87 67
65 35
43 70
60 84
32 57
98 46
73 65
5 69
29 82
58 14
1 19
81 88
4 38
26 32
84 49
59 62
44 9
26 15
57 99
66 83
45 40
24 56
87 72
79 20
19 70
45 50
73 90
77 12
85 81
57 89
15 35
