107
38 67
90 95
31 19
54 70
95 4
50 40
46 73
69 22
84 33
35 85
24 97
53 19
94 66
31 44
60 6
9 60
79 85
74 55
96 9
96 90
39 93
26 73
82 93
46 63
93 47
55 86
39 6
68 68
1 39
23 4
66 40
17 21
81 11
9 9
25 57
53 24
38 48
92 25
15 91
15 73
54 48
53 95
1 55
74 81
75 67
78 99
72 16
90 55
28 82
93 39
46 26
13 33
89 4
31 63
44 13
49 81
67 88
94 17
44 51
90 87
1 92
3 22
66 1
33 33
89 69
25 1
7 52
13 84
80 38
24 21
41 2
9 98
26 39
68 99
60 72
99 26
96 82
97 64
4 30
68 60
77 31
83 54
15 57
75 8
12 43
38 90
80 68
86 19
49 16
89 50
18 75
32 4
27 49
66 19
29 89
66 74
27 15
97 53
88 98
46 21
74 96
37 87
33 52
24 86
83 64
35 80
45 89
