111
66 42
83 76
27 28
30 96
27 61
90 18
41 64
72 90
1 13
76 31
44 14
73 55
41 42
75 72
30 23
31 85
16 13
66 18
55 4
13 91
94 48
24 42
57 93
47 83
6 44
32 3
5 61
97 78
99 7
9 30
72 4
47 39
57 24
29 75
93 39
77 96
14 97
61 38
37 50
50 67
94 54
80 16
14 67
58 52
42 98
70 70
59 2
78 39
66 85
93 69
94 14
42 34
85 82
13 24
46 69
83 33
32 65
56 80
44 3
33 17
67 51
24 34
83 54
71 96
85 6
92 95
37 72
4 78
72 37
42 58
20 20
24 1
2 1
0 42
0 60
51 53
49 18
64 66
17 1
99 24
28 94
20 57
10 75
60 99
2 10
56 32
89 55
15 87
66 13
93 32
23 46
95 72
56 69
37 10
11 59
56 38
6 15
46 28
23 69
69 58
16 39
57 89
85 20
32 30
89 75
71 45
66 32
85 43
42 27
75 49
28 11
