108
35 31
71 94
8 47
32 38
46 41
56 94
74 80
9 2
19 21
2 96
71 58
96 23
80 34
76 17
69 3
33 91
43 7
5 73
19 3
78 48
16 38
63 55
7 17
49 51
39 47
52 73
2 32
30 66
66 30
98 90
91 2
14 60
88 64
61 18
10 82
64 4
27 6
90 40
94 80
66 74
40 65
53 36
82 20
89 45
76 72
4 25
65 81
21 52
34 72
27 24
85 55
8 6
13 22
54 43
38 33
18 69
72 88
18 45
89 75
77 64
75 29
16 95
96 96
84 4
51 78
99 21
42 95
54 20
99 53
18 98
24 83
38 15
81 99
3 2
2 61
35 95
63 60
50 94
37 0
73 44
99 28
49 68
24 21
41 55
30 86
76 2
60 38
96 13
7 88
0 16
56 54
10 43
38 80
34 10
43 26
64 92
67 13
32 42
19 29
57 68
3 7
70 78
60 30
24 91
10 32
54 61
13 12
35 85
