111
97 3
10 95
11 4
91 92
50 9
52 74
12 80
73 50
24 10
83 15
22 29
3 57
90 75
5 42
41 87
23 52
59 79
85 89
85 72
45 65
60 47
72 59
80 7
27 40
11 88
13 13
28 78
25 97
94 50
54 34
93 30
38 50
69 29
38 19
36 2
48 89
10 58
58 13
31 70
46 31
66 85
70 69
79 45
2 15
27 86
26 6
62 18
84 27
72 8
33 56
4 78
79 95
86 63
31 25
99 83
13 32
59 71
48 24
92 18
86 11
51 85
62 99
1 22
1 0
97 34
52 49
58 1
24 67
88 49
69 23
49 60
17 53
33 40
5 73
11 98
71 83
99 75
34 0
74 38
89 35
19 36
24 22
33 93
98 23
0 88
49 38
44 10
88 66
66 54
21 48
47 70
34 77
73 78
13 94
79 12
40 26
17 9
90 86
47 54
79 33
93 39
40 7
56 65
35 35
20 27
9 49
60 28
33 85
22 82
48 18
42 76
