109
62 57
91 40
30 58
75 37
10 73
56 69
64 67
42 22
18 49
94 89
40 71
92 75
25 13
94 10
31 34
2 18
61 45
76 24
36 63
41 29
64 49
63 78
46 66
9 31
57 16
70 92
45 92
18 94
82 62
1 2
1 51
45 8
95 55
48 51
90 98
96 29
86 5
58 83
17 46
4 66
30 2
75 96
32 48
81 58
26 91
18 26
55 28
68 20
93 46
75 86
4 40
32 69
46 73
88 31
12 19
27 22
21 45
74 66
64 87
58 62
16 1
69 5
25 52
4 99
51 96
31 84
87 76
59 31
85 11
15 66
48 43
45 99
14 88
60 7
10 0
37 3
74 2
78 52
39 86
44 27
52 9
90 2
95 81
82 25
81 83
23 80
41 49
28 37
4 46
13 27
58 25
97 38
38 21
78 89
21 60
48 35
54 77
10 24
41 68
62 22
87 55
75 10
74 62
55 55
37 78
37 26
43 58
52 62
14 36
