110
4 7
86 17
45 58
92 18
17 40
39 13
46 93
72 72
84 95
23 16
69 44
40 36
4 58
31 59
19 97
91 37
12 73
30 29
50 53
55 97
2 47
36 94
36 66
21 31
52 64
47 87
46 46
38 58
57 35
54 19
95 84
52 4
70 20
87 58
68 90
34 80
11 1
21 12
18 70
81 9
72 39
0 65
74 77
53 80
96 44
93 76
45 18
15 23
43 79
74 88
33 14
24 26
59 86
2 99
2 32
67 1
41 25
95 4
4 85
91 59
2 17
99 92
72 56
19 45
20 85
58 66
38 5
96 29
81 99
85 0
75 37
89 44
38 98
32 43
5 79
20 2
99 11
78 23
18 88
84 64
32 77
60 42
87 81
7 51
66 70
47 32
99 34
55 15
15 63
32 51
15 38
96 55
52 72
75 50
34 74
77 20
7 93
9 17
36 35
47 6
54 92
22 41
76 69
91 14
81 55
29 91
29 17
58 76
21 74
20 21
