111
49 47
18 97
82 98
82 40
34 18
41 88
91 21
3 3
41 34
51 98
82 5
68 2
78 70
17 68
67 32
80 84
51 18
30 10
75 65
82 23
51 83
39 10
49 34
38 28
67 95
27 44
15 22
28 77
98 74
36 57
89 58
60 66
69 52
7 97
9 4
5 71
75 20
61 17
24 34
35 64
96 55
58 3
22 81
58 45
30 43
76 50
1 10
37 0
49 71
35 88
90 72
71 27
69 73
73 9
52 91
74 56
94 64
27 72
48 40
10 45
98 91
97 5
31 33
99 21
2 77
15 61
1 62
3 92
68 92
23 8
87 41
0 19
22 96
52 0
94 90
93 7
54 20
6 78
42 72
63 73
15 53
65 99
92 87
93 0
33 50
49 63
44 2
16 83
27 2
93 49
79 81
15 11
90 27
63 35
49 16
66 8
99 13
29 24
99 68
59 83
85 30
73 38
83 89
80 14
80 62
54 41
74 85
58 15
88 64
52 11
92 17
