165
34 98
96 61
88 82
48 87
16 21
62 63
38 77
30 42
88 41
96 26
79 63
56 10
74 5
74 49
2 16
14 49
30 27
50 33
48 96
30 50
54 82
93 56
74 70
31 35
6 16
90 30
88 73
22 37
0 71
98 12
72 35
15 64
42 2
58 48
69 21
10 82
24 7
90 96
72 98
8 0
2 33
1 93
71 84
1 57
89 1
24 84
39 61
41 16
48 64
24 66
27 0
56 32
48 49
95 98
57 99
23 89
2 41
99 42
65 21
80 12
98 83
58 77
2 0
42 19
66 0
46 0
77 84
25 70
97 5
8 80
74 40
17 33
23 14
16 53
82 28
25 98
62 58
79 99
1 19
35 56
54 30
78 54
39 99
45 42
25 21
72 80
61 14
34 77
0 31
0 77
17 0
97 78
46 69
94 47
50 5
8 94
98 23
82 2
98 1
6 63
63 49
66 93
32 1
98 93
6 43
39 92
65 6
8 18
91 63
79 48
47 16
64 68
41 36
18 83
87 34
67 35
0 4
86 16
30 20
8 36
62 84
18 6
7 58
30 70
54 63
91 91
46 19
23 48
0 87
32 5
32 84
42 50
14 78
48 79
70 14
56 45
26 41
30 65
56 91
88 24
90 58
80 94
65 28
62 78
96 38
79 44
8 46
16 17
73 93
42 40
41 5
58 54
50 27
27 56
82 34
7 5
42 71
6 26
26 26
32 16
54 23
63 43
18 43
58 72
23 77
