113
47 79
92 85
61 95
31 65
74 58
29 96
75 33
17 62
44 47
76 73
41 5
70 2
89 24
7 48
17 31
32 39
3 33
59 12
47 94
85 71
47 71
93 29
27 38
69 67
88 47
0 67
86 98
12 16
33 81
61 30
10 78
59 51
84 5
19 92
70 99
31 8
73 48
17 9
50 18
63 79
37 61
96 77
88 59
63 85
45 63
89 10
65 7
78 93
80 22
74 43
21 24
7 6
17 40
24 84
50 53
32 69
70 38
82 54
41 75
9 98
45 27
3 53
92 44
96 62
43 95
99 98
97 12
30 23
25 52
56 37
0 24
27 2
0 76
97 58
23 99
73 18
53 15
13 0
3 38
53 97
54 34
14 82
37 44
75 94
89 80
11 56
31 3
91 33
99 21
71 64
67 81
49 77
27 19
63 52
18 54
40 0
98 88
69 24
11 67
57 92
11 34
34 36
43 57
96 55
52 42
69 72
24 76
7 23
41 81
84 86
87 68
13 48
65 31
