105
83 34
52 32
17 19
33 96
22 42
72 63
64 21
22 95
93 24
11 69
21 5
68 77
45 62
56 50
92 98
44 9
90 47
49 46
40 94
82 92
12 27
33 64
55 76
69 57
92 30
35 88
55 40
17 56
83 74
56 90
97 62
32 22
71 42
23 80
7 51
97 45
43 0
99 95
1 27
5 65
24 75
88 19
35 7
73 27
25 56
82 64
20 37
97 86
61 69
98 42
67 30
21 89
12 49
38 58
12 19
2 59
65 55
86 43
92 90
14 73
63 1
6 1
85 3
37 37
0 84
74 71
66 92
5 85
57 15
3 7
47 77
58 1
94 6
47 25
17 67
61 49
0 79
78 89
62 96
26 2
62 15
33 30
95 72
7 93
83 50
35 51
32 79
96 16
38 97
2 15
24 19
9 35
68 41
99 50
53 70
49 6
71 21
31 60
24 6
6 10
17 51
58 29
76 44
60 64
11 65
