114
69 91
19 47
24 84
57 49
11 59
68 66
10 71
80 3
3 93
40 52
64 32
94 91
48 79
84 80
27 12
43 6
62 4
77 19
22 89
42 61
91 69
43 17
69 76
30 35
91 49
5 11
79 38
33 98
48 34
34 74
97 26
93 41
87 1
1 82
20 14
79 96
69 18
16 42
51 73
66 60
61 88
29 26
11 3
19 97
89 11
42 33
1 66
30 51
32 4
78 79
14 18
24 75
88 91
38 38
87 73
87 42
58 78
30 81
47 96
3 28
78 88
74 48
99 57
90 25
3 46
5 96
20 61
58 44
55 98
75 34
61 25
86 64
28 1
97 88
34 65
14 74
10 35
38 83
55 52
95 15
51 95
6 52
0 76
84 56
99 52
7 89
28 21
18 1
98 66
65 69
73 38
44 53
3 55
18 39
91 5
37 92
54 42
77 24
33 44
28 66
78 62
20 25
53 58
81 9
29 10
14 65
20 83
66 51
28 59
87 35
82 46
44 46
11 51
27 91
