109
76 58
83 25
47 45
4 20
89 12
25 96
4 64
61 38
35 82
51 68
4 98
98 79
39 10
79 97
65 2
64 89
56 18
39 42
41 89
44 3
87 71
21 72
95 33
4 4
11 44
61 55
28 53
97 47
23 33
8 80
65 75
73 17
99 4
32 14
82 79
64 32
47 54
13 53
12 24
83 64
69 55
26 72
72 6
56 74
98 16
86 34
46 22
42 59
47 36
15 62
71 83
17 80
4 53
90 82
71 24
71 48
16 33
60 60
79 67
60 28
19 7
97 98
54 46
11 72
44 94
31 29
11 94
57 88
85 0
80 42
29 47
23 14
3 27
43 68
39 1
56 11
83 93
1 67
11 99
32 44
33 58
37 25
75 1
87 19
97 75
76 40
70 16
43 86
31 83
73 81
74 62
66 30
62 46
21 27
72 76
18 41
55 68
87 25
73 90
32 95
33 48
83 86
38 38
56 58
63 14
65 37
23 51
61 83
74 54
