112
15 28
20 4
41 19
61 63
57 97
7 11
86 91
91 21
77 65
50 52
81 41
10 73
6 59
60 37
41 25
87 82
79 48
40 9
80 16
2 78
55 64
51 23
42 93
18 98
99 64
33 75
71 96
95 43
36 55
65 22
99 99
40 5
80 10
11 50
51 75
33 96
78 30
18 71
43 37
97 16
17 88
92 58
68 49
47 94
92 29
80 85
27 1
3 21
69 19
88 98
86 71
7 6
0 68
54 90
41 49
34 18
61 53
73 33
80 95
86 51
35 87
65 79
29 38
1 96
97 1
3 37
46 20
54 8
82 2
24 43
47 76
18 27
75 62
98 79
1 45
16 55
51 38
22 10
58 10
69 75
7 99
6 79
24 97
41 61
12 26
0 51
46 1
96 93
61 96
96 50
18 47
68 7
17 67
55 69
86 25
42 34
55 99
96 72
60 41
21 15
24 85
83 65
74 38
8 41
88 36
74 76
29 3
49 61
72 24
72 54
67 60
44 14
