99
72 60
22 68
39 60
76 24
54 27
26 79
22 30
73 78
55 70
63 38
31 38
33 59
74 15
78 61
70 26
25 5
91 46
36 20
66 44
82 75
63 66
78 29
38 46
20 58
31 27
67 55
6 71
12 16
41 88
28 7
42 17
7 29
35 74
98 52
55 66
83 82
20 39
20 78
63 16
87 18
84 36
50 60
61 47
40 23
17 23
58 32
33 52
28 75
69 64
9 96
28 95
0 3
49 3
7 51
83 22
19 25
62 24
63 1
69 83
44 91
1 71
86 61
45 39
30 68
58 56
75 70
81 43
55 78
90 69
70 88
19 54
12 80
24 89
50 75
11 37
50 13
35 6
29 35
19 61
70 41
81 56
44 33
44 61
59 80
36 81
24 44
10 68
26 21
65 70
75 18
34 34
71 44
71 70
44 56
65 30
62 60
20 74
33 63
63 34
