109
63 9
89 51
32 81
64 91
9 63
48 32
68 25
42 90
39 67
79 73
19 43
0 12
54 50
70 55
33 36
13 5
22 20
7 73
88 77
70 32
49 85
50 25
64 46
41 34
33 52
95 20
7 28
86 5
31 7
18 86
57 64
62 2
51 77
78 39
10 42
99 70
76 17
40 5
24 25
22 79
3 24
36 77
42 13
1 3
80 54
48 96
3 62
60 14
34 29
35 86
50 40
12 69
15 19
70 47
60 22
89 95
4 92
25 99
98 38
38 42
95 5
99 96
78 87
85 31
99 52
5 48
80 3
29 56
72 74
53 64
47 7
99 12
96 56
41 99
19 39
19 96
99 85
9 0
56 79
22 69
83 70
95 29
33 60
82 14
4 56
28 11
51 0
8 34
1 70
18 63
95 48
53 70
37 19
79 61
43 60
59 36
6 8
16 48
26 73
71 65
51 17
67 16
87 60
26 34
26 30
44 70
39 26
29 86
88 56
