115
16 77
48 80
82 75
40 12
13 90
57 95
32 59
26 27
58 34
55 4
70 55
15 53
69 22
34 43
84 60
72 13
58 42
49 20
38 73
65 32
70 87
1 20
86 18
84 97
40 99
95 38
14 8
47 52
5 64
1 35
24 99
84 51
3 78
64 66
18 70
28 44
5 2
87 81
46 60
60 97
7 43
8 57
74 30
41 22
72 48
20 84
92 67
51 86
40 58
46 8
51 43
23 48
29 73
43 70
14 62
65 41
57 56
98 0
10 74
99 96
98 29
16 11
20 28
35 87
61 74
31 3
87 12
72 4
82 95
0 16
90 38
0 58
56 0
97 15
59 19
34 27
42 97
70 63
95 65
20 96
13 35
38 8
90 34
78 81
93 49
4 85
66 18
20 22
48 29
64 77
34 81
83 19
8 7
96 34
42 46
1 70
84 67
41 1
6 27
80 37
47 75
28 91
15 42
51 27
24 62
63 15
36 59
32 96
70 72
54 67
24 41
52 14
14 68
34 65
46 64
