113
58 45
88 72
63 21
65 78
38 4
43 43
3 18
79 75
29 48
13 59
45 61
97 31
82 55
34 30
19 72
39 91
58 83
86 30
29 3
44 29
5 14
35 66
10 75
57 36
60 67
35 56
98 49
85 93
20 86
25 19
50 14
48 80
73 97
70 63
14 50
19 4
16 93
2 3
58 53
91 44
47 2
29 80
47 24
23 48
87 63
68 49
47 91
24 68
52 32
66 37
52 54
32 37
77 61
75 85
25 76
44 50
75 7
90 9
14 28
62 0
96 84
2 91
59 99
4 60
99 23
75 12
93 98
3 76
9 44
72 33
26 99
37 40
18 25
93 17
61 17
56 0
52 99
84 47
78 18
24 8
64 69
92 94
46 68
35 88
66 83
15 45
99 38
28 53
39 23
2 68
10 5
11 20
81 41
33 74
24 34
61 88
53 18
71 27
55 39
89 19
31 60
70 13
30 33
51 63
19 79
89 38
28 43
18 52
15 70
28 65
50 46
46 36
40 31
