106
3 3
2 85
30 17
20 87
45 72
5 52
32 1
13 65
37 55
35 82
8 30
25 33
43 40
18 5
23 50
45 23
46 3
45 93
1 17
30 68
3 76
3 37
17 10
18 95
4 90
1 52
18 80
30 33
13 25
45 57
3 11
3 66
17 1
3 96
15 47
40 7
30 52
40 22
28 95
25 67
40 87
3 71
45 33
45 48
40 78
23 15
1 43
18 40
15 57
35 23
18 20
35 93
1 27
45 12
3 81
20 72
35 38
40 63
11 3
25 82
33 5
45 82
10 38
4 60
40 48
22 55
7 20
37 70
28 40
26 3
10 92
25 22
12 75
40 32
20 62
38 15
28 90
7 45
15 32
35 62
42 97
35 47
28 75
8 15
10 83
20 28
23 45
10 58
30 83
47 65
42 1
28 10
15 87
27 60
4 23
12 70
29 47
28 23
36 75
35 33
22 36
12 9
7 50
13 16
34 12
5 42
