111
70 74
75 30
61 60
51 6
84 67
65 10
26 15
53 45
78 99
18 89
40 63
20 36
55 92
4 23
97 47
48 75
60 41
84 62
30 31
40 46
71 86
86 72
76 61
54 33
95 23
3 73
87 9
4 56
87 88
18 64
27 52
66 4
11 24
39 79
22 9
85 2
14 96
40 12
46 60
45 32
81 28
31 57
29 25
11 61
10 82
70 3
88 81
88 23
68 37
76 54
71 97
45 44
49 21
91 61
17 16
34 97
3 4
3 37
81 75
35 54
19 22
86 53
26 72
93 97
98 61
49 89
36 5
2 41
78 68
25 86
4 90
97 93
71 23
18 46
38 0
79 47
58 59
42 18
84 6
5 79
61 85
65 45
13 9
33 89
4 48
82 39
56 15
55 71
93 75
35 39
27 5
71 6
79 21
30 93
66 28
78 91
33 66
8 56
9 39
8 11
34 22
59 50
90 12
41 40
78 36
79 85
32 14
17 52
31 43
14 29
22 19
