113
77 30
55 46
1 51
21 32
22 18
8 57
87 40
22 86
1 31
89 88
63 72
95 4
21 51
66 91
23 6
90 13
82 97
13 88
67 44
69 81
85 31
81 31
9 52
42 78
56 29
72 14
52 14
2 77
49 65
40 99
35 26
35 64
94 69
12 15
24 36
71 4
84 79
11 96
6 71
86 16
45 36
91 96
58 19
96 32
9 43
73 99
72 1
67 33
20 92
15 58
15 21
39 71
53 38
6 81
5 2
81 58
38 49
52 89
29 0
21 66
75 62
37 17
37 85
99 78
0 6
92 49
52 81
65 95
70 67
42 10
35 56
53 49
98 7
28 5
36 92
85 73
75 45
14 1
24 76
94 43
54 68
57 96
29 33
9 74
57 54
62 27
95 21
71 85
14 38
1 56
30 19
81 16
44 15
27 91
71 28
34 78
0 45
30 54
30 37
3 66
60 46
47 86
82 87
51 18
28 39
94 35
20 84
49 75
18 4
23 12
58 34
28 22
78 37
