111
94 69
65 32
5 76
87 5
47 70
39 58
54 11
27 75
38 19
3 50
45 90
85 56
75 20
21 24
87 33
54 22
84 71
94 7
1 87
62 14
92 73
88 90
21 58
0 18
10 37
62 51
15 2
60 87
19 93
97 46
23 44
61 69
28 9
37 95
3 35
83 85
7 64
37 47
6 13
48 56
24 61
35 80
67 55
51 27
2 79
30 26
47 97
82 15
61 2
89 42
34 12
19 83
51 76
16 29
91 51
78 8
36 64
17 51
55 97
9 82
24 17
73 97
40 73
52 41
45 0
75 43
98 15
91 97
71 77
99 32
28 51
11 97
33 99
37 39
51 37
98 64
77 70
1 64
99 83
72 25
24 0
23 89
20 73
36 25
56 71
98 5
80 29
6 32
99 52
1 52
53 51
72 63
31 4
76 49
68 18
43 12
65 40
20 14
21 37
15 88
38 53
33 74
71 34
92 13
17 74
61 24
68 11
32 81
88 65
32 20
28 64
