112
10 64
51 16
86 42
86 18
12 84
52 44
25 29
49 87
42 72
80 55
4 36
27 84
94 90
65 26
21 67
93 33
44 96
95 49
9 43
19 30
44 45
52 75
80 44
37 86
81 70
66 12
64 93
80 96
66 70
98 5
66 54
34 16
50 1
23 44
13 94
79 23
24 58
58 30
66 90
44 53
80 64
47 10
99 13
63 65
77 37
50 92
36 27
26 37
20 86
51 49
70 74
60 11
9 74
42 19
85 27
12 39
20 10
97 66
77 3
1 22
0 54
0 8
96 95
10 0
75 1
16 16
96 76
79 99
99 35
31 62
16 1
58 0
5 90
47 68
43 33
9 20
33 97
97 60
82 3
89 82
63 40
97 2
20 53
3 50
0 31
66 16
93 96
59 99
80 59
51 83
80 88
66 79
15 92
68 46
75 29
96 44
51 24
18 25
27 51
58 56
72 20
20 78
52 33
41 75
12 22
77 45
60 93
81 12
58 25
86 50
56 18
14 30
