109
51 35
88 16
48 94
59 80
4 95
84 96
10 38
15 83
50 11
70 41
85 74
99 47
35 39
0 81
84 0
30 22
33 52
56 71
15 44
80 90
64 38
44 40
13 59
16 11
86 58
1 16
32 90
86 35
5 1
72 22
48 54
28 68
96 30
72 9
77 69
32 98
13 67
18 94
28 37
59 64
39 75
77 44
61 48
83 82
62 10
91 49
26 54
22 80
6 44
42 18
74 97
52 88
11 90
46 36
97 54
66 71
35 26
94 43
99 89
39 2
99 6
70 81
20 87
14 30
94 73
99 27
59 0
0 31
69 23
63 99
55 25
0 73
42 67
47 89
95 0
11 64
8 16
85 31
28 13
53 51
19 25
42 7
82 53
80 14
37 53
82 32
98 16
24 72
91 70
46 70
63 54
95 20
36 20
55 97
77 8
60 30
5 24
80 74
80 39
28 76
45 50
20 34
53 77
14 74
85 10
57 34
39 43
85 42
53 59
