108
56 59
28 14
54 77
77 35
94 13
69 36
36 90
62 13
38 60
2 69
2 24
30 72
48 44
21 60
97 69
95 87
29 7
57 22
37 53
60 36
37 18
65 22
97 29
77 2
83 77
67 98
18 33
35 37
7 52
49 97
79 19
6 67
83 66
92 5
71 0
72 92
1 81
64 80
39 32
20 4
32 45
48 62
21 20
44 82
37 96
75 19
98 19
43 23
9 69
54 49
31 66
68 6
33 12
66 33
89 16
72 55
1 8
50 5
22 88
0 39
22 14
92 55
41 46
2 91
99 40
89 94
5 1
84 39
78 52
80 80
20 82
97 63
57 95
65 58
70 29
5 85
3 15
21 29
45 76
86 93
59 73
88 0
92 27
25 46
52 12
32 74
55 43
25 87
81 97
8 90
73 85
49 83
25 53
88 80
11 19
26 68
33 34
79 41
52 68
96 24
56 91
69 14
76 10
30 83
80 25
40 52
30 57
39 69
