109
47 68
42 44
62 58
95 36
75 68
44 24
18 72
14 15
71 89
27 48
2 30
48 4
46 91
7 44
80 19
72 96
64 77
39 63
20 63
70 64
55 65
47 61
76 80
31 93
58 30
0 69
98 78
7 84
63 0
93 96
74 35
82 47
33 79
24 25
61 44
94 22
39 0
25 97
14 41
90 75
29 52
2 59
3 95
17 4
59 85
90 40
81 29
53 4
28 76
74 88
11 35
32 42
70 46
13 60
1 42
56 76
31 66
36 87
0 9
83 34
92 5
66 17
98 53
30 12
90 92
88 5
2 0
39 26
11 19
11 49
63 65
84 62
53 93
69 6
97 27
9 82
53 25
31 6
51 44
2 24
67 31
25 32
98 43
75 98
86 77
58 15
4 73
88 54
42 20
38 79
85 19
57 93
22 88
56 0
18 32
92 82
0 49
36 36
76 44
40 54
62 24
18 55
72 79
6 65
50 79
53 61
31 83
63 85
21 47
