108
7 76
94 72
29 70
59 66
37 30
93 41
87 92
38 53
28 85
5 96
10 11
80 12
68 30
40 10
16 31
28 19
84 57
70 24
87 71
55 75
37 83
69 13
6 85
61 29
88 81
8 50
66 99
50 45
94 13
51 84
76 56
94 33
53 61
32 50
6 3
52 26
11 25
62 48
22 67
30 5
18 48
45 12
31 27
92 8
19 85
78 4
13 70
0 89
80 47
77 30
0 12
31 66
46 42
0 74
92 61
19 56
17 26
10 98
46 35
33 58
44 98
73 84
30 99
16 80
0 50
94 94
59 13
48 99
72 73
33 1
99 10
67 1
98 42
68 55
71 93
57 80
86 26
91 56
54 7
34 84
98 80
6 66
14 15
5 29
66 39
10 45
80 40
45 18
98 18
31 22
63 62
23 34
50 77
47 56
91 86
34 5
98 69
81 21
65 79
33 89
6 11
73 59
43 62
67 18
9 59
29 15
32 72
22 26
