109
17 96
50 53
32 7
2 59
90 76
76 86
60 61
43 28
96 12
88 51
36 68
26 41
60 23
89 32
54 39
18 3
1 42
13 34
22 65
39 14
32 46
33 16
92 22
87 85
36 24
25 9
97 63
44 92
61 87
79 1
64 1
1 73
74 49
51 73
20 92
74 95
62 17
18 20
18 48
68 31
37 78
16 75
6 34
60 52
30 37
52 79
92 28
13 95
8 55
28 67
85 46
77 80
83 29
45 74
82 88
78 15
2 19
93 98
75 66
49 96
2 79
50 9
93 8
11 7
43 55
99 56
50 36
19 24
65 66
36 86
70 50
72 33
97 36
65 5
7 60
20 82
97 70
60 19
5 40
77 99
93 90
42 5
34 41
89 71
65 70
26 3
29 60
78 21
66 81
27 86
23 51
20 67
88 57
22 18
91 14
11 81
27 36
43 64
67 85
36 2
64 56
57 25
83 35
29 52
46 81
82 81
30 71
16 38
31 21
