105
8 3
64 15
36 90
81 17
99 79
72 83
55 83
17 20
51 49
23 49
46 6
23 2
47 70
31 62
30 30
6 37
62 39
82 27
3 11
34 94
56 94
55 53
34 22
13 42
56 11
89 21
71 12
0 57
2 93
17 95
11 66
94 50
97 34
12 81
85 76
38 37
73 38
83 72
86 48
95 86
28 81
94 9
73 95
32 7
7 84
56 23
18 5
9 23
80 10
53 39
75 30
27 71
69 84
23 96
49 17
37 81
24 42
95 21
9 17
23 21
63 26
48 86
60 48
50 13
63 68
97 64
95 94
15 61
45 63
83 0
16 30
42 99
47 0
40 46
0 63
76 47
14 65
29 56
90 65
87 88
69 74
41 2
18 46
41 66
31 16
42 30
89 34
72 49
8 78
87 58
54 67
72 28
93 17
62 10
87 41
33 71
75 77
95 71
9 28
32 45
56 3
14 52
61 80
27 13
41 8
