117
91 60
53 68
62 32
89 79
12 39
63 69
28 27
48 53
5 12
11 93
72 42
50 20
74 19
35 2
32 39
41 52
9 43
10 9
55 9
82 65
69 25
51 74
10 72
3 59
82 5
14 23
69 94
53 96
96 32
89 95
99 48
25 92
0 30
35 91
65 47
49 36
66 5
86 11
3 81
29 55
75 97
97 65
23 12
66 79
1 0
44 26
4 87
27 32
19 96
81 56
69 19
25 5
9 50
31 47
79 97
12 29
40 40
98 1
36 71
80 17
41 87
42 0
19 61
64 55
81 79
98 80
99 23
37 67
90 37
49 99
52 12
36 21
15 67
2 95
68 72
46 81
80 47
0 15
0 73
62 85
60 6
13 44
24 61
30 86
97 40
66 41
6 0
20 8
86 93
83 72
99 72
33 17
89 19
50 95
17 92
51 4
49 65
73 34
23 54
17 25
51 30
87 51
29 79
77 70
2 26
64 23
7 80
47 12
56 60
31 19
52 82
13 16
32 29
52 22
23 19
15 82
18 47
