113
79 52
54 85
45 46
52 25
57 54
73 26
72 78
41 37
13 86
54 1
34 79
25 32
91 82
17 55
6 64
36 22
55 35
81 25
44 75
39 41
77 38
25 26
40 96
31 6
89 11
2 14
63 16
62 99
11 35
89 62
35 33
97 95
69 63
95 0
97 74
73 92
5 71
20 83
49 69
31 48
37 93
20 15
68 41
3 9
76 77
22 66
40 7
2 85
89 46
24 42
61 48
62 83
51 99
24 93
87 55
40 51
14 28
31 27
75 50
77 3
1 99
16 1
93 42
24 69
82 96
5 50
68 0
0 25
0 0
67 23
51 62
48 6
55 31
1 66
88 97
65 63
99 47
58 80
46 20
6 28
31 96
20 61
15 7
30 79
65 19
74 98
38 62
34 12
54 47
82 37
13 78
80 91
20 6
23 50
74 66
57 11
48 76
90 89
61 37
16 18
43 23
83 61
23 76
17 59
54 77
48 52
57 68
49 43
29 20
31 36
62 27
67 50
83 47
