114
28 65
14 14
35 11
12 48
36 71
34 26
18 96
29 40
79 60
68 48
66 91
63 71
7 80
78 16
36 77
77 90
11 3
22 89
11 60
83 8
68 35
22 42
88 17
50 42
40 91
49 7
83 31
95 83
68 0
11 33
97 54
93 98
28 26
13 66
78 46
4 91
50 10
84 70
62 29
42 64
0 56
49 35
46 95
21 82
92 24
69 98
5 6
67 79
31 48
52 88
6 39
11 21
54 5
29 18
5 46
70 68
71 9
40 80
3 70
61 84
54 56
30 80
17 12
1 97
94 52
98 11
50 21
87 1
97 30
27 57
2 75
52 72
99 63
78 99
0 19
45 50
90 78
26 97
91 92
62 52
69 29
80 56
96 92
7 95
33 98
55 28
3 23
41 48
80 38
84 62
32 32
64 43
16 29
50 70
36 14
21 66
78 75
91 8
44 89
35 63
77 22
26 49
0 82
35 34
48 49
18 75
13 43
73 43
36 83
51 81
17 85
41 21
15 33
44 74
