111
25 8
43 64
54 49
71 67
36 43
31 16
3 10
90 48
92 27
6 60
48 14
50 77
28 79
54 97
76 11
26 43
74 79
81 57
89 18
36 78
47 41
23 62
95 66
49 0
6 85
14 34
79 95
76 28
92 88
70 48
2 26
99 12
39 57
58 4
12 79
66 21
47 21
10 11
85 41
15 48
31 21
75 93
97 45
66 76
62 49
86 72
25 24
53 61
50 87
43 7
23 70
80 65
71 19
86 87
95 56
97 78
29 8
37 87
18 98
80 22
63 35
2 42
37 22
99 3
2 92
75 3
34 93
52 35
65 90
97 61
1 22
25 2
9 68
39 99
60 76
22 46
37 60
98 27
77 42
42 1
14 84
5 49
44 38
94 11
60 9
95 41
81 97
57 54
43 73
72 34
17 12
23 52
74 59
62 69
25 73
58 26
43 24
94 70
80 74
55 7
40 52
57 72
38 12
68 82
76 45
62 44
37 66
90 55
67 59
79 54
84 67
