113
86 14
31 58
88 84
85 92
82 20
16 43
49 90
21 7
3 6
65 42
38 29
54 22
63 91
96 65
52 68
50 37
70 18
78 33
38 15
82 52
76 74
6 96
32 84
98 46
98 98
3 33
15 79
66 64
62 6
3 51
19 10
29 37
67 49
44 54
25 69
2 88
16 95
41 68
30 53
8 72
90 70
75 92
21 37
69 77
15 50
51 81
27 0
8 13
96 53
57 36
70 12
74 31
89 97
42 38
13 32
40 57
77 15
67 34
94 87
20 61
99 8
97 24
43 1
1 66
34 88
49 0
48 97
92 38
81 47
92 1
0 0
33 63
55 64
34 22
47 16
95 71
6 18
81 67
18 27
71 99
29 83
38 71
58 67
91 24
14 93
3 27
76 53
36 40
7 47
8 1
91 8
13 74
22 14
5 61
57 95
53 53
43 10
78 78
54 74
88 65
70 58
5 82
96 16
23 51
61 41
27 29
44 43
91 79
44 24
30 74
91 56
30 47
76 45
