112
86 68
26 69
75 49
33 87
30 25
18 33
71 85
2 76
95 90
67 71
36 45
61 53
47 82
61 12
17 52
4 17
41 49
67 18
25 55
59 84
74 56
31 35
4 44
98 22
84 1
54 30
99 61
8 3
98 3
3 54
4 29
56 94
68 39
78 94
8 74
88 16
62 1
88 84
14 13
41 92
28 76
96 67
76 42
43 46
68 27
40 86
94 13
81 51
14 59
16 20
75 68
67 9
31 51
73 73
8 23
38 5
67 46
25 47
49 61
1 98
88 32
23 99
49 92
97 50
33 5
39 63
32 20
46 31
17 95
91 37
57 59
98 82
74 22
22 7
79 4
1 7
22 75
74 87
53 77
49 33
57 48
59 74
79 27
98 27
24 32
89 94
63 32
6 61
37 12
49 99
26 90
92 74
63 93
73 4
83 61
21 61
32 31
48 45
60 23
16 30
93 23
67 36
55 45
74 12
8 11
44 57
20 66
27 40
25 66
62 81
80 12
41 39
