105
80 15
35 28
60 2
66 35
3 4
44 60
95 57
55 51
43 37
89 41
30 6
73 91
9 79
97 7
32 86
51 5
83 28
57 35
36 14
66 3
44 29
26 15
32 38
77 66
3 62
43 74
62 82
54 98
93 77
3 27
70 49
98 21
3 78
33 64
4 55
89 1
25 38
50 19
99 88
30 99
70 21
46 82
6 3
78 81
17 14
40 51
5 92
62 61
86 60
86 33
44 4
45 93
65 29
65 53
46 51
39 69
80 70
50 37
57 90
86 75
35 22
79 33
10 40
68 72
19 63
51 30
10 93
72 33
30 0
23 78
11 28
83 13
97 84
61 67
16 55
86 55
64 21
5 46
92 42
39 98
92 26
75 47
14 17
47 77
92 88
72 86
61 76
19 92
15 3
53 16
16 70
41 54
80 62
66 9
64 96
8 87
47 12
37 81
56 81
65 47
58 31
69 88
39 21
48 46
66 63
