104
53 31
26 31
40 69
26 95
96 57
78 92
24 77
63 74
53 20
71 46
3 15
65 9
94 27
4 62
12 45
39 2
25 63
40 47
97 8
77 62
83 3
87 25
36 93
74 83
60 52
51 10
96 37
38 59
95 78
29 13
97 99
57 95
11 96
13 25
4 89
14 8
56 61
10 71
75 15
47 45
77 1
48 73
43 19
17 97
8 50
37 35
3 25
61 7
25 69
62 46
74 97
19 10
44 9
66 60
34 67
48 65
18 18
74 32
51 89
99 42
78 48
77 77
98 64
27 49
2 35
95 86
89 53
59 32
33 32
0 73
5 6
81 98
1 97
44 89
57 76
22 46
85 39
18 31
3 49
29 87
26 16
56 46
58 2
41 50
84 16
5 67
97 28
56 25
43 97
71 75
38 76
66 90
67 37
19 69
45 15
6 39
87 91
37 16
76 43
34 55
27 26
26 75
59 18
52 54
