116
34 61
87 13
5 84
16 88
98 48
37 25
51 71
51 16
18 37
87 77
92 35
2 62
52 56
33 89
42 44
21 55
8 17
92 71
14 51
47 37
25 97
68 65
3 36
56 92
36 75
7 2
93 95
73 7
77 37
33 9
22 72
76 23
67 47
80 57
60 31
74 97
66 70
60 95
19 19
56 17
97 62
10 98
14 4
98 80
51 98
40 39
13 37
72 69
95 53
44 73
66 52
59 9
13 76
70 26
21 9
53 46
79 75
53 27
99 3
44 0
79 65
76 3
22 23
1 57
94 32
79 97
0 2
0 21
28 47
0 99
93 0
73 83
37 95
45 58
84 16
16 59
1 65
59 77
36 0
95 28
32 26
84 50
63 19
97 66
69 2
32 43
35 80
20 83
32 94
47 14
2 91
48 87
47 41
98 38
41 15
60 53
71 91
35 65
51 65
33 33
14 45
16 94
96 71
49 81
15 14
28 79
74 52
55 38
94 56
73 78
28 37
56 44
38 51
70 63
49 29
84 69
