114
83 2
61 17
23 3
51 88
45 49
8 79
92 54
91 34
63 44
41 7
21 68
54 33
78 62
98 8
93 82
79 16
44 93
15 88
94 46
67 38
57 56
48 41
16 22
87 99
0 11
75 89
15 47
32 80
1 92
7 65
44 70
58 75
73 30
67 7
96 74
50 26
14 98
93 17
70 67
40 13
58 96
36 87
40 35
62 61
77 98
48 4
87 59
87 38
65 18
31 1
5 86
22 78
37 45
61 84
73 20
59 25
26 87
1 42
26 32
55 46
15 8
63 3
6 36
30 50
95 97
7 60
2 0
29 64
2 20
80 44
98 68
75 83
16 3
2 66
21 50
18 20
95 10
72 97
40 29
34 15
47 87
85 76
4 56
8 41
87 4
1 81
18 28
38 53
68 52
92 2
67 75
49 98
78 5
34 36
62 9
14 66
40 79
6 6
9 22
64 58
90 52
76 58
67 83
15 83
47 78
31 7
19 36
52 12
84 94
19 54
3 50
53 40
68 10
9 15
