117
30 86
68 74
86 56
18 5
4 68
76 29
4 3
41 65
39 50
58 92
6 29
50 76
54 59
24 4
13 63
38 84
14 16
19 81
70 36
81 66
82 88
23 47
87 41
84 3
47 27
20 31
92 19
48 6
97 80
22 98
33 25
56 9
5 76
86 95
64 75
56 96
24 73
10 55
38 39
26 57
97 86
71 60
52 35
72 90
90 52
80 73
7 14
27 26
46 48
22 87
77 58
71 79
27 78
37 99
77 82
8 90
63 5
92 36
42 6
60 19
9 49
60 49
77 11
37 67
65 85
72 99
79 25
73 43
32 10
20 39
46 83
2 6
4 26
94 75
44 97
61 35
95 94
46 20
59 4
20 65
53 55
10 0
97 42
38 46
24 42
80 28
56 73
87 70
7 71
61 25
4 56
9 19
26 99
37 16
54 41
47 62
52 92
40 34
68 93
27 72
34 21
18 14
31 54
42 77
12 53
7 25
27 68
84 77
31 38
81 35
55 84
38 78
47 40
8 9
86 83
29 92
72 70
