114
16 11
66 13
94 58
13 90
61 30
30 24
43 73
95 73
80 94
41 47
79 61
42 13
4 43
50 58
50 88
75 13
73 84
41 27
55 37
46 35
53 30
25 49
4 21
80 35
33 94
91 25
14 70
34 60
95 1
91 44
94 88
63 94
2 14
2 40
47 8
17 92
81 6
14 54
14 28
95 44
83 97
35 88
57 66
23 13
38 41
48 52
52 6
35 5
80 16
98 83
89 15
8 13
90 50
22 24
71 24
93 31
1 64
70 80
64 57
6 82
60 0
81 71
47 97
20 67
26 80
69 42
53 83
61 68
78 54
36 64
29 78
97 17
12 2
76 2
28 1
31 96
17 49
59 16
60 98
79 68
65 40
8 79
80 90
95 9
30 29
76 29
49 0
41 69
30 56
56 51
94 77
2 7
44 19
19 96
3 50
96 53
27 8
6 30
83 32
48 74
61 9
12 25
44 3
44 42
82 52
41 92
74 95
18 73
59 43
40 78
48 46
41 58
82 21
33 17
