105
38 67
70 11
78 39
32 49
8 64
96 39
86 8
12 52
25 31
10 8
98 83
49 93
88 52
25 12
50 24
22 70
41 3
44 28
26 6
90 30
43 87
85 89
64 74
73 97
69 27
50 47
10 23
26 85
57 5
85 61
54 78
65 96
44 60
96 19
79 79
16 42
61 36
30 55
36 21
18 86
82 36
91 10
72 69
48 0
96 63
32 80
42 39
80 90
50 70
29 4
15 5
82 15
52 84
55 28
94 55
78 48
97 32
32 14
71 35
22 48
32 98
0 43
52 38
39 52
12 81
13 98
57 53
5 68
4 22
1 2
79 0
22 66
20 34
62 9
68 49
97 5
77 65
87 98
66 89
46 97
41 69
8 44
94 47
74 21
58 64
18 28
41 13
7 37
86 1
36 75
28 30
41 93
60 82
50 18
13 59
83 25
63 40
80 41
10 73
25 20
63 31
62 44
24 44
24 78
74 41
