113
5 42
60 9
10 18
44 80
28 25
28 49
22 0
4 74
30 81
73 97
61 83
64 26
6 88
82 14
49 23
21 6
72 30
52 10
52 87
60 14
94 57
84 70
3 4
66 57
38 4
50 48
92 38
14 57
95 24
98 73
39 34
82 48
29 63
96 4
24 82
5 95
3 32
47 49
63 68
81 91
77 6
64 97
80 62
97 43
37 14
7 22
5 53
43 87
56 44
16 95
77 35
82 6
85 23
58 24
25 70
16 16
47 82
27 15
44 11
10 83
7 11
98 98
32 96
95 80
75 81
51 65
29 44
67 53
0 60
84 96
44 30
71 0
22 34
1 94
75 77
41 55
27 67
71 39
61 76
53 63
1 39
67 96
89 27
43 50
87 0
86 56
12 62
27 86
19 48
89 86
4 46
81 20
68 62
47 73
88 44
63 7
10 3
52 42
42 20
16 76
78 83
30 88
63 22
31 11
33 52
73 56
18 71
36 73
56 71
54 80
12 13
18 10
57 17
