105
55 71
7 77
80 20
90 34
16 23
62 92
34 79
35 67
71 25
69 5
19 41
73 81
35 96
94 57
32 11
49 84
55 3
5 93
15 3
25 59
7 39
52 74
57 52
37 32
1 5
53 21
88 2
79 62
9 55
74 39
99 19
68 97
47 8
17 95
82 70
77 86
21 64
35 43
69 60
15 79
2 30
83 47
70 10
60 97
5 66
36 59
40 92
42 27
54 66
63 54
85 30
1 86
14 26
28 25
17 55
56 12
50 27
41 83
83 40
51 13
56 86
84 99
92 85
99 98
44 45
30 1
90 71
84 16
41 70
97 50
3 16
85 0
69 39
97 10
21 44
27 80
94 80
49 50
1 37
44 0
69 0
67 74
56 28
2 72
19 81
17 17
84 67
94 36
76 98
40 63
5 44
77 48
38 35
40 15
59 70
36 49
66 14
59 0
68 44
18 65
10 30
26 49
54 6
26 72
85 79
