106
39 50
25 49
52 33
26 4
2 33
88 42
24 93
38 84
21 26
83 93
12 79
64 61
46 68
10 13
83 11
96 65
3 78
49 72
35 9
78 16
16 48
27 59
81 52
3 5
48 82
72 35
63 8
3 57
69 96
97 95
55 47
97 10
91 72
48 94
64 17
23 31
30 70
33 99
87 33
17 63
96 54
73 65
45 24
82 86
33 76
8 41
66 47
85 25
79 7
44 58
16 29
22 42
64 53
92 88
80 46
13 57
49 0
10 96
62 80
99 24
64 97
66 78
38 23
0 71
40 2
65 10
97 45
18 99
80 79
19 7
83 99
1 13
98 86
37 27
99 31
81 62
75 0
7 27
72 29
20 91
40 95
91 6
31 45
45 50
56 3
6 86
27 8
55 67
63 92
3 61
34 79
33 61
85 20
73 82
20 67
72 39
12 22
47 64
58 48
74 59
47 79
67 14
26 86
94 14
78 93
42 70
