109
48 50
72 12
6 56
57 74
78 28
54 96
50 13
34 48
10 85
25 73
75 59
13 3
78 10
51 45
2 53
70 28
21 87
16 61
25 56
84 14
44 66
9 26
91 49
81 92
89 76
61 56
96 89
34 18
61 3
32 98
29 2
36 34
11 99
50 89
8 9
72 86
75 49
2 32
96 11
61 31
16 26
90 32
85 62
59 66
17 35
39 14
77 85
0 58
71 98
75 26
4 41
29 84
83 71
72 1
53 72
60 94
66 61
18 53
53 53
14 66
56 44
99 63
83 22
74 43
46 27
3 83
86 0
32 34
99 21
20 17
1 86
6 2
55 30
33 52
91 42
95 84
57 7
41 73
5 17
18 97
35 4
71 42
95 63
73 75
92 5
29 18
47 12
3 38
30 62
46 59
64 14
16 95
16 8
89 91
31 26
83 55
63 82
23 48
92 22
96 72
6 44
77 6
44 36
15 22
86 46
60 39
83 82
12 59
24 60
