107
47 62
21 75
90 31
59 88
28 22
52 88
94 42
94 60
40 40
2 11
11 55
65 50
77 78
99 74
45 4
40 68
81 35
61 77
43 48
7 46
44 28
85 49
74 95
55 17
14 88
2 97
30 57
70 23
60 2
60 36
2 74
19 33
78 2
24 4
2 2
36 79
24 89
5 35
22 45
86 80
11 15
24 70
79 55
99 25
22 18
33 37
34 54
40 21
64 21
83 71
96 65
62 42
9 83
43 77
77 40
73 87
6 30
62 10
47 34
16 47
23 32
84 86
87 15
38 53
37 96
34 28
63 61
8 60
45 95
58 71
99 56
60 56
1 78
26 8
78 18
49 4
22 93
60 94
2 54
68 4
75 60
4 19
77 97
6 69
25 65
63 38
38 92
40 14
29 79
76 29
17 19
47 80
47 10
64 85
68 44
91 69
70 15
18 61
23 42
23 85
33 21
44 83
10 49
32 60
88 55
30 32
71 35
