109
78 92
21 14
41 72
82 64
63 39
25 50
36 78
4 66
37 34
71 54
1 38
89 21
11 87
88 5
3 14
88 70
1 75
27 20
75 96
15 72
85 29
42 85
33 39
76 75
55 55
62 12
44 20
97 49
53 96
8 52
59 82
63 67
70 8
87 45
58 31
47 50
76 27
33 94
1 28
23 60
21 33
90 79
94 26
37 15
69 93
85 13
83 95
75 59
14 13
34 73
59 62
31 59
20 26
88 52
60 44
10 9
40 29
44 79
97 99
45 1
56 10
98 2
96 84
99 67
25 3
19 96
39 0
28 30
20 76
0 82
0 22
79 31
14 47
42 15
39 93
49 42
69 3
17 90
76 2
7 67
42 65
14 0
58 89
59 21
89 82
96 64
62 36
19 67
23 44
44 44
74 83
31 87
45 60
80 69
91 86
68 25
46 23
25 88
39 45
32 16
9 58
34 69
89 56
48 74
48 34
49 18
73 63
27 71
40 76
