88
22 23
28 44
16 20
5 7
45 6
91 8
11 12
58 46
40 78
46 38
36 28
74 26
36 12
67 43
9 30
30 26
34 42
90 73
34 96
12 44
99 98
97 28
21 4
79 80
2 43
20 41
6 16
14 29
85 53
55 88
49 59
58 74
23 87
32 58
2 61
18 75
34 74
88 14
91 42
51 15
93 4
68 77
44 29
69 52
86 28
44 52
16 51
2 5
44 14
31 23
61 53
36 63
66 5
17 15
17 35
15 93
97 73
88 59
38 94
72 19
46 0
72 67
61 10
99 1
84 83
13 26
72 63
99 20
0 32
94 66
43 46
84 6
52 26
46 74
7 2
36 2
2 17
23 29
3 40
54 51
39 43
31 12
26 50
47 11
16 46
31 50
28 38
8 8
