108
36 14
97 73
1 31
82 38
66 26
15 34
86 21
93 94
3 75
18 3
65 41
23 55
33 97
68 98
30 32
13 65
70 8
41 84
49 10
7 80
32 7
58 53
91 41
9 45
93 81
90 35
74 23
83 63
82 0
71 82
98 58
47 43
17 20
55 68
21 89
0 59
54 30
35 81
47 2
83 92
73 66
40 22
56 79
97 95
78 47
13 85
50 63
83 14
23 97
26 41
91 26
65 92
25 8
89 73
46 70
69 57
96 66
87 48
29 84
98 2
4 10
2 94
37 57
3 45
63 9
75 80
47 90
51 37
92 1
16 30
57 23
61 99
28 57
33 41
83 97
61 1
61 83
36 22
14 51
97 30
66 35
40 66
78 83
98 47
84 55
0 35
14 22
41 95
97 80
78 7
63 49
21 82
42 1
0 84
21 9
80 69
55 8
84 7
69 18
23 47
74 41
46 24
26 25
51 72
60 33
24 15
38 88
76 56
