108
42 65
53 52
5 17
46 37
79 59
81 5
96 81
91 5
85 62
89 80
24 54
83 21
18 73
48 13
9 88
45 81
38 34
70 9
56 15
64 46
87 53
77 68
18 60
80 11
28 20
30 82
73 86
14 42
78 40
2 51
35 5
94 96
11 4
65 60
49 85
2 95
13 23
60 36
35 20
28 36
46 29
64 10
50 3
55 59
8 77
78 21
36 70
88 83
5 31
74 45
91 66
73 29
10 67
90 93
90 18
30 27
44 72
36 14
40 98
24 99
59 97
16 7
62 99
96 27
97 52
38 95
2 72
47 46
65 27
10 97
30 46
64 1
1 11
64 85
70 70
90 0
19 36
52 68
51 23
75 76
99 57
9 51
67 51
14 87
97 72
54 82
29 57
48 52
77 35
35 84
0 89
44 6
27 68
27 17
66 12
58 62
75 1
45 94
14 17
81 88
4 81
24 31
80 54
61 21
49 93
62 55
68 62
39 25
