107
16 82
7 51
66 34
73 3
77 35
29 80
89 71
56 54
30 22
16 64
50 71
2 97
85 23
83 85
36 36
9 20
18 35
71 77
38 51
68 49
6 77
4 11
59 33
25 89
90 81
87 36
47 5
58 83
19 6
61 97
1 32
99 22
33 7
93 97
50 19
73 14
84 60
4 4
70 64
97 67
33 59
0 69
99 81
26 51
80 54
50 32
10 82
67 21
84 19
83 45
18 56
67 77
32 40
41 16
47 99
99 44
95 8
39 92
64 1
78 90
23 96
32 75
5 46
54 57
82 0
46 74
23 21
99 92
54 47
97 25
63 91
4 54
39 58
68 62
53 68
39 8
12 32
52 37
13 1
92 44
26 75
69 92
64 29
9 16
85 76
32 94
35 22
11 86
27 37
82 34
60 21
40 46
24 61
70 69
40 74
27 18
76 21
8 60
43 30
69 52
92 89
57 75
42 55
83 28
47 47
34 46
44 49
