111
10 52
30 85
12 34
33 6
76 82
84 28
3 51
78 60
37 33
72 2
91 92
72 43
90 77
60 53
94 53
25 23
70 78
71 27
85 19
73 95
84 65
56 72
14 79
50 89
34 64
54 19
12 9
0 1
12 94
2 20
57 5
31 95
0 37
38 2
89 7
6 71
29 64
45 34
97 95
20 40
89 42
44 80
11 67
26 89
63 76
76 16
22 4
75 50
66 1
32 27
92 56
42 66
81 88
36 94
2 13
20 67
60 64
20 86
7 60
68 13
43 48
98 30
59 37
4 89
98 5
67 94
99 20
98 69
51 98
52 4
19 50
68 28
17 23
58 46
76 1
41 13
77 65
84 34
52 33
99 43
3 6
76 97
24 8
14 32
40 20
0 26
38 6
82 69
61 22
65 61
82 98
36 81
56 81
90 85
52 11
21 72
94 24
46 92
20 18
53 38
76 31
13 46
12 17
72 74
83 55
79 96
34 91
82 23
78 74
74 89
68 73
