103
68 20
65 5
76 79
22 21
82 4
78 95
5 39
48 77
33 93
81 41
36 41
93 95
66 40
6 5
80 58
6 22
21 41
49 5
7 56
51 57
34 5
21 57
52 21
50 40
64 94
83 20
48 94
37 22
36 56
66 57
91 79
34 76
62 78
20 4
16 94
2 23
0 37
98 80
95 99
53 63
77 74
1 55
35 0
49 1
64 0
23 62
69 26
0 1
86 62
50 98
84 27
37 27
80 0
19 37
30 75
53 26
79 99
34 99
64 42
62 74
37 60
64 99
20 0
45 44
18 21
70 61
50 92
0 8
2 41
48 72
19 43
7 62
78 44
22 25
19 7
34 11
79 8
63 9
83 78
34 90
97 93
50 35
34 33
64 37
82 92
49 10
66 92
80 35
15 59
59 58
59 23
74 58
67 77
52 78
33 42
29 56
92 74
44 58
7 25
74 22
38 76
32 19
43 22
