109
10 20
57 62
75 10
82 99
33 39
37 10
75 43
25 23
32 62
9 42
63 25
35 76
18 57
2 8
79 80
87 18
23 74
63 7
42 58
78 89
13 17
34 17
13 52
63 16
46 95
4 68
8 99
45 31
97 47
16 1
81 56
3 82
52 76
47 0
88 3
47 42
93 23
24 0
42 90
3 35
73 67
82 33
1 62
19 68
75 50
78 96
30 80
32 3
37 32
28 54
53 90
77 24
65 66
70 80
42 66
42 47
87 26
13 27
73 32
97 89
90 69
27 98
60 48
94 83
97 38
9 82
49 22
61 98
23 39
97 82
78 1
54 4
55 82
92 47
1 86
41 99
90 9
0 11
59 30
99 27
3 45
43 16
69 46
38 83
18 8
77 15
68 97
49 74
30 0
15 69
83 93
26 34
46 58
31 76
62 83
46 8
71 60
18 20
6 78
63 35
39 91
39 24
11 6
41 51
25 63
27 12
71 87
48 84
39 57
