119
91 8
64 37
34 48
57 61
33 86
49 40
35 65
34 15
73 17
88 39
2 38
48 21
97 23
62 97
8 63
5 7
74 47
9 39
44 69
88 16
39 42
37 56
61 24
83 95
7 89
95 60
56 84
97 87
3 24
25 3
57 9
25 37
45 94
7 71
98 40
82 3
99 70
26 95
30 81
77 92
26 18
58 65
0 98
11 12
67 51
12 88
40 22
48 80
76 16
33 4
99 30
67 20
82 24
53 95
53 59
62 14
51 28
85 75
76 64
88 31
68 0
19 72
5 57
63 81
90 55
0 3
97 4
54 2
46 63
19 0
88 81
17 22
80 44
17 38
67 97
29 98
82 99
31 34
25 59
1 52
6 85
20 43
71 55
2 31
69 31
0 66
18 98
41 16
99 74
33 71
38 49
91 62
27 84
74 36
48 84
14 76
38 94
67 4
17 29
36 30
85 47
7 49
11 2
61 73
27 12
99 37
83 90
75 22
92 77
48 11
76 8
61 29
5 30
15 92
85 9
71 40
33 8
44 28
92 67
