107
89 52
15 6
92 22
9 23
58 35
29 94
3 78
79 70
91 3
30 71
36 27
74 18
43 85
74 53
87 85
60 28
35 65
65 60
92 35
22 71
9 12
87 15
97 74
6 93
66 93
48 54
56 10
28 45
49 68
69 3
13 60
39 7
4 30
60 89
29 51
82 34
96 51
97 65
29 22
91 88
80 66
73 97
23 5
99 5
59 73
66 20
3 67
64 45
20 31
52 24
21 81
36 90
98 40
72 33
12 3
89 29
98 87
21 64
39 75
96 12
88 71
83 46
31 76
43 40
22 98
45 0
8 39
74 79
44 99
99 94
38 21
8 87
46 44
29 1
83 6
64 65
59 99
45 71
21 25
10 91
71 14
98 49
19 57
71 47
40 57
86 58
11 37
24 95
47 10
66 31
56 92
32 16
17 77
66 6
18 23
84 20
70 90
28 36
78 39
66 53
45 62
28 86
29 67
68 25
89 68
7 28
29 59
