110
2 56
41 94
29 63
89 65
59 91
64 68
51 88
97 22
18 13
42 7
42 25
22 82
63 19
66 42
83 90
35 44
4 8
66 60
5 45
16 75
32 22
49 32
98 17
48 78
72 14
78 66
46 16
57 83
51 57
58 3
98 83
1 22
33 79
64 28
95 67
71 79
82 7
46 61
6 36
42 45
25 38
76 46
21 61
23 17
25 87
62 48
8 55
38 65
48 98
61 33
60 62
41 84
44 52
64 78
71 26
93 36
2 89
2 71
16 98
28 0
97 51
63 56
98 91
19 46
63 96
83 98
7 2
81 25
44 2
98 37
60 5
72 69
83 52
84 86
27 97
1 37
1 82
89 38
27 24
93 74
22 54
7 60
83 21
11 22
60 42
24 35
40 79
57 19
17 84
33 72
36 58
81 40
84 79
87 93
38 11
65 82
56 99
86 61
48 71
19 76
38 31
51 46
56 12
78 73
53 29
72 53
93 80
55 93
76 61
30 74
