103
61 58
78 49
23 52
47 18
80 92
90 68
29 79
30 56
33 50
50 84
15 4
86 31
36 36
3 53
75 73
10 37
46 63
77 14
94 78
53 17
26 88
90 93
24 73
47 77
54 47
35 64
65 25
29 14
11 87
94 8
98 43
63 94
45 4
70 71
82 46
63 42
5 39
92 60
41 94
45 33
24 38
75 33
54 62
73 78
10 30
57 89
14 80
85 4
96 36
76 59
43 49
51 27
32 89
31 70
51 95
80 74
47 56
59 33
29 45
27 59
38 80
0 7
13 63
30 0
97 95
15 0
29 19
76 0
6 21
21 98
91 17
99 57
44 1
63 18
8 54
21 18
97 75
84 89
99 29
64 73
97 53
78 44
35 22
99 89
23 1
37 94
69 16
19 33
39 4
0 47
79 26
56 80
18 90
91 76
47 68
33 41
42 28
76 65
24 77
40 90
55 76
84 70
35 79
