121
86 5
47 75
55 10
29 68
7 21
54 51
35 40
66 93
89 56
8 76
68 43
89 81
72 2
13 22
42 36
26 73
92 44
0 16
61 6
71 29
16 93
90 19
21 54
4 43
71 64
42 89
56 25
29 6
70 79
42 19
80 97
8 61
22 28
61 90
93 19
19 50
36 63
78 27
96 35
47 94
74 56
48 12
40 44
7 86
81 2
14 13
97 49
16 74
63 97
75 61
18 32
37 26
47 38
82 54
63 33
31 76
55 84
16 87
12 53
96 99
39 71
66 85
0 99
3 2
18 60
57 65
97 81
93 65
98 0
32 91
26 1
1 34
82 38
1 67
50 58
97 15
27 21
0 49
75 82
75 16
33 8
57 24
93 88
67 36
23 89
56 66
94 72
99 29
25 37
33 54
3 80
78 68
40 77
78 45
79 10
7 96
11 36
35 19
83 29
54 69
49 12
74 96
37 86
20 15
30 59
53 38
81 69
44 51
66 19
32 39
21 70
83 48
59 90
52 30
0 5
46 98
96 0
23 80
82 97
97 98
82 55
