2290
71 29
16 93
90 42
6 48
50 91
41 42
97 58
55 61
96 99
22 5
78 58
36 61
64 15
98 13
43 77
82 5
40 8
77 75
10 21
58 75
35 27
65 91
27 41
13 35
57 41
37 99
15 70
98 81
28 79
71 44
82 20
50 27
99 29
21 56
83 89
7 6
4 84
54 5
44 47
73 77
28 24
68 96
19 96
84 36
64 57
91 65
42 14
6 63
28 81
98 4
75 6
5 99
99 44
51 96
13 19
40 62
35 94
93 79
82 54
82 98
26 5
54 27
5 40
20 51
77 22
63 60
13 77
20 93
99 93
28 26
21 65
49 74
61 5
6 54
98 61
68 91
77 72
99 22
85 40
63 41
99 78
63 77
35 59
19 37
9 79
48 47
9 13
68 19
33 75
49 19
41 33
53 98
57 58
5 33
89 5
99 37
37 6
94 98
70 35
5 93
93 19
21 21
86 71
63 73
56 33
85 50
20 40
86 86
12 5
46 84
66 98
70 5
7 70
30 98
51 5
35 11
34 41
63 20
72 58
99 47
5 27
89 34
27 56
16 97
53 91
78 99
49 62
84 17
28 73
12 54
49 45
41 99
91 67
75 61
35 20
93 84
75 36
44 83
78 83
50 12
91 17
48 69
37 37
63 81
11 14
19 79
30 61
14 51
64 48
78 51
68 12
26 12
93 57
16 65
49 55
75 29
30 90
61 34
79 90
94 28
21 31
42 69
98 72
99 97
29 51
53 21
13 83
72 61
99 5
36 85
40 28
79 15
82 75
21 12
14 27
27 34
99 99
58 72
54 47
70 46
7 5
19 70
33 47
93 50
56 11
5 98
44 91
59 84
97 99
15 43
44 22
34 71
21 4
79 44
5 5
97 5
4 56
22 86
61 27
83 29
68 99
7 99
42 58
35 99
86 64
77 4
51 98
72 69
5 83
99 98
99 21
40 6
69 84
5 7
82 97
56 4
99 77
5 55
99 6
4 98
5 29
99 42
4 77
97 98
67 98
26 7
21 96
99 79
76 5
4 7
98 21
55 5
5 56
98 5
47 33
35 95
7 22
83 19
50 99
58 57
6 98
98 63
5 78
41 7
98 99
82 93
21 98
47 48
23 5
98 43
5 6
65 99
57 75
98 23
6 55
5 36
55 6
84 38
35 97
68 21
98 6
34 76
96 83
77 6
33 57
98 62
6 99
6 22
5 82
19 41
49 98
98 98
82 90
6 5
77 76
28 25
34 42
99 43
98 22
22 7
68 98
20 97
83 21
6 56
40 5
5 37
56 32
79 56
72 5
22 65
34 75
96 82
92 5
85 35
56 60
92 64
49 46
5 84
65 43
60 77
6 21
56 6
83 97
50 98
26 27
6 6
21 5
40 7
69 26
35 96
20 96
47 84
83 20
70 4
97 83
33 56
96 5
99 23
98 42
98 97
80 56
78 76
70 43
5 62
5 77
99 62
20 64
48 20
56 61
33 76
35 42
83 96
5 97
63 75
26 26
69 99
5 22
84 35
22 6
68 20
36 97
84 19
55 33
52 98
21 48
56 5
45 84
96 7
7 7
41 5
71 5
6 37
34 57
99 27
98 44
99 82
68 43
96 61
78 75
49 47
21 95
5 54
63 58
79 55
83 98
7 79
29 27
61 75
9 21
19 69
85 36
28 80
50 19
23 6
19 48
41 62
98 46
36 96
97 27
97 82
84 20
7 4
96 6
97 62
41 6
21 97
70 44
68 97
48 48
75 5
64 20
79 75
51 97
35 40
79 57
47 83
7 37
6 58
61 77
97 97
83 91
63 57
84 37
21 64
7 78
29 79
57 33
29 26
5 21
6 97
48 19
56 7
26 9
97 7
35 57
98 78
99 63
67 21
69 43
76 6
50 47
51 99
20 49
97 47
20 99
36 98
77 59
77 74
62 76
6 36
99 26
66 91
61 57
21 66
33 41
7 82
7 58
27 26
44 23
84 91
4 21
30 79
84 18
25 7
98 96
6 7
98 80
97 6
43 69
57 6
65 19
77 5
69 42
84 40
42 5
57 34
94 63
36 56
44 84
5 96
99 28
98 45
79 58
36 99
8 37
8 79
19 68
62 75
61 58
4 63
30 26
8 21
29 82
33 42
26 6
82 92
19 49
21 99
65 92
46 21
98 79
69 44
68 23
95 7
58 6
74 7
84 39
93 64
42 4
99 96
98 47
97 26
62 77
6 79
49 48
6 96
54 33
7 57
27 82
34 56
23 7
8 5
78 77
20 48
83 93
82 19
35 41
35 98
7 38
20 98
65 98
57 61
78 56
49 83
21 67
50 97
43 70
65 20
93 5
28 23
7 21
97 28
47 20
95 63
97 78
78 5
6 78
5 57
57 5
76 75
83 36
51 47
20 50
35 56
42 6
7 40
24 7
83 92
65 93
58 61
79 54
28 82
30 27
8 22
20 65
93 6
96 62
8 6
96 79
44 69
98 24
58 33
66 21
45 21
57 7
70 42
79 76
5 63
99 48
82 21
63 76
35 58
7 77
6 41
96 98
84 90
26 8
48 83
85 37
93 63
29 23
72 6
33 40
99 7
98 26
21 49
11 21
20 68
65 97
30 78
97 79
78 55
50 48
62 58
7 98
56 34
68 44
49 99
5 58
68 22
21 94
61 76
77 77
7 81
47 21
8 40
97 48
34 58
97 96
84 21
96 64
23 8
27 23
48 84
82 99
98 28
12 20
68 93
78 57
34 40
98 82
42 70
94 7
75 7
83 35
6 57
58 5
48 49
64 61
42 7
5 79
6 40
44 21
21 50
70 41
98 48
85 19
99 64
55 34
27 27
64 19
21 93
23 9
30 82
82 96
98 25
37 98
78 72
98 7
73 7
13 20
6 61
47 85
49 67
63 59
62 78
36 40
9 5
7 80
20 69
86 36
19 50
9 37
96 63
30 23
49 49
68 42
98 27
96 47
77 78
65 96
34 99
36 57
9 22
7 97
49 21
77 57
69 22
93 7
56 8
63 61
47 69
96 78
72 7
44 85
37 5
98 95
8 78
7 39
5 61
35 39
97 63
83 99
68 92
20 47
79 77
83 37
61 78
33 58
96 48
56 35
19 65
9 6
82 55
26 83
29 22
69 41
5 23
69 21
49 68
48 21
54 99
62 57
39 7
92 6
76 7
6 82
47 47
4 42
19 99
82 91
77 73
37 97
62 79
93 78
22 8
25 28
54 34
77 58
29 83
47 68
21 47
85 34
98 94
96 8
97 64
8 7
47 49
6 62
5 41
6 77
12 21
65 21
58 7
22 64
79 72
47 19
51 89
37 8
6 93
99 30
69 98
55 35
34 55
23 30
36 37
29 78
22 97
62 61
19 47
81 56
48 68
85 20
78 6
97 8
63 78
83 90
98 64
5 42
69 40
22 9
97 44
9 78
7 23
54 98
69 23
48 85
84 34
37 7
49 50
30 83
22 99
7 59
7 96
37 96
43 21
55 7
37 36
79 5
48 65
78 54
69 97
98 8
64 58
84 92
26 23
99 83
21 68
5 8
8 77
76 76
68 41
35 55
6 23
86 35
38 7
43 23
22 98
99 41
35 38
50 49
28 83
65 22
7 60
18 49
97 23
57 8
23 65
83 54
98 83
64 98
71 6
92 65
48 64
63 79
99 8
49 84
82 76
49 20
83 22
96 97
21 6
28 22
99 49
38 98
36 41
8 99
5 76
63 56
27 83
82 36
8 23
54 35
67 42
64 21
44 68
54 6
47 22
77 7
21 8
51 90
97 49
84 93
80 77
23 29
22 48
69 96
7 62
96 9
37 9
77 55
6 8
8 82
34 98
62 56
7 41
44 70
61 79
9 23
99 65
98 29
21 63
8 98
84 97
31 77
39 35
50 90
21 7
81 21
27 22
98 49
21 46
64 99
78 78
7 61
82 35
75 8
22 96
68 40
98 93
5 43
63 21
48 50
91 4
43 5
63 80
63 62
43 68
33 55
84 99
77 56
38 35
26 82
93 65
78 71
64 96
6 76
86 37
12 22
34 97
63 82
51 48
55 8
92 79
5 92
47 23
48 86
84 22
21 9
7 8
6 42
84 96
57 35
49 66
82 56
27 79
92 7
30 22
22 49
64 22
19 98
36 5
7 56
40 37
96 49
76 72
36 58
98 65
58 8
99 92
59 77
84 98
50 89
64 97
83 55
93 8
98 30
70 40
79 21
23 64
40 99
22 30
50 50
19 97
7 36
9 82
84 41
64 62
77 71
33 82
36 6
65 23
79 6
49 65
44 20
61 6
22 47
5 64
99 9
40 36
96 65
47 86
7 20
34 96
84 95
21 69
8 36
55 36
48 22
49 64
63 98
29 21
8 83
70 39
99 84
97 29
36 8
78 7
59 7
97 9
79 71
97 65
36 55
80 21
37 40
8 56
49 87
5 20
22 68
82 57
63 63
39 98
20 5
6 83
21 45
43 22
97 84
63 99
47 65
24 28
33 79
9 36
36 7
64 82
83 40
98 9
23 98
86 20
81 98
36 36
8 97
77 54
66 42
69 20
95 49
47 50
76 71
20 6
6 20
8 57
98 84
33 78
9 77
45 70
96 26
64 63
5 35
50 20
28 21
23 97
41 8
84 94
21 44
62 5
54 36
35 60
63 97
82 37
64 23
49 88
9 99
97 43
50 51
9 83
83 76
65 62
23 27
35 37
49 69
8 20
4 35
62 82
96 27
32 77
60 7
20 7
92 63
82 22
8 58
91 5
32 56
18 70
70 99
56 36
49 22
76 8
98 77
96 44
43 6
7 83
23 99
46 70
83 75
65 61
23 26
21 43
70 45
98 92
51 50
9 98
37 41
99 61
28 84
64 77
9 20
68 26
62 99
49 89
96 28
98 10
77 8
40 9
81 91
50 21
6 35
47 70
27 21
7 55
33 99
97 77
20 70
83 34
40 35
97 61
64 79
71 42
58 9
70 23
82 77
20 44
29 84
7 76
49 51
61 61
20 8
83 57
5 9
35 61
86 19
95 98
49 85
26 22
16 99
61 7
77 70
99 33
48 99
22 50
19 64
62 62
48 23
79 99
82 51
5 75
27 84
65 42
64 78
62 98
48 70
99 50
70 22
51 49
6 9
36 9
98 11
37 35
6 43
14 99
96 84
33 98
23 28
81 77
72 8
22 44
85 21
83 56
33 77
57 9
63 83
37 56
81 35
21 10
12 82
98 50
11 98
92 8
36 42
97 30
79 97
69 27
35 5
83 72
22 29
61 99
65 44
20 63
49 86
53 35
7 35
48 51
7 19
19 5
99 12
15 99
56 9
71 7
40 98
64 83
79 98
35 4
79 78
83 51
12 79
23 68
70 26
43 84
98 66
5 44
23 47
9 58
55 99
65 63
26 84
99 91
49 70
82 34
98 31
12 98
19 6
65 47
6 19
37 57
22 26
82 72
12 83
51 51
97 50
80 98
41 36
91 6
54 7
70 21
65 82
49 23
35 8
30 99
50 69
97 93
10 98
20 9
71 43
23 48
8 61
22 27
22 69
7 42
34 79
70 25
7 24
50 84
41 35
50 22
98 67
10 77
93 9
96 29
37 58
70 6
82 58
55 37
31 98
61 98
65 58
35 7
12 99
8 41
95 84
26 28
34 78
8 84
7 63
22 63
19 7
5 19
22 43
85 99
85 41
33 97
62 6
40 34
58 35
64 76
35 6
13 98
98 12
70 24
79 7
49 90
62 97
99 51
98 68
61 62
34 82
78 79
99 85
44 19
8 19
98 33
34 61
23 23
79 96
6 84
71 41
93 99
58 34
84 52
14 98
63 5
23 49
41 37
47 71
8 35
63 96
52 49
9 57
99 68
98 85
98 32
32 98
22 28
78 8
82 78
83 33
47 99
43 20
13 99
84 51
9 19
63 4
28 78
79 93
11 77
37 55
62 63
8 62
97 68
35 36
19 8
14 97
57 36
68 27
29 99
23 44
96 23
64 93
98 51
30 84
97 85
90 5
44 5
23 69
84 75
34 54
50 68
49 91
9 40
21 28
84 56
7 84
15 98
99 34
5 12
36 35
84 23
85 98
64 41
70 27
33 83
78 70
47 51
6 64
65 83
64 64
42 21
77 9
84 53
7 26
99 86
98 60
19 9
50 85
50 65
15 97
97 12
70 98
51 6
21 29
96 43
35 54
65 41
9 84
79 79
64 56
82 6
21 51
85 97
5 65
48 98
6 26
96 68
48 71
82 33
99 13
63 22
27 5
84 55
42 22
98 91
64 84
30 77
34 37
12 78
99 40
79 70
83 5
65 57
6 44
62 7
48 89
35 62
21 27
14 4
86 21
20 43
7 25
99 58
34 77
29 98
65 78
71 22
93 82
97 42
60 98
34 5
79 51
64 42
78 98
61 56
37 61
50 70
7 54
54 8
21 11
23 63
49 24
13 97
98 59
25 84
96 96
44 99
5 26
65 77
71 23
83 77
58 36
82 40
49 52
35 9
79 92
98 41
84 57
76 9
91 7
6 75
55 9
19 44
12 6
21 70
28 99
5 51
50 86
35 35
99 90
43 99
79 37
46 49
61 97
12 97
97 22
21 26
84 54
5 34
82 71
23 43
66 63
31 84
56 37
65 79
49 71
98 58
9 56
13 82
13 5
99 76
50 23
34 6
50 5
85 96
80 35
65 26
37 34
75 9
63 64
36 54
22 70
83 71
64 40
99 89
35 80
16 5
47 72
8 76
22 42
58 99
4 14
42 99
28 98
43 19
8 55
85 22
22 23
9 97
61 8
80 91
99 35
96 12
34 62
79 36
84 74
99 69
77 53
63 40
98 90
40 40
21 42
84 4
48 72
15 5
59 98
52 7
61 82
34 83
6 34
5 15
26 21
34 7
33 54
49 53
84 76
69 5
99 20
9 61
98 87
16 98
42 23
65 84
10 84
83 23
78 97
65 64
82 50
16 6
23 22
53 7
35 82
5 16
64 26
84 73
68 47
99 57
98 34
98 89
58 98
36 62
20 42
80 7
34 8
62 83
84 33
9 76
27 99
23 70
99 14
54 37
86 99
83 58
42 20
98 69
7 34
28 27
63 23
98 88
7 18
18 7
35 79
47 89
6 51
56 10
51 69
98 40
31 56
6 92
27 98
40 41
83 41
78 9
84 72
65 48
62 96
7 17
23 42
35 81
61 63
78 96
7 75
42 98
49 54
21 25
4 49
98 86
27 6
7 95
99 36
9 35
26 99
98 57
24 70
79 8
72 23
36 34
80 70
57 99
32 84
51 7
37 62
83 50
63 42
63 84
97 13
6 16
5 50
79 91
50 54
8 96
13 79
49 25
71 26
96 85
70 7
68 62
49 4
22 51
51 68
84 5
33 84
65 40
99 70
27 7
43 98
84 50
82 89
41 40
92 99
21 23
86 22
8 34
51 85
98 52
33 61
44 26
5 14
68 61
19 63
19 43
26 98
98 14
63 6
41 98
62 40
5 49
37 42
33 5
56 99
78 93
4 91
97 33
49 5
5 72
25 21
6 15
50 71
81 70
97 69
27 78
97 86
63 24
51 54
66 84
42 24
99 54
82 23
7 94
64 43
78 37
78 92
24 98
67 63
99 19
6 33
81 7
4 70
27 28
7 53
98 35
51 70
17 7
33 6
54 9
98 70
57 98
83 78
21 62
29 77
83 6
48 82
77 99
43 26
68 58
40 97
35 63
21 24
5 47
7 93
7 33
33 7
78 36
97 51
38 42
71 21
63 39
21 41
87 21
63 95
14 5
5 68
90 6
50 6
64 75
42 19
25 98
93 98
8 54
98 54
19 71
57 37
35 78
65 56
84 71
5 13
85 23
98 76
70 20
64 5
23 50
48 54
28 20
44 98
65 76
82 7
49 72
5 85
82 41
5 69
77 97
58 97
98 37
42 25
84 77
99 55
99 15
62 41
5 48
84 58
62 22
36 63
20 27
15 6
39 42
17 98
21 71
68 5
50 83
97 92
24 49
99 71
48 5
5 70
82 79
98 36
77 98
6 50
38 56
84 42
28 6
68 82
35 83
6 27
41 21
69 19
51 84
18 98
9 7
11 84
98 53
20 71
96 13
61 40
47 98
34 36
24 21
61 96
76 56
33 62
6 65
65 5
64 65
96 30
47 5
28 5
6 28
79 22
35 77
99 75
52 35
96 50
6 12
19 42
63 19
86 98
5 91
54 51
41 97
82 70
49 82
20 26
37 63
92 9
97 89
63 93
28 4
7 52
41 41
66 77
34 84
99 56
69 47
49 6
51 21
45 98
5 28
97 34
7 9
79 35
64 92
6 85
58 37
22 22
51 65
99 72
85 5
33 8
20 41
98 20
22 71
23 96
76 54
62 21
6 49
98 56
97 90
4 28
41 20
7 64
42 36
50 55
77 94
69 6
84 6
56 38
98 75
30 6
28 28
67 77
13 6
84 24
76 55
22 41
98 38
30 97
79 40
83 70
29 76
99 16
46 98
15 96
77 96
63 94
63 7
41 22
62 23
49 73
91 99
42 37
28 7
65 65
64 44
98 55
5 71
24 42
7 51
23 21
34 63
20 62
98 39
12 84
44 6
98 71
77 93
6 13
7 27
83 79
28 77
64 6
47 82
83 7
96 86
78 21
63 25
97 14
69 62
9 96
53 49
83 42
26 97
26 79
68 78
7 28
97 41
97 91
43 97
77 95
50 7
29 5
48 75
40 42
23 51
79 23
61 37
97 70
51 55
69 58
86 5
98 15
47 26
7 92
85 56
27 97
5 30
68 79
84 78
68 6
9 55
8 8
6 72
55 98
29 7
77 37
92 98
21 22
97 35
59 35
6 29
41 23
51 71
96 69
6 91
42 97
6 14
6 69
69 61
37 43
30 5
38 63
22 62
28 76
6 47
54 50
78 22
57 97
96 93
68 77
65 6
97 21
78 91
63 38
6 30
27 20
8 75
14 6
48 6
29 6
28 97
23 41
79 61
98 74
78 40
49 75
48 26
72 22
12 96
37 64
42 40
98 19
36 82
93 97
63 74
6 70
96 42
71 99
12 7
25 42
29 97
7 30
48 90
71 8
62 20
68 57
26 20
90 7
47 6
47 54
7 50
84 59
77 36
98 73
62 37
97 40
8 93
10 7
76 99
19 62
50 72
42 39
51 22
63 92
12 77
27 77
7 32
22 21
79 20
43 7
91 8
65 75
55 51
85 51
14 96
33 96
96 22
21 40
42 35
56 98
36 64
11 7
6 68
82 69
7 29
40 21
51 83
54 54
49 7
26 78
89 6
32 7
77 38
76 98
69 7
97 71
9 54
26 43
49 97
63 65
85 55
65 85
62 42
96 33
7 13
7 74
8 33
47 75
42 41
78 23
91 98
35 64
13 96
63 26
79 69
30 7
85 6
68 83
70 58
79 41
76 97
7 10
21 61
61 41
97 36
42 38
51 8
48 55
77 21
7 49
82 82
26 44
70 8
96 92
85 54
44 97
5 90
51 23
13 78
7 12
20 23
97 76
50 82
27 76
84 7
23 62
70 97
39 56
31 7
26 96
41 96
96 21
63 43
62 64
7 11
82 42
96 70
30 21
30 76
7 43
41 34
64 7
96 51
26 42
67 84
90 99
42 68
18 63
97 37
7 73
84 25
84 79
77 39
43 83
69 57
16 96
98 16
85 57
7 31
65 27
44 27
48 97
86 6
68 7
7 14
76 96
69 79
42 42
6 71
8 51
97 72
7 91
92 97
26 29
60 35
96 41
24 63
41 19
76 37
70 59
27 96
25 49
58 96
97 57
39 63
86 23
61 21
93 96
9 75
35 84
54 55
49 76
56 39
65 7
28 8
83 82
13 7
69 78
44 7
97 75
9 34
42 26
71 98
9 93
47 97
96 90
97 55
52 70
27 29
96 34
82 61
78 35
45 49
26 77
68 63
61 36
30 96
48 7
97 20
78 20
7 48
20 61
26 47
62 93
27 8
5 86
9 8
62 8
7 72
96 89
8 28
75 99
48 76
83 61
61 22
97 15
40 22
97 54
23 20
33 63
96 91
47 7
29 96
77 40
44 82
22 40
69 77
23 82
77 92
63 37
82 26
85 7
85 75
98 18
97 56
56 97
96 35
55 54
7 85
70 61
42 96
29 8
7 44
14 7
26 48
21 84
83 49
82 8
43 27
49 81
98 17
67 7
68 76
20 22
75 98
50 8
96 71
8 92
8 30
40 43
51 56
8 9
7 47
8 63
61 23
82 84
83 26
42 67
93 93
