122
34 79
28 34
10 45
44 93
2 66
52 47
41 79
49 18
4 86
39 61
55 5
96 56
11 28
70 90
20 64
89 3
51 90
25 26
32 40
63 89
21 33
73 74
66 48
3 5
86 39
21 8
62 25
97 93
96 78
85 20
69 7
80 53
18 82
51 35
89 34
8 51
62 58
88 65
23 68
78 92
40 22
63 21
5 70
62 78
51 12
19 50
68 63
49 42
88 72
28 86
56 55
44 71
80 28
30 63
79 84
42 52
47 87
82 69
31 23
44 38
73 57
56 19
18 42
40 0
24 97
70 41
58 75
9 24
2 84
18 11
83 98
32 30
75 9
90 9
61 1
93 87
34 15
99 63
17 6
30 97
47 66
33 48
75 35
77 98
34 81
71 11
0 72
16 64
15 25
55 38
48 2
73 31
63 73
32 80
11 81
73 49
88 82
47 24
22 60
74 66
27 16
89 64
0 5
58 29
12 34
56 49
66 78
94 2
99 94
0 4
5 52
88 41
99 53
41 0
1 67
27 97
49 93
88 19
92 2
1 4
99 93
60 11
