118
44 26
94 94
28 64
53 6
27 94
50 91
25 24
89 11
16 52
37 45
16 95
39 20
48 49
58 91
97 13
30 13
31 53
32 78
71 42
80 90
72 6
47 70
1 80
4 63
96 66
60 77
2 42
76 76
70 22
95 36
70 57
83 16
42 90
21 8
54 21
94 60
23 78
23 32
76 43
75 92
58 1
12 19
17 47
35 60
54 99
92 70
66 30
32 4
38 81
50 1
44 59
50 27
87 57
17 86
57 82
65 95
44 18
23 16
2 7
2 97
25 53
89 31
26 86
62 45
9 24
97 80
98 45
73 1
15 1
99 21
16 72
0 49
91 99
36 0
37 39
1 90
78 22
78 58
94 2
4 10
37 98
63 54
54 74
8 97
42 44
18 72
62 35
87 77
91 52
83 15
32 67
93 31
9 59
21 0
68 79
30 99
89 93
23 39
49 7
84 48
58 31
7 82
6 45
46 41
82 83
80 6
34 95
18 66
36 23
68 91
13 88
38 9
59 25
48 12
3 63
0 7
6 27
25 71
