126
49 17
81 57
47 75
17 58
24 74
64 2
97 58
8 41
88 42
59 37
33 95
69 17
44 38
47 93
78 28
5 12
2 57
75 49
25 93
19 44
47 63
14 74
81 13
0 49
85 29
26 67
36 86
88 95
68 83
32 12
86 71
66 63
9 26
7 90
97 84
11 4
51 58
42 24
42 4
33 40
63 85
70 2
21 14
36 55
64 31
9 80
16 40
89 56
70 70
59 6
70 41
41 97
44 82
10 66
36 65
49 35
78 67
20 83
98 23
69 9
36 77
66 99
84 4
81 91
97 12
26 21
59 55
24 97
89 77
37 8
4 86
35 40
4 30
43 21
4 0
61 82
86 40
63 23
67 49
83 81
89 11
13 12
50 51
2 42
99 73
12 59
50 17
21 35
32 62
80 0
78 22
65 78
93 32
4 76
30 46
18 19
49 39
79 57
84 75
35 23
94 63
82 43
42 90
46 55
44 71
70 25
7 36
25 53
88 85
54 43
67 99
89 18
85 48
3 93
1 14
89 99
44 3
83 63
78 32
64 99
26 99
97 57
50 96
87 99
2 0
42 17
