116
57 8
72 75
77 45
42 42
68 68
58 95
10 54
21 31
34 58
5 7
27 44
44 82
56 23
97 27
83 63
26 2
48 61
94 96
58 80
65 57
40 78
64 8
35 89
74 51
24 74
4 76
35 17
56 43
86 18
92 46
18 99
63 25
53 94
83 94
9 1
51 2
79 78
88 32
73 1
9 16
16 88
26 6
10 30
49 28
16 70
35 40
64 37
70 20
31 26
30 96
98 33
60 87
79 27
50 76
24 83
78 68
68 10
97 81
4 96
98 5
61 69
16 8
97 65
2 50
51 58
1 34
63 18
75 64
89 77
34 3
21 41
89 11
17 70
94 60
77 44
49 97
99 42
25 27
99 87
37 59
69 89
8 82
52 28
83 84
51 47
88 54
77 21
31 75
30 89
81 35
11 38
45 71
60 47
48 95
74 82
26 68
68 32
81 16
54 14
2 95
51 80
92 37
70 47
80 98
64 74
78 0
13 55
36 18
99 8
2 75
99 96
3 97
49 0
79 1
41 42
74 75
