126
51 70
26 69
33 87
50 41
50 63
82 38
52 15
66 71
44 1
10 56
72 50
9 71
90 57
61 82
25 61
79 27
16 46
16 93
14 1
77 98
91 95
96 43
29 25
74 9
31 47
59 2
65 35
13 24
89 13
92 71
38 14
2 94
65 88
5 73
1 57
83 84
56 56
37 0
19 39
28 83
33 31
90 2
66 66
30 97
29 68
14 92
41 77
54 89
56 35
64 18
89 39
74 29
28 30
37 83
15 76
45 66
50 7
56 27
0 5
2 40
97 25
32 78
18 7
38 51
6 18
79 78
75 4
95 26
1 32
79 23
96 66
43 21
99 51
46 45
58 54
93 11
74 46
2 50
5 96
6 15
84 92
21 96
30 6
68 85
4 78
23 45
87 66
99 40
42 36
47 84
16 31
83 52
15 60
77 24
31 64
50 22
68 8
7 4
1 64
25 45
6 48
83 6
23 76
36 28
50 61
54 11
75 92
65 24
16 10
34 56
18 84
42 28
75 38
50 91
24 31
65 68
42 57
93 97
98 25
0 95
0 2
34 45
74 52
76 97
97 70
83 28
