122
25 3
28 94
83 0
47 57
79 23
44 37
24 64
48 12
68 40
27 44
93 21
4 65
26 78
83 63
31 18
65 18
59 85
42 67
25 58
73 37
81 78
3 28
70 54
97 48
72 94
65 68
7 99
3 83
49 95
9 3
17 19
99 77
56 29
42 2
9 57
95 55
86 84
20 93
23 35
52 77
18 78
62 9
52 49
37 87
15 47
74 74
5 72
85 17
30 51
71 20
50 19
44 74
94 43
89 79
63 40
78 49
16 52
74 63
88 98
86 71
76 11
97 7
0 5
98 23
28 1
16 17
93 97
38 31
59 68
14 37
54 51
0 93
1 57
99 38
41 8
27 99
42 92
70 88
82 32
7 21
33 28
31 80
88 62
54 33
10 78
54 2
57 80
61 54
84 46
26 7
44 47
11 92
6 18
83 94
65 12
36 73
36 17
96 70
94 28
29 50
76 28
67 59
60 31
14 6
75 82
38 23
17 85
17 29
9 61
31 65
58 62
81 57
45 81
96 7
79 0
68 96
23 43
61 24
0 4
50 96
27 89
79 67
