104
4 3
16 29
62 35
37 21
12 90
41 74
64 70
21 55
96 49
78 74
51 97
48 88
35 96
29 35
75 90
70 11
43 34
80 51
51 61
19 18
61 80
50 19
71 39
14 35
83 61
33 42
74 82
88 98
85 28
36 60
29 83
7 58
63 25
47 47
90 64
97 93
78 45
19 83
47 82
32 24
63 64
63 12
26 96
19 48
79 68
70 33
66 85
33 51
89 47
45 40
38 15
42 90
85 46
23 33
98 35
5 72
87 11
40 50
97 81
0 5
4 86
5 50
19 73
33 7
66 54
63 99
99 66
99 25
79 10
77 98
32 67
54 23
47 10
17 94
9 44
62 45
85 18
83 84
98 58
16 62
77 31
51 68
17 25
48 25
80 60
55 83
44 96
26 49
71 24
64 46
39 81
43 54
88 75
73 89
58 31
31 28
77 16
75 67
55 17
3 5
17 15
93 97
6 72
86 50
