112
22 50
18 29
84 73
63 20
12 67
8 51
46 55
40 11
29 77
89 89
97 60
82 7
42 92
51 37
18 97
97 28
68 76
63 4
37 31
15 79
37 68
50 22
4 57
9 74
15 57
83 39
79 23
68 96
4 30
51 80
97 4
6 8
25 7
84 54
5 90
64 44
68 59
79 0
63 28
50 94
23 43
18 20
95 63
28 97
59 68
50 48
22 83
92 12
95 47
68 1
29 30
29 62
71 16
13 35
39 19
11 89
88 62
87 2
14 49
0 5
76 97
25 1
91 95
96 33
80 37
65 82
46 6
0 76
11 14
58 95
43 64
83 81
62 58
45 80
0 50
25 16
42 94
40 4
4 94
56 21
23 76
25 92
92 80
85 17
74 66
61 96
90 47
46 62
72 81
77 30
24 21
49 30
43 76
94 4
11 94
62 14
14 71
0 63
22 57
61 90
82 60
10 23
76 13
53 62
12 42
67 66
54 15
31 14
68 9
66 42
28 28
52 93
