118
2 72
29 89
97 2
1 92
61 77
43 9
94 25
16 60
24 41
54 41
22 8
87 64
80 24
94 47
15 94
84 95
6 21
58 94
61 50
82 13
32 9
93 18
45 25
28 24
59 2
66 18
36 50
98 90
80 49
2 0
1 67
75 90
49 73
97 70
60 64
79 35
39 83
49 39
14 51
15 6
56 16
53 89
29 97
5 96
93 32
84 59
28 82
35 32
21 45
71 68
92 84
67 91
52 24
73 25
56 70
35 23
82 89
47 87
54 6
49 52
6 38
21 64
3 15
32 55
2 40
64 36
99 98
70 64
38 9
17 71
64 2
10 21
85 5
9 1
99 40
33 75
0 97
99 75
46 60
21 38
14 99
98 11
70 54
97 25
68 96
39 38
70 11
90 64
35 95
45 1
11 74
0 24
54 74
55 38
42 57
30 49
92 61
32 18
55 90
15 66
76 97
25 89
15 46
59 26
46 11
29 32
66 71
60 9
78 63
0 40
95 47
99 97
79 38
99 1
0 0
0 65
65 50
42 19
