116
71 29
16 83
11 9
79 50
94 12
87 74
97 93
61 79
36 63
54 55
68 64
7 69
21 26
66 1
57 30
77 19
87 89
44 71
2 10
9 44
27 97
97 48
27 74
44 4
88 29
38 41
46 19
5 60
75 12
81 91
93 65
59 45
34 91
68 83
76 64
17 5
30 59
29 38
0 46
19 93
62 22
13 22
72 5
54 66
67 40
97 53
18 67
88 39
99 70
2 71
12 49
43 55
63 54
21 72
82 83
68 30
78 40
65 73
58 95
2 95
47 85
32 17
95 13
52 5
25 1
74 97
44 38
49 99
83 0
33 13
17 48
42 77
96 89
96 33
96 10
1 14
16 30
2 39
40 0
82 54
12 85
31 44
35 60
61 90
48 12
53 38
27 21
42 92
99 63
4 22
95 92
90 13
35 77
21 34
20 53
0 55
82 25
65 46
5 83
50 58
98 78
55 8
67 94
69 15
15 13
82 5
20 61
92 57
57 59
26 30
44 45
93 19
86 81
15 57
2 97
66 9
