180
49 94
15 79
54 24
10 94
4 63
61 80
48 2
42 47
52 60
56 43
26 98
95 4
89 25
38 78
66 56
78 42
44 24
47 92
59 9
61 49
33 89
39 58
16 69
27 85
79 10
2 27
98 36
69 94
21 54
34 6
17 38
10 11
83 81
75 24
85 63
0 0
28 20
1 90
36 38
26 1
87 87
65 12
94 72
3 52
59 27
95 22
41 73
90 42
37 21
2 17
41 41
25 36
63 0
24 61
16 93
2 7
84 72
61 87
52 18
31 80
67 38
87 35
49 45
97 55
80 57
1 34
71 97
81 2
0 76
7 48
16 11
72 38
80 4
24 53
39 7
83 98
56 80
23 24
9 34
94 60
56 0
37 23
38 66
4 90
71 80
68 23
17 76
18 17
57 41
89 56
35 52
15 39
25 93
30 66
68 8
41 32
50 7
41 88
9 50
23 16
51 21
54 64
97 2
11 25
98 74
91 20
59 22
98 3
32 14
53 63
2 66
66 54
73 24
69 99
50 99
0 1
25 1
93 19
0 93
74 42
99 38
14 79
89 86
99 5
53 62
97 74
0 66
54 79
74 24
52 98
0 35
66 55
30 99
5 49
1 0
80 0
80 58
89 21
23 53
68 96
20 38
90 87
2 95
96 3
97 37
96 55
44 16
27 0
1 15
52 64
80 73
14 75
56 81
73 39
2 67
51 98
0 34
31 99
47 0
65 54
81 1
3 49
64 2
81 58
38 74
39 38
93 22
18 39
74 97
89 89
21 53
4 0
1 92
40 56
98 2
58 41
99 40
73 23
97 72
59 16
