110
17 33
38 76
60 27
51 55
89 64
42 53
95 13
21 53
42 92
14 71
38 0
80 96
75 7
88 37
47 33
2 28
25 36
31 79
70 33
50 68
96 32
14 24
74 75
18 7
61 90
59 12
94 80
1 14
68 53
97 94
28 97
35 14
10 97
97 58
80 90
4 76
15 57
33 32
32 65
66 84
26 86
63 18
97 39
36 96
53 93
91 99
9 38
94 20
88 79
45 77
31 43
9 14
59 59
6 65
37 24
67 89
71 16
16 47
31 58
82 51
39 61
4 0
89 0
4 96
54 41
59 2
74 35
37 8
1 90
74 52
13 78
97 2
99 61
60 74
47 39
23 22
54 0
83 63
6 57
56 21
78 22
80 37
99 28
42 14
54 76
83 8
18 87
96 47
24 14
28 72
80 65
35 50
54 54
51 25
85 93
4 89
37 92
30 64
47 41
30 4
68 8
29 22
84 69
92 28
69 28
21 76
49 62
2 0
38 82
21 58
