121
96 12
63 85
24 30
37 19
70 41
73 64
34 91
31 47
57 21
97 39
92 82
5 59
82 92
89 58
29 12
66 63
80 42
63 45
85 15
37 28
22 39
66 75
16 93
96 99
36 61
19 60
9 24
7 76
15 4
73 23
74 1
56 4
27 73
34 3
39 81
54 44
77 87
2 29
87 66
99 30
30 96
95 53
59 97
6 90
13 74
55 72
64 25
9 16
38 67
88 25
21 46
4 66
4 22
18 21
25 5
26 53
65 33
0 5
28 61
42 2
72 6
98 0
6 38
47 47
0 93
98 78
40 33
1 3
47 84
58 5
49 18
98 5
81 45
88 98
69 61
44 61
98 69
49 44
21 79
79 28
13 99
62 78
36 38
11 56
0 83
95 45
41 77
61 59
83 63
99 20
99 87
70 15
52 15
42 57
91 75
39 8
26 88
13 47
58 31
97 59
79 37
89 16
69 71
16 30
75 57
30 6
75 14
94 92
50 30
94 40
56 99
36 63
85 85
71 25
15 2
88 32
56 0
56 98
73 0
83 53
37 48
