151
84 42
26 51
28 67
69 94
51 45
37 96
6 28
84 82
20 38
53 71
7 53
93 97
23 10
37 20
73 13
98 37
23 82
52 22
37 43
75 79
4 47
78 96
63 66
58 83
28 92
31 72
85 91
88 62
70 44
87 11
59 7
39 57
13 65
7 21
18 7
11 89
72 61
52 50
94 72
34 39
23 28
71 36
42 77
61 90
65 12
21 45
55 61
24 21
47 36
56 13
62 45
34 81
38 51
61 70
66 90
0 5
86 26
46 1
14 52
71 29
5 83
92 55
8 97
37 12
0 8
76 90
0 66
47 52
89 77
51 91
52 28
78 58
25 1
79 13
95 91
1 36
27 66
83 44
50 6
1 90
67 3
8 74
73 54
6 18
94 60
55 98
32 6
35 20
36 90
23 52
78 68
76 21
73 99
6 40
16 75
60 76
42 61
62 32
51 15
80 82
8 33
21 46
59 55
36 71
40 41
97 35
20 61
69 17
87 9
98 36
26 43
0 4
97 74
84 43
98 97
85 26
22 28
35 96
93 55
4 99
89 11
99 38
17 5
1 4
0 62
49 0
96 74
97 99
37 21
38 97
52 93
7 99
54 31
3 83
16 7
87 8
8 21
98 35
93 54
20 83
1 3
22 29
70 2
32 5
7 49
46 73
84 41
75 75
2 67
50 0
35 47
