131
62 22
23 65
10 31
93 9
4 46
47 56
20 79
59 68
92 45
45 34
67 83
88 66
2 91
71 19
87 11
16 85
33 75
47 48
83 52
67 62
65 24
30 66
34 3
88 95
25 47
86 26
55 5
17 15
32 24
34 96
65 41
70 5
39 81
24 41
38 11
73 70
45 63
20 4
79 23
94 2
57 77
28 92
77 44
31 49
35 31
18 33
55 44
19 57
58 28
86 6
47 4
62 68
19 72
78 36
33 42
25 29
19 47
50 91
1 67
97 77
71 97
5 7
81 82
54 97
99 94
4 76
99 51
95 37
4 1
68 55
5 51
16 93
93 65
65 3
99 84
0 83
45 67
99 18
11 16
63 85
78 84
52 15
33 15
79 0
39 28
94 70
42 89
61 49
9 61
8 45
78 53
9 24
24 8
10 89
39 50
56 35
90 23
93 3
70 92
10 59
47 77
31 64
70 11
88 42
75 28
69 47
50 71
28 59
78 14
9 71
87 97
56 99
55 63
70 98
2 97
99 52
5 0
30 97
49 1
4 31
88 98
96 79
1 47
82 83
20 5
54 99
87 66
71 98
6 1
73 69
15 52
