# Penalty: 36807.68983495479
104
61 78
67 10
52 20
83 41
61 48
40 89
98 59
34 73
97 82
95 21
10 23
23 60
69 24
9 74
83 60
7 43
39 27
74 38
6 84
88 13
27 77
60 71
2 18
87 90
18 30
86 27
50 74
76 10
93 90
80 18
40 7
41 47
73 94
16 94
4 58
96 51
66 50
22 37
75 70
9 8
34 92
91 73
18 63
31 23
49 40
56 90
54 27
8 96
75 53
55 65
6 80
79 95
92 10
48 52
69 75
63 32
28 69
38 82
28 29
85 47
66 66
25 9
98 35
27 52
60 8
30 99
0 33
41 11
97 67
61 96
3 50
75 80
16 21
20 83
96 28
6 52
48 89
13 39
81 32
43 38
84 76
37 56
24 15
26 96
54 74
63 28
46 20
84 91
74 14
43 96
34 42
65 42
57 55
69 83
12 76
80 46
87 62
31 76
47 79
27 59
55 41
75 24
73 48
78 86
