# Penalty: 39768.80037769216
112
23 14
61 89
85 4
49 32
1 46
33 67
64 74
59 18
3 91
14 38
85 60
27 91
79 87
51 92
92 95
7 30
14 10
68 17
54 10
51 82
67 94
25 50
12 75
32 28
93 29
92 75
78 43
66 34
62 62
24 99
93 55
4 54
75 22
92 4
15 1
42 60
47 26
71 75
34 14
28 77
86 42
41 92
65 3
11 86
11 28
6 5
60 37
0 39
93 85
37 48
44 68
73 96
16 18
96 64
23 33
66 80
33 93
82 48
56 91
59 69
43 20
44 0
99 50
56 53
3 69
58 83
18 58
90 22
89 99
99 0
43 46
80 3
32 76
32 1
9 99
1 53
72 48
1 21
97 79
1 87
21 64
46 75
3 73
29 49
45 34
51 53
79 81
58 5
42 97
80 7
96 47
23 94
89 61
18 3
8 14
19 36
37 91
56 59
59 98
29 18
45 40
29 68
58 21
6 44
90 0
87 91
61 30
22 18
49 17
85 56
10 49
62 80
