99
12 80
73 55
85 63
33 85
83 9
32 48
64 86
94 30
16 14
19 90
79 33
31 70
47 16
59 4
3 31
56 49
17 35
95 44
50 82
27 11
96 58
33 35
40 95
52 26
22 38
80 90
99 84
1 47
57 66
18 64
65 17
41 59
82 38
86 16
21 96
70 76
14 3
94 4
49 97
38 4
38 27
97 35
68 8
80 57
4 43
41 64
52 7
8 23
23 67
70 35
85 1
9 88
73 87
45 25
62 55
75 49
17 70
41 76
1 71
86 77
31 56
48 45
7 99
71 70
87 92
86 72
82 15
10 8
22 18
97 25
5 27
8 51
57 41
99 51
47 81
68 23
53 67
89 77
40 41
29 25
1 24
22 53
23 2
26 82
56 81
68 16
17 94
92 58
72 41
89 23
49 62
31 18
54 37
67 51
39 50
80 39
78 63
55 60
89 11
