135
51 19
83 39
75 25
17 17
56 3
55 61
32 91
6 5
25 36
69 40
99 85
43 35
69 9
79 72
48 87
4 39
61 28
54 14
89 54
98 23
96 99
34 16
80 93
89 11
15 67
95 68
41 74
3 83
75 57
33 62
18 93
0 5
35 96
61 67
59 90
6 50
85 86
28 82
97 4
76 2
92 51
16 22
56 51
77 65
77 42
83 18
40 13
92 82
97 8
58 37
25 74
14 8
67 3
95 58
14 40
30 20
23 86
83 45
4 99
38 23
78 54
9 67
2 27
58 98
96 33
26 53
74 97
29 34
25 3
6 85
44 51
0 53
49 0
55 84
67 26
47 37
38 64
94 27
54 66
21 0
14 97
31 99
7 21
69 71
84 69
19 60
20 38
4 55
51 4
68 54
38 45
15 74
39 81
56 21
4 96
77 19
82 83
8 9
93 42
47 27
4 43
72 18
23 68
24 22
9 29
62 8
88 75
70 33
18 66
97 99
98 0
35 73
99 84
56 99
73 99
1 82
19 11
0 99
61 21
80 0
95 99
52 51
97 25
37 96
27 54
53 84
0 4
57 99
72 96
54 65
0 98
99 0
50 0
2 80
64 11
