# Penalty: 47732.42494224727
88
17 69
5 23
53 61
19 59
88 93
34 79
33 95
27 29
60 94
35 55
7 14
57 66
67 90
3 34
11 56
15 16
26 89
2 82
36 41
12 96
34 62
52 76
4 48
27 97
77 96
38 48
9 69
17 30
61 84
24 52
33 82
24 69
24 38
71 74
16 46
46 98
6 90
81 89
51 54
10 75
42 80
37 98
3 44
14 91
20 23
64 73
12 61
34 67
57 89
75 89
48 63
12 21
14 38
24 77
38 73
93 98
43 56
1 9
16 53
1 30
28 63
1 74
4 97
32 35
48 78
66 68
19 99
74 92
30 70
2 63
17 39
43 92
0 15
17 77
85 99
68 99
66 78
22 93
52 70
50 84
6 30
11 84
25 55
15 75
40 87
58 75
18 85
28 39
