108
70 3
20 8
71 80
55 73
71 31
85 7
67 95
42 73
62 72
37 96
31 57
13 90
73 58
40 2
15 30
94 41
52 49
74 19
63 30
28 29
98 23
9 67
84 69
95 78
87 54
4 10
2 42
44 18
17 94
3 28
60 9
85 38
60 97
20 15
65 58
2 62
52 40
44 63
39 87
89 84
12 74
99 48
22 96
75 38
56 79
30 19
58 57
79 73
56 32
81 13
35 63
13 12
10 86
49 83
70 66
7 23
55 22
17 48
38 41
48 90
2 99
88 95
25 1
54 8
92 25
35 42
74 94
32 78
1 80
70 44
36 5
91 62
1 24
31 24
46 22
56 0
1 65
16 57
31 99
46 98
85 28
26 43
79 55
11 40
40 37
1 85
18 80
67 14
77 85
48 67
11 5
46 4
88 76
73 59
49 45
64 91
68 5
72 29
27 10
16 21
80 52
67 36
47 34
62 68
61 82
43 13
84 4
54 64
