116
62 52
52 28
9 34
30 59
31 26
16 56
34 19
51 91
52 5
70 8
38 74
2 95
24 43
21 92
84 58
70 54
4 53
39 51
60 89
68 2
23 61
98 23
23 76
87 97
61 70
20 15
89 79
85 29
10 82
82 0
48 62
78 42
66 22
34 6
5 27
80 14
52 40
94 82
52 77
80 83
42 95
91 49
8 44
33 73
8 96
15 79
28 38
38 24
94 30
87 69
14 64
62 58
43 66
69 17
4 35
34 53
53 81
98 0
3 5
99 61
20 51
24 97
56 11
1 80
1 57
28 1
69 38
75 80
77 97
20 17
2 21
99 44
42 2
48 35
42 90
22 93
98 78
78 57
7 67
84 43
56 96
43 17
20 5
56 0
63 30
48 51
14 30
66 76
79 65
80 90
90 32
33 28
75 2
36 93
62 39
19 23
50 66
54 19
3 28
16 83
75 46
59 79
82 74
11 40
70 64
97 2
5 7
45 57
57 11
91 99
68 44
7 89
18 68
25 52
83 16
40 66
