111
30 18
40 41
38 59
6 15
24 31
15 80
58 19
47 22
73 77
53 94
91 62
34 94
5 42
97 82
91 44
56 35
1 81
63 64
16 27
2 11
27 45
66 87
41 17
71 29
94 12
91 95
17 5
50 5
11 94
34 75
85 1
90 30
53 49
1 47
22 83
39 93
21 55
75 38
83 74
21 4
82 56
84 89
62 91
68 73
35 7
41 44
6 17
7 32
20 95
25 38
28 73
92 88
38 84
31 24
54 11
61 26
80 30
47 46
12 90
26 23
75 12
13 12
2 62
74 52
99 28
49 63
48 80
97 60
14 71
71 0
0 99
2 0
0 76
70 44
65 58
56 0
22 52
96 80
49 97
67 97
85 23
69 10
0 28
31 67
58 75
80 60
49 30
11 61
11 37
89 39
61 42
47 57
78 22
76 87
99 84
61 14
41 8
0 19
33 42
20 9
33 89
19 94
58 85
13 30
95 13
65 78
46 55
45 94
86 0
25 90
29 32
