276
63 5
92 92
4 63
3 14
13 88
71 29
90 42
29 32
6 48
50 91
41 42
97 58
30 4
48 58
98 0
15 2
78 58
79 0
43 77
77 75
93 19
40 21
72 94
13 35
37 99
30 59
64 57
28 79
63 73
56 33
23 98
71 44
93 76
49 6
19 19
2 98
0 78
19 68
21 48
57 18
0 29
33 5
86 16
56 86
89 34
90 97
82 60
37 20
80 82
49 72
76 43
57 43
99 53
0 6
71 20
98 72
28 83
27 34
82 0
21 16
66 98
2 47
99 22
33 57
49 1
42 39
14 74
0 94
16 93
0 70
99 38
63 60
7 33
56 22
62 79
70 12
42 71
56 37
18 0
1 20
79 61
51 96
99 86
92 72
40 18
75 98
16 21
85 31
93 2
36 92
16 51
44 57
57 1
21 65
2 54
98 17
68 74
1 84
23 34
81 81
71 35
30 52
99 44
77 4
58 59
71 17
9 1
93 57
47 75
86 95
17 16
7 99
42 1
20 93
65 93
34 83
37 35
76 47
89 16
2 34
85 36
4 84
99 76
5 69
29 8
55 8
50 51
8 54
21 76
74 21
51 37
99 29
30 63
73 2
56 92
82 66
66 58
47 21
5 30
98 62
85 88
37 44
19 42
70 76
85 43
25 18
93 9
30 95
35 78
61 41
0 44
16 58
49 61
44 7
32 49
19 83
58 77
5 20
51 28
65 20
91 49
5 79
77 67
79 29
14 67
44 67
14 7
17 44
98 2
35 29
49 85
62 37
7 94
0 5
84 74
61 51
84 7
67 88
57 73
61 15
37 97
5 40
34 15
20 27
90 99
84 51
44 51
28 70
92 30
98 1
2 99
21 4
22 99
1 14
51 90
58 0
13 81
0 63
76 36
36 98
93 82
71 94
63 57
37 72
79 1
90 98
16 30
51 16
16 1
99 3
25 56
49 43
0 98
43 28
43 0
98 57
51 92
1 5
2 49
0 69
99 37
27 42
58 1
99 85
91 99
68 64
36 97
21 98
16 0
99 0
70 93
1 99
78 0
65 26
98 59
50 99
20 20
0 12
86 15
42 0
58 52
1 48
99 87
0 68
99 23
16 2
99 2
70 95
89 97
21 97
54 67
0 99
0 28
77 0
35 99
58 2
51 98
79 65
98 54
75 43
1 13
42 2
28 80
78 81
99 78
0 48
85 32
3 84
63 79
97 0
85 16
98 23
89 99
15 1
70 94
25 23
