115
2 56
3 94
3 28
92 68
32 82
27 38
92 58
2 21
94 78
62 68
81 35
9 69
2 6
20 60
61 82
44 15
25 5
63 43
32 6
30 30
49 82
44 8
9 20
18 73
64 2
19 93
86 16
54 31
61 16
71 98
92 3
95 41
33 66
40 94
6 84
0 70
23 53
88 87
61 61
63 97
30 21
73 84
75 11
86 39
16 50
18 10
23 79
94 85
42 22
43 87
6 61
21 43
54 12
20 15
30 73
62 9
74 52
38 51
4 42
10 59
48 35
49 50
92 25
54 96
78 57
4 0
81 72
70 25
78 1
1 90
91 95
68 83
46 78
81 15
42 1
44 36
55 63
7 35
12 99
46 98
1 14
11 3
91 9
56 23
54 66
85 53
85 30
22 29
63 51
33 89
35 45
88 72
36 73
36 27
78 82
69 64
52 83
50 28
52 42
87 68
35 20
10 5
84 22
77 98
60 77
64 91
96 43
18 95
92 2
66 40
54 77
70 26
63 0
89 77
40 31
