120
82 51
77 85
38 85
29 32
6 38
51 2
98 91
4 10
83 20
17 80
38 35
92 81
61 7
42 7
83 77
67 59
18 17
4 96
47 57
28 57
53 81
96 56
8 64
1 24
95 2
97 37
52 20
25 3
18 97
21 44
54 34
97 19
3 82
78 68
24 74
35 96
77 98
4 43
56 89
33 60
21 20
36 20
63 54
63 23
92 62
92 88
3 18
89 21
34 91
70 68
35 49
41 63
21 54
10 11
0 37
89 15
30 8
46 13
48 94
70 41
79 0
13 22
54 11
83 35
4 99
54 41
4 66
63 93
99 42
82 99
57 75
11 4
50 48
99 61
25 79
49 95
69 17
3 85
78 83
85 46
93 4
93 88
98 23
59 68
63 38
82 28
44 1
73 64
13 55
13 32
35 27
50 27
44 71
30 73
41 42
99 84
22 60
90 64
63 83
0 7
23 88
85 29
36 13
51 58
11 46
82 60
93 48
49 20
63 76
50 6
25 14
54 89
30 51
71 69
98 0
1 80
18 95
69 38
76 99
42 26
