122
11 79
23 67
84 16
58 21
56 67
89 72
31 31
93 28
75 2
42 90
89 46
8 33
79 82
75 28
3 66
14 11
62 78
92 12
30 61
43 36
88 32
65 24
68 89
91 95
34 15
63 50
28 92
0 7
57 37
2 46
78 68
79 46
3 28
93 55
98 81
58 97
66 56
90 3
30 2
75 12
4 76
29 25
85 93
36 96
56 78
9 3
12 26
34 63
2 54
50 42
67 36
69 71
37 23
6 40
69 42
50 6
4 96
18 52
32 47
8 15
19 93
25 1
51 58
99 61
59 2
44 76
99 15
98 46
96 76
68 96
17 83
77 54
49 52
22 42
85 67
61 7
38 14
54 92
28 67
17 15
9 69
4 55
35 54
33 87
97 84
78 30
89 5
10 93
73 87
51 68
68 8
16 37
1 24
72 61
60 31
33 40
37 69
23 15
59 53
90 19
66 15
61 70
17 30
79 80
75 39
42 51
79 23
26 53
88 95
5 96
31 1
74 21
60 43
99 62
4 1
97 32
52 5
92 0
87 97
4 99
96 46
63 60
