# Penalty: 42859.08855287044
112
58 52
73 6
56 78
89 37
66 64
18 77
20 47
56 24
42 42
9 5
74 43
24 10
99 22
83 19
55 92
55 31
26 52
92 36
96 11
61 86
54 58
24 41
3 64
46 11
40 82
98 90
8 19
5 50
71 46
40 76
66 19
30 19
80 2
77 60
33 54
72 74
2 71
39 5
22 82
14 34
92 48
48 60
72 1
42 23
71 25
61 97
56 44
87 22
71 58
17 55
50 76
56 36
60 77
76 50
43 50
46 34
76 21
12 94
32 94
78 97
88 70
62 38
99 61
58 3
6 92
84 97
98 96
7 0
75 79
84 43
11 33
94 5
53 98
18 96
36 75
97 53
28 4
76 93
37 22
6 85
85 64
32 39
59 17
48 7
16 98
30 70
97 32
12 50
19 10
82 78
13 75
50 58
69 63
27 61
62 11
98 46
70 34
84 91
29 8
87 9
68 94
47 85
34 64
85 34
69 72
70 8
56 54
41 10
58 68
63 58
44 69
74 71
