# Penalty: 43292.14446811169
117
41 55
24 38
30 47
52 98
28 1
34 26
65 30
62 59
27 94
57 8
95 31
3 82
28 23
63 96
62 68
72 58
21 7
38 7
66 8
93 15
85 89
45 40
4 7
6 56
68 81
88 59
6 36
99 92
79 19
74 41
94 46
17 81
51 27
57 50
19 96
21 55
5 72
55 72
43 93
73 97
51 0
70 1
10 30
83 79
38 60
22 17
42 16
64 36
12 7
88 72
16 38
42 46
71 9
71 51
26 6
35 51
52 55
24 32
94 82
37 80
4 96
25 69
81 35
7 22
85 6
53 83
0 49
37 39
98 17
1 89
35 96
70 72
80 98
11 65
75 20
86 50
99 41
51 23
59 96
42 65
42 0
87 65
7 51
1 33
27 65
6 65
60 12
27 84
43 82
39 14
70 23
60 82
9 8
66 99
56 41
12 80
25 49
78 49
23 0
69 65
84 68
56 2
15 94
14 21
80 12
83 42
51 45
29 27
61 85
16 75
65 5
70 87
65 62
27 54
31 15
28 39
81 63
