124
71 44
25 19
2 14
13 32
79 13
82 83
97 93
32 90
60 11
60 66
55 32
35 44
75 61
16 76
97 75
79 31
18 50
33 28
66 50
74 79
28 85
63 55
36 71
47 80
58 95
1 90
30 4
72 94
94 4
4 45
70 1
63 25
8 9
97 65
22 5
8 97
36 51
6 28
4 76
27 64
92 35
82 63
62 80
38 2
54 64
23 89
11 46
85 8
77 22
89 80
25 41
78 42
62 45
65 91
89 13
61 71
32 15
54 58
35 37
5 40
28 47
0 60
43 99
46 14
90 51
98 0
91 95
50 71
51 35
99 38
56 0
93 21
47 85
12 99
29 68
97 58
14 1
1 80
13 68
1 24
18 19
37 98
2 9
99 20
52 99
65 11
71 29
81 78
52 28
32 22
68 96
80 47
26 89
9 92
5 66
53 44
40 77
63 5
23 33
65 80
99 7
7 45
21 80
89 60
79 81
55 38
7 76
51 90
73 36
70 58
11 53
10 21
34 91
83 73
33 75
18 86
46 13
97 35
99 94
96 79
37 0
0 62
65 36
63 88
