122
20 64
0 32
76 38
81 78
65 88
3 5
14 14
47 47
94 15
44 14
23 43
31 6
36 99
37 71
9 67
79 27
52 21
80 86
28 52
3 21
9 90
55 61
77 52
58 75
95 55
10 53
29 24
63 30
59 4
44 85
78 68
2 40
27 77
49 40
93 87
28 92
40 0
59 92
31 38
79 92
85 11
33 53
91 47
13 22
53 71
46 22
70 43
5 62
81 60
5 79
50 1
49 95
61 39
88 91
84 44
7 11
74 33
14 60
20 31
38 14
67 16
99 30
83 3
63 61
7 96
22 96
25 3
70 14
39 69
98 46
62 55
99 94
0 93
89 1
84 26
99 18
15 46
4 35
39 85
66 99
66 78
92 65
53 6
54 41
31 57
29 2
0 50
75 4
28 26
82 75
56 25
9 74
40 83
38 51
69 51
56 89
94 37
37 65
83 20
30 30
55 55
20 47
61 10
48 22
21 18
61 70
60 31
73 86
93 23
69 57
92 56
77 42
38 54
23 78
56 45
0 5
37 21
66 28
41 99
21 98
24 78
29 43
