# Penalty: 38844.172881999504
109
67 20
53 65
30 56
50 94
94 23
88 40
46 39
17 22
18 69
94 73
33 77
57 51
23 90
8 59
80 58
55 6
40 44
97 14
40 79
19 32
67 45
61 73
25 54
54 25
5 53
42 91
78 6
75 72
2 91
82 98
29 13
1 23
94 3
20 99
7 42
74 45
96 81
28 32
85 36
89 54
36 97
19 85
48 67
67 16
7 18
86 22
55 33
9 97
97 72
85 86
74 54
57 68
47 81
33 41
16 53
79 36
42 58
65 66
86 72
16 92
9 0
69 90
96 97
0 77
44 15
30 93
99 29
94 55
36 27
22 7
80 9
68 94
2 35
1 12
45 8
14 72
95 8
99 38
68 26
92 88
23 12
38 8
44 99
59 9
39 56
28 74
81 67
59 93
49 20
9 35
31 24
14 78
55 42
71 38
10 21
69 48
47 29
63 25
47 57
92 42
53 11
33 47
37 72
15 14
15 85
85 61
40 52
27 83
61 16
