101
79 90
84 75
83 35
80 97
80 45
93 9
26 10
95 84
28 42
61 43
83 28
69 88
78 64
91 77
48 22
53 6
17 25
78 2
53 38
54 20
16 8
69 34
76 16
17 45
78 57
16 19
87 23
70 45
73 96
82 13
93 55
2 6
65 71
99 5
48 37
92 59
93 91
68 16
28 16
85 42
51 23
15 35
72 71
54 44
67 54
91 29
73 87
51 12
83 71
62 25
89 48
3 27
75 49
89 80
70 26
57 49
16 50
38 32
99 32
83 65
2 0
71 80
97 12
2 17
37 11
55 5
91 98
98 69
18 4
98 46
25 24
48 2
89 0
69 7
8 33
64 63
24 46
83 56
11 4
92 3
97 83
79 10
83 16
74 29
47 27
18 9
55 30
99 31
69 60
83 6
79 88
1 14
18 52
90 99
30 38
35 9
0 0
2 28
52 5
98 13
80 24
