101
97 2
33 39
87 90
89 49
2 3
95 78
54 31
12 13
49 6
14 77
14 54
28 67
64 2
19 93
43 99
80 6
75 30
18 17
45 25
8 64
84 59
54 44
21 53
25 36
40 2
68 37
9 3
3 54
45 40
15 44
65 88
4 99
93 32
62 58
33 17
73 68
52 77
74 19
29 77
4 20
75 47
59 26
92 55
34 6
67 51
84 17
62 84
25 86
31 33
39 17
75 52
4 10
69 60
47 57
26 46
81 38
54 97
40 54
80 90
37 96
74 74
43 76
94 92
66 7
94 25
76 97
14 79
37 56
60 99
37 78
39 92
51 68
56 11
24 64
90 9
75 2
70 21
89 34
51 25
60 44
81 80
32 18
73 93
30 92
59 2
59 92
68 32
89 25
45 30
65 63
25 21
77 16
48 11
54 51
85 53
23 57
43 69
4 96
96 76
0 52
68 45
