3937
42 89
49 52
69 44
50 37
48 22
12 77
68 93
25 24
8 97
99 71
56 76
66 30
18 44
35 66
32 40
35 14
1 23
51 91
62 45
91 75
54 66
14 33
40 25
54 81
43 48
83 3
21 64
66 15
81 35
0 60
82 63
80 18
69 70
34 3
32 91
9 80
74 87
22 20
0 29
94 6
8 55
95 86
89 61
60 7
29 45
72 51
9 40
77 72
60 94
40 54
23 53
73 31
59 57
44 13
87 11
32 31
18 34
98 23
69 81
14 1
32 22
54 44
99 51
26 78
73 37
16 93
96 99
89 34
2 95
10 12
40 70
54 97
68 8
88 85
87 41
99 28
30 6
85 17
0 51
28 85
7 16
40 73
17 58
49 18
68 60
90 46
63 99
62 78
36 61
46 88
92 68
94 14
59 34
11 62
14 84
87 82
44 32
6 26
75 65
28 16
48 72
45 16
76 48
10 31
39 40
84 76
15 2
37 0
99 96
0 95
54 90
98 50
73 87
60 9
11 79
30 92
81 2
39 18
13 2
99 8
99 30
2 97
38 0
99 95
98 72
80 17
1 52
43 54
63 5
26 76
10 76
22 50
84 3
86 61
28 92
63 27
14 3
96 48
73 88
59 59
1 94
99 98
97 29
98 6
36 0
8 16
1 46
40 75
99 72
33 38
54 74
79 23
16 37
67 6
23 20
3 60
53 38
9 79
31 92
20 63
15 3
74 89
97 49
88 86
70 45
0 97
99 29
0 31
99 97
82 1
71 67
55 99
98 8
57 59
64 29
34 0
87 61
8 17
25 78
62 2
46 12
41 54
2 62
82 17
99 73
8 76
30 94
32 37
14 94
18 64
55 75
82 32
38 68
74 88
98 49
71 45
22 21
0 96
97 28
0 30
72 67
99 99
21 49
65 30
16 2
89 84
98 7
82 2
58 59
64 99
87 60
6 16
51 36
1 47
27 77
32 2
15 34
65 12
46 90
0 62
7 78
41 53
98 70
84 18
32 92
19 64
31 38
50 19
55 74
98 29
15 93
0 99
40 69
98 51
70 46
82 33
98 96
0 32
97 9
65 29
56 60
90 84
16 4
83 2
23 19
86 60
51 35
60 97
73 86
14 36
61 4
6 17
3 62
10 78
71 66
31 94
1 48
27 78
32 39
20 64
99 31
98 71
81 18
35 0
55 76
0 98
15 95
42 52
68 45
97 98
83 33
40 71
23 50
57 60
88 84
46 87
16 3
84 2
24 19
46 13
64 27
64 4
48 37
15 36
7 77
30 96
71 65
2 63
91 46
61 96
32 38
97 8
74 90
98 28
79 18
69 46
35 2
7 15
2 47
39 68
97 97
42 54
80 34
88 61
99 70
89 85
47 88
22 49
14 2
26 77
44 14
24 21
67 5
54 43
65 27
56 58
8 78
14 93
31 93
0 63
96 49
1 30
17 63
97 30
81 17
76 72
16 35
71 46
61 97
98 10
35 1
98 98
0 47
82 34
7 17
1 99
42 53
56 75
85 59
39 69
82 3
46 89
75 90
50 15
30 36
63 7
24 20
24 78
66 29
15 94
7 80
57 58
32 94
48 38
99 74
1 63
97 50
72 46
70 71
79 17
98 30
1 31
59 97
3 47
98 9
33 1
96 98
80 33
5 16
17 4
54 75
15 35
19 63
51 15
33 40
23 22
61 3
40 68
75 91
64 28
46 91
1 96
8 77
30 95
58 58
24 79
53 43
69 45
97 31
98 73
61 99
34 2
98 97
43 53
81 34
70 72
87 62
80 2
12 2
85 18
49 17
15 92
24 23
62 4
33 39
57 78
97 6
97 51
17 64
66 31
72 87
7 79
9 17
23 49
56 59
32 93
0 33
1 62
1 97
50 35
47 89
36 1
16 36
60 96
99 24
97 99
2 48
69 69
81 33
90 85
25 77
81 3
41 52
50 18
15 4
86 18
72 50
37 68
64 3
85 62
97 72
34 39
25 17
97 5
65 28
31 95
8 79
1 32
17 65
1 64
98 52
49 37
45 86
98 31
1 98
34 1
62 99
58 60
98 99
0 48
56 77
5 17
89 86
38 54
45 14
73 89
23 78
20 50
75 49
70 68
63 6
13 3
41 68
78 18
97 7
32 95
6 78
23 18
82 35
17 35
52 37
33 37
80 3
99 69
60 95
3 48
63 28
40 53
3 63
97 27
47 16
31 3
64 6
46 92
95 49
59 58
71 68
74 91
26 79
73 47
1 95
24 49
38 69
5 80
25 21
8 18
1 33
49 36
83 34
17 36
56 74
60 98
34 36
18 63
66 28
86 81
97 70
39 53
50 17
32 4
12 3
98 27
30 93
15 91
85 19
60 3
70 70
57 57
68 46
97 10
41 69
96 50
45 87
24 18
6 80
24 50
50 36
57 77
25 79
34 38
85 63
66 27
46 14
2 31
32 3
98 69
62 3
2 99
18 65
1 17
70 69
78 17
58 57
73 49
96 28
29 95
96 8
85 78
72 88
42 51
16 34
83 35
25 20
6 79
54 42
16 5
62 98
54 76
49 19
67 27
66 9
37 1
41 70
2 32
98 53
80 19
71 69
71 49
97 32
87 81
9 18
44 86
34 35
21 50
4 49
82 4
83 37
96 97
40 52
9 77
26 21
54 41
14 4
71 87
83 61
28 79
47 15
16 64
58 79
65 26
97 71
61 5
29 94
14 95
16 33
96 6
73 48
81 19
36 2
57 61
84 78
45 89
99 27
34 37
43 52
71 72
50 38
0 49
26 22
51 16
37 67
22 64
62 6
25 50
55 77
24 80
84 62
2 98
97 96
18 35
96 5
91 47
74 49
0 34
79 19
33 4
59 96
65 31
75 89
82 36
9 78
45 88
7 18
51 37
1 49
81 4
99 75
58 56
47 18
70 67
64 5
15 5
29 93
96 29
85 79
27 79
58 80
25 19
19 65
97 52
33 35
98 95
73 51
96 7
41 71
41 51
35 3
3 18
56 99
67 28
1 61
53 42
45 15
8 80
3 99
62 5
44 87
21 48
25 18
78 19
71 48
17 34
96 9
34 34
55 59
33 3
42 68
80 35
6 18
80 4
58 97
57 76
38 53
13 4
94 49
97 26
83 62
46 16
73 90
67 29
51 38
2 33
65 5
26 18
20 65
24 51
72 48
9 76
2 49
95 97
90 83
28 78
83 36
33 5
32 35
45 90
96 10
42 69
97 69
79 4
39 52
2 96
84 63
56 57
96 27
49 21
58 78
92 48
53 41
64 30
64 7
69 68
18 36
74 48
26 20
77 18
86 80
3 49
23 51
4 18
6 81
31 4
96 3
35 32
21 65
28 94
26 80
47 17
39 54
44 85
60 4
72 89
95 50
59 95
56 61
96 96
96 30
73 50
54 40
2 61
25 22
8 19
10 77
4 96
12 4
59 79
63 29
81 36
96 4
85 64
42 70
48 18
32 5
28 95
35 35
96 51
83 78
63 4
69 47
43 85
14 35
0 61
49 38
25 80
22 51
5 96
70 66
82 20
16 6
73 91
67 30
0 18
98 94
51 18
37 69
38 1
57 79
7 81
99 23
34 33
40 51
84 79
72 47
26 19
58 96
63 3
84 37
52 38
4 99
43 86
14 5
18 66
1 18
60 58
46 15
80 20
98 74
67 31
97 53
17 33
97 95
25 51
36 68
35 34
43 51
85 80
27 20
74 50
34 4
65 10
3 61
57 97
55 41
7 99
84 36
56 78
82 62
71 88
27 80
10 79
49 20
17 66
9 19
81 20
95 7
96 53
33 34
17 37
59 56
72 49
27 19
86 82
97 68
11 4
10 99
30 3
56 98
83 63
61 6
43 68
55 42
25 49
46 18
43 84
8 81
96 95
96 52
15 33
83 4
2 18
2 50
28 80
69 71
77 19
5 95
22 65
95 27
15 6
37 2
96 70
51 39
66 32
40 67
35 33
60 57
73 92
48 17
28 19
62 7
44 89
82 37
16 38
5 18
96 11
58 95
0 50
6 96
58 77
31 5
94 51
38 67
19 66
59 60
48 20
79 20
29 19
35 37
26 50
60 5
74 51
72 90
44 88
41 50
52 39
96 31
85 81
97 91
14 34
82 5
3 50
68 30
54 99
4 98
29 92
60 79
9 81
96 69
39 67
94 50
16 65
73 72
50 20
60 59
28 20
64 10
7 19
36 3
22 48
43 87
7 98
68 29
71 89
50 39
36 32
80 5
28 93
10 80
95 6
57 80
13 5
95 51
75 50
95 28
86 64
44 52
16 32
46 17
86 79
36 67
65 11
2 60
30 4
97 90
27 21
8 99
55 98
6 19
95 5
42 85
20 66
23 48
95 53
15 32
51 19
44 53
70 73
76 50
66 6
1 57
96 91
10 98
22 19
86 40
52 41
87 80
41 67
39 1
95 8
36 33
26 81
84 64
78 20
42 84
95 52
99 22
64 31
48 21
58 61
24 52
56 97
57 75
2 19
1 59
14 6
3 95
95 92
75 51
81 5
97 73
30 19
43 69
55 43
66 10
10 81
72 91
95 29
80 21
40 50
36 34
49 16
84 80
96 54
28 77
59 78
21 51
34 5
63 30
5 19
2 51
5 97
95 4
12 5
83 64
51 40
27 18
27 93
64 11
69 67
81 21
84 35
71 50
98 89
38 52
29 78
42 67
47 14
21 63
32 34
54 98
43 88
0 19
8 98
58 76
1 51
95 3
18 33
38 2
67 32
7 82
96 71
94 52
24 48
83 79
64 12
69 48
21 66
44 16
81 37
3 19
3 97
2 56
71 90
9 82
60 60
37 3
53 99
36 35
65 32
95 9
42 86
29 20
97 23
95 91
12 34
59 77
17 62
48 16
42 71
6 97
1 60
59 5
42 50
70 49
1 19
98 75
91 49
11 78
36 4
79 21
57 95
75 88
82 38
43 89
13 34
25 48
96 90
60 78
28 18
68 31
82 64
5 99
48 15
1 50
61 7
49 35
44 54
13 6
93 51
6 82
73 52
35 38
18 62
44 69
7 20
84 81
12 36
80 16
55 97
24 77
59 61
44 17
3 96
56 79
3 56
60 6
62 29
71 91
98 22
97 89
23 21
74 52
80 36
49 39
8 20
85 65
29 91
10 34
45 18
14 7
43 70
5 98
26 49
33 33
8 82
45 85
38 3
2 57
56 96
62 8
94 2
70 89
50 40
24 22
81 16
72 52
97 74
13 38
47 20
84 65
99 21
6 99
91 48
69 66
55 78
26 51
0 57
44 68
31 35
35 5
96 89
94 4
6 20
79 16
29 18
50 21
10 82
67 8
3 98
12 6
71 92
95 30
42 87
25 76
3 57
83 80
11 35
56 42
69 72
91 50
37 66
95 90
39 50
19 62
94 3
53 98
96 72
1 20
45 17
6 98
84 34
97 22
60 61
2 59
71 51
71 93
82 16
8 75
11 34
58 75
37 33
27 76
52 42
67 7
83 65
43 67
94 5
52 99
94 53
47 19
11 99
30 20
0 56
23 52
11 80
94 91
12 35
77 20
38 51
4 20
30 91
30 5
70 90
63 31
51 41
66 11
51 20
57 81
85 35
68 47
9 99
56 95
1 56
9 34
11 81
28 91
22 52
0 21
36 66
94 7
66 33
70 91
31 19
90 49
46 20
70 50
20 67
11 98
36 37
0 59
59 76
85 82
42 88
98 76
58 62
87 64
11 36
55 96
85 20
80 6
2 20
74 70
61 9
48 19
28 21
12 99
20 47
95 31
2 58
52 36
79 34
60 77
38 66
10 35
20 62
94 8
5 20
70 92
75 52
63 12
47 21
43 50
27 17
90 50
9 98
9 75
1 55
41 85
31 34
83 81
94 90
80 37
60 56
95 69
23 47
56 80
0 20
70 94
64 32
37 70
46 19
12 98
64 13
0 58
13 33
95 10
34 6
12 79
69 73
41 86
44 51
21 67
93 91
90 47
3 20
26 48
97 75
70 93
81 22
50 34
36 69
4 97
1 58
59 55
54 96
73 46
68 32
30 18
81 6
11 82
36 31
0 23
40 49
14 32
74 72
90 48
60 8
87 63
70 95
45 20
21 62
7 97
44 70
84 82
41 87
61 79
61 59
55 95
33 6
3 51
75 48
0 22
67 33
17 32
34 32
10 83
78 21
45 53
46 21
53 37
98 21
67 4
13 98
25 47
93 3
53 97
55 79
39 66
18 67
96 73
74 71
12 33
3 59
27 85
21 19
32 33
95 89
65 13
81 15
99 20
31 6
2 21
11 83
25 52
69 89
52 98
9 97
45 19
52 35
43 71
19 67
84 33
81 64
93 5
97 88
3 58
70 74
21 18
33 93
55 63
40 55
32 6
3 21
96 74
12 97
70 51
69 91
66 12
11 33
17 67
97 21
47 13
65 33
29 90
81 14
92 4
82 65
35 31
41 55
85 34
89 49
42 72
58 82
1 21
82 80
28 76
74 53
9 35
49 15
12 80
56 43
92 3
69 31
93 90
11 97
4 61
67 10
0 24
69 92
21 52
61 78
42 55
96 21
36 38
27 86
21 20
48 14
95 70
45 69
41 89
9 83
29 5
10 36
93 4
62 30
80 22
73 53
1 22
83 82
10 97
7 53
69 93
24 53
44 18
41 88
50 41
94 29
89 48
30 35
11 77
68 48
87 65
80 15
13 32
61 80
27 87
68 7
79 35
53 96
28 17
92 5
44 19
2 22
35 68
89 50
51 34
94 89
26 52
74 73
61 58
82 15
69 94
88 64
12 82
60 76
43 55
52 97
12 38
4 58
33 32
93 6
45 21
13 96
68 6
75 70
85 83
69 30
48 36
12 81
88 34
56 81
27 49
37 71
45 52
98 20
28 86
69 90
29 21
50 16
4 21
71 52
7 96
80 14
96 88
93 67
11 37
43 90
66 13
45 54
55 80
36 70
27 50
28 90
86 36
1 24
75 47
8 96
87 86
69 95
99 19
69 32
95 71
29 17
13 39
49 34
44 20
68 4
54 95
19 61
61 57
74 74
27 88
54 77
22 22
3 22
35 67
11 96
86 35
66 34
10 75
91 5
48 13
44 90
68 5
35 39
33 7
9 36
77 66
74 46
78 16
44 50
6 56
97 20
59 75
28 87
89 51
9 96
25 53
0 25
53 36
89 87
21 21
64 14
60 55
87 35
92 6
68 33
34 31
81 63
5 58
69 88
43 18
10 96
35 69
12 78
26 87
42 90
26 53
79 22
88 87
11 38
34 7
95 72
2 23
87 34
81 65
12 96
49 14
68 72
44 55
67 34
85 3
36 71
49 40
27 89
44 91
77 21
93 89
27 22
26 47
10 37
68 91
32 7
87 36
59 54
96 75
57 74
52 20
65 14
45 91
20 19
96 14
13 81
19 68
81 62
32 32
72 45
27 51
68 92
28 88
38 72
54 78
88 33
89 47
55 44
31 7
51 17
12 39
95 73
67 11
41 49
6 57
4 95
31 33
68 71
81 13
95 88
68 96
69 51
52 96
57 82
35 70
11 76
88 49
52 34
98 19
28 89
43 17
54 63
0 26
27 52
84 4
69 5
7 56
68 95
45 92
75 71
97 87
12 11
30 34
56 41
99 18
92 67
89 33
13 80
76 89
75 46
52 19
36 65
16 31
45 51
55 64
30 7
75 73
3 23
27 48
61 77
29 84
51 97
76 20
92 89
8 51
90 34
9 37
54 37
35 65
59 7
13 95
44 21
2 24
95 74
68 94
88 50
77 65
44 92
79 15
42 49
87 33
13 79
21 22
33 31
54 79
29 85
63 32
58 6
51 21
61 56
92 66
93 7
23 54
8 52
1 25
47 92
39 73
90 89
6 95
89 35
20 20
75 72
9 74
29 87
53 35
69 4
70 52
47 22
17 38
24 54
8 53
37 65
95 14
43 91
90 88
53 62
68 34
88 35
12 95
27 16
78 65
68 90
29 86
80 13
39 49
43 19
69 3
44 93
14 40
52 43
86 34
97 19
6 58
89 88
77 49
68 70
34 68
78 22
88 65
83 5
44 15
13 82
54 80
69 33
25 54
75 87
15 31
62 97
7 95
29 89
62 58
8 54
0 27
34 30
91 66
90 35
69 74
76 47
11 75
43 49
34 67
27 53
94 88
29 88
55 81
70 31
46 22
57 43
96 15
53 95
29 16
11 95
11 39
77 90
67 12
11 12
35 71
29 35
54 64
99 84
68 73
1 26
91 67
72 53
90 33
7 57
9 95
43 92
28 52
13 40
63 98
49 22
31 8
82 14
10 74
44 49
76 88
73 45
54 36
83 66
34 66
67 99
98 86
10 38
70 30
32 8
85 4
10 95
30 90
26 54
69 6
0 28
13 12
23 23
6 60
53 63
91 34
45 50
84 66
61 76
88 48
43 20
8 95
34 69
92 88
13 78
76 87
30 38
86 19
48 93
70 4
66 99
50 33
6 59
2 25
88 63
12 12
93 88
52 18
31 39
71 53
31 91
38 65
53 75
22 23
94 9
88 36
68 69
25 55
65 99
70 32
91 65
9 38
39 65
91 88
77 48
29 7
3 24
12 76
47 91
56 44
29 22
90 66
84 5
77 89
97 16
53 74
76 69
43 16
18 37
86 33
66 14
96 87
35 72
62 57
28 49
52 95
8 56
94 71
74 45
11 74
96 18
30 8
50 22
75 86
60 75
87 32
25 23
69 7
45 49
28 50
30 85
76 70
12 40
69 34
62 96
82 13
7 58
92 65
38 73
50 14
90 86
14 12
90 32
14 79
89 46
42 48
54 35
13 94
53 77
96 16
10 39
64 98
31 32
30 86
76 71
90 65
27 54
90 87
88 32
77 22
10 13
48 92
1 27
53 76
70 5
42 18
30 33
42 66
87 50
61 55
14 80
6 94
95 15
71 44
19 19
63 97
7 59
53 34
30 87
98 85
46 52
59 8
34 70
82 6
76 65
45 22
60 54
12 94
68 89
20 21
87 49
68 35
30 89
53 78
96 17
7 60
89 32
46 53
58 7
89 64
34 71
13 77
29 34
91 87
50 95
8 35
7 94
75 74
30 88
45 13
47 35
70 44
90 67
58 74
67 93
9 16
30 17
11 40
68 10
97 86
12 62
51 95
41 48
94 13
70 33
29 37
11 94
94 72
70 65
1 28
77 88
39 74
52 21
89 36
66 98
67 13
56 73
46 54
33 92
47 90
83 6
47 37
11 13
67 48
26 23
8 57
28 7
27 47
91 68
12 75
88 47
9 94
65 98
10 40
2 26
95 87
76 73
42 56
31 90
49 93
85 5
65 15
71 31
27 23
48 39
10 94
31 9
62 77
13 41
76 86
14 78
89 65
40 74
67 49
83 15
12 13
41 56
86 32
1 29
42 19
56 38
10 61
8 94
29 8
78 89
93 87
70 53
26 46
60 10
92 69
88 37
3 25
64 97
37 73
55 36
71 30
16 60
50 94
77 87
86 5
13 13
95 16
98 84
9 39
61 75
90 36
32 9
67 47
51 33
50 13
90 64
28 48
68 11
46 51
95 18
68 68
33 68
8 58
12 41
94 87
10 73
78 88
48 91
71 32
9 14
89 66
76 46
66 97
30 39
30 9
68 67
34 65
15 41
92 87
13 76
33 91
80 12
52 17
21 23
53 73
89 57
52 33
77 47
8 59
95 17
76 74
33 67
62 56
36 39
7 21
46 55
84 6
15 79
42 91
70 34
42 17
61 95
98 83
53 79
92 64
10 62
29 23
33 71
79 88
69 8
86 41
43 56
34 40
6 41
12 83
61 54
75 64
31 86
62 76
2 27
33 70
14 61
79 14
49 41
98 82
10 14
90 57
22 46
92 7
43 15
78 87
65 97
85 41
32 90
62 79
26 24
56 37
13 93
8 36
97 85
14 77
51 22
10 60
49 92
94 10
77 73
79 89
86 59
14 13
36 73
88 31
72 30
33 9
52 74
29 38
64 96
71 4
11 41
39 55
31 87
96 86
8 60
47 23
63 58
28 24
48 90
91 64
89 45
71 33
12 93
68 12
10 18
28 8
77 71
31 89
38 50
33 69
51 43
9 55
48 23
10 41
50 93
52 75
23 24
78 48
72 31
12 74
59 9
93 8
78 86
62 55
88 62
11 93
68 74
67 95
8 37
53 44
49 23
31 31
44 56
79 87
57 7
31 88
11 14
94 15
79 13
9 56
67 72
97 84
72 44
33 66
21 46
87 59
62 95
63 57
8 93
42 20
15 78
7 41
60 11
82 7
9 60
24 24
52 76
94 19
29 9
91 69
87 48
69 35
45 56
93 86
3 26
46 23
28 47
38 74
42 92
63 95
47 38
78 15
15 60
10 93
89 63
58 8
77 86
72 29
8 41
40 56
27 46
67 73
56 82
97 83
27 24
48 40
63 56
10 16
81 7
13 75
8 61
33 90
75 45
10 33
66 95
31 40
10 15
80 87
30 10
8 83
49 91
37 64
67 71
9 59
88 66
8 34
55 35
79 85
30 23
96 85
62 54
34 90
45 23
87 42
73 44
67 94
12 14
44 71
9 58
94 16
88 56
51 94
9 41
14 76
93 71
22 24
94 86
67 14
79 86
35 40
88 41
35 9
52 77
72 32
94 18
56 36
31 85
77 70
88 57
8 38
16 79
61 53
9 57
86 6
70 6
47 54
62 75
7 40
9 20
31 10
32 89
32 68
88 42
14 92
51 14
14 60
54 34
72 54
94 17
16 78
75 85
95 85
8 40
48 89
37 52
85 6
13 14
53 20
90 68
29 15
12 60
71 34
30 32
68 13
78 85
63 55
15 77
50 92
8 39
37 74
66 94
76 64
42 57
97 82
49 42
83 7
29 49
88 46
9 62
73 30
52 16
8 42
14 82
51 93
11 15
63 75
32 69
86 42
41 57
33 89
85 66
94 85
29 39
67 46
11 63
32 10
13 92
69 9
19 20
67 74
84 41
4 25
50 23
57 38
12 63
90 63
92 86
52 94
77 85
6 40
26 45
39 75
45 48
63 76
28 9
16 77
56 7
73 29
32 88
66 48
14 14
66 93
89 43
54 65
89 58
86 20
36 74
11 42
13 60
96 84
52 22
71 5
53 80
29 33
2 28
44 48
69 65
89 67
59 94
13 83
72 33
93 84
10 63
83 14
9 42
76 85
66 16
32 67
11 16
87 43
56 35
29 48
63 54
62 94
53 64
88 58
33 10
16 59
91 86
40 89
12 92
28 25
52 44
12 42
67 70
29 10
8 62
37 53
3 27
40 88
61 94
85 42
94 84
30 40
84 7
51 74
57 36
89 62
10 42
59 10
73 32
47 24
11 92
15 59
88 43
94 83
41 90
23 25
52 78
82 12
47 53
91 63
67 92
38 64
57 8
28 46
48 24
2 29
12 15
57 37
33 88
92 85
77 74
8 63
64 56
74 30
53 81
30 16
78 47
67 15
90 58
11 84
33 65
32 87
47 55
7 64
2 30
91 85
15 14
68 75
25 25
27 45
72 34
93 14
51 75
13 42
17 77
48 41
67 91
88 60
46 56
53 94
58 9
31 69
78 14
42 16
24 25
66 74
95 84
4 26
10 59
66 47
93 18
15 76
47 39
87 58
13 15
77 15
30 31
34 10
96 83
49 24
9 63
58 94
74 29
51 57
29 47
74 44
14 91
7 37
16 76
68 66
88 59
77 84
32 66
51 23
65 93
88 44
26 25
43 57
92 84
93 15
14 42
49 90
42 8
31 68
52 71
66 73
87 66
12 16
70 35
46 36
27 25
84 42
96 81
10 84
68 14
7 39
16 58
88 7
40 87
47 50
35 10
82 66
29 40
95 83
53 33
86 43
12 84
54 94
70 7
52 79
67 69
52 15
31 67
31 24
74 31
85 7
12 59
14 15
53 65
7 34
47 52
86 58
32 41
28 10
40 86
66 17
73 33
94 82
57 35
13 91
93 17
7 38
26 75
37 39
66 92
65 48
14 59
95 82
12 17
30 11
83 13
80 64
63 77
11 43
50 91
30 49
10 58
55 65
11 73
64 93
96 82
88 45
58 35
71 15
45 11
5 39
90 62
87 19
74 32
36 63
33 41
39 87
87 47
30 21
51 76
74 63
6 39
56 8
70 43
12 91
86 7
13 16
10 57
41 35
52 55
71 6
13 74
31 66
29 11
91 84
67 90
20 46
76 75
41 19
71 43
61 74
93 16
20 22
6 37
51 56
48 88
27 9
77 75
37 63
46 35
29 46
88 88
89 59
75 30
9 84
13 64
59 11
87 20
3 28
52 93
87 44
14 16
46 37
33 64
44 9
90 59
22 45
13 84
40 85
66 46
31 25
6 38
67 16
52 63
66 72
86 17
65 92
56 34
85 43
38 49
44 12
30 67
91 62
8 64
11 91
78 72
46 71
93 80
28 39
63 78
67 45
74 28
9 33
87 7
70 8
24 76
11 58
54 33
51 92
89 60
78 73
53 66
22 25
28 11
41 18
28 45
85 16
46 34
65 47
15 82
13 59
79 48
62 93
39 56
75 29
69 12
91 81
78 70
52 32
28 38
52 64
21 24
16 57
91 59
52 14
38 75
66 91
83 8
8 33
77 46
78 71
49 89
94 73
52 66
14 75
36 10
69 13
31 41
75 31
15 58
53 16
58 34
19 21
3 31
75 63
15 42
67 89
70 15
32 65
90 61
31 11
47 56
88 8
13 90
10 56
92 80
58 43
84 43
48 87
53 70
68 15
44 57
27 44
68 44
61 93
12 73
57 34
90 60
27 26
4 27
87 18
32 11
36 40
68 65
54 70
86 44
20 23
9 54
50 90
76 30
42 23
48 55
17 81
87 21
35 75
30 48
3 29
93 79
58 10
69 64
46 38
52 70
43 9
16 75
71 35
70 14
87 57
31 65
49 55
78 75
63 79
13 43
87 8
3 30
53 93
73 34
23 26
70 16
9 64
78 74
37 75
42 34
87 46
92 79
84 8
33 11
59 93
26 26
50 56
69 15
71 63
79 33
14 58
21 45
87 45
47 40
60 93
91 80
15 75
48 54
69 14
22 26
40 9
41 75
88 20
74 33
12 58
55 9
30 41
58 36
86 48
50 24
88 19
16 82
37 10
64 92
52 65
36 75
67 17
38 55
24 26
67 68
65 46
76 31
79 47
40 57
28 40
11 85
34 11
12 64
14 43
52 69
68 16
94 78
84 14
25 26
49 88
4 28
28 44
66 90
76 63
56 9
42 35
10 64
85 8
51 70
93 78
15 83
51 55
63 47
81 66
57 9
65 91
88 9
58 33
11 64
19 22
76 29
42 9
67 67
9 32
53 69
30 47
72 6
85 44
48 53
50 89
93 72
75 32
31 23
89 9
41 9
15 57
77 64
14 74
28 41
66 45
6 25
52 67
54 93
42 33
69 16
37 54
77 31
86 8
43 13
91 79
80 63
64 77
29 41
16 56
52 92
30 22
17 82
45 35
5 27
92 14
48 49
44 72
83 43
44 10
83 67
94 76
71 7
12 44
43 34
27 43
18 21
69 62
61 48
13 58
92 18
53 68
30 12
58 93
92 78
38 76
43 35
48 51
13 73
21 26
58 37
78 32
44 11
70 17
53 67
4 29
73 62
51 90
93 77
48 50
39 76
58 39
72 35
86 45
84 13
28 43
4 30
51 24
67 65
66 89
48 52
22 27
38 63
87 9
42 36
10 55
8 32
90 80
70 13
28 42
80 65
84 44
52 68
15 84
62 47
32 24
36 62
92 17
29 42
55 93
93 73
44 34
16 83
68 17
40 76
43 10
67 44
75 62
9 53
29 44
89 20
51 66
79 76
76 32
32 25
58 11
49 25
56 93
15 74
93 74
58 38
88 18
78 46
10 32
30 46
37 76
51 69
35 11
67 66
18 82
44 35
59 35
12 57
57 10
69 85
41 58
92 15
52 91
86 46
50 70
11 32
10 72
29 43
72 62
60 34
43 33
82 77
72 43
50 55
85 15
23 44
66 71
43 11
71 8
14 73
92 71
36 76
23 27
51 77
87 17
86 57
78 33
5 28
45 34
56 10
65 90
69 17
49 54
9 52
92 77
69 60
37 62
64 46
27 42
86 16
40 10
74 34
45 36
62 92
27 27
54 69
15 56
70 62
12 32
93 75
68 18
92 16
52 54
36 11
30 42
50 88
59 41
75 33
44 25
64 91
14 57
69 61
17 83
47 72
93 76
85 45
26 27
89 19
44 36
38 56
8 65
22 44
79 73
59 42
19 82
42 10
53 92
79 46
45 37
49 74
58 12
19 23
79 75
64 79
48 56
12 65
71 62
27 41
41 10
86 9
43 36
15 85
9 51
80 46
35 61
40 77
18 30
59 36
43 12
91 78
49 56
31 21
44 33
30 45
51 89
10 54
69 84
17 30
16 84
76 45
83 9
48 73
91 70
59 43
44 37
57 11
13 57
68 85
17 29
42 58
75 61
11 72
31 20
30 44
92 72
46 72
83 12
61 47
76 33
17 31
66 88
30 43
50 57
85 14
84 45
76 62
31 22
46 33
43 74
89 68
73 35
12 72
13 44
84 12
62 46
63 81
33 25
6 27
40 58
44 73
54 92
31 42
90 69
70 61
45 33
37 11
87 10
39 77
13 72
73 61
59 44
15 86
92 76
56 11
32 12
78 34
85 9
45 72
7 25
52 90
11 65
26 42
63 46
77 63
42 14
37 55
77 33
88 10
89 80
70 83
10 50
51 67
24 27
9 65
65 45
20 84
49 53
84 9
92 73
74 60
6 28
31 47
64 80
16 42
10 65
46 39
60 35
25 27
33 12
89 18
76 61
56 65
18 83
38 77
37 61
53 91
70 60
42 11
15 43
51 68
69 83
61 46
90 79
79 36
43 37
83 11
55 92
69 59
32 23
19 83
54 68
37 77
92 74
12 66
22 28
45 47
6 29
36 77
60 47
78 63
85 13
55 82
36 60
41 21
91 77
54 67
42 37
8 24
77 60
83 10
27 40
68 84
59 45
10 53
17 84
77 45
86 10
51 65
92 75
79 65
34 12
16 30
8 66
60 46
44 38
56 92
37 60
73 60
33 26
78 13
78 35
16 85
41 11
21 44
55 66
7 26
67 86
79 64
38 62
88 17
51 88
44 47
77 34
60 44
14 72
14 44
33 24
42 12
72 61
79 45
59 37
88 80
45 39
87 16
10 51
51 64
65 89
42 13
60 43
19 84
38 57
79 63
11 66
31 43
65 79
78 45
16 29
91 76
38 78
16 86
84 11
58 92
77 62
11 55
50 69
76 34
59 46
90 78
39 11
27 39
38 61
7 27
78 64
34 25
90 18
12 56
61 92
60 45
47 73
32 42
71 61
91 71
10 66
18 84
59 92
43 58
43 25
85 10
66 78
61 45
40 11
19 30
19 85
78 36
52 89
78 62
85 12
91 72
14 56
38 60
17 87
59 38
60 92
69 58
31 44
48 74
75 44
8 30
10 52
36 59
42 24
89 79
12 71
58 45
79 62
84 10
68 83
44 26
18 31
19 86
56 49
35 12
38 59
44 74
89 17
71 60
75 35
20 29
34 41
60 36
55 68
20 45
80 76
9 66
72 60
39 59
88 11
79 37
64 81
31 18
46 40
54 91
7 28
60 41
81 76
13 45
37 56
67 85
55 67
85 11
31 17
79 61
17 86
60 42
90 77
77 35
45 27
44 75
70 59
86 11
23 28
8 25
59 47
17 85
36 54
36 12
50 68
91 16
77 61
53 90
7 29
13 56
91 73
67 84
18 86
42 25
76 35
37 59
61 44
18 38
65 80
10 67
78 61
45 73
82 76
36 53
73 36
11 51
40 29
18 85
31 14
53 52
90 70
50 76
14 31
38 58
69 82
76 44
52 53
22 43
43 26
46 73
91 74
86 14
73 59
11 54
24 28
66 79
35 41
60 37
52 88
71 59
45 74
88 16
40 19
77 44
25 28
65 72
11 52
40 59
55 91
86 12
61 43
31 15
77 36
44 27
36 41
15 30
83 76
47 74
72 58
51 54
19 46
63 91
61 36
8 26
44 76
39 60
33 13
72 59
64 90
78 37
90 76
33 42
41 25
88 12
63 45
16 28
89 78
13 46
49 51
68 79
70 58
74 36
86 13
60 38
32 14
42 26
50 54
88 67
26 28
46 74
32 43
67 83
37 12
73 58
87 12
43 27
11 53
90 71
79 44
8 29
71 58
44 29
36 55
27 38
52 80
87 15
62 44
12 55
31 16
89 69
76 36
68 82
8 27
28 35
64 45
41 29
51 78
47 57
41 12
89 16
15 44
67 79
44 58
82 75
44 28
53 89
61 42
78 44
14 45
28 34
36 52
65 81
42 27
45 75
90 72
47 41
12 31
34 13
35 54
71 57
12 51
8 28
41 28
50 83
87 13
51 63
36 56
87 79
46 41
14 55
41 27
62 91
35 13
77 37
81 75
63 44
66 70
47 75
50 53
41 26
26 40
33 14
90 73
87 14
56 91
48 75
28 33
13 31
68 81
62 43
14 46
38 12
42 30
51 53
90 74
73 43
9 25
32 15
42 29
46 75
49 57
21 43
61 40
76 37
43 28
66 80
80 66
45 76
89 77
39 61
49 50
34 42
16 43
24 29
79 66
66 83
40 12
42 28
48 48
78 38
20 44
9 29
52 81
66 85
88 78
19 45
72 36
40 28
50 67
52 52
61 41
12 54
66 67
90 75
67 82
62 42
18 46
38 28
9 26
77 43
41 13
57 91
80 75
40 27
46 76
67 81
48 57
17 42
36 13
48 42
64 44
32 44
89 76
12 52
47 76
34 14
66 84
74 43
39 62
50 52
11 30
87 67
43 29
29 32
15 29
68 80
48 76
15 47
39 63
35 42
83 75
58 91
63 43
51 52
67 80
33 15
14 30
88 68
33 43
12 53
46 77
65 44
32 16
9 27
89 71
55 90
15 45
50 51
66 44
64 89
51 79
79 67
9 28
32 17
62 41
49 49
66 82
18 39
82 74
40 60
68 36
39 27
50 82
66 81
15 46
37 13
82 67
42 59
20 30
51 83
34 43
16 44
86 78
65 82
50 66
71 36
38 27
17 46
45 46
10 25
84 73
56 45
61 91
87 78
19 31
70 36
49 68
51 82
36 42
85 77
18 45
40 26
69 36
50 50
59 91
15 28
33 44
81 74
37 27
16 46
84 75
12 30
69 43
54 50
34 15
30 30
89 72
16 45
53 88
55 49
50 65
40 18
79 74
10 29
13 53
52 51
54 89
38 40
84 72
22 30
60 91
75 38
51 51
17 45
49 67
33 16
83 73
21 30
52 82
74 42
40 13
83 74
40 61
51 81
63 42
41 22
35 43
65 84
81 73
13 30
49 58
51 80
19 44
65 83
75 42
88 69
29 31
40 17
49 48
64 43
89 75
28 32
49 81
40 20
65 85
34 45
50 49
50 81
82 73
68 43
10 26
36 14
64 82
79 72
34 44
10 28
17 44
63 40
80 73
40 63
18 40
41 23
63 41
80 74
40 62
50 79
27 33
46 46
41 24
17 43
89 73
10 27
74 38
62 90
57 47
81 67
72 37
35 15
51 50
37 42
73 42
89 74
61 83
