# Penalty: 45586.92633293762
117
7 16
44 37
73 81
17 5
56 40
31 61
88 70
14 95
78 95
29 15
89 41
5 65
69 9
32 87
64 52
68 2
67 59
6 22
43 49
83 79
11 80
15 54
44 76
15 33
43 9
94 26
69 34
92 97
23 68
70 66
8 46
93 58
34 91
33 47
38 24
2 7
78 46
59 57
62 11
41 63
68 78
4 32
28 71
59 35
23 49
94 75
17 26
12 83
85 89
36 12
5 40
18 88
38 35
71 49
33 76
18 13
25 89
52 21
61 94
97 7
79 24
16 73
47 98
64 97
48 4
56 68
88 1
0 71
72 28
94 90
50 90
23 31
88 27
54 71
75 64
85 44
27 46
78 13
45 56
46 23
30 1
49 75
92 65
21 98
20 32
94 31
54 7
44 95
13 52
57 26
41 42
86 97
99 67
57 45
40 6
86 52
72 33
8 66
69 13
31 31
62 82
80 86
41 90
42 52
85 72
30 73
28 54
74 19
18 83
60 63
28 25
77 85
16 62
19 42
45 16
79 36
31 81
