122
66 17
52 85
62 51
54 37
75 42
40 77
89 54
20 94
23 76
91 85
42 14
79 2
33 29
14 50
49 7
79 90
31 91
12 96
35 70
58 8
6 38
73 64
40 44
8 8
47 59
89 13
2 21
25 60
26 4
98 65
10 64
54 97
59 32
80 70
24 31
95 45
54 76
23 45
97 84
63 65
40 8
43 54
49 29
16 9
82 75
48 94
68 3
74 52
54 54
28 69
35 11
11 40
99 54
60 87
89 66
21 66
83 83
9 80
85 28
99 30
54 18
4 96
76 97
34 91
74 19
93 9
0 60
19 17
4 78
93 76
75 38
36 64
90 42
0 93
35 27
99 5
10 23
54 0
85 98
0 9
56 70
37 49
34 98
22 5
98 36
9 57
39 28
45 80
68 32
70 67
85 56
71 14
28 52
20 35
20 90
74 83
69 48
38 97
50 43
6 84
54 64
26 86
91 52
68 62
44 30
60 24
46 13
65 78
18 62
44 83
66 11
12 90
97 90
30 36
2 39
86 28
71 99
77 1
4 24
49 68
88 14
79 46
