111
25 14
16 26
8 12
4 57
75 18
16 78
29 4
2 4
21 83
28 19
68 93
53 6
24 64
51 90
16 97
96 30
2 19
74 25
11 53
17 68
12 89
11 19
70 64
89 77
87 9
97 58
66 38
59 25
48 67
89 46
20 9
59 51
59 76
1 67
94 2
83 71
92 25
54 96
18 51
69 87
92 60
26 97
64 15
62 68
93 9
99 38
60 44
78 59
30 74
75 85
81 32
15 2
8 74
11 26
56 13
86 82
80 24
87 54
22 73
14 61
71 2
1 90
19 21
25 50
74 45
98 73
51 81
70 99
54 99
2 96
99 44
1 29
0 81
67 4
29 88
60 29
76 64
96 79
96 10
27 31
84 39
62 62
12 99
73 50
56 21
69 81
82 5
74 97
27 89
99 56
28 9
6 60
9 92
70 34
80 17
59 97
83 60
48 63
0 0
90 17
52 5
28 50
56 49
47 65
31 0
0 5
53 81
51 2
16 17
95 24
21 88
