# Penalty: 41588.812030570734
113
2 4
43 40
50 85
29 20
51 65
56 24
86 57
33 86
17 67
99 3
88 16
30 50
15 47
12 32
3 80
66 79
77 59
95 63
25 24
8 11
85 4
27 75
64 66
41 89
51 76
75 90
98 37
97 78
31 5
74 33
62 45
61 10
5 96
39 54
79 86
35 34
57 31
88 38
23 7
98 49
55 97
19 81
55 10
42 32
52 45
20 39
81 97
72 55
81 15
71 38
91 63
74 76
44 60
67 19
61 86
82 79
83 39
36 81
34 13
18 18
80 62
1 53
23 98
37 41
19 29
95 92
12 68
68 3
97 17
4 19
0 45
31 66
72 84
1 0
52 2
17 3
61 96
3 87
56 51
15 97
97 22
5 25
99 7
6 58
76 99
48 25
65 51
29 56
81 11
50 68
47 11
84 32
9 82
89 92
55 69
62 17
8 4
86 46
29 41
68 40
34 26
62 56
15 10
88 49
46 41
58 80
60 35
28 27
47 56
86 87
34 49
14 24
28 34
