# Penalty: 37318.41503358078
109
51 54
4 65
88 96
27 52
29 95
35 43
31 15
1 92
47 93
66 75
56 15
52 0
45 28
92 33
76 85
17 34
2 50
28 25
92 46
59 25
44 42
78 71
34 77
95 77
97 5
78 26
97 60
61 44
15 5
89 17
70 57
5 15
14 72
52 83
34 11
21 92
9 50
45 2
9 31
31 68
98 93
61 68
58 97
96 24
62 36
9 3
82 59
81 23
97 40
19 60
45 86
81 81
12 39
19 25
51 25
26 81
51 50
2 59
60 88
36 31
97 34
75 8
77 42
61 1
4 96
12 77
73 94
0 30
76 0
29 1
6 91
90 60
96 99
67 54
55 66
62 16
34 60
25 47
99 71
75 28
59 83
67 96
21 66
8 46
83 8
15 98
42 13
97 56
37 82
76 45
60 30
21 11
24 31
21 88
70 68
80 88
6 68
92 72
46 33
33 2
26 73
59 46
84 50
72 39
64 61
64 82
54 37
27 58
9 57
