# Penalty: 28016.87387844559
87
95 35
94 3
28 18
38 26
95 28
28 96
66 26
28 3
56 93
28 9
93 73
27 59
55 73
96 46
84 38
38 2
9 53
54 0
56 26
87 2
94 54
85 72
29 84
85 24
61 29
94 24
25 36
3 74
75 83
14 85
73 13
35 83
16 36
25 51
84 55
50 95
25 73
12 92
61 81
92 9
47 24
57 37
16 60
8 84
94 65
47 85
82 16
86 48
3 26
48 49
74 98
3 9
98 93
0 60
74 61
83 97
59 5
48 59
2 34
25 98
77 36
61 72
21 4
17 29
58 97
18 74
29 44
50 41
62 12
12 44
0 80
3 94
30 65
43 87
98 39
38 19
80 8
21 97
61 90
15 50
42 91
92 26
25 82
21 44
92 19
28 90
54 84
