600
23 55
14 51
29 46
23 63
28 53
34 54
17 63
32 64
35 59
13 56
27 67
21 49
27 60
14 62
19 58
21 68
23 44
35 48
17 44
38 51
26 71
29 48
9 51
33 57
15 42
13 65
9 58
39 62
15 43
27 71
33 42
9 57
16 42
40 58
11 65
31 43
24 72
17 42
35 44
38 63
9 60
25 71
14 44
32 43
9 59
39 59
17 41
32 42
39 58
8 57
27 70
11 66
40 60
15 44
32 44
25 70
10 65
39 61
31 42
26 70
9 61
38 60
25 69
33 45
16 44
39 60
33 44
16 43
9 63
38 59
28 70
31 41
10 63
17 43
24 71
33 43
10 58
38 58
34 44
24 69
16 45
10 62
38 62
32 45
23 71
10 61
17 45
37 60
24 70
11 63
38 61
15 45
31 45
37 59
10 64
14 45
31 44
10 59
24 68
37 61
34 45
11 60
17 46
23 70
35 45
11 59
37 62
18 42
12 60
22 71
36 59
11 62
14 46
26 69
11 61
37 58
18 43
25 68
10 60
32 46
15 46
12 61
18 44
35 46
27 69
39 57
16 46
23 69
36 60
30 42
22 70
13 60
33 46
18 46
36 61
36 46
12 59
18 45
34 46
13 59
37 63
12 62
28 69
19 42
11 64
29 70
15 47
31 46
37 65
13 61
30 43
26 68
38 57
14 47
30 45
37 64
12 63
12 47
30 44
36 62
22 69
13 47
33 47
23 68
16 47
39 56
20 71
37 47
17 47
27 68
13 62
35 47
12 65
19 43
30 70
36 47
12 64
34 47
18 47
36 63
12 66
20 41
29 69
26 67
19 46
37 57
11 58
19 45
37 48
19 44
28 68
13 63
36 48
36 65
10 48
21 70
10 57
36 64
20 42
9 56
33 48
36 66
19 71
12 58
35 63
34 48
20 43
20 70
35 62
36 67
21 69
12 48
38 49
15 48
32 47
22 68
13 48
37 49
13 66
16 48
35 65
29 42
11 48
13 64
35 64
36 49
14 48
30 69
13 67
30 46
35 67
33 49
35 66
19 70
9 49
32 48
17 48
20 69
31 47
29 68
10 49
38 50
34 67
14 63
34 49
13 49
34 66
14 67
35 49
11 49
32 70
14 66
14 49
29 43
34 69
12 49
34 68
37 50
14 65
15 49
29 45
33 69
14 64
40 54
29 44
17 70
31 69
28 41
9 50
33 68
18 70
8 51
39 51
34 65
15 67
16 49
32 69
32 49
15 68
36 50
34 64
15 66
8 52
33 67
35 50
21 42
15 65
32 68
33 50
10 50
30 68
15 64
31 48
11 50
33 65
31 68
30 47
16 65
13 50
34 50
16 64
14 50
32 67
16 68
28 42
12 50
33 66
39 52
27 41
17 69
15 50
31 67
16 67
32 66
16 66
37 51
16 50
30 64
8 54
39 53
28 43
17 68
24 41
31 66
10 51
36 51
25 41
32 65
18 69
9 52
38 52
17 65
39 55
20 44
17 67
9 53
17 66
31 65
21 43
35 51
18 48
33 64
17 64
32 50
11 51
37 52
18 68
22 42
9 55
39 54
19 69
27 42
18 67
10 52
23 42
34 51
9 54
30 67
38 53
26 42
12 51
18 66
13 51
25 42
34 63
24 42
18 65
36 52
38 55
19 68
11 52
37 53
22 43
38 54
10 53
29 67
21 44
10 56
38 56
19 67
27 43
10 54
28 44
30 66
10 55
25 43
34 62
20 68
23 43
35 61
19 66
26 43
12 52
33 63
24 43
11 53
37 54
20 67
36 53
19 65
20 45
35 52
11 57
28 67
22 44
11 56
37 56
27 44
37 55
11 54
20 66
21 45
11 55
29 66
24 44
15 63
35 60
28 45
34 61
26 44
12 53
21 67
13 52
25 44
28 66
36 54
20 65
15 51
35 53
36 58
20 46
22 67
25 67
36 57
12 57
22 45
36 55
23 67
12 56
36 56
27 45
24 67
17 49
34 52
18 64
19 47
21 66
23 45
35 54
27 66
12 54
26 45
26 66
12 55
24 45
35 58
25 45
13 58
34 60
21 46
19 64
35 55
16 63
22 66
28 46
33 62
14 52
13 53
35 57
30 48
25 66
13 57
22 46
30 65
15 62
33 51
29 47
24 66
23 46
35 56
14 61
24 46
32 63
23 66
19 48
31 64
13 55
26 46
29 65
13 54
31 49
27 46
14 60
28 65
25 46
34 59
14 59
33 61
20 47
21 65
34 58
18 49
34 53
15 61
17 50
20 64
21 47
27 65
28 47
25 65
26 65
33 52
15 52
32 62
16 62
14 58
25 47
33 60
14 57
24 47
31 63
18 63
23 47
34 57
14 56
30 49
29 64
26 47
15 60
27 47
14 53
22 65
34 56
22 47
19 63
33 59
17 62
20 48
32 61
16 51
31 50
24 65
14 54
32 51
23 65
34 55
14 55
28 64
28 48
15 59
29 49
30 63
16 61
31 62
19 49
33 53
21 64
27 64
21 48
15 53
33 58
23 48
25 64
30 50
26 64
17 51
24 64
24 48
16 52
32 60
22 48
29 63
18 50
18 62
27 48
26 48
22 64
23 64
25 48
15 58
32 52
30 62
20 63
20 49
16 60
31 61
31 51
15 57
33 54
15 56
28 49
28 63
15 55
33 56
15 54
33 55
17 61
29 50
32 59
17 52
