145
39 71
66 28
38 7
33 62
21 41
60 64
40 89
78 47
2 42
7 2
40 35
88 4
61 10
45 12
75 25
27 54
55 73
21 34
45 40
52 62
38 78
94 25
11 89
95 78
96 56
79 78
82 96
14 16
26 91
11 61
68 97
86 39
43 21
80 24
94 70
6 40
4 88
73 78
57 25
94 93
42 50
11 54
7 70
66 57
24 31
92 35
87 53
21 67
53 43
20 48
47 26
27 61
29 76
61 22
70 87
81 33
54 87
23 4
4 26
28 67
94 2
76 64
2 7
70 11
43 99
94 20
17 94
58 95
7 21
30 4
52 5
0 93
72 41
98 48
99 63
56 78
84 8
75 61
33 21
47 56
2 50
44 1
1 34
97 15
44 92
4 78
9 7
70 82
18 79
74 42
81 12
91 62
31 47
51 25
73 56
85 75
50 62
36 80
46 45
17 50
6 85
14 28
37 14
61 64
90 19
42 77
70 21
60 87
97 93
37 56
14 61
47 28
88 43
7 47
90 9
83 94
25 92
32 57
97 92
87 25
23 3
54 41
3 70
9 1
98 78
96 0
13 34
63 7
82 95
98 93
68 99
26 92
24 4
44 97
70 77
45 2
55 41
3 93
16 17
2 72
4 0
96 78
99 45
83 96
22 52
