107
57 25
13 35
55 95
93 36
82 64
42 56
52 33
59 68
69 81
4 66
4 10
33 30
90 76
31 91
64 51
78 28
10 52
54 88
7 24
54 47
76 49
95 85
45 66
75 70
21 64
37 8
90 19
99 51
67 15
28 50
2 50
33 15
44 1
20 38
35 85
26 98
8 76
0 29
73 88
96 93
92 11
58 52
75 37
48 37
43 79
96 45
18 33
93 25
52 66
81 87
78 55
9 67
42 24
18 52
45 46
14 25
89 86
88 45
11 39
9 90
18 9
84 4
0 93
67 3
51 12
31 70
71 97
18 78
3 15
56 99
70 11
25 16
16 97
37 1
98 31
58 85
73 64
87 97
61 34
3 70
73 21
27 31
86 71
24 56
49 97
33 84
63 99
63 83
76 21
45 70
30 16
17 73
49 52
4 35
59 16
59 62
46 9
15 11
87 72
32 58
77 13
51 38
6 44
75 35
84 82
2 95
57 89
