112
36 40
47 92
13 90
92 90
87 23
9 71
44 60
2 50
67 49
61 67
51 35
70 33
73 91
36 77
89 51
55 84
41 97
70 56
68 75
71 23
30 40
18 98
26 79
80 43
44 37
37 8
22 5
84 69
27 64
60 99
4 22
87 4
14 32
48 20
4 66
66 18
50 51
5 85
21 59
35 83
19 93
28 34
86 81
87 44
8 53
52 85
30 15
89 58
82 83
78 26
55 57
27 8
13 44
11 80
58 75
81 58
27 86
55 95
0 5
98 13
73 1
99 73
2 99
51 5
11 14
91 95
43 86
72 5
93 31
0 31
74 98
35 60
90 9
17 28
97 90
7 2
93 36
44 72
62 18
40 26
1 80
50 58
92 68
27 54
93 97
2 95
71 77
71 56
16 18
1 15
78 97
79 10
34 16
13 55
19 73
3 70
41 56
67 59
77 75
44 14
35 30
13 59
46 51
9 18
27 74
91 85
84 36
75 80
34 61
54 66
39 46
75 52
