108
38 67
92 90
50 40
95 4
54 70
31 20
47 73
24 97
52 15
37 86
93 64
85 30
70 23
74 55
9 60
79 96
31 44
96 10
39 93
31 81
78 85
60 6
52 24
26 73
45 63
54 97
25 1
66 38
23 56
94 47
2 39
10 10
42 3
68 68
81 11
36 48
58 85
16 73
15 90
97 90
92 25
13 34
2 54
75 81
19 21
54 47
95 55
76 67
41 10
46 26
93 39
73 15
88 95
51 81
30 61
68 86
89 4
44 51
94 17
45 17
84 92
1 92
4 23
65 3
25 3
27 37
90 70
81 53
16 83
7 96
12 44
24 21
70 99
80 39
66 19
98 82
99 32
33 34
16 58
67 59
3 28
99 61
18 75
37 88
75 6
82 67
75 35
33 5
7 53
93 97
63 73
87 21
36 50
29 95
44 87
90 49
55 74
26 47
78 96
33 78
26 15
8 9
89 54
54 99
22 87
10 8
91 85
80 60
