118
66 42
83 75
41 42
29 22
24 64
44 14
76 31
41 64
92 14
73 55
30 96
73 90
2 10
75 71
27 27
31 85
34 3
93 52
5 60
10 31
59 22
59 2
14 92
26 43
57 89
16 12
97 77
82 15
76 97
39 71
58 52
41 97
42 34
8 41
95 45
66 18
61 37
99 5
48 82
85 32
54 2
15 96
70 69
72 4
86 16
92 68
38 51
86 81
47 39
13 24
70 98
57 78
83 54
15 66
42 2
36 15
68 50
45 70
78 37
94 39
24 34
30 75
85 8
66 85
42 58
20 20
4 76
72 38
95 92
50 67
25 1
0 60
1 14
55 96
98 25
0 42
2 0
33 65
8 74
23 43
17 5
16 87
50 19
21 57
52 53
81 78
61 67
93 31
60 99
89 58
45 28
56 37
68 11
29 95
28 57
6 15
9 57
94 72
30 18
56 70
69 64
17 38
62 34
43 25
79 48
89 23
94 94
56 32
46 98
69 48
31 34
2 75
56 0
99 7
29 13
0 41
92 94
85 44
