116
84 73
60 55
42 25
37 94
92 33
42 35
5 96
8 8
24 86
21 43
4 22
76 35
41 68
42 50
68 68
92 68
44 94
35 21
61 74
32 27
91 7
82 51
80 90
60 9
4 43
30 6
96 91
65 93
96 48
75 13
27 69
67 36
51 91
36 48
8 84
66 51
99 5
78 27
22 95
93 62
7 50
78 86
69 71
70 8
86 15
53 71
49 30
31 79
42 16
57 88
4 90
30 54
85 8
73 89
58 46
89 94
38 85
32 35
37 56
78 3
19 18
1 67
88 85
66 85
15 94
33 86
12 77
52 5
0 37
18 62
18 39
79 58
56 23
37 2
94 25
47 70
93 42
1 57
98 68
99 7
16 20
39 99
2 71
59 32
58 98
63 5
51 48
81 49
21 47
72 64
85 1
49 10
14 32
72 99
69 22
96 53
47 34
32 12
82 44
75 72
43 61
78 21
67 49
55 83
33 21
29 96
23 38
6 5
2 21
35 12
99 94
5 7
19 63
41 33
2 23
28 42
