112
12 11
18 31
22 42
97 35
59 35
94 67
33 83
26 56
6 73
79 14
81 74
33 23
80 32
74 61
47 46
61 20
17 5
24 86
40 28
28 49
81 20
67 33
86 49
58 85
95 88
89 1
61 1
4 98
48 69
0 19
70 77
10 31
31 67
39 84
57 87
91 85
53 18
4 88
25 3
99 50
97 8
49 55
83 39
82 5
51 37
75 82
24 35
20 74
64 8
3 11
96 79
94 60
22 10
32 32
18 49
91 16
65 74
54 26
71 26
42 2
82 96
63 50
4 47
72 12
99 28
39 96
12 59
6 72
99 98
67 59
36 61
11 92
48 4
2 74
73 91
13 26
45 73
25 18
31 97
19 80
46 41
6 39
70 54
33 5
15 57
91 65
91 22
32 47
76 0
87 46
73 40
61 80
5 17
42 57
97 17
21 0
56 16
96 74
94 33
21 64
13 45
65 45
25 79
44 69
83 60
41 36
19 25
87 74
28 61
67 88
14 66
82 14
