127
98 2
11 4
56 76
8 96
92 92
50 9
86 72
25 11
9 80
41 87
72 51
83 15
6 60
4 42
22 29
46 63
23 52
91 75
61 46
81 6
85 89
72 59
13 88
49 73
13 13
28 40
24 97
71 29
29 68
93 52
90 32
48 25
63 17
39 50
67 85
36 2
50 91
78 45
55 38
31 24
29 77
1 14
70 68
4 57
92 18
15 33
99 84
39 18
89 66
27 86
58 13
47 30
80 95
26 6
85 28
61 70
87 11
72 8
33 56
52 83
62 99
98 36
4 76
1 24
4 0
72 83
20 66
47 57
17 48
35 40
59 2
10 99
70 23
16 29
34 73
87 46
73 37
34 0
99 22
7 74
35 96
62 55
43 11
86 61
9 46
49 39
73 78
95 38
23 83
45 64
98 77
19 27
10 76
79 12
18 9
14 94
0 87
40 26
78 35
40 8
93 32
53 48
60 64
25 23
42 79
16 52
56 25
58 79
36 33
92 85
98 0
30 87
76 97
2 40
58 98
0 60
96 0
7 0
0 21
97 52
77 98
3 60
0 40
58 97
21 66
56 0
49 19
