142
1 4
12 4
11 25
12 14
0 14
97 4
11 86
15 9
8 10
31 30
13 34
57 31
12 55
10 47
11 0
31 80
59 12
79 15
11 19
13 72
31 39
16 29
22 9
2 0
36 15
50 71
26 53
27 99
52 28
98 0
37 88
19 19
55 42
7 76
25 71
3 5
13 40
27 34
89 77
90 42
98 23
47 57
4 99
54 99
74 77
0 63
3 20
79 10
32 55
44 14
28 1
99 18
41 44
9 90
44 16
23 85
85 16
1 90
1 67
47 47
32 25
56 33
15 63
0 83
24 43
29 11
3 73
50 42
17 78
29 45
60 9
86 39
88 75
26 99
53 71
49 97
17 34
97 25
97 2
49 73
62 12
87 41
89 76
48 57
24 99
75 79
52 97
18 20
37 89
82 15
28 57
98 3
29 2
88 42
52 73
61 14
11 49
53 28
44 13
51 57
97 24
1 59
90 76
2 97
0 9
53 98
22 99
75 75
83 16
35 30
96 0
29 57
86 38
26 0
98 25
60 11
49 72
43 10
34 83
89 78
2 99
50 97
59 28
49 56
10 48
45 42
15 64
25 99
78 12
0 60
95 2
27 1
33 30
85 40
50 73
62 14
43 13
99 20
35 87
53 97
0 99
17 11
