128
62 55
31 57
75 37
93 44
56 68
10 73
64 67
36 71
93 88
20 48
31 34
25 13
2 19
40 22
95 9
75 25
62 45
93 77
36 61
64 49
39 29
63 78
46 67
76 97
55 28
81 58
5 40
18 95
44 92
1 4
49 7
94 27
47 49
18 26
30 4
91 95
76 87
85 5
95 55
4 66
90 74
0 50
55 83
68 20
26 91
82 62
93 41
11 26
14 49
30 48
55 21
70 92
40 75
73 64
88 31
12 19
45 25
58 62
23 55
63 86
46 72
4 99
66 5
27 22
16 1
46 98
44 6
25 81
47 41
15 0
13 65
75 2
61 34
89 1
42 89
7 35
28 83
35 0
61 7
85 15
25 34
77 55
81 80
49 97
70 70
14 87
77 94
97 35
79 23
32 68
42 57
61 24
5 44
52 35
17 25
56 53
87 54
37 53
75 16
21 45
37 26
0 5
59 14
50 63
54 78
19 43
99 11
76 39
97 58
95 91
0 4
95 72
5 99
28 54
99 12
76 41
31 0
14 1
12 67
42 67
19 96
91 98
47 4
97 27
89 0
0 52
3 19
14 40
