108
21 31
4 34
60 55
70 14
35 37
66 84
36 51
48 2
23 45
36 75
52 77
33 11
45 27
18 2
62 32
31 57
75 90
71 74
70 56
47 85
16 11
35 27
70 25
63 78
83 3
93 52
9 80
88 75
8 51
2 7
43 99
78 37
99 65
90 28
16 73
86 6
17 28
57 41
31 79
64 4
49 66
89 82
18 90
9 44
75 47
63 27
59 47
57 91
75 18
4 25
37 21
82 73
13 49
39 67
56 26
21 36
48 52
70 66
21 79
80 13
55 84
88 98
80 82
2 64
40 79
31 30
99 0
98 23
1 80
58 98
94 37
72 97
47 9
62 1
17 58
86 49
96 79
37 43
0 39
95 14
84 64
44 97
0 69
63 61
11 4
89 1
82 96
36 7
80 39
50 58
47 37
92 58
36 83
22 53
49 19
74 0
4 60
90 19
64 47
89 89
70 33
41 89
44 71
49 42
19 93
78 27
19 42
41 65
