113
21 59
78 49
84 63
20 53
24 97
48 45
25 11
42 77
65 55
89 34
74 9
99 51
13 80
76 76
68 37
94 76
39 48
68 7
27 66
59 58
40 34
13 64
67 67
90 19
88 95
69 94
17 38
44 4
3 93
2 41
27 25
54 14
55 88
6 61
22 5
35 96
34 51
83 93
48 69
14 18
0 86
9 99
17 80
75 2
74 42
59 12
31 70
72 84
38 86
38 56
30 28
16 32
75 19
81 55
61 3
18 11
63 87
25 50
51 50
50 78
69 61
7 30
21 64
54 31
4 0
66 47
98 46
95 13
50 94
1 47
3 9
95 82
45 18
97 32
75 35
54 99
18 97
3 75
89 68
62 26
94 48
2 33
83 21
25 1
37 20
32 80
47 72
4 55
58 82
25 34
52 5
51 25
87 77
94 37
79 24
11 75
33 47
58 98
65 78
61 37
8 44
54 68
34 72
81 63
93 27
29 12
70 11
42 2
98 13
84 92
73 54
4 2
19 74
