# Penalty: 37455.22655695074
111
93 86
47 79
61 96
31 98
35 66
86 69
75 57
7 47
90 24
70 2
18 62
75 32
32 40
17 31
40 6
71 71
3 33
59 12
47 94
43 49
49 71
93 29
27 38
80 72
32 80
78 94
7 7
8 78
60 52
84 5
88 44
2 65
17 92
61 30
21 24
32 63
34 8
75 97
67 81
16 9
49 19
65 67
89 10
88 84
74 50
87 59
8 18
65 6
48 54
25 85
84 98
64 85
74 43
78 21
12 38
68 37
96 77
86 51
40 60
41 75
52 38
98 97
31 24
1 50
22 52
7 95
97 11
98 61
44 61
73 18
23 3
43 98
23 76
45 28
4 22
53 14
2 75
38 2
58 99
24 99
99 57
91 33
16 54
15 3
52 33
34 44
99 21
22 17
18 38
66 31
64 53
39 82
63 77
2 39
6 25
50 42
65 99
10 64
32 2
80 56
14 87
85 80
35 36
69 23
96 51
57 91
14 56
70 67
46 69
31 68
15 46
