119
75 59
83 25
4 20
89 12
25 95
47 46
51 68
96 76
65 2
4 98
44 3
4 65
59 37
41 89
80 96
56 18
64 89
38 41
38 10
71 56
89 72
35 82
9 44
97 48
21 31
12 80
27 54
4 2
65 75
95 33
67 36
13 65
72 6
58 62
27 74
73 21
46 22
31 14
99 5
2 51
82 77
44 54
74 52
85 61
12 24
69 83
17 51
98 16
86 34
18 72
55 73
47 36
42 59
95 82
16 33
70 26
61 54
11 71
78 69
60 28
96 99
18 7
54 45
41 97
56 89
33 40
83 93
11 94
85 0
56 11
73 41
3 27
37 0
21 10
30 28
11 99
10 85
90 19
25 47
43 64
1 67
75 2
81 45
11 49
41 86
37 24
70 16
27 85
73 74
35 60
75 90
89 79
63 31
23 26
89 20
57 63
72 16
40 44
61 82
34 96
21 81
61 45
3 5
99 48
75 80
18 42
99 98
60 16
99 2
26 99
96 33
99 51
57 54
1 4
18 6
71 44
83 85
99 97
36 45
