116
70 71
12 86
44 1
92 83
80 52
77 81
71 84
39 48
38 64
92 25
70 20
63 7
13 47
36 87
3 25
48 12
87 31
22 42
89 92
33 52
79 42
68 77
11 4
54 54
26 76
94 60
64 37
54 86
21 20
83 8
2 96
33 5
37 96
54 21
1 4
80 59
73 23
54 78
4 47
18 66
11 30
68 3
58 63
36 93
62 90
11 94
30 38
79 95
17 80
42 78
38 9
74 52
86 81
10 20
67 65
29 66
63 25
64 90
83 51
4 63
45 34
96 99
43 64
94 2
99 23
0 70
0 40
93 46
42 30
59 40
25 34
3 18
88 65
51 15
82 96
99 18
81 37
25 15
99 82
9 67
72 6
36 51
66 51
49 30
37 0
28 81
43 68
9 83
15 57
39 18
82 73
7 33
52 40
78 27
92 61
50 54
52 68
17 71
25 56
20 27
73 35
68 11
90 35
57 26
82 79
15 2
5 73
70 88
31 73
62 73
78 66
87 9
4 99
0 4
99 98
85 88
