103
2 2
86 7
52 89
44 91
22 95
11 61
41 43
33 31
78 73
84 9
61 47
57 31
45 59
29 59
16 16
49 27
61 59
28 25
29 51
61 39
45 51
37 36
53 59
41 31
37 59
33 43
53 51
13 65
49 43
8 8
49 35
22 22
37 51
61 27
27 30
78 70
29 39
83 3
8 64
78 76
15 57
61 54
93 88
14 37
41 23
38 84
57 97
93 97
55 40
13 34
11 13
87 9
17 48
52 93
57 23
79 0
6 60
17 51
40 37
13 27
65 35
24 97
26 45
35 22
27 97
95 88
38 87
0 4
78 68
63 61
19 93
96 89
56 99
4 0
39 83
28 63
58 45
14 10
12 32
63 25
81 78
43 64
20 94
90 9
93 87
63 63
38 86
57 99
1 3
55 85
7 69
29 63
13 11
13 33
73 74
64 25
22 93
89 11
97 93
63 62
77 1
58 99
32 36
