122
14 28
41 19
7 11
57 97
61 63
21 4
91 20
6 61
84 92
77 65
50 51
82 40
2 78
60 37
40 11
78 47
80 16
42 26
54 65
87 82
9 71
51 22
19 93
96 66
35 75
42 92
96 45
71 98
34 54
99 99
65 20
42 2
69 48
74 32
97 15
28 1
49 73
42 34
11 49
93 31
33 95
17 72
92 59
80 11
7 6
49 93
87 97
44 49
80 84
3 21
1 67
33 18
68 17
54 89
35 87
92 71
61 52
86 51
85 66
98 0
82 28
0 93
24 41
65 78
3 37
79 0
15 90
28 37
54 8
19 55
19 25
9 44
97 80
71 64
16 95
68 34
44 75
49 0
39 60
14 24
25 11
43 41
4 53
60 11
64 92
69 75
56 67
94 51
4 81
13 99
51 23
59 45
89 34
1 47
55 98
16 64
96 93
66 9
78 94
16 45
24 97
73 74
30 4
74 41
63 62
45 9
21 15
48 58
24 87
75 25
96 0
49 40
76 56
87 90
3 5
81 2
33 73
99 18
28 36
0 95
0 19
44 18
