# Penalty: 41088.25830642289
109
35 65
31 90
47 73
69 20
59 45
84 21
81 57
91 40
8 64
15 27
98 62
91 90
39 28
59 81
77 34
54 8
85 77
17 66
28 97
68 73
84 66
52 79
38 75
86 45
94 71
86 30
57 70
47 54
16 47
46 95
8 97
96 8
78 96
66 43
37 35
73 56
14 33
25 48
23 82
5 88
4 21
99 38
96 55
87 99
76 78
61 12
63 38
64 67
85 12
46 90
61 88
20 56
79 60
97 34
83 91
33 92
69 48
69 85
30 3
16 0
71 39
25 17
0 52
99 17
41 1
47 82
9 78
46 24
68 6
45 47
99 91
11 8
34 61
32 21
99 69
87 7
22 31
11 42
45 9
60 21
49 32
19 14
16 63
27 78
77 18
43 45
98 84
27 39
33 71
62 53
30 56
13 72
55 37
89 26
62 69
75 87
70 34
14 49
42 93
25 87
90 80
41 38
41 67
55 87
75 23
51 68
27 66
65 75
33 81
