# Penalty: 45066.924119351825
98
39 60
72 60
54 27
26 79
76 24
22 68
29 37
73 78
64 39
55 70
33 59
22 30
70 26
78 61
75 16
25 3
36 20
91 46
83 75
66 46
20 58
78 31
38 48
62 67
31 27
62 34
67 55
42 88
5 70
8 29
97 52
44 16
12 16
27 7
37 74
20 75
55 65
83 80
20 39
64 16
87 18
84 36
40 22
61 49
17 23
35 51
47 63
28 73
69 64
6 98
5 53
63 24
27 95
63 1
83 22
2 0
19 25
49 2
70 69
48 37
73 91
43 93
0 71
30 65
86 61
19 54
66 84
82 47
74 10
27 89
58 58
12 80
44 34
50 13
90 69
59 79
11 38
35 6
25 41
56 74
49 57
19 61
81 56
20 82
36 80
75 41
53 34
56 51
36 29
11 70
49 73
41 55
37 63
28 24
76 69
65 30
64 69
30 31
