117
82 6
37 10
7 78
55 64
70 80
57 18
50 91
18 30
11 4
42 49
85 85
47 28
40 67
16 96
82 15
45 2
64 27
54 37
70 3
41 19
49 19
7 21
96 76
81 68
70 44
26 86
24 54
92 35
96 13
3 50
31 39
83 53
63 97
71 29
84 92
6 5
19 73
41 97
31 24
64 47
2 72
87 1
9 59
27 10
5 87
44 73
18 45
89 28
91 65
75 59
49 94
81 78
78 22
71 9
70 34
12 47
58 23
92 85
1 36
99 98
85 48
68 96
99 38
20 15
99 18
33 85
61 61
36 71
48 45
3 28
19 93
1 57
16 73
97 2
1 14
19 30
45 5
54 58
75 65
97 35
60 9
28 47
80 93
54 41
26 99
4 42
20 7
40 35
73 2
16 66
70 64
74 29
17 25
5 17
84 39
47 59
92 5
92 20
89 71
12 87
55 15
73 74
40 31
8 64
31 16
56 47
87 57
98 22
77 85
92 78
63 17
41 13
98 98
4 0
66 96
27 56
87 10
