114
53 16
43 64
47 49
89 80
21 27
30 63
70 54
54 31
78 90
36 93
0 40
96 13
82 40
4 55
12 3
58 89
38 24
50 6
65 35
44 69
10 28
46 84
74 36
13 88
79 10
58 62
24 41
84 59
4 75
97 39
64 5
97 67
17 94
58 95
22 5
45 2
3 93
82 93
61 70
18 42
44 49
4 22
18 78
91 7
59 32
72 6
1 67
43 31
32 58
89 34
40 10
27 89
58 9
58 56
68 44
12 42
48 22
48 90
46 39
97 93
68 20
78 68
3 15
25 11
37 99
85 54
82 21
76 97
92 78
97 12
2 7
91 98
35 30
0 50
0 82
37 78
18 24
36 2
78 1
18 7
75 25
20 48
33 93
36 50
9 69
33 75
78 83
80 64
81 35
61 47
22 96
7 33
61 16
47 73
45 50
85 84
35 60
9 80
10 8
68 29
75 15
76 41
51 36
23 86
46 12
17 11
62 91
96 43
63 70
98 68
97 92
57 23
0 94
49 59
