94
48 58
4 20
21 64
80 96
4 79
38 87
23 43
38 43
27 31
89 92
6 68
82 88
27 97
68 73
66 87
49 96
3 53
24 79
22 60
12 14
56 70
57 84
38 62
12 47
30 81
42 93
8 24
44 51
88 99
24 90
76 80
30 39
15 33
20 69
14 55
0 5
7 86
11 62
58 98
2 42
40 78
59 59
30 59
16 19
6 9
14 96
44 60
44 96
1 32
21 83
23 37
0 12
65 78
32 73
9 74
46 88
0 93
26 51
29 87
73 99
24 22
49 72
63 64
55 99
26 71
5 60
6 38
14 91
28 25
52 54
85 91
1 67
51 81
16 40
40 70
14 24
75 90
7 53
40 54
30 92
54 96
0 94
9 17
21 46
0 37
0 4
39 40
45 61
57 90
94 99
1 37
1 4
81 80
23 32
