142
59 45
3 18
65 78
39 5
43 43
63 21
89 72
79 75
99 30
80 57
50 61
34 58
35 30
19 72
13 59
39 91
30 4
88 29
29 46
35 66
56 82
56 36
6 13
10 75
60 67
44 29
16 93
88 95
74 97
90 44
25 19
50 14
46 78
12 47
21 86
0 4
48 57
67 51
98 49
18 4
77 61
48 22
48 2
29 80
16 52
65 37
29 39
50 91
73 87
85 61
26 66
52 30
32 32
69 61
42 49
23 49
25 76
91 7
75 12
64 2
0 93
56 55
14 28
97 84
54 97
96 99
94 15
1 57
73 31
1 79
82 42
24 97
72 6
17 25
87 21
58 97
56 0
61 16
35 87
37 40
25 11
97 35
66 84
12 67
94 90
69 28
64 70
99 20
45 71
11 6
15 42
29 62
84 47
10 21
4 63
40 20
73 13
50 56
55 38
21 34
80 19
87 39
20 79
49 18
26 53
2 95
59 90
31 70
99 51
73 99
0 95
82 75
48 36
40 57
4 79
16 0
0 0
98 83
17 94
39 94
9 44
44 1
90 9
91 98
2 19
99 50
74 99
71 33
0 94
83 75
49 76
2 78
63 0
2 57
25 18
15 2
70 54
19 93
51 45
33 5
64 67
31 47
