156
3 3
5 83
40 77
34 3
45 12
2 50
13 65
18 30
25 47
3 28
30 92
35 27
17 15
35 63
45 47
45 92
3 97
25 73
18 1
1 67
3 18
20 48
12 80
18 95
45 37
5 42
32 3
25 17
45 73
1 57
17 5
45 57
25 92
3 27
17 60
40 43
1 82
40 23
47 3
3 9
40 92
1 42
30 77
30 33
17 25
23 55
40 58
45 28
2 90
20 78
40 8
22 40
2 75
9 3
45 82
4 35
30 18
26 3
35 47
35 92
30 68
3 17
17 85
18 20
5 68
13 55
35 17
15 37
35 72
40 33
30 48
18 90
17 70
23 35
40 67
18 10
5 58
10 93
10 43
10 22
25 82
25 62
33 10
25 27
48 20
35 83
32 55
15 47
47 63
32 40
10 73
42 2
10 13
10 32
41 87
21 64
2 97
2 0
39 48
37 33
0 97
44 96
48 5
0 0
8 58
40 18
0 42
16 74
47 96
18 0
31 62
3 0
25 97
1 97
48 1
48 55
48 35
0 83
32 2
48 80
32 24
0 43
46 96
0 2
31 87
1 98
17 94
2 27
47 4
10 53
47 36
47 72
0 82
25 7
47 19
44 97
2 1
47 57
2 17
19 96
0 72
46 1
47 73
17 0
47 97
0 1
4 97
47 37
1 24
46 58
19 95
32 4
0 64
0 41
20 32
9 83
