# Penalty: 41151.750735482354
110
70 74
75 30
65 10
86 72
29 15
61 59
52 46
51 6
84 61
57 91
21 88
40 63
78 98
21 36
4 23
49 74
99 46
29 33
77 61
23 11
54 33
40 46
71 86
60 41
80 67
7 63
84 0
95 23
8 82
27 52
4 53
70 3
17 64
45 32
40 79
37 9
11 23
85 8
86 89
88 23
45 60
14 96
86 54
48 21
30 24
31 59
1 73
88 81
71 97
68 38
66 4
46 46
80 27
17 16
75 53
80 75
92 61
3 2
35 96
19 25
35 55
3 37
96 93
24 84
19 50
52 89
7 37
38 0
43 18
4 86
24 72
83 45
55 70
74 24
94 96
66 42
90 9
99 60
17 7
94 76
58 11
4 46
5 80
61 85
29 94
56 56
6 16
82 39
32 38
31 91
43 14
78 21
81 6
9 52
78 91
31 66
65 27
72 8
26 4
5 49
40 35
19 54
59 52
14 33
79 85
84 65
38 22
35 41
20 17
78 32
