128
2 50
21 32
77 33
55 46
22 18
11 56
13 88
69 81
2 30
93 9
82 96
23 86
90 32
24 8
89 89
63 72
19 56
91 15
67 44
66 92
86 39
83 30
5 56
53 16
72 6
42 77
38 97
2 75
55 30
94 69
35 64
37 26
11 14
25 36
11 94
73 13
9 71
84 73
56 14
49 65
10 42
91 95
53 38
73 99
98 6
69 31
71 1
97 31
21 51
39 71
18 87
45 36
15 21
0 5
51 91
80 57
41 8
39 50
7 83
25 1
98 78
36 93
90 54
70 67
3 2
58 95
63 28
35 50
32 22
54 54
23 66
72 84
51 80
37 78
75 62
87 16
24 41
53 48
86 81
69 28
28 4
39 18
9 3
91 44
32 92
23 77
77 43
3 44
54 69
9 74
56 21
82 18
18 95
30 36
99 17
47 84
67 86
6 48
25 11
59 45
4 66
26 56
72 28
15 37
45 14
82 87
29 32
2 27
83 32
18 4
37 83
97 2
0 27
49 75
99 75
99 32
67 0
61 31
96 97
39 49
54 97
8 97
69 48
81 58
37 99
2 29
98 2
25 26
