124
92 70
66 32
5 76
2 50
47 70
85 5
45 90
39 18
61 14
27 76
87 33
21 24
85 56
39 58
75 20
83 71
54 11
1 81
94 7
56 25
98 46
17 94
21 41
14 1
6 15
60 87
23 56
60 54
61 69
27 10
87 91
3 35
1 90
8 64
22 60
0 17
36 96
97 72
37 47
28 27
67 56
35 80
19 80
82 15
83 81
32 12
51 25
87 41
46 58
11 36
52 95
60 2
51 76
91 52
37 66
16 52
78 8
25 16
16 29
9 82
44 1
54 41
27 54
74 97
40 73
98 13
90 97
76 67
99 28
76 44
99 83
36 40
50 39
14 96
31 96
73 81
71 29
58 98
4 66
99 51
99 8
24 0
61 73
37 26
1 52
97 65
53 55
21 74
8 31
61 40
75 50
71 24
33 82
46 98
73 64
43 11
15 92
20 39
68 14
20 14
89 77
80 27
18 74
37 55
21 90
83 64
35 23
91 15
35 4
68 17
33 73
74 99
10 1
3 15
91 98
0 50
99 30
60 0
60 26
75 99
32 99
2 17
1 34
26 66
