115
28 69
54 58
16 42
49 44
85 1
78 50
70 36
4 4
82 15
69 81
32 55
57 97
92 45
2 85
16 86
3 99
75 97
59 55
15 34
71 21
72 73
31 48
63 33
2 12
67 87
52 39
13 10
9 92
97 81
47 80
34 16
91 95
55 18
7 53
99 5
30 94
37 34
36 71
73 64
99 98
43 27
90 70
68 12
75 35
24 87
58 65
53 84
44 71
40 54
66 96
78 8
61 19
84 25
59 92
9 67
2 27
44 4
99 20
50 54
21 8
37 99
51 2
22 73
98 29
66 0
17 58
85 48
80 80
7 99
32 12
0 4
33 30
21 0
33 85
94 6
75 58
52 99
85 94
35 50
89 34
69 38
85 18
53 15
10 20
38 35
10 82
92 88
21 64
43 87
14 1
70 54
56 33
85 53
50 73
28 5
35 56
16 93
63 15
70 31
64 67
34 73
51 29
78 12
24 54
90 67
45 46
7 68
0 31
71 45
4 52
14 37
99 81
89 68
45 3
44 63
