126
5 60
5 40
93 64
73 35
69 77
82 91
13 85
97 22
82 15
97 48
51 35
32 90
33 30
33 75
21 55
14 28
45 61
68 13
50 80
87 94
88 84
61 90
89 34
7 99
59 2
27 11
81 47
9 5
78 61
91 4
5 83
29 67
40 20
68 56
15 50
2 57
55 84
40 77
77 42
74 9
91 75
96 13
13 77
48 48
38 14
14 98
35 61
41 87
1 92
82 30
74 43
23 71
61 75
33 83
76 89
29 32
62 55
44 4
23 10
53 28
9 26
79 67
34 49
97 58
98 36
96 89
97 2
31 34
54 11
68 20
59 57
55 95
73 0
19 42
49 42
14 5
29 3
3 74
27 92
12 19
54 74
96 66
0 50
99 28
18 76
2 76
75 28
82 11
56 36
51 20
77 74
40 62
16 58
16 93
91 95
67 3
16 40
25 26
66 84
0 83
88 19
20 60
91 67
58 43
67 62
84 33
24 87
32 68
32 25
6 5
99 51
0 40
94 27
18 66
1 57
9 1
99 5
2 39
45 4
99 50
2 97
9 25
32 49
56 94
45 62
28 76
