# Penalty: 34223.38459962829
104
25 67
90 85
86 25
62 13
8 97
49 50
75 35
10 74
35 8
22 38
11 65
95 61
11 47
94 90
80 15
74 44
25 27
61 51
34 69
72 12
20 58
11 9
48 28
53 98
78 77
35 89
57 78
31 49
99 31
95 13
42 3
19 23
16 89
77 64
31 87
3 60
64 25
60 41
64 70
5 8
25 6
48 98
37 19
83 93
87 60
49 10
44 45
16 51
88 77
17 79
3 71
28 95
55 3
19 32
37 51
5 51
89 19
58 20
73 26
42 9
1 33
80 0
22 51
66 89
89 41
44 72
47 31
94 1
69 15
73 59
99 93
95 43
62 95
11 95
57 65
77 93
50 79
7 24
42 65
64 0
3 77
61 36
94 5
15 4
22 99
21 75
23 18
48 93
82 79
36 41
59 60
87 50
33 94
88 29
28 11
51 24
70 71
52 47
29 42
58 92
56 74
18 72
29 21
83 64
