111
58 97
43 23
44 94
94 3
59 61
52 87
96 76
69 71
80 47
82 20
12 46
11 61
85 95
46 4
30 96
49 51
2 76
25 73
6 33
30 11
70 22
53 23
42 10
3 15
92 55
67 3
35 50
67 39
47 37
29 25
2 95
97 17
38 80
74 52
86 26
51 68
9 80
5 7
25 56
25 92
18 19
76 76
61 6
22 35
94 44
62 44
36 71
64 90
93 9
42 57
7 66
78 59
38 98
54 32
89 82
99 57
55 51
77 42
48 80
62 79
75 26
38 27
56 29
87 47
16 93
98 36
75 2
80 93
2 30
4 0
23 78
33 44
13 65
7 96
8 51
46 2
68 19
28 58
4 80
82 77
21 13
65 65
96 25
2 56
47 7
19 43
21 71
63 38
35 96
43 21
13 12
28 16
82 32
40 35
75 73
17 86
73 16
68 57
59 22
31 60
61 58
98 71
94 2
87 97
4 30
61 4
75 1
16 72
0 95
60 99
18 54
