118
17 94
32 55
12 24
49 27
3 76
86 26
44 1
36 38
93 9
91 52
1 3
75 59
72 89
40 85
33 13
62 10
5 96
17 28
46 47
92 14
6 29
11 37
17 58
58 85
58 62
89 66
68 75
23 2
21 78
38 71
63 24
90 42
83 3
11 14
25 16
4 45
7 68
54 78
50 62
27 91
30 41
64 15
94 60
21 66
75 69
39 20
89 34
7 80
81 53
36 5
87 1
20 50
42 49
33 64
61 18
45 87
26 21
82 15
21 56
31 76
97 81
66 48
90 97
62 99
86 81
3 60
44 59
60 48
68 1
49 32
50 2
9 0
70 29
98 23
72 94
97 90
47 16
1 15
3 91
79 33
74 52
9 44
97 12
97 48
28 1
21 86
57 44
52 63
9 3
34 27
2 31
93 28
88 83
82 38
55 28
40 43
52 7
20 30
61 71
69 9
39 0
0 11
2 25
16 9
37 35
18 33
66 61
49 17
23 4
37 8
43 87
91 98
75 90
2 95
16 19
46 24
90 66
50 41
