109
51 35
47 94
90 15
98 46
70 41
80 90
5 96
61 80
87 74
0 82
35 39
16 42
33 19
17 84
85 1
50 11
82 96
33 52
11 37
56 71
43 41
64 37
3 15
75 12
31 90
12 67
30 69
84 39
4 0
18 9
87 56
97 28
60 51
24 54
52 93
46 55
74 21
75 69
11 61
39 75
2 43
61 10
32 98
78 45
33 28
93 42
83 81
57 64
74 97
17 93
25 40
42 17
22 79
89 33
46 36
92 51
10 92
53 86
66 71
13 78
96 53
96 89
41 0
19 23
70 81
64 2
98 0
94 70
0 29
96 14
56 24
0 70
70 21
16 27
55 50
10 56
60 99
32 14
40 68
96 10
40 53
60 31
68 7
89 66
44 6
99 32
82 33
81 53
5 24
82 15
47 70
62 45
20 38
31 79
80 69
30 25
94 25
10 21
75 37
44 51
53 77
21 69
19 91
87 9
97 90
52 63
7 0
56 35
40 44
