# Penalty: 37399.71211591218
109
56 59
28 13
98 15
56 74
69 36
79 36
39 61
30 72
57 22
2 70
2 25
97 69
37 92
47 44
96 86
21 60
91 10
62 13
38 16
28 5
60 36
36 53
64 22
25 15
79 2
37 33
67 96
97 30
83 75
18 31
7 52
78 18
6 69
64 80
31 47
72 93
42 83
38 97
83 66
71 0
75 19
46 64
0 80
47 23
4 66
54 50
49 97
21 20
67 4
19 5
90 15
29 66
65 32
41 47
78 52
3 8
20 82
48 3
3 94
1 39
92 55
65 59
82 80
81 94
26 43
21 87
98 40
84 38
5 1
94 1
0 18
57 98
90 93
50 83
71 53
21 29
99 63
3 84
41 31
71 29
23 89
89 1
52 68
33 76
55 42
7 88
95 24
54 10
22 67
86 95
86 80
36 12
26 51
59 73
80 45
33 33
9 19
89 29
54 90
71 89
76 10
28 81
38 69
81 26
34 38
45 50
69 14
43 78
31 58
