97
12 16
12 97
94 14
13 37
10 86
14 6
4 6
12 13
73 17
14 46
23 2
82 17
2 20
25 56
33 30
44 6
45 82
12 77
30 3
33 19
48 15
12 23
34 14
1 13
44 47
31 90
11 3
41 66
78 36
4 57
47 96
4 99
32 35
4 35
3 64
90 19
72 28
27 33
24 91
3 93
79 12
16 55
40 3
43 20
21 20
64 2
66 84
92 45
26 76
74 97
14 91
83 3
32 55
61 90
51 45
97 2
23 23
54 76
59 16
92 28
40 77
3 73
49 40
23 68
1 49
33 95
52 54
63 15
25 1
18 39
33 50
75 3
89 2
50 21
0 0
9 80
43 76
8 33
58 8
82 28
8 66
18 76
90 16
19 46
95 45
34 5
75 96
48 96
78 42
68 83
94 47
14 19
47 97
75 97
44 10
32 91
29 12
