# Penalty: 35835.62987613918
104
36 89
8 4
65 15
28 30
99 80
58 50
71 82
6 37
89 21
24 48
56 95
46 5
19 18
23 1
45 71
31 62
62 39
83 27
51 49
34 95
3 10
34 22
56 82
71 12
52 12
14 42
80 17
16 95
94 49
0 61
5 82
85 77
14 68
97 33
71 37
86 47
36 36
32 7
2 94
28 80
73 95
93 10
82 72
48 19
9 23
54 57
13 80
72 86
24 97
95 86
54 6
94 18
71 28
36 85
22 41
52 40
57 22
18 5
27 71
81 8
23 21
9 16
49 86
99 64
65 68
63 26
16 61
96 96
2 54
85 61
83 0
17 32
72 49
57 11
51 67
43 33
86 43
40 2
39 47
68 71
42 99
92 64
76 33
10 77
27 56
41 68
33 15
86 88
6 28
10 66
46 63
19 47
78 48
47 0
93 25
96 71
61 77
75 79
33 70
92 32
12 52
33 44
25 15
43 7
