120
28 63
14 14
12 48
35 11
36 71
24 87
35 27
78 90
83 8
83 60
7 80
29 40
68 45
63 71
19 93
11 3
12 59
65 92
78 16
36 77
68 35
21 41
87 18
97 81
50 6
39 94
97 58
49 40
82 32
12 28
68 1
94 95
51 85
5 94
79 46
1 57
28 24
58 29
13 67
84 71
49 9
70 68
95 26
42 64
6 38
10 21
5 7
74 97
29 49
47 96
49 33
69 78
21 83
71 9
3 70
30 16
42 79
7 45
61 82
54 54
32 80
17 12
97 12
0 93
91 98
99 51
87 1
39 50
33 98
89 77
49 18
51 68
63 28
4 99
68 50
0 17
1 79
81 57
28 59
94 49
54 2
66 99
78 22
47 47
80 37
63 50
57 86
33 30
18 74
94 26
87 91
4 24
25 97
16 34
36 12
91 7
77 75
43 54
51 12
2 85
78 61
54 71
35 34
68 28
21 64
42 90
17 85
23 49
71 42
35 63
13 35
25 80
99 81
69 5
99 63
39 20
14 38
8 0
97 29
44 72
