128
43 64
25 8
53 48
71 67
36 43
31 16
39 81
54 97
6 61
2 7
76 11
81 57
48 14
90 46
92 26
28 80
26 43
77 77
50 77
89 18
47 41
92 88
6 84
3 28
96 66
22 60
61 4
75 92
66 21
71 47
22 27
98 46
8 9
24 74
48 22
97 12
84 39
85 75
37 57
78 96
49 0
61 78
71 19
53 61
15 34
65 48
12 79
15 49
31 9
34 23
37 87
95 58
75 30
81 63
44 8
72 81
96 77
51 88
39 51
17 94
60 34
2 42
82 20
85 87
1 90
98 0
75 2
40 99
90 54
39 17
2 22
44 37
25 1
23 66
35 95
9 69
97 27
99 41
16 12
5 47
62 64
91 7
60 9
39 71
20 48
42 1
26 23
70 33
57 25
66 87
14 84
77 60
81 97
59 55
95 68
37 66
79 45
64 71
21 57
48 25
55 8
63 40
56 70
82 41
49 31
18 98
67 56
38 9
2 27
3 5
4 63
3 93
54 96
75 1
2 43
17 99
85 68
94 91
18 30
26 1
5 63
97 2
55 96
0 7
1 92
76 99
38 99
80 49
