116
25 69
75 49
85 68
44 47
36 84
64 15
4 76
94 90
6 18
72 84
58 86
17 52
18 33
61 53
30 25
67 71
32 49
47 82
74 56
31 35
26 56
94 12
55 28
99 61
2 52
9 3
85 1
63 1
70 41
5 27
99 18
2 75
4 45
78 94
57 92
30 87
89 84
82 51
67 26
96 66
71 9
98 3
11 13
39 50
15 59
89 15
43 94
77 65
62 12
29 77
75 42
27 42
18 21
73 72
49 92
16 93
34 3
66 48
89 31
37 43
2 97
48 61
93 42
33 18
39 5
21 99
75 24
44 28
24 4
57 72
51 42
97 81
24 74
6 61
97 48
38 64
99 28
60 31
74 87
43 99
56 58
79 4
81 29
88 95
2 17
13 32
35 17
63 95
52 77
63 5
2 7
54 44
94 70
17 70
18 9
78 14
27 33
23 47
60 19
67 36
81 58
42 34
70 2
12 27
59 50
64 85
90 26
45 56
17 61
40 86
26 33
0 97
49 33
71 19
1 80
23 66
