108
96 56
53 18
64 72
78 92
23 77
41 68
26 94
26 32
53 31
83 3
3 15
97 25
5 63
68 9
9 48
40 47
97 8
40 4
61 52
77 62
25 63
36 93
97 37
87 23
53 11
71 46
74 83
38 59
58 95
14 24
96 76
27 11
4 88
96 98
48 45
55 61
10 8
18 97
9 71
75 15
39 38
74 97
25 69
19 7
76 1
62 47
44 6
11 94
59 5
48 73
4 25
43 20
48 65
34 67
18 18
73 31
65 58
50 91
59 32
86 49
17 48
2 40
94 90
99 61
99 42
77 78
79 46
1 67
3 5
4 99
28 47
58 75
29 25
1 47
44 92
15 34
85 17
82 99
40 77
85 41
0 73
29 90
93 29
35 32
28 18
44 96
56 46
65 86
42 52
10 54
48 22
17 71
60 9
72 71
87 89
8 34
75 40
37 11
51 25
33 53
30 77
67 37
99 5
93 76
52 51
45 12
97 58
9 44
