# Penalty: 39571.402483234844
113
83 2
45 49
65 18
51 88
23 4
54 31
41 7
90 35
99 8
93 53
62 44
21 68
10 79
79 17
78 62
93 82
67 38
15 88
60 13
44 93
94 46
57 56
48 41
79 98
31 80
8 60
15 22
58 75
0 17
10 45
1 93
44 70
48 4
15 98
85 98
95 73
39 33
73 30
64 58
59 96
52 27
90 19
66 4
86 60
75 89
41 14
30 1
37 86
70 67
61 84
38 43
4 86
72 21
26 87
54 47
21 36
27 53
21 76
70 9
2 1
80 45
59 25
21 20
7 65
6 34
99 67
23 52
24 34
95 97
85 4
15 7
75 83
96 32
3 43
1 8
3 64
1 78
88 77
30 65
36 14
16 3
46 89
96 1
6 50
38 51
7 21
85 41
69 85
67 53
79 59
50 98
32 35
9 6
19 56
61 66
93 12
84 94
52 12
2 57
41 78
30 5
77 3
40 36
13 81
16 32
89 49
70 95
18 50
48 78
14 15
67 79
17 66
54 38
