141
54 10
6 28
92 82
65 4
49 16
39 94
61 90
54 51
35 63
56 76
77 46
14 96
26 26
89 16
3 68
54 41
81 90
60 23
9 85
47 63
25 11
11 4
12 44
78 25
76 64
92 45
42 80
27 77
70 78
91 66
68 35
40 27
22 28
98 23
28 57
8 21
94 37
75 14
85 95
88 8
96 76
67 49
46 88
71 97
20 51
31 14
10 20
21 66
68 65
2 78
54 58
38 87
47 72
89 23
80 39
85 75
63 9
80 96
61 73
38 17
14 34
70 56
70 23
96 16
66 84
40 44
79 0
25 1
48 2
44 30
95 96
9 6
28 97
92 52
10 54
1 90
17 71
28 36
59 37
34 49
98 46
13 78
32 91
1 14
68 9
85 65
30 63
55 21
49 55
95 85
44 99
63 38
13 68
30 92
79 91
18 42
55 86
82 42
42 71
44 7
64 23
26 21
39 30
37 77
89 81
15 12
55 18
57 44
44 61
14 99
63 30
0 64
19 31
82 1
12 99
25 0
99 38
11 3
2 87
37 44
66 97
70 79
88 2
49 0
96 96
70 51
13 99
64 0
3 28
1 67
17 48
26 1
43 31
92 22
94 67
98 81
97 37
0 87
38 45
79 39
64 20
