120
30 85
68 73
86 56
13 65
74 29
14 14
6 28
41 64
0 4
59 90
25 3
39 50
50 76
38 84
4 66
72 77
70 36
54 59
18 80
81 66
19 7
97 81
83 3
21 31
93 19
20 48
51 35
55 5
26 99
87 41
84 94
35 23
57 97
38 41
25 56
48 6
82 89
97 87
9 57
27 74
29 25
69 61
47 27
6 17
7 78
68 91
90 51
80 72
77 58
59 75
25 79
6 7
46 48
60 19
21 86
40 98
60 46
63 84
38 9
64 2
78 22
6 51
89 34
5 87
78 7
76 82
46 98
18 95
73 44
20 38
44 79
70 99
52 20
34 40
33 9
4 24
35 66
87 70
97 46
59 35
54 54
45 80
18 62
10 0
96 92
7 71
94 75
33 15
82 28
32 58
52 93
16 17
25 28
4 57
35 44
54 12
64 28
47 62
54 41
9 23
21 70
24 42
84 37
32 90
41 33
94 16
73 91
73 68
90 84
11 14
84 4
13 55
24 64
53 81
92 16
82 80
36 80
65 3
79 23
43 41
