115
71 15
6 28
46 16
67 90
7 8
41 42
70 54
85 28
87 11
76 79
54 98
23 26
35 0
16 90
3 47
31 56
53 16
35 17
1 4
79 58
42 32
79 13
63 17
97 81
89 44
56 53
29 70
21 10
54 78
90 68
94 2
10 86
99 18
70 76
83 83
43 46
23 37
40 67
21 57
92 51
48 96
20 1
97 66
11 14
61 47
12 28
61 5
76 61
62 97
74 19
47 6
50 85
25 17
32 42
78 89
85 3
25 6
82 68
64 87
20 25
59 32
11 4
34 94
14 71
51 58
18 19
27 99
12 46
66 32
30 85
63 67
82 38
9 90
45 67
0 37
49 30
25 71
70 47
96 39
93 16
39 81
63 73
44 63
29 51
49 14
7 42
63 38
93 19
3 18
18 85
27 31
94 4
40 25
85 54
86 72
55 38
40 8
58 98
55 18
37 39
64 2
32 12
59 24
98 80
92 59
62 2
83 30
15 71
28 99
99 80
24 54
6 93
0 4
65 2
18 9
