122
13 90
95 57
68 11
16 11
55 38
29 22
42 77
50 58
39 48
4 43
77 97
42 13
42 28
78 61
96 72
75 14
63 31
50 88
73 84
46 35
53 30
90 42
92 88
91 20
35 96
94 2
13 68
1 24
63 95
34 63
16 51
15 28
11 14
2 40
20 94
81 35
44 6
57 66
95 27
53 52
25 50
82 15
88 95
1 14
25 13
96 45
38 43
50 7
97 82
35 87
71 25
36 3
82 5
89 49
21 25
49 49
78 68
5 83
69 81
64 2
1 67
62 68
18 75
49 97
44 73
75 51
10 54
11 4
26 1
67 39
80 70
96 10
28 82
59 16
19 66
64 63
81 30
50 0
43 20
59 99
17 92
36 59
29 32
92 78
50 81
76 87
2 7
99 18
63 40
73 0
32 81
31 96
81 53
1 32
6 48
9 80
99 51
33 17
47 72
60 11
37 59
73 95
72 29
14 24
89 31
59 45
45 92
56 2
29 7
85 13
30 56
43 42
41 69
97 2
0 64
16 93
87 97
99 71
98 3
78 67
6 83
82 27
