# Penalty: 163206.82383288894
205
53 53
39 70
63 76
29 44
90 42
80 12
15 30
76 88
42 88
5 84
99 22
28 10
41 34
17 57
13 13
50 18
2 64
69 40
92 78
20 96
63 96
65 23
83 66
51 0
3 50
25 74
1 98
76 53
98 1
4 0
0 30
91 95
72 0
83 27
55 37
93 56
64 62
30 25
39 54
25 3
44 15
37 89
84 11
49 80
55 94
80 69
19 34
97 29
1 78
19 90
4 44
93 0
56 2
1 5
17 62
1 27
78 83
86 42
65 15
41 1
47 66
64 79
78 29
27 78
27 46
99 15
75 97
1 58
62 59
29 20
43 38
63 43
27 6
15 35
7 78
67 1
58 92
8 14
24 95
5 94
39 96
32 60
90 91
59 29
49 51
47 71
73 48
91 47
93 72
61 65
78 63
21 72
20 0
0 41
21 48
75 33
38 37
14 18
42 6
3 60
44 24
99 7
70 16
35 58
92 26
0 74
43 74
51 87
64 73
27 24
75 92
5 6
78 2
35 86
59 6
15 94
59 37
93 64
21 80
1 91
64 20
49 22
78 74
13 49
50 54
84 20
35 4
6 28
73 55
78 34
83 3
87 51
0 14
22 64
87 94
49 99
16 15
37 42
25 30
84 76
3 68
69 48
79 19
28 2
33 92
63 82
35 19
92 32
54 47
35 75
4 35
33 52
6 49
87 62
65 8
13 82
51 7
10 4
52 32
23 39
92 8
51 68
85 87
31 66
68 57
16 68
42 56
55 84
3 20
71 38
31 82
35 26
71 82
52 21
18 41
85 34
20 6
89 17
32 77
14 77
59 14
45 64
71 72
40 81
54 13
39 14
59 54
31 36
20 24
67 31
56 74
52 62
51 28
74 22
74 10
23 87
73 67
12 42
49 43
27 58
26 16
11 59
40 48
64 86
75 44
