112
70 11
38 67
8 64
35 52
86 8
78 39
96 39
12 52
50 91
30 4
10 8
24 31
88 52
51 25
97 82
22 68
43 87
25 13
44 28
41 3
90 30
80 90
51 45
13 22
72 71
56 76
69 28
65 92
18 86
57 5
32 78
85 61
37 21
12 44
14 4
92 12
62 34
47 63
30 54
85 91
93 55
48 2
79 78
63 73
73 99
78 48
42 39
97 32
26 85
82 15
50 81
93 62
70 33
32 14
55 29
21 49
96 20
24 74
84 38
56 37
25 7
49 71
33 99
59 55
0 5
5 73
79 0
1 24
3 40
11 94
66 48
9 80
17 25
87 97
98 3
63 7
9 38
63 97
47 96
82 22
75 64
97 48
24 41
42 67
50 15
11 60
43 48
39 94
58 62
74 19
89 1
29 47
30 28
82 42
62 83
59 45
43 11
35 75
9 71
21 17
97 81
74 42
50 42
11 40
99 81
99 18
14 94
0 6
2 21
16 33
33 98
65 42
