# Penalty: 42237.19980926088
115
43 90
69 5
5 68
34 10
98 67
53 74
7 22
84 26
64 61
77 67
29 88
3 5
0 50
31 45
19 69
57 13
17 42
47 64
8 53
17 13
10 30
24 48
43 79
81 42
56 45
84 81
99 16
62 31
6 88
61 92
25 25
32 60
44 3
84 90
95 60
98 80
32 28
49 39
17 78
29 2
4 95
91 25
39 65
67 70
71 26
28 31
57 85
36 93
58 20
3 43
44 38
73 78
7 12
91 16
12 14
18 35
98 42
18 97
11 22
85 50
77 95
92 95
70 47
75 0
43 19
2 67
63 98
48 57
24 84
65 45
19 63
59 2
94 39
10 82
78 98
70 19
39 76
84 60
56 97
40 15
0 27
66 84
92 80
22 64
67 65
86 23
33 52
68 33
17 49
54 59
83 40
26 17
5 60
94 50
59 77
90 66
77 75
35 38
78 56
49 6
9 74
39 85
48 47
95 32
60 35
20 90
53 63
14 28
42 30
45 88
45 48
2 16
72 61
30 54
62 56
