# Penalty: 39492.64497320342
111
7 43
14 16
44 80
27 25
59 9
9 20
8 87
49 23
59 82
73 97
82 14
22 1
29 81
63 27
28 49
5 74
72 30
19 7
52 87
58 19
44 50
52 10
31 63
62 68
94 57
98 73
97 43
36 4
81 49
93 24
67 53
96 4
4 6
14 57
39 33
83 71
49 50
78 35
79 5
17 94
2 34
63 97
80 92
3 89
34 11
26 83
92 38
44 87
3 97
80 62
7 55
25 69
56 44
39 13
58 25
85 23
85 3
62 8
48 83
7 11
97 99
32 97
29 14
30 44
75 76
53 65
90 86
0 59
44 33
24 35
15 71
70 0
72 80
3 41
65 95
93 84
81 97
71 39
65 57
43 55
86 55
91 28
80 17
43 75
55 63
21 49
12 78
28 85
54 46
9 60
72 56
64 76
43 9
43 24
12 2
30 88
29 70
51 42
35 52
69 61
88 45
26 6
78 83
77 7
63 22
3 47
12 12
57 73
36 73
52 81
16 76
