101
54 71
62 91
15 24
90 34
6 75
71 25
35 67
80 20
35 79
68 8
35 96
6 38
94 57
15 3
73 80
54 3
34 12
5 93
16 40
56 66
25 59
49 84
0 5
41 32
54 51
73 41
52 18
7 56
90 1
99 19
78 61
16 93
58 95
21 64
77 85
11 79
2 30
18 19
56 23
35 42
82 66
64 53
68 2
82 47
39 27
68 96
4 66
85 30
47 6
42 94
37 59
69 60
10 42
16 83
56 86
18 54
82 75
28 25
2 86
42 83
54 9
83 39
50 27
92 88
52 75
82 99
3 15
30 4
97 48
99 94
67 39
49 50
84 3
68 74
42 70
54 14
95 13
92 78
71 9
76 99
26 78
49 44
44 1
93 32
39 61
85 18
14 26
21 43
68 44
38 35
92 71
18 65
34 51
54 66
60 0
40 16
68 12
31 74
78 49
28 48
10 31
