137
2 52
85 86
13 37
87 70
73 74
86 49
39 94
52 5
35 27
50 48
8 8
11 81
77 34
34 42
43 70
39 8
3 30
15 46
49 86
53 41
15 7
27 33
37 47
80 80
9 67
68 93
24 64
75 2
58 75
87 11
97 94
59 28
73 16
90 42
73 64
58 98
33 83
41 64
61 4
74 41
47 19
87 18
88 95
5 73
3 5
97 48
44 92
59 49
4 57
33 22
49 26
3 38
45 12
51 68
40 56
82 52
78 16
60 37
39 50
24 97
0 93
16 23
98 79
34 3
98 23
28 80
19 93
19 50
74 97
0 90
65 52
96 65
25 1
73 31
25 79
55 83
87 0
70 90
26 16
66 0
56 63
5 52
76 66
83 98
97 84
18 0
9 95
52 15
1 80
69 48
49 83
68 96
20 38
43 34
94 57
17 83
35 77
52 97
38 61
84 78
54 51
85 38
78 12
31 14
48 37
14 74
86 56
33 92
65 88
86 84
4 42
26 25
25 7
2 27
97 25
41 87
1 4
23 65
99 98
38 17
23 99
96 23
2 95
0 27
22 50
74 64
61 3
24 65
82 87
88 0
70 16
17 23
98 98
0 56
0 71
79 33
47 57
