151
26 86
37 53
76 34
52 63
91 77
25 5
88 4
63 56
38 82
86 35
44 14
93 97
19 30
10 2
70 81
70 9
50 15
25 37
91 40
92 88
74 28
10 54
57 97
97 25
5 27
16 72
81 60
25 61
51 29
2 77
94 54
74 75
47 70
89 21
21 86
34 38
37 23
4 12
61 81
97 8
2 35
49 50
28 92
49 7
56 23
29 14
89 68
21 68
32 59
23 1
80 20
97 95
94 0
62 91
99 32
33 31
35 93
13 65
40 66
4 96
77 97
61 39
13 45
57 1
74 1
47 85
19 24
15 99
71 42
6 61
72 71
56 43
65 25
88 54
94 72
2 0
40 38
34 79
51 68
11 79
97 15
24 44
75 14
43 10
48 92
86 86
69 95
2 68
7 38
83 39
36 61
67 26
56 53
68 75
35 9
14 93
91 94
39 24
94 25
10 31
42 80
58 29
20 72
49 54
85 46
54 15
15 55
0 94
82 28
32 68
65 55
1 14
96 55
24 0
58 1
98 0
79 0
80 57
2 75
54 99
1 92
65 57
34 96
99 53
97 72
54 68
1 15
68 11
7 1
40 39
76 95
59 0
96 99
17 25
2 30
96 0
74 74
23 0
79 58
5 52
61 82
54 98
35 97
1 94
0 74
18 99
68 41
95 72
77 0
8 1
43 59
