# Penalty: 34022.817498707125
105
52 33
39 51
25 49
2 33
89 44
83 93
38 83
24 93
26 4
21 26
64 60
77 17
11 80
50 71
96 65
10 15
44 66
80 51
3 5
18 46
33 8
81 9
3 74
27 59
48 82
55 49
62 19
72 36
69 96
60 5
2 57
98 93
95 8
73 65
92 72
80 84
22 31
87 33
16 62
34 79
34 98
49 93
45 24
95 51
85 25
64 9
64 53
44 58
16 29
30 70
6 39
66 45
22 43
92 88
13 57
86 8
80 46
99 24
46 0
63 81
10 98
79 66
38 27
63 99
67 78
83 99
19 98
2 15
1 78
77 2
36 11
99 89
17 9
98 45
52 44
58 67
99 30
28 78
73 28
18 95
38 23
75 81
8 82
40 3
5 60
32 41
7 30
42 95
63 92
80 3
19 67
45 52
93 17
85 85
71 39
42 80
67 14
28 85
48 62
31 57
72 61
14 24
85 19
78 93
42 73
