# Penalty: 37232.94893572898
109
48 50
72 12
6 56
59 75
54 96
76 27
49 14
24 84
26 56
12 4
74 61
10 85
2 59
23 73
51 47
84 14
34 48
70 28
78 10
16 61
60 3
17 27
2 32
91 49
95 85
70 98
34 18
43 66
11 99
28 1
33 33
81 89
32 98
86 73
90 32
7 9
60 66
73 50
61 32
96 9
77 85
50 89
7 38
85 62
18 34
1 52
74 4
39 14
51 54
55 74
80 33
18 51
59 92
66 60
91 74
72 86
60 43
14 66
9 26
4 43
59 57
83 22
5 83
17 98
53 28
41 75
99 21
98 91
20 17
99 65
89 0
36 34
88 56
4 2
0 87
78 41
58 8
34 52
33 4
31 85
5 17
18 11
47 25
30 59
73 76
14 96
31 26
92 6
70 44
48 11
91 42
64 14
45 61
72 0
94 60
88 91
46 39
31 19
90 22
77 71
24 65
63 82
24 48
53 44
20 87
17 20
84 48
84 87
11 58
