118
43 87
8 97
40 20
3 87
82 28
92 58
64 24
21 76
47 72
51 49
12 28
61 7
3 47
9 17
89 16
70 18
8 40
76 30
81 78
22 5
61 90
16 60
61 67
28 47
80 93
25 92
96 3
63 40
37 35
51 30
95 98
64 2
97 48
42 67
87 64
44 16
27 89
90 79
80 6
90 33
63 74
23 37
30 54
65 44
9 47
31 24
38 41
18 11
2 21
2 96
55 87
85 56
40 71
87 41
87 86
81 14
55 34
39 56
66 82
95 66
89 4
22 46
54 73
0 5
2 62
39 50
47 1
16 50
31 1
99 28
22 73
74 97
38 99
71 53
55 54
7 82
41 85
97 81
54 97
18 30
76 67
3 7
17 0
62 21
0 36
79 46
27 87
35 27
55 5
13 77
78 70
30 6
75 13
25 61
95 82
47 99
58 62
25 16
70 37
30 75
10 91
77 72
11 66
56 21
73 87
27 31
11 3
87 91
71 19
47 24
56 76
79 55
99 99
94 2
99 51
0 62
99 30
42 27
