# Penalty: 38531.32507330525
112
55 12
26 18
34 31
5 22
38 63
47 40
76 60
86 43
25 46
29 87
84 75
73 90
14 82
79 5
29 4
94 43
85 61
7 14
42 13
22 12
38 38
11 22
77 82
73 25
99 15
10 58
92 97
47 74
90 28
59 85
59 64
56 29
7 95
6 43
5 73
61 4
34 83
84 4
20 32
74 33
46 58
73 63
11 74
22 4
87 89
54 22
5 28
33 24
37 69
62 10
48 82
7 88
11 50
66 65
25 80
43 35
49 20
29 19
0 1
66 50
55 99
99 59
98 0
21 99
98 79
21 60
69 95
8 0
44 3
0 59
77 10
33 49
34 93
52 46
18 97
97 69
85 22
21 39
80 76
69 35
29 65
80 39
64 88
50 50
19 76
75 0
42 0
83 53
45 93
84 95
0 29
61 73
93 9
1 69
61 35
0 12
14 6
17 37
79 25
44 72
71 10
31 59
82 67
46 10
67 71
88 81
28 79
19 23
85 29
30 10
12 12
35 71
