# Penalty: 38210.31571021875
107
78 92
25 50
63 39
82 65
21 14
39 73
36 78
3 38
89 21
3 64
71 54
14 73
37 34
10 87
88 5
3 14
30 20
75 96
77 74
85 29
1 74
32 40
41 86
88 70
88 49
48 51
65 11
45 21
53 96
63 66
59 82
10 51
38 92
98 47
71 8
55 53
22 61
3 29
76 30
91 79
21 33
57 32
10 9
88 15
43 15
68 93
44 69
74 57
31 59
82 94
59 62
17 26
93 25
37 15
87 56
34 73
59 43
16 14
40 29
96 99
23 95
38 1
44 79
55 7
97 3
20 76
97 83
17 0
99 66
28 30
42 0
83 44
31 96
66 25
0 82
13 48
2 22
78 1
17 90
60 93
90 82
41 59
75 24
19 70
64 2
57 38
26 3
5 67
44 44
96 63
51 19
78 71
75 88
25 44
24 88
39 45
56 22
52 37
10 59
92 89
47 73
23 19
33 88
35 64
73 65
49 42
28 69
