1380
45 47
88 46
68 56
79 51
4 53
23 49
50 51
5 44
96 54
56 43
58 57
34 47
11 58
73 56
18 54
39 42
63 44
28 53
35 55
71 42
16 42
87 55
77 45
28 42
11 49
97 39
95 47
49 42
21 59
42 56
82 55
64 53
85 48
2 59
50 58
0 50
92 60
42 41
33 59
21 41
97 51
63 39
71 51
0 42
56 38
14 54
67 59
37 53
82 40
54 47
65 38
6 61
77 60
92 45
23 56
93 54
7 55
98 37
23 38
42 39
1 42
40 61
59 54
21 39
99 38
98 58
1 60
1 41
72 37
22 39
39 38
97 37
97 59
59 61
57 38
0 59
5 40
72 38
82 60
22 40
42 59
99 40
98 59
38 37
56 61
21 60
0 58
6 40
81 39
97 38
96 59
42 60
31 50
73 59
57 39
40 38
57 61
21 40
22 61
1 59
5 41
98 39
80 40
41 39
58 39
73 60
58 61
41 60
97 58
20 60
19 39
2 43
81 41
96 39
41 38
57 62
2 60
97 57
20 40
75 59
43 58
0 43
98 38
81 40
56 40
40 39
19 61
5 60
96 58
78 59
20 41
57 57
97 40
2 44
73 38
38 60
57 40
22 60
3 60
98 57
73 58
58 58
96 38
1 44
38 38
23 39
39 60
58 40
72 41
23 57
96 60
75 61
4 59
57 59
98 40
1 43
41 40
24 39
42 57
80 41
21 57
73 57
56 39
4 58
99 56
58 59
4 41
39 39
99 39
24 41
42 58
82 41
23 59
75 60
4 61
99 55
57 60
40 41
57 41
4 43
19 40
76 60
21 56
73 39
37 58
4 60
99 57
58 60
39 41
2 42
99 41
79 61
23 61
38 59
79 40
23 40
3 59
56 42
98 56
4 42
39 40
59 59
95 38
74 60
41 59
21 58
74 39
24 40
3 58
56 41
5 42
94 59
57 58
98 41
76 59
22 58
40 60
78 41
40 40
55 38
3 42
96 57
59 60
74 59
23 60
74 38
5 59
23 41
38 39
55 41
40 56
95 59
97 41
5 43
73 40
22 59
2 58
24 42
78 58
58 42
38 41
43 56
59 58
3 43
96 40
77 41
97 56
19 58
1 58
80 60
55 40
38 56
19 42
0 44
38 40
79 41
20 59
96 56
78 57
59 57
58 41
41 56
22 42
99 42
77 40
19 60
41 41
57 43
56 58
79 60
40 58
4 44
19 41
95 39
5 58
73 41
95 58
55 42
75 58
20 42
37 57
3 44
56 59
23 58
95 40
74 42
22 41
79 59
40 57
96 41
59 39
6 58
56 60
22 57
98 55
40 42
77 42
41 58
74 58
20 57
55 39
38 42
94 57
6 60
74 41
24 43
57 56
38 57
78 60
98 42
41 42
95 57
56 57
6 41
41 57
75 40
74 57
20 58
23 42
6 59
57 42
94 39
40 59
80 42
77 59
94 56
6 42
58 43
95 41
22 56
60 60
37 38
78 42
38 58
0 57
21 42
95 56
75 57
55 43
6 43
24 59
97 42
39 58
79 42
94 58
55 61
1 57
79 58
59 40
20 56
37 40
39 57
96 42
74 40
76 56
93 56
4 57
59 42
24 60
7 39
37 39
39 59
23 43
79 57
58 56
94 40
75 42
93 59
2 57
37 41
76 58
60 58
54 37
39 56
24 58
75 41
3 57
7 40
21 43
93 58
76 57
60 59
19 57
95 42
76 41
59 41
37 42
77 58
22 43
93 57
7 41
77 43
24 57
42 40
60 57
60 39
5 57
94 41
7 43
77 57
55 58
80 43
19 59
59 43
40 43
97 55
55 60
7 42
76 42
38 43
74 56
7 61
60 40
55 59
93 55
25 39
39 43
78 56
25 59
96 55
6 44
7 59
81 42
54 38
55 57
40 55
77 56
25 60
25 40
7 58
60 41
59 56
95 55
8 41
41 55
25 41
7 60
93 41
54 40
75 56
73 42
56 56
25 58
0 45
39 55
54 39
94 55
36 38
22 44
61 60
8 40
79 43
54 41
92 58
0 56
23 44
96 43
92 57
74 43
8 62
54 42
25 57
61 59
8 43
92 59
25 42
94 42
78 43
42 55
24 56
7 44
98 43
36 39
61 58
60 42
80 59
38 55
6 57
97 43
8 42
61 57
36 40
76 43
37 56
72 40
36 41
8 59
1 45
80 58
57 44
54 59
20 43
36 58
8 58
75 43
95 43
54 43
2 45
22 55
91 60
54 58
8 61
36 57
72 39
18 40
93 42
43 39
8 60
72 60
58 44
72 42
91 59
43 40
40 54
18 41
3 45
18 59
92 56
72 59
61 39
57 55
39 54
18 58
81 43
18 42
4 45
61 38
72 58
18 60
43 41
21 44
58 55
99 54
36 56
1 56
72 57
35 40
54 57
91 58
90 41
53 38
17 40
37 55
2 56
91 57
78 44
53 40
26 39
55 56
18 57
90 61
91 42
4 56
61 40
38 54
81 60
60 56
82 42
9 40
53 41
3 56
26 40
41 54
26 58
62 59
71 38
98 54
26 41
53 39
80 57
21 55
9 41
96 44
73 43
56 55
19 56
35 58
0 46
81 59
71 39
35 57
97 54
25 43
89 41
59 55
17 60
0 55
35 59
26 42
9 42
81 58
62 58
53 42
94 43
79 44
17 59
24 44
44 58
90 60
42 42
61 41
9 43
17 58
76 44
61 56
44 57
77 44
35 41
62 39
5 45
95 54
9 61
36 55
80 44
71 61
34 40
17 41
62 40
90 59
53 58
1 46
95 44
18 56
71 58
53 59
40 44
90 58
71 59
27 38
2 46
75 44
17 57
93 43
56 44
41 43
71 60
71 40
1 55
90 42
34 58
19 43
90 57
71 41
52 40
9 59
35 56
27 39
53 57
88 40
8 44
91 56
52 41
9 60
34 59
76 55
27 41
62 57
44 41
16 60
92 55
26 43
74 44
54 56
2 55
34 57
52 39
88 41
99 53
6 45
16 59
27 40
43 42
63 60
89 60
72 43
3 46
16 58
52 38
71 57
10 42
89 42
27 42
37 54
55 55
70 38
20 55
82 59
10 43
0 54
45 40
34 56
98 53
16 57
63 59
25 44
70 40
33 61
97 45
57 54
89 59
70 39
75 55
9 44
88 42
58 54
36 42
17 56
33 60
89 58
60 55
45 41
92 43
70 41
1 47
43 55
89 57
10 62
73 44
27 43
52 42
4 46
99 46
52 58
82 58
15 59
36 54
28 40
51 41
63 58
87 41
81 57
7 45
71 43
15 60
46 38
28 39
33 57
96 45
51 40
19 55
28 41
1 54
44 56
70 42
91 43
70 61
33 58
15 57
46 39
0 53
97 53
53 56
79 56
16 41
52 57
0 48
15 58
69 38
77 55
33 56
46 40
63 57
94 44
63 40
23 45
10 61
2 47
62 56
31 39
83 40
17 42
32 61
96 53
82 57
62 41
46 41
14 61
32 39
83 41
98 46
64 60
38 53
1 48
15 40
61 42
10 60
83 59
47 39
64 59
99 52
45 60
29 39
67 37
0 49
47 38
14 60
83 42
69 39
64 57
39 53
30 38
47 40
10 59
87 61
11 43
99 47
45 59
63 41
30 39
72 56
47 41
88 60
87 42
31 62
70 60
29 41
16 56
5 46
45 58
69 41
86 41
88 59
61 55
48 37
69 40
0 52
30 40
18 55
34 55
64 58
31 40
88 58
15 41
50 38
95 45
45 57
14 59
31 61
69 42
70 59
29 40
3 47
14 58
90 43
54 55
48 38
32 40
88 57
70 58
68 39
11 61
84 42
32 60
87 60
2 48
68 38
50 40
51 59
83 43
97 46
84 60
10 44
66 38
32 58
48 39
29 42
99 48
11 59
67 38
32 57
1 49
47 61
50 39
82 43
63 56
14 41
83 58
98 47
32 59
11 60
50 41
30 41
65 58
68 40
8 45
13 61
44 42
87 59
99 51
65 60
68 41
85 43
12 62
12 42
51 42
31 41
85 60
49 60
30 61
0 51
65 39
65 61
15 42
98 52
48 41
86 60
12 61
86 42
48 60
32 41
13 41
32 56
66 39
99 49
49 38
84 59
65 57
13 60
46 60
67 39
99 50
49 39
65 59
33 41
31 60
1 53
81 44
51 58
70 57
64 40
48 40
13 42
84 58
31 57
13 59
46 59
1 50
48 42
28 43
85 59
68 61
31 59
68 42
47 60
82 44
12 60
14 42
49 40
67 40
1 51
27 58
34 41
69 60
47 57
89 43
49 41
87 58
18 43
29 61
67 41
64 56
14 57
46 58
87 43
30 42
85 58
2 49
31 58
65 56
47 59
66 40
12 59
88 43
50 42
86 59
62 55
30 59
46 57
64 41
83 44
47 42
31 42
68 60
97 47
30 60
4 47
66 41
46 42
86 58
45 56
98 48
16 43
65 41
69 58
47 58
2 50
28 59
17 43
65 40
69 59
48 58
93 44
26 57
1 52
32 42
48 57
66 60
98 49
67 42
83 57
30 58
29 43
3 48
67 60
48 59
13 58
45 42
86 43
84 57
29 59
98 51
49 57
12 43
51 43
66 59
26 44
66 42
29 60
50 57
15 56
96 46
87 57
68 58
49 59
33 42
29 58
52 43
6 46
66 58
49 58
70 43
98 50
84 44
69 57
2 54
53 43
30 43
68 59
15 43
51 57
3 55
97 52
30 57
50 43
85 57
66 57
97 48
34 42
68 43
20 44
67 58
29 57
2 51
49 43
69 43
35 42
12 58
27 57
65 42
47 56
86 57
67 57
14 43
31 43
92 44
46 56
28 57
9 58
68 57
13 43
94 45
64 42
48 43
96 47
82 56
67 43
48 56
2 52
80 56
31 56
10 58
63 42
47 43
32 43
81 56
11 44
97 49
72 44
25 56
7 57
49 56
16 44
95 46
2 53
66 56
83 56
17 44
91 44
5 56
46 43
62 42
96 48
18 44
71 56
33 43
52 56
3 49
26 56
97 50
50 56
81 45
19 44
66 43
30 56
3 54
15 44
67 56
94 54
51 56
80 45
4 55
34 43
96 52
70 56
8 57
82 45
45 43
27 56
95 53
44 55
79 45
14 44
28 56
65 43
37 43
96 49
43 43
6 56
64 43
29 56
35 43
17 45
71 44
3 51
96 50
44 43
3 53
69 56
53 55
42 43
90 56
63 43
33 55
9 57
93 45
84 56
12 44
36 43
45 55
78 45
4 48
63 55
94 46
46 55
27 44
5 47
85 44
22 45
62 43
3 52
96 51
20 45
52 55
32 55
21 45
81 55
47 55
64 55
4 54
90 44
65 55
23 55
95 48
80 55
24 55
52 44
5 55
70 44
53 44
19 45
79 55
7 56
49 55
31 55
89 44
18 45
61 43
48 55
76 45
95 49
10 57
60 43
24 45
94 53
78 55
50 55
95 52
13 44
72 55
28 44
54 44
13 57
74 55
30 55
69 44
7 46
51 55
94 47
39 44
4 50
25 55
73 55
95 51
51 44
9 45
66 55
41 44
89 56
25 45
11 57
75 45
55 44
91 55
26 55
35 44
74 45
95 50
4 52
37 44
4 51
88 44
27 55
68 44
36 44
8 56
93 46
71 55
38 44
55 54
16 45
6 55
70 55
42 54
28 55
5 54
85 56
42 44
67 44
94 52
5 48
29 55
43 44
83 45
67 55
12 57
53 54
92 54
69 55
43 54
33 44
80 46
93 53
66 44
50 44
6 47
94 48
34 44
68 55
79 46
44 54
31 44
10 45
59 44
32 44
87 44
73 45
45 54
88 56
8 46
29 44
65 44
52 54
91 45
15 45
30 44
48 44
9 56
94 49
64 44
46 54
26 45
5 53
81 46
49 44
61 54
90 55
22 46
72 45
60 54
94 51
44 44
6 54
23 46
86 44
47 44
62 54
35 54
21 46
46 44
78 46
5 50
94 50
5 52
45 44
87 56
63 54
34 54
20 46
78 54
62 44
5 51
93 52
33 54
19 46
60 44
93 47
47 54
79 54
10 56
61 44
24 54
76 54
48 54
17 55
77 54
49 54
90 45
32 54
7 47
50 54
92 46
77 46
25 54
51 54
8 55
71 45
92 53
23 54
11 45
91 54
27 45
64 54
22 54
6 53
86 56
76 46
93 48
24 46
80 54
65 45
