152
2 40
0 6
0 21
2 35
2 30
5 83
13 65
49 18
18 30
70 77
28 80
22 5
25 47
70 8
82 18
92 45
18 95
80 37
70 53
49 42
30 18
30 63
70 92
2 55
49 2
70 27
15 2
17 25
0 93
20 48
12 80
49 27
80 4
30 3
0 72
30 38
70 68
28 95
2 50
3 15
17 70
70 43
7 0
73 0
28 85
17 10
15 47
25 23
23 65
30 48
2 65
12 85
70 18
7 20
23 0
28 70
27 90
7 95
25 32
13 55
97 15
93 31
0 82
2 10
12 40
28 55
22 15
12 90
96 10
3 60
30 28
2 45
28 75
7 5
13 75
73 74
74 52
47 34
48 12
10 33
90 1
27 10
70 88
95 37
15 18
79 32
68 60
90 23
12 60
20 88
17 35
78 47
70 33
0 0
7 25
8 70
22 60
22 40
10 48
4 92
20 78
49 48
68 93
48 2
95 45
2 75
48 45
69 94
75 2
47 27
51 2
96 46
71 74
68 17
10 13
97 17
33 95
90 2
0 98
94 31
83 16
51 45
72 94
47 4
31 1
72 74
50 28
98 45
73 1
67 15
67 60
98 17
32 96
91 2
96 31
79 33
47 47
68 96
31 24
33 70
32 2
94 47
74 74
50 18
75 47
75 1
23 55
47 3
2 97
68 19
89 3
17 20
