129
43 54
59 57
97 27
70 70
30 65
77 8
35 56
79 46
23 86
55 38
96 89
7 96
33 5
56 89
9 14
19 25
64 57
51 90
72 18
66 75
78 53
82 68
40 5
31 51
50 53
6 51
79 88
94 60
47 69
59 4
9 81
33 21
91 14
32 97
69 36
97 35
55 28
5 63
87 74
31 70
24 44
51 70
99 96
25 3
94 49
18 57
82 90
46 98
2 52
60 43
87 23
73 54
46 45
81 82
62 71
88 38
65 13
28 49
87 58
7 0
9 36
68 98
71 78
12 77
98 3
74 32
39 28
67 63
99 74
42 83
18 17
50 6
22 93
16 40
5 7
41 21
58 21
93 99
84 5
71 29
81 91
95 78
60 97
33 83
23 10
22 63
30 30
9 57
86 16
93 32
54 31
56 13
37 68
37 12
45 91
73 22
51 45
80 39
56 80
4 96
38 51
72 84
41 74
52 60
65 49
5 96
9 80
62 35
99 5
10 0
78 4
11 37
68 99
30 99
93 52
96 99
25 1
8 97
38 64
9 79
99 8
6 17
4 65
8 0
56 2
22 87
7 37
79 3
56 69
