110
8 51
16 82
62 35
77 35
73 3
29 80
67 49
29 22
88 85
39 48
10 21
50 71
71 77
2 97
16 64
85 22
19 33
89 71
84 36
55 53
4 11
6 77
33 35
25 89
18 7
60 97
47 4
33 7
50 19
2 33
32 61
81 51
67 21
99 23
58 83
70 64
1 67
99 81
3 5
96 66
93 97
83 18
85 85
47 29
83 48
37 53
12 82
18 56
59 33
75 12
84 62
66 76
89 79
28 49
41 16
46 98
98 45
99 8
24 97
64 2
39 94
43 77
4 53
56 58
70 92
79 0
97 25
95 45
42 47
41 31
25 23
35 75
54 68
4 47
37 8
80 90
10 31
70 54
11 4
62 91
24 64
24 41
72 71
98 91
65 35
60 21
82 32
49 44
32 94
11 86
24 18
40 77
26 78
38 34
56 48
57 75
6 61
14 14
87 77
76 21
67 61
92 37
64 29
28 44
4 99
99 7
43 57
32 20
54 39
30 46
