128
10 53
12 73
90 90
75 83
24 97
79 10
58 65
43 89
92 70
88 41
14 7
25 43
9 33
65 34
2 93
11 56
39 96
25 7
80 32
64 22
17 37
6 43
95 13
52 51
28 80
41 19
76 97
57 97
77 52
50 5
94 27
0 9
31 30
56 21
51 81
65 78
80 57
73 99
18 97
37 45
94 6
3 84
40 4
0 0
6 23
45 25
12 67
61 57
1 37
82 83
33 99
74 38
37 82
53 70
87 9
16 27
66 96
85 50
63 54
21 89
2 65
47 10
70 31
46 85
28 57
51 15
68 1
39 66
47 34
96 89
96 66
99 48
26 21
98 23
30 4
91 95
71 9
80 24
71 74
45 57
99 63
19 68
15 12
31 24
84 26
86 71
14 82
84 3
7 0
50 30
58 50
49 95
82 65
89 35
50 75
23 36
12 17
82 0
16 90
94 15
75 90
37 23
19 75
78 16
61 28
92 65
8 9
4 98
35 88
29 57
40 43
2 99
99 46
21 41
6 51
58 98
67 3
95 91
0 37
28 4
44 59
26 55
46 1
66 77
36 44
2 23
2 98
83 21
