684
23 15
27 17
19 16
29 5
16 27
26 11
22 21
13 10
34 12
33 19
20 10
29 24
2 2
5 10
18 21
38 16
11 4
21 4
7 14
24 29
1 16
27 1
7 7
33 9
3 6
24 21
17 7
18 26
41 15
2 20
0 0
41 14
14 32
30 0
3 0
41 13
1 19
13 30
33 1
17 15
42 15
0 18
1 0
33 27
14 31
31 1
1 18
42 14
15 32
2 0
32 27
32 2
0 17
43 15
16 33
0 1
32 26
17 0
32 1
0 16
42 13
1 1
15 30
31 28
2 19
32 0
42 16
16 32
2 1
31 27
17 2
0 19
16 31
31 0
40 14
30 28
3 1
3 19
16 30
31 3
2 17
17 1
0 2
14 30
41 16
3 18
30 26
13 29
42 17
1 2
31 2
17 4
3 17
31 26
15 31
32 3
40 15
3 16
18 16
30 27
16 2
2 18
15 29
0 3
30 25
18 1
1 17
41 12
18 0
17 32
3 2
19 15
4 18
14 29
2 3
20 15
33 26
33 3
4 17
16 29
40 13
1 3
30 1
4 19
18 15
31 25
19 0
4 0
17 31
20 16
25 1
40 12
32 25
3 3
25 0
5 17
21 15
17 30
4 2
40 16
26 0
29 27
2 16
4 1
41 17
19 14
14 28
22 0
29 28
41 18
26 1
18 14
28 1
6 0
40 11
15 28
5 18
22 15
29 2
39 14
5 2
29 26
28 0
20 14
39 13
5 1
4 16
23 0
5 0
18 32
40 17
29 1
21 14
7 2
29 0
13 28
39 12
1 15
7 1
24 0
18 31
33 25
21 16
7 0
0 15
27 0
6 1
39 16
18 30
22 14
5 16
39 15
8 0
17 29
19 13
30 2
2 15
28 29
8 2
17 14
38 13
28 2
8 1
6 17
40 18
16 28
9 1
39 17
3 15
28 28
9 0
20 13
39 11
17 13
30 3
19 30
10 0
18 13
34 25
27 2
6 2
39 18
18 29
0 14
19 12
14 27
38 12
9 2
40 19
24 1
6 18
22 16
38 15
11 0
4 15
28 27
26 2
13 27
39 10
10 1
1 14
38 17
27 29
29 3
38 14
10 2
6 16
28 3
15 27
39 19
26 30
23 14
38 18
17 28
12 0
2 14
22 30
38 11
23 16
11 1
6 19
25 2
39 20
25 30
5 15
32 4
38 19
21 13
19 29
0 4
20 12
38 20
7 17
37 17
26 29
31 4
11 2
3 14
37 18
25 29
27 3
0 13
12 1
37 20
20 29
38 21
13 0
7 16
22 13
18 28
37 19
14 0
37 21
21 12
23 29
7 18
4 3
37 15
21 29
26 3
7 3
22 29
37 16
1 4
8 3
24 15
23 1
16 15
37 22
5 3
21 0
37 12
1 13
16 14
27 28
37 14
6 3
2 4
17 16
38 10
24 2
19 28
37 13
0 12
25 28
37 11
20 0
3 4
36 18
26 28
25 3
8 18
22 1
24 28
36 17
2 13
22 12
22 28
38 9
0 5
36 19
20 28
8 17
30 4
23 28
9 3
28 4
36 20
4 14
21 11
17 27
21 28
29 4
1 12
36 22
13 1
23 13
0 11
36 21
12 2
27 4
6 15
13 26
26 4
36 16
18 27
2 12
14 1
19 17
35 23
1 11
14 26
35 18
0 10
21 1
15 26
36 15
4 4
23 2
18 17
37 10
33 24
19 27
1 5
24 3
16 16
37 9
0 9
32 24
2 11
26 5
35 19
6 4
16 26
22 11
35 22
1 10
37 8
20 1
3 13
20 17
2 5
35 17
22 2
17 26
5 4
34 23
20 27
18 12
35 20
0 6
33 5
20 11
21 27
3 5
35 21
1 9
32 5
0 8
19 11
22 27
2 10
25 4
13 25
36 14
0 7
23 3
19 26
3 12
22 10
36 13
14 25
34 19
2 9
19 1
17 17
1 8
34 22
36 8
15 25
21 2
3 11
36 9
20 26
1 7
21 10
36 11
1 6
27 27
3 10
15 2
36 10
16 25
18 11
2 8
31 24
17 25
31 5
34 21
22 3
5 14
33 23
3 9
34 20
2 7
18 25
36 12
24 4
4 5
23 27
20 2
35 16
3 8
22 9
24 27
2 6
18 2
19 25
34 18
4 13
23 4
21 26
19 10
35 7
3 7
19 2
25 27
5 5
18 18
35 15
21 3
13 24
4 6
28 26
21 9
4 12
14 24
22 4
34 17
4 11
20 25
25 5
7 4
19 18
27 5
4 7
17 24
32 23
35 8
4 10
16 24
28 5
33 22
4 8
23 6
18 24
20 9
23 5
15 24
4 9
29 25
22 7
33 21
22 6
6 5
35 14
22 5
5 6
26 27
22 8
19 24
33 20
21 6
24 5
5 13
34 16
22 26
23 7
5 12
5 7
21 25
21 5
20 3
14 23
5 8
30 24
19 9
15 23
35 13
21 8
13 23
33 18
21 7
5 11
16 23
5 9
17 23
35 12
35 11
18 23
20 8
35 10
20 7
20 24
6 6
35 9
20 4
6 14
23 26
19 3
31 23
19 8
34 15
19 23
20 6
34 7
16 22
20 5
32 22
19 7
17 22
33 17
18 3
7 15
19 4
33 6
27 26
15 22
6 10
28 25
24 6
14 22
6 7
13 22
6 9
24 26
7 5
19 6
22 25
34 8
6 8
18 22
30 5
8 4
21 24
23 8
6 13
32 21
25 6
20 23
6 11
24 7
30 23
16 21
19 5
32 20
6 12
34 14
19 22
25 26
17 3
32 6
15 21
34 9
18 4
8 16
23 25
14 2
34 10
17 21
33 16
18 5
34 13
26 26
18 6
14 21
33 7
31 22
10 3
34 11
7 6
26 6
17 20
32 19
13 21
13 2
15 20
27 6
21 23
9 4
16 20
31 6
22 24
28 6
8 5
24 8
27 25
25 7
9 17
28 24
20 22
7 8
29 6
24 25
19 21
11 3
30 6
29 23
15 3
33 8
18 20
7 9
8 15
22 23
32 7
23 24
23 9
30 22
14 20
26 7
17 5
25 25
7 10
33 14
