# Penalty: 45293.23709835124
116
3 69
77 48
6 34
35 7
19 91
49 58
60 81
80 80
39 32
74 10
50 41
69 38
86 50
9 65
50 67
60 94
54 51
85 44
51 32
66 50
89 11
9 0
72 67
59 9
32 68
17 50
28 23
4 14
92 72
20 76
2 78
37 54
53 7
96 0
80 89
65 30
27 95
15 33
43 20
86 66
66 84
94 43
63 1
9 46
89 86
7 89
8 12
46 1
44 15
58 62
42 39
39 24
92 54
66 43
50 46
84 75
62 70
81 29
40 81
36 18
48 52
50 96
98 36
28 1
22 17
1 52
99 59
78 0
31 49
38 86
67 24
93 95
84 30
1 34
93 8
26 74
0 19
22 35
2 49
48 72
36 64
30 4
13 89
90 99
68 15
93 1
95 80
53 26
1 5
68 64
35 46
25 19
58 84
95 33
28 89
3 63
74 85
33 60
56 1
2 26
20 39
60 27
11 51
76 60
75 31
78 74
87 4
58 12
4 42
68 72
38 13
45 61
12 41
62 37
39 60
57 21
