# Penalty: 40160.79045382592
114
59 46
71 54
95 30
47 66
18 63
28 87
47 19
77 36
93 59
23 15
96 95
54 32
73 5
20 59
75 71
85 58
56 55
63 2
56 36
3 95
16 39
95 75
46 88
20 1
32 68
35 7
41 40
5 79
8 27
59 78
91 8
68 92
32 29
67 26
75 79
96 36
26 49
7 44
42 49
18 85
5 20
61 69
48 15
98 16
53 96
6 62
68 11
33 35
42 74
36 94
78 90
83 29
64 48
45 60
7 68
76 64
30 51
52 80
88 22
32 18
48 27
66 65
69 84
46 52
6 6
48 0
57 61
56 90
82 97
99 61
16 99
91 44
94 89
4 30
19 76
57 2
17 16
84 15
70 22
4 87
6 54
96 7
81 1
73 50
30 98
80 73
28 30
1 22
26 72
82 39
9 10
51 98
89 58
14 31
40 88
40 15
21 91
58 32
57 15
75 14
72 40
83 83
45 43
79 53
17 71
29 57
60 83
47 71
80 19
90 68
23 25
62 34
62 54
28 63
