# Penalty: 39914.9656860205
109
64 59
72 86
37 62
35 46
88 90
97 24
78 84
26 85
2 54
3 28
51 79
89 66
85 16
83 2
61 23
50 63
17 85
57 86
5 65
24 43
56 60
46 23
13 6
2 82
7 97
96 49
98 6
48 97
33 29
64 40
69 0
32 91
86 59
14 38
47 11
78 20
96 75
91 98
35 76
14 64
22 5
25 29
72 60
47 49
9 13
57 78
68 20
27 51
58 32
17 74
91 82
90 9
22 92
65 56
77 65
39 69
67 80
82 81
9 73
37 40
79 41
32 15
57 66
14 80
62 6
89 30
1 98
19 23
4 36
59 97
53 7
4 17
21 57
43 93
98 80
78 0
87 38
56 38
72 35
15 99
64 66
83 23
32 82
99 59
63 1
6 56
19 43
23 61
92 3
34 18
99 35
0 76
80 55
83 95
52 12
29 59
48 86
78 89
77 74
76 8
64 83
60 52
12 52
74 46
92 19
55 72
43 82
84 7
80 12
