# Penalty: 73961.73564810544
103
7 54
7 7
28 13
48 28
50 14
7 30
29 28
48 0
49 42
28 47
50 63
28 76
7 71
28 65
28 5
49 57
8 14
7 34
7 49
7 0
49 72
27 42
48 21
50 35
49 5
28 71
7 65
27 21
27 0
48 49
29 56
28 35
7 22
8 42
72 69
44 71
58 1
11 0
12 72
58 61
42 0
58 16
58 68
3 14
33 56
57 43
41 19
15 29
43 35
1 47
2 71
0 28
1 0
23 41
35 80
21 78
24 7
13 57
22 26
56 29
44 56
43 5
12 15
22 0
42 42
0 64
24 56
0 35
57 33
58 48
58 6
33 20
21 70
44 65
11 49
35 71
56 18
0 9
42 50
35 6
36 34
58 57
37 1
14 33
22 62
23 15
2 44
1 20
0 58
21 48
14 61
42 26
34 62
37 42
17 7
34 28
14 39
35 51
23 36
21 22
17 21
34 14
40 12
