119
74 78
82 8
70 31
32 58
7 63
58 19
58 77
28 71
25 24
42 90
21 8
12 80
84 32
52 56
55 84
83 3
70 10
11 58
54 68
1 90
40 31
97 12
73 54
92 45
1 47
57 41
86 94
8 21
88 64
95 81
16 43
45 11
15 2
80 80
82 18
94 27
45 69
62 94
30 85
47 52
67 36
63 18
61 70
72 84
97 20
11 88
44 79
18 64
67 63
77 25
54 92
78 11
7 52
0 5
23 99
33 44
35 0
0 33
68 25
50 6
96 99
64 2
77 52
43 31
18 39
2 19
39 17
89 60
80 96
17 94
83 39
17 25
0 93
99 71
53 38
7 0
89 0
30 48
0 39
44 94
6 72
32 63
98 31
92 88
68 93
44 1
42 77
92 55
25 89
69 40
79 71
31 30
96 6
40 46
0 65
53 16
36 61
1 79
6 7
87 46
54 45
47 93
1 50
81 77
11 36
31 92
63 6
61 42
85 91
33 38
78 35
47 37
94 37
87 9
22 8
68 17
37 16
36 0
77 85
