# Penalty: 48227.43712361798
124
60 5
47 12
79 6
23 9
9 13
39 39
85 71
74 40
34 21
8 89
75 11
30 7
61 13
46 4
32 31
72 17
22 63
93 90
61 68
8 48
44 68
52 30
61 85
22 79
81 54
59 43
88 39
93 10
84 95
0 2
4 21
91 67
24 32
68 81
15 93
70 55
9 38
97 48
17 1
91 4
92 73
39 18
28 42
55 21
54 75
71 2
11 1
88 52
21 21
92 81
85 11
65 76
37 6
33 89
7 72
56 10
27 17
41 54
56 99
83 83
92 30
3 68
41 98
27 47
30 67
39 84
74 34
3 51
56 49
65 8
99 96
16 12
1 92
98 17
47 51
53 89
2 28
99 1
19 77
98 62
26 95
67 90
37 69
16 58
59 35
11 98
62 58
47 82
85 31
0 59
77 61
68 31
0 83
4 36
95 52
32 1
18 30
42 44
78 91
19 49
51 1
79 18
45 63
17 84
58 70
75 76
38 26
43 84
14 63
12 18
34 45
33 72
65 23
83 45
82 26
42 20
63 1
48 46
72 69
18 45
9 7
90 15
27 26
11 31
