121
34 48
64 37
57 61
92 8
48 22
34 16
5 7
44 69
49 40
33 85
97 29
78 15
9 40
9 62
74 47
62 97
37 56
89 38
2 37
61 24
39 42
33 66
87 15
81 91
4 86
95 58
55 83
96 88
25 3
99 73
45 94
25 37
30 99
57 9
28 80
2 27
96 43
10 11
58 65
75 90
10 89
67 51
6 72
0 99
26 18
84 1
65 22
47 80
40 21
81 24
97 22
33 4
63 15
53 94
52 29
54 60
88 31
76 64
74 21
70 0
85 75
0 51
98 3
92 58
17 93
14 26
20 73
61 82
54 0
19 0
46 63
0 5
21 41
1 67
77 98
8 54
25 59
16 95
75 37
0 29
68 1
93 72
74 52
36 28
39 93
48 14
16 19
25 81
67 96
88 89
38 49
90 61
6 48
14 1
98 36
17 38
58 75
31 34
91 75
10 86
82 40
33 7
85 9
61 30
25 96
4 30
30 71
47 84
44 28
16 76
43 14
68 43
71 14
24 15
85 84
98 68
82 50
67 29
98 91
99 5
73 10
