# Penalty: 38625.46833421668
110
50 86
2 56
87 64
27 63
64 68
41 93
59 91
68 42
21 83
17 11
34 45
97 20
41 6
49 32
72 14
32 22
83 90
48 79
17 74
64 57
63 19
45 16
4 47
4 8
78 66
57 83
42 25
2 33
99 83
44 56
58 3
27 37
97 15
26 88
97 68
79 7
2 22
63 28
35 76
71 79
50 56
76 46
23 16
10 56
62 48
59 62
37 66
62 33
43 47
49 99
72 69
20 62
41 85
71 26
2 79
98 38
64 78
28 0
14 96
99 52
31 78
68 61
48 66
83 37
66 98
84 87
1 71
44 2
0 90
20 40
98 88
60 5
97 35
6 1
28 99
86 21
85 53
2 37
81 96
20 46
25 23
93 65
60 43
15 89
40 46
80 23
82 81
5 61
9 18
55 19
91 39
56 99
35 60
18 55
99 23
89 94
92 71
37 11
67 84
37 31
57 12
77 74
21 74
54 30
70 53
48 46
39 77
95 81
78 60
55 92
