88
52 83
96 56
70 89
87 92
73 65
78 97
88 52
94 92
73 82
61 58
83 53
96 60
62 77
63 83
78 71
89 99
65 96
58 72
31 39
86 72
97 71
55 64
68 56
55 86
95 84
75 59
14 1
36 15
5 27
14 46
90 67
44 29
36 48
15 24
66 75
54 49
50 94
18 31
40 34
81 78
50 58
63 50
58 97
9 34
72 94
96 78
74 50
51 80
89 58
0 0
3 15
25 11
78 90
45 14
47 34
22 17
21 45
89 81
80 64
38 20
61 91
24 35
99 94
84 48
70 68
49 73
99 63
92 96
15 1
17 48
39 48
91 77
4 14
16 0
1 0
26 11
16 50
65 58
45 34
47 15
37 49
4 15
48 98
10 31
15 2
80 57
56 86
63 70
