124
91 95
2 2
16 0
0 16
0 9
8 1
14 14
90 97
8 8
17 20
92 90
73 74
17 4
7 86
86 6
4 53
68 7
7 68
2 31
54 3
4 17
37 50
31 2
2 5
25 34
47 60
45 3
3 45
12 1
42 59
4 77
78 6
31 42
19 26
23 0
0 21
82 38
47 80
59 68
78 58
58 42
61 82
99 12
40 77
81 78
8 97
62 58
50 38
72 38
80 53
63 50
80 72
37 70
67 80
40 41
52 69
70 53
49 52
72 71
70 57
11 14
83 3
5 83
2 50
68 8
52 5
7 99
80 37
31 1
99 8
1 36
7 67
2 0
92 88
84 4
39 81
22 28
53 6
5 50
3 83
10 99
69 5
58 41
4 35
99 7
62 82
37 2
78 39
35 44
8 68
88 95
83 6
21 31
6 51
80 57
42 80
6 83
60 67
53 5
7 98
43 56
82 72
69 7
5 31
80 38
31 5
99 9
48 38
8 67
60 82
34 45
87 97
81 58
85 5
20 28
3 50
63 40
42 79
8 99
51 4
48 59
81 39
79 72
4 14
