109
57 91
52 76
64 7
86 55
70 76
17 70
95 3
73 90
17 14
70 68
85 28
70 21
57 41
92 80
78 6
72 52
92 22
86 75
85 35
54 87
67 16
91 13
69 58
64 66
80 65
51 14
11 14
60 32
59 2
19 63
98 58
55 50
25 13
97 86
20 78
91 41
68 93
83 61
97 17
56 35
83 11
56 71
14 22
78 25
19 7
95 51
95 74
70 85
60 98
93 32
62 22
87 1
68 47
0 5
33 38
87 97
2 30
37 0
94 8
79 73
36 22
22 28
36 48
48 58
21 54
21 86
4 0
92 28
19 0
0 23
7 71
61 87
37 8
13 55
72 41
36 27
2 0
11 85
28 41
82 94
5 27
54 8
25 69
49 95
96 44
28 24
1 14
10 76
73 99
51 24
82 42
14 28
54 77
57 57
84 79
14 0
67 26
92 55
28 1
11 61
87 87
84 63
22 23
85 20
79 49
15 7
64 2
50 58
65 78
