196
26 61
98 77
9 13
49 22
71 15
98 47
85 36
77 84
21 99
43 77
72 68
33 9
19 78
57 86
22 40
95 91
58 65
6 28
91 10
68 34
50 6
91 61
6 51
4 84
59 49
35 24
74 98
41 42
37 92
99 26
79 50
42 62
7 68
5 98
51 99
21 26
69 20
55 26
35 29
69 99
63 51
83 30
36 96
44 56
14 12
35 78
8 42
21 55
97 99
75 65
85 9
62 83
36 44
22 93
99 43
81 84
61 5
28 11
96 62
56 68
5 65
99 7
94 77
97 23
65 36
46 42
68 6
20 83
73 63
53 21
12 8
92 97
9 34
26 55
42 7
6 93
65 98
84 45
86 13
26 40
23 69
27 6
20 23
51 93
98 82
77 79
84 52
9 7
98 57
57 79
41 72
40 28
7 59
5 76
5 23
54 7
82 98
99 33
23 37
69 29
61 54
51 37
47 57
42 81
12 99
54 98
26 98
26 83
83 22
80 70
21 63
75 6
61 79
12 50
40 96
70 39
63 20
97 68
77 45
49 27
25 21
98 17
72 84
27 76
12 78
37 64
37 12
91 83
12 28
41 47
89 36
23 5
55 41
58 57
77 23
26 36
61 71
48 13
92 93
86 56
12 44
11 84
55 93
41 92
93 40
47 76
93 12
84 76
78 54
65 13
29 50
69 92
93 58
55 35
13 64
26 93
27 69
86 90
51 61
75 34
34 48
44 13
90 30
65 65
40 33
12 37
79 15
82 68
70 48
27 26
94 21
20 49
77 89
36 56
15 72
43 23
49 47
93 69
63 30
12 58
83 63
54 12
49 87
14 89
72 78
78 28
13 19
64 43
61 92
32 84
89 47
34 70
49 70
33 33
72 57
18 14
