112
81 32
11 13
90 63
9 36
0 23
20 56
40 85
2 82
75 47
25 20
90 96
48 63
34 43
92 30
13 55
13 0
84 69
17 66
4 31
22 10
85 40
67 75
58 46
75 90
47 36
54 95
47 12
61 25
26 87
73 8
86 16
91 82
37 99
0 92
23 26
46 80
74 31
90 48
3 52
3 77
56 64
49 1
73 60
99 76
37 58
30 95
80 84
0 58
7 5
55 38
11 82
32 36
81 98
65 85
50 89
82 76
60 13
68 54
70 42
5 66
9 88
91 0
35 0
29 76
16 98
61 99
40 22
77 2
18 35
28 5
94 55
37 64
51 62
57 24
90 21
58 2
2 2
76 17
75 98
93 90
60 77
23 67
5 43
65 28
6 21
80 62
22 42
21 3
16 83
81 10
72 50
52 7
40 66
84 34
33 29
51 31
77 76
34 9
29 57
6 57
15 91
55 84
61 42
82 60
50 28
62 51
76 40
84 26
10 58
85 88
77 54
61 37
