196
35 80
42 34
37 50
63 56
49 14
76 47
68 83
7 19
78 9
95 42
91 57
53 77
19 64
90 98
91 26
7 50
9 77
98 84
8 35
7 99
29 96
57 43
26 19
68 27
67 98
47 90
86 72
7 4
47 64
23 5
21 49
24 35
99 14
37 6
70 69
63 11
33 65
82 86
79 37
62 99
84 13
12 97
43 99
28 33
62 41
95 98
4 84
63 7
46 28
96 28
98 62
19 84
5 54
98 7
41 51
5 69
71 23
77 54
11 21
99 78
34 20
92 43
33 82
63 84
36 99
85 75
99 58
47 5
82 6
55 62
24 70
58 99
54 26
77 39
80 91
15 7
21 54
49 81
14 35
76 62
30 5
22 98
40 65
40 42
98 24
75 23
68 76
63 38
8 93
44 6
26 51
19 21
5 63
62 63
91 46
26 68
97 93
50 21
76 97
50 78
14 80
68 5
7 40
5 12
90 61
33 15
94 7
48 98
58 47
34 36
29 85
92 75
83 89
54 22
82 33
22 92
55 58
54 6
71 62
40 20
7 31
99 48
77 87
54 84
48 37
41 56
80 14
92 22
12 82
11 49
42 94
21 11
85 56
27 28
62 91
71 54
99 70
78 70
13 26
34 71
77 30
98 33
61 27
27 54
64 77
15 64
27 93
92 71
46 56
49 72
37 41
84 99
64 47
86 41
40 85
61 22
30 75
23 40
14 68
48 42
26 41
55 37
12 58
28 11
69 48
94 91
71 14
19 78
28 61
23 28
91 83
89 36
58 91
35 54
71 43
69 89
42 67
68 36
12 41
57 13
40 29
44 13
35 90
92 12
75 78
33 30
44 77
50 50
84 47
82 27
14 11
81 21
58 68
12 93
85 61
61 71
