114
48 17
47 76
81 57
4 58
25 70
75 28
21 45
26 95
65 0
88 42
98 58
44 38
7 40
59 37
46 93
5 12
69 15
75 48
14 74
32 96
48 64
16 59
81 13
0 49
85 29
36 86
69 70
98 85
61 83
87 98
8 26
32 12
87 70
36 55
7 90
72 1
64 64
43 23
11 5
29 39
68 84
24 18
42 4
51 58
61 27
58 6
10 81
13 40
23 74
70 42
90 56
37 69
43 82
39 21
9 67
40 98
78 67
49 35
18 83
67 28
97 11
63 98
68 11
99 27
37 75
83 84
52 50
81 3
37 7
15 23
27 43
93 13
97 70
83 95
4 0
86 39
2 84
68 48
2 31
64 84
21 9
27 58
81 78
10 60
23 92
52 15
35 41
86 5
50 40
65 78
45 55
93 34
84 64
89 82
2 46
63 57
4 76
30 61
82 43
86 21
21 37
95 65
40 90
16 14
43 72
78 58
54 43
24 63
79 21
17 39
84 46
41 13
86 76
80 33
