104
58 9
68 68
77 48
42 42
72 75
48 62
26 45
20 31
33 59
60 92
7 4
57 23
95 96
47 82
26 2
34 90
10 54
84 64
96 27
65 57
64 8
58 80
40 78
92 46
37 19
15 72
15 88
64 37
81 93
79 27
56 43
78 78
31 96
5 6
3 74
55 98
17 98
27 72
53 28
27 9
98 33
78 42
10 30
51 2
73 1
86 19
34 41
32 26
67 23
9 14
24 83
72 53
50 92
50 76
91 35
78 69
65 16
97 9
72 19
99 80
3 96
61 69
16 8
1 52
68 10
97 65
4 36
51 58
75 64
93 60
98 89
33 3
72 82
91 13
25 27
49 27
88 79
17 70
37 59
47 98
12 40
69 89
33 75
29 90
98 41
7 87
52 48
26 41
83 35
87 55
84 83
68 32
81 16
64 75
42 73
26 76
63 49
53 84
54 13
71 44
89 30
75 73
56 88
61 24
