117
26 69
51 70
50 41
33 87
47 63
45 1
55 14
61 81
78 29
9 72
71 50
66 66
16 46
90 57
25 61
10 56
82 38
11 1
25 33
85 88
20 93
88 14
74 9
3 94
98 38
12 27
37 13
92 71
31 48
76 99
65 36
94 93
2 55
74 25
55 56
31 33
64 91
61 2
90 5
4 74
37 83
38 1
30 66
92 42
66 73
30 97
55 89
10 95
31 26
55 27
41 77
19 40
16 77
63 16
51 61
56 35
28 83
47 7
2 37
3 16
22 10
99 24
1 1
83 82
37 51
75 5
32 79
38 20
93 24
15 26
81 52
87 68
46 45
2 80
0 51
62 51
0 30
24 98
99 46
16 10
95 10
74 94
97 67
48 23
76 45
17 60
23 47
30 8
47 84
80 74
79 23
42 37
67 80
6 15
45 66
12 92
3 66
64 22
67 6
89 38
29 28
34 56
81 7
6 7
7 50
19 82
47 15
75 31
37 42
30 70
41 28
73 39
43 56
84 26
26 41
36 22
23 70
