111
3 73
29 89
2 96
61 77
97 2
43 9
92 20
53 37
85 65
92 49
25 42
5 22
22 8
61 50
84 95
58 94
78 26
16 60
16 93
84 12
96 25
32 8
45 25
3 0
57 4
66 18
28 24
95 86
98 70
51 72
1 67
21 46
80 34
27 84
38 36
62 63
79 49
81 89
63 3
46 87
67 91
36 50
12 5
35 22
57 44
53 26
14 52
51 88
94 30
71 68
77 94
85 57
28 97
56 16
49 52
56 70
31 30
39 83
94 14
8 37
17 74
2 90
34 55
6 18
99 91
1 42
8 2
33 75
71 64
99 40
70 13
47 71
65 36
13 19
48 4
99 96
20 65
14 99
94 68
0 98
70 50
0 25
37 13
43 55
68 98
72 22
87 4
99 76
74 85
22 39
49 42
12 75
92 57
79 64
33 94
89 86
55 91
29 49
46 11
46 63
7 99
31 19
80 23
62 12
66 73
23 88
57 29
13 61
11 46
43 22
53 7
