111
17 32
42 53
60 27
89 64
38 76
51 55
73 7
95 15
80 96
88 37
41 93
14 71
39 1
21 53
46 33
2 28
96 32
50 69
70 33
25 36
31 78
14 23
58 11
15 8
94 79
66 56
66 81
27 96
0 14
94 98
55 91
10 97
16 47
2 77
87 78
79 90
35 12
96 56
37 26
73 75
72 15
31 43
32 66
60 91
98 41
26 86
15 57
36 96
45 79
10 15
59 60
64 19
9 39
31 58
6 65
34 32
66 90
37 63
3 0
82 50
86 1
3 98
57 2
97 13
99 94
51 40
27 16
84 64
74 35
1 92
87 28
38 6
10 81
54 0
98 62
74 51
52 77
99 7
47 39
6 57
51 25
22 89
84 93
84 7
78 66
99 27
96 47
35 49
23 21
29 2
43 13
30 64
40 89
81 42
76 27
57 20
56 71
21 75
56 52
6 84
90 99
68 11
31 22
95 22
84 69
23 60
45 61
45 42
68 29
36 81
27 70
