109
80 20
96 41
53 55
4 65
8 27
71 7
3 6
27 76
83 58
34 38
48 27
88 84
23 7
13 93
36 92
63 84
56 18
61 59
74 65
95 78
42 76
20 46
33 52
45 7
68 42
97 0
1 44
2 84
94 24
87 7
3 11
78 28
39 39
38 99
92 47
41 66
63 77
40 13
67 5
78 90
23 72
19 22
5 70
6 43
54 35
60 70
82 2
30 97
87 73
95 10
69 27
16 5
60 4
4 21
52 51
38 48
26 90
81 66
13 44
47 37
66 17
96 99
30 45
97 62
73 15
5 99
21 62
30 3
78 43
7 66
38 22
10 85
95 29
67 52
77 86
19 58
47 77
0 51
20 96
41 8
94 56
92 39
7 3
21 1
5 81
14 31
70 31
0 36
79 72
48 21
38 0
68 60
18 53
33 83
31 66
55 70
62 31
87 22
34 89
4 87
60 9
81 9
65 74
7 31
21 56
7 58
88 14
72 75
30 56
