110
12 52
96 40
52 50
57 92
25 42
5 3
79 84
98 64
32 69
58 67
56 25
98 83
72 6
48 37
61 85
94 71
55 48
41 49
91 78
27 93
20 79
82 39
32 19
41 90
35 2
16 21
84 18
78 64
0 82
19 5
70 30
37 54
17 56
35 74
3 52
89 6
13 27
94 30
15 78
56 16
77 79
64 68
80 32
78 0
48 28
63 41
40 12
72 61
7 83
87 61
25 12
10 62
69 91
37 87
22 89
89 88
22 51
63 74
85 28
55 59
80 99
33 34
96 1
98 15
99 49
70 21
62 3
8 33
22 8
20 95
48 98
42 7
0 86
99 90
6 17
64 37
28 66
5 47
77 43
32 38
88 99
56 9
90 56
89 14
74 15
59 89
30 24
34 97
2 24
43 59
99 78
42 23
20 42
48 43
79 69
66 27
26 57
93 24
24 26
39 64
9 43
17 12
63 78
60 17
26 85
78 22
71 35
57 37
31 48
49 55
