115
64 22
23 65
9 31
46 54
92 10
4 46
20 79
63 66
92 46
46 34
90 70
69 82
2 91
30 67
86 9
56 67
47 48
71 19
84 52
16 85
31 77
32 29
21 45
34 96
55 8
89 95
39 12
85 27
21 4
13 17
65 41
70 5
26 29
40 83
31 52
59 81
35 3
69 58
94 2
45 63
56 29
78 43
28 92
17 31
56 44
79 23
33 43
97 13
21 56
65 25
72 71
47 4
26 42
78 36
7 3
5 76
21 74
55 96
99 84
69 99
95 66
9 64
95 40
81 82
6 50
3 7
45 78
13 94
1 69
97 95
78 3
63 4
55 89
69 92
34 15
1 86
87 67
19 11
98 51
77 57
40 28
54 15
63 51
45 68
77 80
12 26
11 45
37 91
96 78
39 50
89 13
57 38
10 59
26 60
60 70
25 8
57 23
10 90
36 30
88 41
64 84
88 2
49 71
92 22
68 14
71 28
30 62
25 46
70 49
70 64
34 23
12 74
75 12
13 50
16 47
