106
67 10
64 48
61 78
83 40
52 22
92 11
25 60
7 84
98 84
70 26
27 77
41 87
97 60
13 24
7 43
82 58
87 90
56 67
12 74
86 28
39 27
34 72
76 10
17 32
2 18
49 75
75 38
95 21
93 90
80 18
38 7
6 58
73 94
17 94
41 47
74 70
8 10
30 26
97 51
61 47
23 40
56 90
34 91
92 74
10 97
48 52
7 76
72 56
62 33
79 95
69 75
28 67
49 41
59 73
35 80
16 65
84 13
85 47
24 10
99 35
31 99
41 11
62 12
1 60
67 66
2 34
95 67
62 95
56 28
27 53
76 80
48 92
26 17
33 40
8 18
93 29
9 38
24 93
6 80
53 19
3 51
31 23
83 76
29 58
80 44
58 53
86 61
83 93
40 95
64 40
44 37
34 54
44 78
72 23
47 20
25 26
20 83
65 81
61 26
31 76
78 32
80 84
70 15
53 38
65 69
76 50
