100
73 55
12 80
85 64
31 85
64 86
16 14
32 48
96 32
83 9
19 90
56 49
80 35
31 70
53 27
50 82
22 38
59 7
3 31
28 11
95 59
47 16
40 95
17 35
95 44
33 35
82 88
99 83
52 66
15 65
2 47
46 96
40 54
70 76
76 50
37 6
84 2
68 14
82 18
69 35
15 4
22 96
38 27
20 64
66 6
10 87
94 4
51 7
37 62
4 43
63 57
8 23
45 23
80 53
73 87
41 76
81 41
88 13
31 56
1 71
85 69
5 97
69 71
48 37
88 92
95 26
99 49
13 51
67 26
5 25
47 81
25 14
93 29
84 78
51 45
10 8
26 82
57 82
56 59
25 21
0 22
92 78
15 72
98 34
71 52
87 59
60 41
47 62
65 17
19 55
23 2
14 94
81 32
31 20
36 40
22 68
62 68
39 68
87 19
76 62
74 44
