114
51 19
17 17
76 25
55 4
83 39
5 6
98 84
69 8
33 91
78 74
47 88
4 39
25 36
43 35
68 42
55 61
60 28
55 13
91 68
97 23
35 15
1 82
76 55
19 67
81 93
35 64
92 51
20 84
96 6
98 99
76 2
61 67
39 72
89 11
5 47
17 22
93 82
36 98
1 7
56 50
58 89
19 92
12 69
77 39
84 54
83 18
29 82
41 15
84 87
69 3
77 64
12 41
58 37
11 9
95 58
25 75
39 24
29 50
24 3
3 96
81 48
29 21
0 97
45 51
75 98
2 28
93 28
48 0
6 56
99 0
58 98
47 36
68 26
53 64
19 2
56 84
97 30
19 62
20 38
39 66
0 53
79 79
96 44
14 98
99 9
66 50
69 69
36 45
30 99
6 85
51 4
8 23
54 22
78 16
39 83
29 34
15 3
64 11
85 70
7 53
7 32
72 36
25 67
70 55
24 22
15 77
90 54
46 27
19 9
69 15
34 72
61 6
64 17
87 79
