89
18 69
5 23
52 58
19 59
27 29
32 82
35 55
89 91
67 90
29 93
60 94
3 34
7 14
57 66
11 56
36 41
15 16
15 92
2 82
34 78
33 61
52 75
4 48
75 97
35 96
38 47
58 88
13 71
17 30
16 46
24 38
25 53
10 65
70 74
26 89
26 64
12 99
45 95
81 88
6 90
20 24
63 73
45 79
47 63
3 44
75 88
5 75
37 73
43 56
63 80
14 35
34 69
9 21
25 96
16 52
23 78
90 99
3 8
40 85
39 99
52 51
0 32
8 95
32 34
29 72
1 62
65 65
85 99
0 16
67 99
16 78
44 92
4 68
17 38
57 60
16 99
26 57
55 77
74 92
9 85
59 80
7 30
28 39
53 66
18 91
35 91
26 70
11 79
52 87
