111
66 51
38 4
13 21
57 84
20 48
28 96
33 61
44 97
84 61
83 87
11 75
72 96
31 82
24 31
7 54
61 9
89 57
54 56
69 79
91 97
44 90
95 54
17 26
51 96
95 21
89 3
72 18
23 7
35 40
78 38
95 73
55 30
30 16
94 34
15 75
84 2
52 16
97 81
66 69
7 14
92 17
13 45
86 72
11 87
43 60
24 67
58 92
68 26
53 4
55 71
78 84
83 24
61 84
89 53
19 65
37 93
91 68
22 75
41 27
0 27
38 44
14 95
57 37
50 86
98 4
2 60
0 78
92 39
36 1
1 13
37 75
1 41
88 80
66 11
71 34
65 65
51 55
27 13
26 52
89 95
58 99
73 48
10 30
29 88
53 45
39 64
47 12
93 3
73 65
30 32
87 18
75 93
3 75
99 42
11 60
20 8
44 75
12 50
98 59
78 19
80 47
48 34
65 61
62 23
75 81
9 81
79 58
60 70
77 29
72 57
37 83
