97
4 3
11 8
83 88
29 23
36 38
13 16
64 69
19 7
38 84
12 72
43 7
8 41
51 60
8 98
50 23
80 5
22 97
16 54
50 48
73 92
14 79
67 1
24 38
29 84
54 67
17 24
12 49
4 18
25 20
15 4
97 99
28 67
74 18
90 47
66 48
88 69
59 9
70 69
87 87
29 6
6 93
56 38
25 60
10 63
28 46
29 95
72 78
42 32
57 53
25 24
31 44
93 92
13 86
35 89
81 78
17 32
37 15
63 56
51 96
97 28
41 75
39 58
98 51
82 50
65 92
89 22
60 23
95 36
96 81
50 6
3 97
75 13
5 32
28 34
19 18
33 99
11 58
72 55
26 76
45 22
0 10
42 36
65 6
45 89
1 82
98 92
68 64
20 3
54 45
18 93
20 73
51 12
78 85
11 19
53 37
17 45
31 26
