110
17 31
65 23
44 36
68 6
48 80
25 68
3 57
3 25
96 32
45 10
16 17
72 81
35 52
58 37
50 52
68 49
13 46
32 35
47 61
75 37
3 34
26 53
35 30
33 87
12 64
9 78
95 9
99 58
90 81
49 99
85 57
76 95
5 95
31 8
81 14
50 75
83 38
35 70
51 4
76 61
82 3
71 77
54 93
6 72
95 70
52 29
67 19
20 32
23 7
89 35
22 46
82 91
76 53
71 25
8 40
16 73
35 47
14 25
4 5
59 82
30 94
19 0
0 90
86 20
56 68
81 98
73 2
93 54
92 84
62 44
53 6
39 21
29 88
37 2
2 76
97 40
0 40
7 11
53 22
7 62
24 61
49 38
10 88
71 98
59 51
87 67
31 21
59 7
37 91
24 85
29 71
85 13
49 69
90 93
84 49
35 36
7 20
43 82
40 56
15 49
79 29
70 46
23 17
87 50
57 79
71 17
11 70
44 41
24 27
59 15
