110
87 9
95 51
39 43
3 90
38 96
73 26
63 16
68 85
6 4
58 60
14 37
25 66
86 82
67 71
10 51
67 99
86 63
5 22
93 39
72 36
10 91
15 67
41 33
58 82
12 12
27 83
43 66
27 13
49 17
72 4
25 49
57 34
87 25
82 97
77 48
72 68
4 48
92 83
6 73
30 81
24 34
43 7
96 30
12 87
52 65
71 10
18 28
24 56
63 37
39 75
79 33
49 38
62 23
14 96
66 63
33 76
56 73
19 45
40 3
99 69
86 98
50 88
40 99
91 11
0 34
1 64
40 52
81 48
35 19
8 0
98 91
54 87
99 75
30 97
4 27
84 77
86 3
61 54
27 31
14 77
51 19
20 63
93 44
1 8
20 18
33 5
24 95
35 37
79 41
56 46
11 47
76 94
37 68
90 29
89 68
66 57
18 71
32 35
28 61
90 92
9 27
65 31
7 11
58 75
8 81
25 20
10 62
70 62
23 81
26 70
