115
41 13
53 45
84 3
62 95
19 27
4 14
38 52
87 71
20 57
27 85
70 75
57 61
73 46
50 2
16 9
27 22
36 64
12 65
68 65
49 56
32 52
96 84
89 29
81 58
74 25
4 49
78 97
18 99
49 74
98 2
22 41
42 36
39 93
95 54
94 35
23 3
56 37
12 73
86 10
63 80
35 82
31 8
85 34
10 45
58 43
28 27
9 2
93 67
67 32
97 22
55 81
74 58
12 18
36 39
28 97
82 52
37 27
45 60
82 23
67 2
51 23
4 97
76 89
4 78
99 54
29 68
66 9
6 34
21 84
48 94
1 56
69 16
54 1
82 76
1 9
34 0
18 43
71 9
98 76
42 20
68 47
72 98
42 74
60 29
16 88
10 27
81 41
2 70
59 58
24 56
34 90
72 73
46 51
87 67
27 76
4 26
39 6
53 75
82 44
28 38
89 24
16 65
33 22
45 70
51 31
62 46
32 42
23 90
63 76
34 61
71 35
49 43
56 48
39 66
21 48
