111
90 68
10 1
28 29
96 11
91 78
85 23
21 15
50 36
24 54
49 57
68 14
16 76
10 89
33 3
34 38
38 55
59 23
56 54
4 77
47 94
32 96
98 96
11 35
52 78
70 42
72 64
9 52
76 95
98 35
47 14
36 71
67 28
20 68
66 71
82 15
36 23
62 2
87 82
48 80
6 30
79 37
33 88
92 4
7 14
17 51
37 65
53 19
80 78
65 51
92 30
96 71
54 92
96 90
43 49
74 85
30 58
49 73
30 12
14 65
77 16
77 29
60 34
52 56
86 51
23 61
76 0
92 51
61 93
55 2
77 62
2 52
15 2
55 68
96 2
28 92
29 1
2 29
95 94
27 37
18 82
90 47
46 29
95 62
72 1
93 25
42 8
64 68
13 27
41 99
48 40
61 16
26 75
43 22
86 44
62 45
10 69
98 80
16 8
81 5
35 50
13 82
47 87
91 21
47 71
72 17
56 28
20 59
87 34
46 62
57 59
88 71
