114
73 7
90 35
56 55
58 79
18 77
20 47
66 64
55 30
43 42
78 21
75 43
98 22
25 11
9 6
27 54
55 92
56 24
96 11
85 40
61 86
24 41
40 83
98 90
7 20
2 64
41 4
5 50
42 21
47 60
80 2
59 41
77 60
39 76
14 34
64 18
82 22
71 73
2 70
92 49
22 82
33 54
28 19
46 12
76 53
73 2
60 96
60 51
54 74
73 27
60 36
46 47
17 56
73 57
52 60
87 23
46 34
70 46
31 95
14 97
84 87
98 63
58 3
0 92
48 80
86 71
73 78
77 93
97 96
3 0
17 96
97 48
94 5
6 85
9 34
30 1
82 97
52 98
35 74
35 21
99 32
32 39
21 15
97 56
46 4
60 9
83 93
28 59
10 51
85 75
8 77
9 92
83 61
67 92
26 73
96 34
68 23
68 72
82 7
42 66
51 54
41 10
69 32
55 34
66 8
59 59
87 33
29 12
38 63
86 47
63 77
53 41
74 72
56 67
70 63
