113
67 20
15 23
88 41
94 23
29 55
53 65
46 39
50 94
79 60
17 67
33 77
5 56
91 74
20 87
56 51
56 5
65 44
41 42
40 79
97 14
59 70
19 29
55 24
42 91
2 91
76 74
77 7
83 99
27 12
6 42
15 53
28 31
35 95
82 36
95 81
95 2
9 97
43 57
1 23
85 22
74 50
19 98
88 53
67 16
24 53
22 84
47 80
55 34
63 65
97 73
7 18
32 39
74 44
8 58
85 86
38 99
25 91
53 69
10 3
68 89
16 92
42 18
97 95
0 77
96 38
70 92
24 11
95 54
14 72
42 7
94 7
51 20
98 30
34 25
0 32
71 24
55 95
1 8
38 58
79 66
81 13
39 73
21 5
62 76
94 72
29 59
94 88
36 5
79 30
61 10
49 55
77 52
29 27
14 81
11 33
7 49
57 41
32 45
29 76
93 45
73 33
53 10
43 33
84 61
17 19
60 27
43 65
90 37
11 86
85 75
39 47
62 19
15 11
