91
83 76
79 90
83 35
80 97
80 45
61 43
92 8
95 84
26 10
28 42
87 29
78 64
70 87
91 77
17 26
51 25
52 10
78 2
77 16
52 43
16 8
69 34
17 45
82 55
54 19
84 15
73 96
15 18
86 21
70 46
1 6
97 55
65 71
97 7
68 15
55 4
93 91
92 61
28 17
48 37
75 60
15 35
49 19
84 43
74 82
60 29
58 50
84 72
67 54
70 26
90 50
83 10
2 28
55 36
89 80
40 34
98 33
2 2
81 26
75 49
73 69
16 51
99 14
34 11
50 0
27 27
1 14
20 4
91 98
83 65
98 69
69 8
7 34
24 46
98 46
84 0
13 3
64 63
99 78
69 78
92 3
54 14
92 31
75 91
75 30
46 27
17 11
78 9
56 25
79 57
81 84
