116
9 18
56 40
73 81
17 5
44 37
28 87
87 68
14 94
29 15
28 59
4 65
64 52
77 96
71 11
89 41
34 91
68 2
67 59
6 23
43 49
83 79
34 72
5 41
93 26
43 11
10 78
17 33
92 97
15 51
68 32
42 64
93 60
77 45
68 78
20 71
2 7
39 35
8 49
63 11
26 46
42 76
57 57
35 12
70 65
58 35
3 35
20 88
95 74
17 27
16 13
81 88
26 69
34 49
71 49
12 83
38 25
86 92
52 86
89 4
63 95
33 79
53 21
46 99
95 8
84 27
56 69
47 3
70 26
7 64
78 13
95 89
19 98
23 31
40 95
60 91
32 2
87 44
3 71
65 7
42 52
89 64
95 31
50 72
79 28
49 16
75 63
31 31
20 51
96 66
43 56
88 49
41 2
59 85
57 44
24 73
46 22
60 26
54 66
42 41
15 35
72 34
37 86
20 56
84 74
13 86
74 84
50 7
19 42
26 25
74 21
80 36
24 55
62 61
20 82
15 71
17 61
