97
25 14
16 26
8 12
76 20
21 83
4 57
2 4
29 4
16 78
28 19
24 63
12 95
51 89
55 4
67 91
95 31
2 20
11 53
74 25
17 68
11 20
20 9
51 66
98 8
87 72
59 51
78 59
98 58
59 27
26 97
87 48
67 39
73 63
77 84
96 0
55 24
97 37
1 68
92 76
53 97
85 9
58 76
64 12
93 23
18 50
60 69
81 32
16 97
61 42
69 87
30 74
13 2
93 61
8 74
57 13
59 97
67 64
12 27
86 82
84 55
11 88
80 23
23 72
9 63
71 5
20 21
26 49
0 83
53 82
83 41
81 5
29 88
74 93
0 28
9 98
99 48
98 73
68 48
28 29
67 96
3 97
93 6
66 4
99 52
26 93
82 75
67 34
87 19
26 8
84 50
67 80
2 88
15 60
78 49
80 17
20 15
20 88
