115
3 5
43 40
88 15
98 4
34 83
96 63
51 62
23 26
3 80
50 83
56 24
17 48
17 67
77 58
66 79
30 50
7 11
27 19
50 76
12 32
42 90
87 3
87 56
64 67
27 75
62 45
59 10
79 96
97 79
73 30
85 38
31 3
6 96
99 36
55 97
82 79
75 94
44 60
42 32
19 81
56 30
72 55
24 7
35 34
52 13
54 47
73 79
98 50
82 15
20 40
37 53
91 63
60 87
71 38
68 17
28 25
79 63
18 15
81 86
34 13
3 43
26 99
5 57
94 93
37 41
76 82
4 25
98 22
32 69
12 95
67 1
86 42
0 0
3 51
75 99
8 79
58 48
52 2
61 97
35 88
99 18
4 20
81 10
5 2
49 68
91 35
13 70
29 59
66 9
49 27
89 92
56 69
19 5
69 52
17 31
57 39
96 7
85 33
6 88
88 49
67 82
61 14
39 48
40 83
77 39
16 12
28 34
59 81
62 60
39 25
29 43
48 55
14 24
47 42
63 40
