115
67 85
45 2
92 56
7 40
2 85
90 29
69 58
37 38
74 20
97 76
66 4
24 74
53 45
84 91
39 47
98 26
11 85
51 10
96 60
4 15
1 58
82 75
30 60
27 28
49 69
86 12
52 96
77 42
97 42
7 99
52 24
18 89
96 12
59 44
3 10
51 82
61 58
1 26
10 72
22 60
71 97
46 61
67 30
77 74
34 74
28 42
85 50
43 31
63 65
1 96
82 66
54 91
58 38
44 51
27 84
30 1
99 90
4 44
98 4
29 21
15 53
83 1
7 1
22 99
30 7
23 24
80 2
10 38
83 43
69 87
2 63
98 69
47 99
84 29
68 10
44 9
36 83
88 89
48 42
5 24
99 18
78 59
21 39
55 0
78 21
29 56
99 52
15 69
21 96
37 22
64 62
48 72
70 35
29 75
58 83
92 26
97 80
73 2
9 29
46 93
66 95
16 62
44 56
66 51
15 92
31 45
92 32
30 70
75 35
94 62
83 52
54 68
34 69
77 67
83 33
