111
29 27
65 54
94 72
36 50
51 31
90 94
37 8
20 61
50 83
36 76
92 17
75 68
8 81
84 33
70 86
10 27
49 26
29 78
53 42
40 14
83 96
18 51
26 45
17 20
42 40
53 7
73 42
88 58
65 18
98 34
4 50
16 65
65 96
13 92
3 36
40 60
51 95
93 58
78 20
70 78
15 24
67 61
98 24
69 47
24 38
57 13
30 10
89 43
34 68
8 14
18 71
44 19
29 48
43 35
70 3
54 67
93 1
33 45
99 96
21 3
11 99
91 77
99 0
0 15
0 86
23 91
51 51
53 1
51 90
4 74
8 53
51 75
79 24
76 8
77 73
99 54
35 0
87 88
16 85
12 49
38 82
61 74
14 9
94 8
30 63
77 34
84 55
63 0
47 65
23 12
53 86
84 79
18 39
4 43
24 84
25 26
49 3
52 24
10 67
94 82
83 12
78 40
80 90
78 59
29 0
91 27
64 88
40 20
87 72
63 81
30 37
