113
4 65
51 54
29 51
89 97
29 95
34 44
76 82
30 13
5 47
47 93
92 46
0 93
49 0
56 15
91 32
17 34
45 28
78 71
28 25
65 78
59 25
45 41
74 27
35 79
33 65
63 42
93 79
97 60
9 3
92 14
70 57
19 61
61 69
80 23
20 90
52 84
16 5
98 93
99 6
58 97
9 32
4 13
97 24
17 70
61 36
96 38
50 51
2 55
26 81
82 59
13 39
16 25
51 25
44 85
60 88
37 31
9 46
74 8
78 43
73 96
75 2
36 9
3 97
55 1
1 29
11 78
99 72
93 98
75 89
88 60
42 13
65 63
1 64
30 4
60 0
6 92
99 45
19 66
20 94
62 16
88 10
25 47
73 47
56 64
99 30
59 83
33 2
86 83
33 81
75 32
21 11
98 55
47 35
23 33
59 45
14 97
75 67
28 61
66 96
92 69
36 17
44 1
21 75
65 50
84 54
60 31
75 38
67 82
10 62
30 69
72 83
53 39
9 68
