90
95 35
94 2
38 26
28 15
95 28
28 96
66 26
27 7
56 93
55 73
94 73
27 59
37 2
96 45
84 37
55 1
11 52
28 82
60 28
84 1
87 71
93 54
84 25
27 0
98 24
50 26
0 76
28 37
74 82
12 92
75 14
37 82
55 96
17 36
25 73
83 57
26 52
13 83
59 82
93 10
61 35
85 18
16 60
95 65
4 82
84 48
47 84
2 36
44 52
83 98
98 93
1 9
0 61
75 60
47 56
5 28
62 3
26 98
76 96
52 40
75 37
19 26
62 71
39 17
17 4
3 94
42 84
60 13
29 44
29 67
15 51
17 97
98 39
16 73
41 89
61 90
25 20
79 7
64 28
10 45
22 82
91 17
24 11
26 91
56 87
54 26
90 24
21 43
50 94
17 84
