116
87 5
93 29
2 83
96 14
64 83
15 47
58 10
54 29
55 72
26 65
71 26
31 94
44 16
36 77
42 55
28 14
94 71
77 11
97 41
69 4
81 20
36 8
82 29
84 51
3 12
55 97
2 36
74 98
85 83
70 67
63 40
16 94
61 55
97 57
30 30
18 4
27 57
9 71
81 45
43 84
12 55
56 54
71 84
4 20
42 66
56 34
61 4
50 81
10 91
65 97
19 45
34 72
47 91
84 62
93 35
97 50
79 91
61 59
82 17
79 73
99 87
39 41
16 78
44 1
11 0
32 97
0 44
43 40
13 24
29 0
1 91
58 20
6 60
48 0
91 6
73 41
93 92
29 22
44 22
15 20
1 74
97 20
25 36
7 98
41 51
75 1
78 44
19 75
69 60
58 69
60 16
1 50
24 90
26 50
56 49
40 31
71 75
46 61
54 75
30 75
63 89
68 34
11 39
41 8
81 58
34 51
33 80
32 66
72 16
61 30
58 75
53 19
93 21
12 48
53 13
36 19
