106
70 5
67 92
84 48
96 38
16 44
90 5
59 42
75 24
30 94
35 55
88 88
50 86
24 23
67 72
97 62
15 38
96 15
82 86
33 46
48 58
87 32
67 62
38 91
8 47
81 11
67 17
69 80
38 3
2 13
81 68
49 30
43 17
12 94
6 62
38 71
19 9
2 48
14 68
54 80
28 72
96 87
65 36
19 97
80 98
67 87
79 33
81 62
95 7
76 6
53 37
3 36
22 88
33 62
17 32
90 14
62 76
4 78
50 1
96 56
18 4
60 15
31 31
52 94
2 99
98 78
74 47
57 61
84 71
88 99
48 16
23 2
4 24
69 0
8 86
40 31
58 98
99 23
34 17
47 44
44 73
36 87
12 3
63 47
65 29
3 53
10 71
81 52
57 14
89 38
63 67
9 96
84 77
67 46
74 94
19 82
32 88
93 52
42 59
75 19
98 9
49 12
90 84
49 48
57 29
60 50
38 56
