113
66 42
84 77
88 16
38 67
25 30
28 97
73 90
25 59
40 43
2 10
73 55
76 31
44 14
31 85
75 71
29 22
41 59
93 46
66 18
59 3
8 31
58 78
32 4
99 5
14 92
43 96
5 61
17 12
57 93
26 44
57 23
61 37
84 31
96 74
75 94
41 35
81 13
91 56
6 44
70 70
54 3
59 51
48 82
15 66
92 70
30 75
71 96
72 4
84 83
46 38
95 14
93 39
39 51
14 97
33 18
68 50
46 70
76 38
44 3
15 25
84 55
85 9
51 66
32 66
62 87
94 94
20 20
1 76
26 1
1 18
21 44
2 0
0 61
16 5
1 39
92 30
16 86
48 21
99 52
19 59
29 94
7 75
98 78
67 12
69 64
98 25
22 38
79 36
60 97
55 37
60 68
78 75
49 52
10 58
30 25
49 24
38 11
6 15
62 34
55 73
21 64
65 83
37 73
33 29
12 39
79 48
70 35
88 23
57 32
25 14
43 23
83 40
67 47
