104
50 47
44 89
64 75
16 74
26 61
74 54
57 9
38 15
87 67
4 2
16 23
95 93
95 8
5 49
87 31
28 87
49 27
10 78
64 6
49 94
65 82
13 45
77 41
15 8
33 3
45 20
34 36
64 24
14 98
44 67
63 39
78 70
42 81
56 54
76 8
95 75
32 46
91 25
75 87
19 37
59 68
1 11
48 40
10 83
20 67
58 82
76 23
39 97
85 10
86 91
84 56
7 55
55 24
23 51
34 28
14 90
54 12
65 64
23 76
70 16
54 73
64 97
4 31
95 47
98 22
15 80
44 0
43 62
18 9
62 19
83 20
98 63
57 97
79 96
18 0
23 23
32 8
18 98
91 45
35 68
80 82
4 94
72 46
29 50
97 31
44 46
71 30
47 98
7 10
9 69
65 49
52 33
31 18
75 68
37 38
43 14
57 76
15 16
61 90
61 46
17 60
64 14
73 80
28 14
