112
97 3
51 74
10 95
91 91
50 9
11 4
23 52
88 76
83 12
3 57
74 51
25 11
11 79
5 42
60 47
41 87
22 29
82 91
56 76
81 6
72 59
45 65
14 91
28 40
13 13
93 30
66 20
67 85
38 19
27 78
94 50
36 2
27 97
47 30
38 50
86 73
71 29
6 59
1 14
4 79
78 46
48 88
68 68
31 68
85 28
52 35
94 73
32 26
61 16
27 6
14 35
30 88
60 71
47 25
69 11
98 83
33 56
90 20
86 63
53 84
24 85
59 99
6 0
50 60
99 33
1 24
59 0
71 82
75 97
53 50
88 48
19 49
25 68
34 42
11 98
0 89
73 36
24 25
7 74
34 0
45 13
34 74
89 34
15 28
87 13
87 92
35 96
17 53
98 22
48 39
48 56
65 52
72 78
88 67
17 10
58 7
40 27
61 27
11 44
79 14
59 66
92 41
42 9
42 80
34 36
78 35
85 15
87 83
13 88
61 80
51 18
23 22
