104
71 41
11 11
42 17
20 56
85 68
30 10
15 44
3 64
67 9
48 49
13 98
87 40
43 81
65 75
11 28
22 79
71 57
44 65
6 14
40 40
19 62
23 27
10 51
24 47
97 84
82 0
64 94
99 56
53 34
43 96
8 81
94 41
66 40
75 13
62 79
2 28
78 54
52 65
91 92
89 10
14 95
54 20
36 77
62 61
94 36
72 75
7 75
14 5
23 97
5 56
33 33
30 60
52 85
69 1
20 40
57 42
40 51
91 51
66 34
77 43
38 70
49 3
78 99
44 29
97 22
62 98
79 21
96 98
0 90
22 83
86 78
99 9
54 48
82 93
14 56
70 81
16 29
82 18
39 46
41 9
88 64
37 24
92 98
55 64
3 46
28 89
71 61
53 25
38 62
80 77
84 30
9 70
30 41
83 49
56 75
15 83
69 66
13 37
79 11
59 84
52 60
70 47
43 60
46 39
