112
65 64
96 80
91 43
58 36
68 82
30 5
22 84
74 47
24 25
7 85
12 63
87 97
73 24
16 39
36 33
39 82
51 31
75 63
80 39
41 57
68 97
88 20
55 91
22 53
16 4
10 26
35 98
6 64
83 8
1 94
26 50
61 53
87 57
45 48
36 63
10 42
56 22
39 5
51 63
25 79
70 15
75 32
2 76
26 93
78 95
89 35
92 10
19 14
22 68
48 87
69 50
63 85
53 40
20 29
22 44
21 61
64 1
42 20
4 13
67 38
12 54
18 34
90 73
2 1
94 95
18 98
46 4
1 30
99 31
78 0
77 80
49 93
71 66
96 86
91 49
39 35
9 78
1 38
62 9
9 99
20 0
89 66
86 3
43 73
47 23
3 59
61 69
27 16
50 96
11 18
46 53
99 37
81 19
10 92
9 4
74 75
67 47
4 48
64 94
28 30
51 37
21 88
65 79
82 25
73 52
57 33
20 18
5 32
30 40
83 48
60 48
13 57
