110
21 59
78 49
84 63
20 53
48 45
46 77
25 11
24 97
68 10
67 67
87 33
96 50
15 78
68 37
94 76
66 51
74 7
41 49
41 34
28 65
76 76
13 64
59 58
44 3
68 97
15 30
90 18
92 93
3 90
4 43
54 14
55 88
34 52
31 32
48 69
83 94
17 37
24 3
71 82
14 20
15 99
6 62
35 96
33 71
75 13
81 52
60 4
33 47
38 86
6 96
50 50
17 12
61 14
63 88
70 62
7 29
27 25
25 51
76 43
42 76
71 3
3 0
20 63
55 30
98 33
93 15
20 83
2 10
79 28
44 18
2 46
97 47
5 76
51 96
69 56
90 71
98 85
63 35
0 83
53 99
38 18
3 58
86 77
92 50
78 22
20 6
8 44
53 2
94 36
56 66
60 80
51 24
29 80
13 80
2 37
20 36
68 81
39 56
62 97
93 27
10 73
46 82
67 42
62 23
78 32
81 64
88 20
30 14
36 72
22 76
