165
34 96
96 61
90 44
81 64
14 50
33 41
55 85
71 6
50 35
39 76
26 26
7 16
56 10
87 85
62 62
97 27
75 49
2 20
32 50
74 70
46 97
29 35
94 55
16 22
90 34
85 70
48 87
22 40
0 78
72 97
48 49
98 9
25 85
0 57
1 93
40 11
26 64
62 43
2 1
0 42
62 26
17 0
48 64
98 96
83 14
74 35
99 77
14 75
87 0
72 91
19 7
8 37
70 76
16 53
70 21
42 19
38 0
86 99
0 73
6 93
24 99
98 13
64 59
56 99
40 62
66 0
87 29
24 7
23 71
48 23
1 36
98 41
79 50
46 0
48 40
56 71
82 85
96 81
38 98
6 63
23 22
5 0
66 20
81 0
1 15
33 82
18 85
78 99
96 2
24 2
41 5
62 79
32 55
63 5
78 55
5 77
79 35
41 68
64 46
88 14
30 27
15 37
98 91
46 26
97 47
23 93
65 83
73 15
65 37
82 29
56 61
0 5
11 56
0 25
31 79
55 93
27 56
90 64
30 21
98 20
16 15
40 92
49 9
55 78
42 40
56 26
0 85
54 49
6 42
32 1
89 89
72 82
9 19
24 36
25 78
97 34
55 57
41 36
48 80
63 93
30 64
80 44
14 65
56 22
33 6
39 47
88 23
58 42
47 72
8 87
7 49
83 91
25 50
66 69
88 58
6 5
66 12
74 41
45 14
10 28
31 15
17 43
55 33
26 14
32 70
