106
83 34
52 32
17 19
23 41
64 21
33 97
72 63
22 95
12 71
46 62
47 47
66 76
95 25
24 6
92 98
43 10
90 47
11 27
56 48
84 93
39 98
33 65
55 76
69 55
91 32
35 88
56 40
84 74
17 55
55 91
32 22
97 62
2 59
23 80
98 94
41 0
66 30
98 46
1 26
71 44
88 18
36 60
97 86
5 53
21 89
9 68
82 64
20 37
23 75
98 41
24 54
63 68
35 7
10 20
72 27
11 48
91 88
61 49
17 67
86 1
4 91
4 0
66 1
69 93
37 36
73 71
86 43
47 77
56 16
2 83
60 2
3 6
21 4
96 11
8 62
59 96
75 91
47 25
27 21
35 33
95 70
7 87
84 50
6 38
39 92
97 19
27 1
70 19
0 79
0 17
56 63
33 54
32 79
52 9
31 62
99 50
6 10
19 52
76 42
59 33
70 60
16 74
51 69
60 14
65 59
66 37
