107
79 90
27 94
48 31
29 31
39 68
75 67
62 92
0 91
92 7
86 37
61 65
67 42
31 7
98 80
19 15
40 85
63 22
52 49
36 60
30 40
51 62
14 51
77 7
41 99
20 66
9 75
43 15
85 57
0 47
7 23
93 16
59 14
89 73
73 49
64 87
98 87
14 43
7 98
95 1
26 83
60 73
5 68
38 54
50 10
23 5
47 91
30 21
59 30
18 29
18 86
14 13
62 47
34 65
41 46
96 10
20 35
65 38
35 75
17 93
98 48
78 22
99 63
79 97
74 76
94 25
96 96
83 38
50 1
45 29
77 81
4 9
69 9
61 99
3 41
31 2
78 52
18 62
79 19
50 83
90 63
39 19
19 69
84 88
36 82
50 58
13 22
94 57
99 73
59 82
12 84
71 52
15 36
34 16
53 17
83 79
33 90
47 72
79 62
72 38
52 95
25 65
89 47
66 82
34 28
36 13
27 75
21 22
