108
76 58
83 25
25 95
47 46
89 12
5 20
35 82
4 65
60 39
49 68
89 72
38 10
4 98
56 18
78 97
65 2
64 89
41 90
97 80
44 3
38 41
18 73
9 44
97 48
21 31
62 56
3 1
29 52
95 33
65 75
75 20
65 32
82 81
48 54
98 5
32 15
10 82
13 52
62 61
73 6
46 22
83 60
30 71
2 51
56 74
16 33
18 80
14 66
98 16
71 48
86 34
69 82
52 46
13 25
60 28
89 82
79 67
42 58
68 54
48 36
70 26
98 98
18 9
11 71
44 96
11 99
78 79
30 29
60 16
26 45
21 13
80 42
75 2
4 25
56 90
38 0
89 0
0 69
32 43
89 16
95 73
76 42
34 25
58 8
11 93
31 86
44 65
84 93
21 53
35 61
72 16
45 88
76 62
61 79
53 67
22 27
34 46
66 40
32 95
89 20
75 76
72 91
18 42
70 19
54 54
77 55
41 45
61 42
