111
15 28
7 11
43 19
21 4
61 63
57 97
77 64
78 47
82 91
7 59
92 19
3 79
50 52
60 37
10 73
40 9
82 40
42 30
87 82
79 17
86 97
51 23
54 65
97 66
42 92
17 89
34 75
96 44
65 22
36 55
41 4
51 73
27 1
98 97
21 96
76 33
71 98
11 49
92 58
98 16
93 30
68 50
80 10
17 72
7 6
43 37
51 96
32 97
69 19
33 17
80 84
3 21
0 65
41 46
61 52
54 89
91 70
35 87
82 29
39 23
87 53
24 42
66 77
3 95
98 0
2 38
85 66
21 26
54 10
78 1
29 38
7 99
67 74
15 46
58 10
5 81
40 60
96 93
0 45
48 76
59 41
65 93
26 11
18 55
47 0
94 51
94 77
75 62
17 96
9 25
1 53
87 33
68 7
16 64
68 33
48 95
19 14
74 76
9 41
24 85
47 59
47 22
74 41
73 55
84 89
50 43
29 3
60 67
77 22
44 13
66 64
