99
39 60
73 62
76 24
54 27
22 68
26 79
23 30
55 70
64 39
73 78
33 59
70 26
30 37
74 15
89 48
24 5
36 20
66 46
82 75
79 60
64 66
78 29
20 58
39 46
31 27
61 35
67 55
12 18
2 68
43 88
9 27
99 52
29 7
38 74
42 17
55 63
63 16
83 83
17 74
24 41
84 36
87 18
40 24
16 26
57 49
34 51
47 63
69 61
27 76
5 54
2 0
72 73
8 96
29 94
63 24
83 22
19 21
49 2
64 2
54 77
47 92
92 71
46 40
11 79
31 67
10 36
84 43
67 83
49 13
58 60
19 50
25 90
73 88
70 41
8 71
83 60
45 33
35 6
59 80
29 34
46 74
53 56
19 82
19 62
36 81
78 57
54 35
33 32
77 68
13 65
57 55
44 56
64 71
20 39
78 16
60 63
37 64
26 21
63 31
