112
45 19
18 66
6 9
46 77
68 53
92 47
13 71
96 31
60 86
80 78
2 60
74 5
22 29
5 26
32 60
83 16
82 30
18 57
52 70
87 46
65 44
64 61
94 8
76 60
72 72
18 90
51 48
53 6
29 12
45 96
39 33
91 87
79 95
69 19
24 44
67 4
29 3
38 80
46 57
14 0
59 99
20 14
59 20
24 77
43 10
56 45
1 20
9 74
36 66
69 97
31 26
50 92
77 24
97 41
34 18
80 12
52 81
96 67
1 91
63 7
61 53
29 99
73 84
97 26
1 97
15 43
98 74
70 39
3 35
38 41
0 3
55 34
20 95
93 60
83 45
17 28
4 83
15 14
33 88
88 80
37 50
66 80
10 53
50 64
6 97
35 35
43 17
38 73
63 32
26 61
83 50
72 65
15 5
23 91
94 20
86 73
4 64
63 84
39 13
84 87
66 13
7 17
20 23
86 21
37 76
12 23
31 20
26 35
28 70
12 63
13 89
56 74
