114
82 6
8 78
57 18
37 9
70 80
55 64
53 94
15 32
16 96
40 67
53 37
85 85
9 5
41 49
42 20
84 15
70 3
64 27
51 18
45 2
47 28
80 67
25 55
31 39
26 85
94 38
62 49
11 60
98 14
84 53
5 22
95 75
74 28
30 9
30 25
88 1
1 72
5 87
63 98
41 97
91 31
70 44
44 74
16 75
85 92
2 51
18 45
76 57
90 66
78 23
71 9
88 24
80 77
69 34
12 47
92 85
59 23
1 37
99 98
30 99
18 16
14 2
24 71
68 96
34 84
96 0
63 63
47 95
4 14
48 46
19 30
20 89
85 38
39 70
3 58
99 33
1 31
98 18
46 6
73 73
3 4
74 0
56 46
86 45
47 90
19 68
78 92
41 29
27 48
49 60
20 26
18 8
56 40
8 18
86 60
66 66
73 25
60 9
86 10
7 44
32 17
8 63
91 79
12 86
41 34
98 23
89 5
87 69
65 17
77 84
51 55
38 12
50 21
74 63
