108
43 61
89 81
53 16
20 26
45 50
31 65
70 54
56 32
74 40
2 57
77 90
0 42
11 2
38 91
38 24
96 12
58 88
83 42
8 30
47 5
61 33
46 84
43 70
17 77
18 40
2 92
88 60
57 64
97 39
3 74
17 95
75 5
49 48
23 92
60 72
23 4
58 95
39 10
97 67
89 6
3 23
82 94
26 42
64 5
45 34
32 58
0 66
90 34
79 9
69 45
58 10
48 20
27 85
11 41
71 33
58 56
45 41
48 89
13 88
98 92
77 71
81 23
36 99
23 12
1 13
67 19
24 27
42 76
2 8
76 98
91 75
37 6
90 99
2 52
86 53
96 16
0 81
19 47
35 31
10 70
76 26
34 72
17 17
82 2
80 64
45 2
20 9
43 48
46 75
87 83
32 91
57 18
74 19
59 47
85 31
78 84
10 78
15 26
34 61
9 9
54 30
54 7
66 38
38 47
47 13
46 60
51 39
58 21
