108
89 51
63 9
32 81
7 64
48 32
64 91
68 25
41 90
87 76
71 56
2 10
19 43
53 50
24 23
34 35
37 65
71 32
50 24
49 85
13 5
75 74
7 73
63 44
42 30
18 86
33 6
87 3
95 19
4 24
57 64
34 51
99 71
75 17
62 1
41 6
9 30
78 39
51 77
12 44
23 75
1 6
83 71
21 28
50 94
35 84
80 53
14 61
58 15
42 13
54 38
38 42
37 76
13 20
71 47
60 22
29 31
12 70
95 99
96 33
79 88
25 99
98 85
5 92
95 55
93 2
5 48
79 3
27 55
90 97
47 4
96 48
93 28
42 98
0 58
42 59
18 98
27 12
53 71
98 12
85 30
5 4
51 0
97 52
74 66
22 69
8 34
56 79
87 15
13 49
34 61
52 18
21 19
0 67
37 16
76 58
52 64
21 81
51 36
90 54
68 15
7 9
36 31
3 52
27 86
48 66
88 60
40 25
18 35
