105
3 3
35 8
3 43
27 90
3 82
18 20
28 35
32 75
12 60
43 30
42 45
2 25
22 50
40 63
42 95
20 3
17 80
12 95
8 40
3 9
5 68
40 78
43 3
42 25
28 55
25 18
45 63
3 97
27 70
27 95
37 1
3 73
16 3
2 50
28 40
3 18
43 20
43 40
18 25
42 90
18 75
5 88
4 35
1 67
17 55
45 82
35 58
32 15
33 30
17 10
35 93
22 85
17 45
2 15
1 87
43 55
3 53
18 30
28 1
3 28
10 2
3 58
43 10
30 63
20 92
43 70
17 70
35 42
43 35
43 15
18 40
17 15
43 50
38 85
33 20
22 65
27 45
12 85
13 35
27 5
25 78
27 25
22 60
48 75
35 68
10 13
10 28
12 90
10 68
10 52
33 50
0 42
32 80
28 10
42 6
10 77
12 44
13 67
8 18
23 32
37 27
13 50
33 34
22 36
28 84
