112
94 69
5 76
65 32
55 11
0 50
85 57
74 20
46 70
88 7
87 33
27 76
44 90
20 25
39 18
97 7
60 13
2 82
39 58
54 26
83 71
92 73
60 87
22 41
84 90
2 14
98 49
61 52
13 1
28 9
21 56
18 94
2 36
60 69
2 90
86 41
37 48
22 62
5 65
19 79
46 95
66 56
29 28
49 56
49 24
36 80
80 10
34 12
11 37
36 96
60 2
50 77
83 85
37 66
15 49
79 17
15 29
91 52
55 97
10 82
25 15
28 55
51 41
44 1
40 73
15 96
32 98
91 99
0 20
73 97
96 29
36 34
98 85
69 34
70 79
99 14
1 56
9 68
77 69
75 50
23 1
8 16
83 3
50 38
97 66
65 40
52 52
57 71
23 70
97 46
41 15
68 18
29 83
34 28
35 51
8 33
82 27
74 64
76 44
30 6
16 91
69 13
20 8
91 15
19 39
60 26
22 90
30 69
15 76
82 65
74 12
37 20
30 75
