111
74 36
6 60
82 91
93 64
97 22
13 85
5 40
68 12
69 77
20 55
31 74
50 80
44 62
97 50
32 29
82 14
33 89
53 34
14 28
90 95
88 84
63 90
77 61
39 15
10 4
83 47
9 99
89 34
48 48
3 85
14 76
91 6
60 6
29 6
70 55
2 57
28 67
54 86
78 28
31 82
74 11
35 22
2 94
96 13
15 50
91 75
77 42
34 62
61 76
40 88
14 98
24 69
81 33
41 76
76 89
74 43
34 38
6 26
53 10
52 27
62 58
21 15
95 36
19 36
79 67
0 77
59 57
98 59
13 9
57 93
73 0
98 6
59 39
99 88
46 8
33 49
55 71
24 95
0 47
98 30
97 66
82 19
19 47
64 1
14 68
45 22
48 42
27 34
68 23
83 74
40 62
25 12
17 92
86 94
68 82
17 77
12 20
95 28
3 74
60 42
23 62
49 18
68 63
87 68
89 19
8 81
13 60
24 28
23 87
26 79
33 70
