116
47 20
55 84
35 55
4 94
22 98
94 72
23 10
33 79
67 6
15 22
95 93
80 66
5 12
81 52
45 29
40 66
85 76
55 9
62 32
91 30
96 46
57 50
9 60
71 88
25 44
4 38
64 63
79 16
31 2
98 63
77 2
67 46
40 15
52 75
1 55
47 35
38 51
82 36
17 63
10 36
68 32
3 86
84 82
32 88
28 16
47 82
61 18
20 3
75 51
62 87
32 49
14 32
93 78
74 9
91 56
67 76
37 41
17 40
73 71
20 21
60 41
91 6
47 97
75 41
52 27
0 72
98 27
23 63
72 98
93 95
22 78
13 0
42 0
31 30
88 64
52 54
0 26
43 97
23 93
99 41
6 90
35 72
3 41
18 48
8 76
85 15
70 0
87 94
65 20
68 96
27 1
56 66
83 29
10 16
49 62
91 48
31 24
9 69
44 36
49 93
89 80
77 57
60 11
17 87
56 70
30 56
78 92
14 8
28 38
10 44
94 83
9 22
38 24
37 57
68 14
44 73
