114
10 65
52 44
11 82
86 42
50 16
86 18
12 43
82 56
27 83
49 94
43 74
25 29
65 26
94 90
93 33
19 30
52 75
21 68
4 36
44 45
95 49
36 86
81 46
49 87
98 1
51 1
71 74
66 56
63 95
78 95
67 11
28 55
33 16
9 96
82 72
67 72
79 20
58 30
98 8
47 10
25 35
52 52
66 90
75 36
63 62
20 86
81 64
56 15
45 54
21 45
9 73
42 19
85 27
36 27
0 12
17 2
1 54
97 65
83 1
16 16
1 22
33 98
11 0
98 74
58 0
80 97
98 93
39 69
76 0
99 35
3 86
2 33
97 16
96 60
6 51
25 59
42 34
80 88
94 96
9 17
90 78
72 44
50 71
72 20
78 4
66 79
58 99
21 8
54 35
17 93
43 99
27 61
78 57
7 41
97 44
59 52
13 21
65 14
49 79
61 35
59 92
20 78
62 10
74 26
17 51
20 27
51 21
77 46
81 12
52 93
11 33
13 37
86 53
58 22
