113
19 94
33 56
12 22
47 26
3 76
75 59
4 93
37 36
94 51
43 1
72 90
88 29
33 13
1 3
40 85
92 14
11 37
62 10
46 47
95 8
7 27
16 28
58 82
58 62
14 57
81 2
22 4
22 80
38 70
88 66
63 24
55 78
90 46
21 48
74 68
6 79
26 18
45 88
5 45
21 66
11 13
51 64
66 13
36 7
94 62
88 36
29 42
25 87
41 51
40 22
82 14
69 76
6 69
1 31
59 17
33 64
80 51
89 3
49 57
21 56
87 85
93 98
29 76
66 48
60 98
98 81
23 1
69 28
3 98
83 80
50 1
74 95
53 42
3 9
26 27
65 1
99 22
2 61
85 28
60 48
35 38
49 28
75 52
96 88
17 7
52 12
39 0
98 15
11 43
65 62
82 34
24 83
91 52
73 13
55 26
7 3
3 17
21 33
15 0
46 43
36 22
81 42
39 6
59 73
25 12
41 62
43 44
50 18
46 12
20 22
48 35
16 32
29 3
