108
51 35
48 94
90 15
84 0
8 93
86 73
99 47
80 96
16 43
50 11
68 37
0 81
61 81
33 19
32 52
35 38
17 84
10 38
56 71
80 90
43 41
13 70
87 58
62 50
46 55
15 12
87 33
32 90
1 15
4 1
39 75
75 11
2 44
95 31
83 39
10 60
76 69
74 23
57 64
25 55
30 69
4 96
32 98
29 37
61 10
69 43
73 97
21 81
52 88
83 82
42 18
92 50
76 43
46 36
97 54
18 94
35 27
60 37
70 81
13 78
97 89
38 3
66 71
20 26
98 5
6 23
95 72
93 42
61 2
67 23
63 99
10 56
99 26
98 12
83 56
0 72
1 30
40 68
47 89
29 14
54 50
68 9
45 7
9 16
82 16
98 0
53 21
92 69
17 28
40 53
96 21
47 70
84 8
74 39
56 95
59 48
21 69
81 71
31 79
21 37
57 28
44 50
30 22
19 91
53 61
48 75
79 33
37 42
