107
17 96
50 53
32 8
2 58
90 76
76 86
60 61
28 42
87 35
56 40
36 24
88 51
97 15
35 68
59 25
1 42
18 3
13 34
22 65
41 10
44 28
91 20
60 19
34 45
87 85
91 28
25 9
34 16
64 1
1 73
59 87
79 1
97 63
47 95
51 73
74 49
37 79
72 93
16 23
8 56
20 90
16 75
20 48
68 31
7 35
13 96
54 80
28 67
31 38
80 81
83 28
85 44
60 51
80 93
43 75
67 74
0 21
77 15
94 99
3 82
45 92
9 8
73 67
64 5
70 34
50 9
44 56
70 49
96 70
86 60
20 20
91 10
96 35
35 87
99 54
22 80
94 92
50 36
7 60
29 31
28 60
79 97
5 40
27 1
64 67
78 21
63 16
91 14
74 77
36 2
24 51
27 84
66 53
89 70
17 70
22 18
42 65
14 38
11 83
29 52
68 83
37 15
45 81
30 19
32 71
66 79
24 41
