114
76 36
41 39
22 31
16 4
49 86
24 45
68 38
38 4
56 64
27 59
79 72
46 17
36 93
28 79
96 98
90 60
13 65
63 8
40 61
59 75
74 13
49 79
31 50
47 59
13 83
93 0
7 40
1 54
80 89
65 97
32 18
54 32
51 96
68 23
22 8
4 85
32 73
66 47
93 69
94 48
67 81
28 95
87 4
82 37
32 27
2 61
67 5
77 20
16 45
46 6
32 9
63 30
42 84
2 73
23 38
45 66
43 25
76 3
97 29
0 17
0 0
9 99
75 58
97 79
83 92
3 34
62 51
91 14
45 43
2 25
15 12
21 63
17 28
42 99
17 79
64 78
62 2
82 75
90 53
0 40
58 35
88 99
82 0
53 18
34 78
54 55
82 41
6 69
38 41
67 61
64 89
20 1
8 12
22 89
83 81
88 67
67 0
86 14
26 14
78 34
29 52
68 16
84 51
28 31
53 35
16 70
36 7
28 88
24 52
59 45
74 39
46 90
15 35
38 87
