104
64 15
37 89
10 5
72 86
55 94
45 4
13 42
17 20
97 80
34 22
59 49
47 70
79 15
24 2
31 62
62 39
28 31
82 26
23 49
34 95
54 15
53 54
56 82
6 37
3 11
71 12
89 21
2 91
1 60
12 80
16 94
86 46
97 33
83 72
15 66
94 47
37 39
95 86
28 81
73 39
92 8
48 19
71 82
34 6
73 95
52 40
8 20
4 83
23 96
94 18
64 26
36 81
18 5
85 76
73 28
22 41
81 8
9 25
55 6
50 48
23 21
56 21
27 71
47 87
98 64
65 68
43 7
96 94
3 56
85 58
43 65
87 1
17 61
76 47
39 47
68 72
6 77
17 32
51 0
43 33
77 33
87 43
18 46
32 67
51 63
31 15
41 96
96 22
86 90
72 49
90 64
46 63
13 68
32 45
59 78
9 16
92 72
24 55
76 79
61 11
91 32
23 11
13 52
50 12
