119
91 60
54 65
12 39
89 79
62 32
62 69
73 18
50 20
28 25
9 92
5 12
36 2
72 42
33 40
82 65
41 52
10 9
9 43
55 9
51 74
48 57
69 25
82 3
9 73
78 98
13 25
94 34
53 97
26 92
3 58
99 48
44 26
86 12
3 26
62 49
30 54
21 11
1 85
65 79
90 95
69 94
65 5
35 91
96 64
2 2
79 56
40 40
3 79
17 94
18 25
25 5
52 32
77 21
9 50
27 32
31 48
96 1
35 68
18 62
51 81
97 79
50 95
63 53
80 79
99 29
37 70
51 3
0 31
81 42
16 68
29 82
73 97
2 95
49 40
35 16
42 2
68 71
47 80
49 99
89 19
16 43
62 84
98 42
31 86
7 4
16 88
60 10
2 71
84 99
97 73
1 17
23 60
51 23
83 72
69 33
32 18
87 51
21 58
19 9
68 19
90 36
50 61
88 91
76 70
66 39
36 21
49 9
82 15
11 29
45 85
17 85
62 21
45 17
16 16
23 19
18 47
11 78
36 30
57 69
