111
53 83
78 52
52 25
39 41
57 54
72 78
73 26
44 46
35 81
26 22
16 57
88 85
12 88
52 0
25 38
55 34
81 23
6 64
79 37
36 22
41 37
44 75
35 33
1 15
49 98
95 0
73 93
66 13
10 35
97 96
31 4
90 61
98 75
69 63
4 10
37 90
5 82
63 97
48 69
87 10
64 37
21 16
20 81
21 54
76 77
40 8
7 68
39 96
23 65
37 51
61 48
88 54
62 83
24 30
88 47
24 93
75 50
16 27
29 48
16 0
31 26
1 97
79 6
50 18
96 41
78 98
5 49
26 34
0 0
1 24
52 63
23 70
1 64
68 4
91 80
65 19
49 4
66 62
82 99
38 62
58 80
24 6
29 98
16 18
56 31
25 79
53 48
98 47
86 99
6 29
67 21
73 38
11 78
22 62
74 67
29 78
34 10
68 42
15 6
81 93
47 79
59 69
55 11
83 61
43 23
83 48
62 27
65 52
49 53
52 77
52 43
