119
45 44
65 2
45 91
86 28
27 91
71 65
33 2
3 4
7 87
71 50
47 72
75 36
59 10
95 21
40 77
74 7
96 29
38 58
63 27
11 23
9 59
20 48
97 76
81 85
96 98
61 88
28 68
34 25
96 7
21 33
60 37
5 79
6 2
43 0
53 10
2 20
96 81
30 44
29 86
62 54
84 17
2 32
20 81
57 95
96 90
38 7
67 20
17 58
77 2
58 79
34 62
82 47
75 62
39 43
94 35
70 34
22 91
59 15
42 67
96 55
51 5
0 63
74 82
3 97
6 44
90 68
55 54
41 96
15 13
86 52
18 73
46 38
30 10
86 67
1 40
87 1
91 96
63 71
16 18
28 30
4 65
52 24
1 10
67 68
67 93
20 54
90 42
94 14
49 67
13 94
81 25
43 87
83 81
23 72
35 99
39 15
10 42
75 43
91 60
8 26
60 0
35 48
57 83
0 56
86 91
72 60
14 79
88 12
14 61
11 45
34 55
64 86
58 63
71 57
80 39
18 88
77 74
19 70
80 57
