112
31 58
87 13
88 84
85 92
82 20
51 35
96 65
67 42
19 41
3 7
21 7
50 90
52 68
38 29
38 15
70 17
15 46
63 92
78 33
54 22
84 50
66 75
98 98
3 33
9 72
29 82
4 95
98 46
61 6
76 74
18 9
32 49
13 80
70 48
34 88
0 89
26 72
16 95
41 68
66 64
90 70
3 51
12 31
59 38
43 54
20 61
51 81
28 1
7 11
42 36
74 92
70 12
76 30
95 53
89 96
28 37
78 14
40 57
66 34
94 87
97 24
44 0
93 0
44 98
92 38
1 66
55 54
16 25
32 63
95 68
2 26
52 2
96 17
81 66
70 57
0 1
49 17
36 23
81 47
6 57
72 99
59 93
55 75
97 9
6 47
22 16
33 43
16 89
15 75
38 71
6 18
55 64
86 55
40 10
90 78
20 49
90 24
45 43
5 86
7 4
56 32
92 10
77 77
77 52
28 26
57 68
24 68
86 64
12 49
33 55
74 47
42 24
