113
26 69
86 68
75 49
94 93
58 86
74 86
61 12
33 49
4 17
17 32
36 84
17 52
61 53
1 77
30 25
66 72
67 18
44 47
31 35
49 81
25 55
74 56
95 12
4 44
98 60
83 1
55 29
9 3
30 87
65 4
71 40
8 76
78 94
57 94
99 20
97 3
2 52
88 84
3 29
96 68
82 49
14 60
10 14
90 16
40 49
64 27
73 72
43 94
16 22
28 76
70 9
27 42
68 43
49 91
77 68
29 1
14 96
91 33
36 45
8 23
46 63
0 99
27 7
46 28
81 30
97 51
20 99
39 63
57 54
30 21
35 6
96 31
97 83
58 1
5 61
23 73
50 34
57 72
63 95
17 36
79 5
78 24
93 39
43 99
67 37
3 8
87 93
93 69
45 80
56 58
31 31
62 21
34 16
70 81
18 12
81 15
54 44
72 2
19 59
81 57
21 70
50 43
60 31
64 81
23 35
41 85
92 21
76 40
42 55
21 47
43 36
70 47
25 62
