113
54 10
90 83
8 27
65 4
50 16
55 77
89 16
14 97
55 56
54 41
33 64
77 46
42 97
59 91
26 26
3 68
82 88
47 62
60 23
9 86
57 48
91 45
14 3
19 51
86 66
41 79
27 78
78 25
26 11
70 80
68 65
41 27
19 66
68 35
80 96
12 20
14 45
99 19
23 32
94 37
88 8
75 15
96 77
30 15
76 65
41 89
70 96
2 78
28 57
69 48
87 96
44 73
89 22
45 90
61 72
63 9
84 41
11 31
70 24
65 86
38 16
83 74
70 56
40 42
28 96
0 14
83 2
50 1
92 53
94 97
18 74
1 86
21 2
27 90
46 28
25 36
5 7
12 53
35 50
96 68
98 40
3 31
71 10
64 24
11 67
58 37
99 23
40 65
15 17
79 37
37 28
31 93
56 87
96 87
46 8
21 41
49 53
13 82
36 79
51 24
92 15
62 38
26 18
45 67
75 88
94 80
7 22
57 18
40 58
62 20
61 28
16 32
35 88
