116
97 71
76 59
64 1
6 35
7 69
44 26
20 86
47 8
57 84
10 96
40 62
45 46
66 23
28 23
30 76
71 7
4 82
71 68
53 95
46 70
54 42
80 18
82 86
23 57
98 85
73 98
97 47
29 4
96 13
13 3
68 41
33 37
3 50
39 89
59 18
64 86
22 50
8 29
78 45
83 60
32 18
37 96
1 68
65 55
45 76
91 87
47 41
74 84
62 61
52 27
90 61
53 74
35 23
15 58
12 80
34 67
54 56
63 81
41 36
87 81
63 50
85 3
99 99
99 32
83 41
10 5
33 1
3 97
98 18
9 19
51 99
22 42
1 5
99 41
66 34
57 4
79 4
96 0
0 32
37 58
83 37
67 96
67 70
38 4
25 13
35 89
88 23
96 92
55 12
16 66
1 35
30 43
17 13
83 66
3 74
74 12
48 77
33 75
92 48
46 55
12 48
41 91
74 38
41 14
55 32
27 32
27 68
71 77
93 45
40 53
86 10
80 52
59 49
38 33
32 13
38 80
