103
71 15
66 91
46 16
6 28
7 8
85 28
41 43
20 26
77 59
35 1
77 79
88 12
3 47
16 90
31 56
53 99
54 18
3 0
42 32
71 55
35 17
80 13
63 17
32 70
94 78
92 51
51 55
53 77
21 10
24 39
98 66
11 83
99 18
89 45
70 76
61 5
21 56
93 3
50 85
20 1
60 45
40 67
78 89
81 66
62 96
18 19
32 42
47 97
84 82
48 8
74 18
11 13
13 28
90 69
63 89
76 63
25 6
85 3
27 27
36 40
51 15
66 32
29 99
30 85
11 4
16 72
26 19
10 47
58 33
82 37
96 39
8 92
62 73
69 46
0 33
23 72
35 99
56 53
44 62
93 19
42 26
41 81
66 69
21 86
4 17
7 42
55 38
45 48
91 61
39 7
43 65
94 15
61 37
87 76
48 30
28 49
95 5
58 97
30 11
16 27
84 56
57 22
16 13
