205
36 14
64 78
13 60
56 34
54 2
17 79
0 31
97 23
35 62
77 5
89 54
27 0
67 24
54 61
31 90
13 4
1 99
89 90
59 94
75 40
41 46
15 38
42 75
1 75
91 70
15 96
14 18
30 27
83 18
25 51
75 58
54 18
75 98
3 49
93 8
92 39
44 98
63 50
0 14
78 81
98 0
0 89
15 32
39 40
16 65
73 8
42 10
44 78
60 74
74 66
49 58
92 96
3 0
75 36
31 86
0 66
81 20
21 16
30 67
52 32
59 4
30 1
14 93
56 90
84 52
88 68
91 1
74 2
37 28
62 19
6 50
3 80
92 31
0 23
17 74
45 0
72 82
38 44
69 96
40 14
65 48
98 17
51 63
46 80
6 1
18 37
28 88
91 46
74 33
0 38
98 33
31 59
48 94
60 34
92 66
88 84
21 0
24 14
52 0
6 18
21 48
69 64
0 54
3 84
23 34
48 15
74 88
61 44
15 70
68 16
17 89
99 7
44 31
66 69
91 82
47 47
34 92
79 54
68 0
36 66
88 16
58 84
1 9
78 26
17 54
4 28
75 92
22 72
4 45
39 78
15 13
83 2
52 66
32 45
25 99
37 1
63 14
65 55
32 20
77 44
6 95
3 60
87 74
60 28
87 94
46 24
52 86
85 47
72 72
25 81
28 53
27 24
17 10
6 75
56 42
37 37
92 24
76 24
4 35
22 40
68 6
56 14
45 64
8 66
43 56
30 38
38 19
39 52
25 61
19 26
51 73
22 8
14 85
29 77
42 86
78 11
60 68
42 21
64 87
14 78
78 73
54 55
56 75
49 8
47 88
78 63
67 39
54 30
73 16
84 38
75 48
14 27
78 67
12 44
64 60
66 31
38 83
30 9
86 12
82 60
48 39
6 11
26 55
13 50
85 28
