107
70 11
38 67
35 52
78 39
86 8
8 64
12 52
30 4
96 39
51 25
49 91
22 70
26 29
98 83
9 6
88 53
23 15
41 3
44 28
42 86
90 30
86 92
49 47
63 96
58 76
71 70
61 36
18 86
11 23
56 7
72 97
13 42
92 60
97 21
46 61
78 79
29 55
33 81
68 28
37 19
14 4
86 64
92 11
52 71
47 1
40 38
82 36
26 85
27 10
81 15
94 51
97 31
78 48
64 73
80 91
21 49
55 34
51 82
70 35
32 14
33 98
11 97
6 71
59 55
0 43
3 20
26 33
0 5
73 0
66 90
67 49
8 81
96 5
23 67
10 37
54 17
76 65
88 96
95 67
47 97
92 1
43 69
30 49
83 25
62 10
12 58
47 39
20 34
71 21
36 75
41 93
10 73
57 61
63 33
80 41
8 43
23 3
41 14
62 41
19 24
62 85
41 53
24 40
54 24
22 78
60 47
73 39
