115
34 10
43 90
6 67
69 5
77 68
48 64
82 26
65 60
6 20
57 13
97 69
2 46
19 41
29 88
3 6
57 75
31 45
7 27
17 13
19 69
43 79
8 53
24 48
15 32
80 43
62 91
90 14
87 83
63 32
57 45
4 95
32 31
32 60
96 59
43 2
72 77
17 80
50 39
84 90
97 17
96 82
0 51
72 29
58 20
57 85
35 92
25 26
30 3
39 64
5 86
44 38
91 24
6 13
68 71
99 38
18 97
11 21
42 17
78 98
83 40
75 1
62 99
66 46
12 14
92 51
2 66
82 61
52 54
60 3
18 64
33 28
53 69
95 32
12 82
40 76
76 94
78 54
92 96
94 79
52 50
33 50
23 65
85 68
26 85
66 34
39 16
17 49
70 19
56 96
0 26
66 64
37 32
18 35
71 48
49 6
94 40
46 56
22 18
85 21
76 74
47 83
8 60
59 37
65 83
19 92
82 54
35 36
11 77
30 56
60 51
40 87
45 50
76 62
27 33
53 62
