112
48 12
75 8
19 4
72 95
2 54
41 92
33 63
25 89
9 67
92 40
65 69
39 29
83 70
56 36
7 21
23 38
64 83
60 14
16 96
76 21
36 56
16 56
90 31
83 91
57 46
33 39
99 63
73 46
7 85
96 2
98 77
2 43
57 64
52 1
19 9
80 0
16 72
85 60
2 14
73 30
90 26
28 82
42 33
23 97
75 14
92 50
69 79
42 62
8 52
30 66
32 85
84 46
62 41
76 81
36 4
48 77
97 99
28 20
54 98
51 51
2 87
13 26
19 42
72 54
58 96
52 17
11 99
38 10
84 86
67 1
82 64
22 1
99 48
75 35
1 28
68 55
41 26
22 53
47 47
53 60
83 8
20 70
42 85
25 27
60 85
89 89
9 7
61 6
86 24
45 4
8 88
16 33
80 69
30 13
42 40
91 78
65 32
27 96
23 49
44 54
63 62
51 29
19 79
55 74
63 87
16 49
21 59
28 77
71 12
20 89
49 41
34 21
