111
7 43
62 7
27 25
13 19
48 83
64 26
27 50
22 0
32 82
73 97
82 14
9 85
49 23
5 74
52 87
8 21
72 30
21 6
58 13
59 83
43 77
52 10
49 48
37 3
4 6
93 24
61 69
96 57
97 73
80 62
66 53
39 33
96 4
25 69
82 47
14 57
4 99
97 43
41 49
27 85
64 97
80 92
29 64
80 5
2 34
83 71
35 13
5 51
78 35
16 94
92 38
56 44
2 89
85 3
41 11
58 23
85 24
27 15
7 11
42 87
30 99
96 99
93 82
62 17
53 62
73 81
24 36
0 59
45 32
76 77
10 77
55 67
69 3
87 88
67 98
70 39
28 43
73 58
82 96
15 71
45 53
88 45
78 19
3 41
29 70
4 58
53 40
90 27
60 75
89 57
28 79
15 5
40 59
69 64
44 8
21 48
42 25
11 61
32 87
77 11
79 81
65 57
21 10
34 56
56 71
18 74
55 82
55 22
13 12
32 73
15 15
