102
55 71
6 77
91 33
62 92
34 79
15 24
80 20
71 25
18 40
35 67
68 6
32 11
72 82
95 57
35 96
5 93
49 84
15 3
54 3
6 38
25 59
52 75
55 24
72 39
82 66
37 34
64 54
0 2
88 3
7 56
83 48
99 19
66 99
75 84
52 18
14 93
4 33
17 67
55 51
19 19
79 62
36 43
67 11
40 29
54 66
60 98
15 79
41 94
39 59
47 8
85 30
69 60
1 87
3 66
6 42
18 53
50 27
83 74
28 25
82 39
41 84
54 10
56 86
85 98
3 16
99 97
85 1
42 70
29 0
92 82
66 39
49 49
97 50
84 18
19 84
2 72
22 45
54 14
91 85
43 1
97 11
69 0
76 99
20 65
24 81
87 34
69 73
33 57
77 48
47 45
92 71
72 8
39 15
58 69
12 27
68 45
34 53
31 74
38 25
58 0
13 34
27 51
