118
33 53
42 5
37 71
28 59
81 57
68 23
9 26
53 78
38 22
95 47
86 29
22 93
74 86
14 60
64 2
72 47
60 28
37 11
46 68
96 17
98 81
15 9
66 67
47 93
81 1
98 65
55 14
36 37
80 73
66 99
6 76
13 46
19 83
19 14
69 9
5 22
81 31
47 1
6 2
88 85
89 13
44 49
29 73
62 96
65 82
87 46
89 61
96 90
65 40
31 87
26 6
28 48
40 15
50 5
99 54
72 25
31 20
13 19
4 98
88 55
0 52
22 32
2 83
50 43
60 65
96 33
41 98
0 8
9 41
93 99
17 64
78 91
50 47
64 51
90 4
46 84
84 71
55 99
95 29
2 44
78 12
19 60
51 16
57 0
74 39
52 66
34 39
0 15
34 76
74 61
57 18
71 3
35 57
42 35
71 78
82 92
95 75
75 18
78 33
90 20
20 47
33 16
21 25
44 54
90 69
81 48
60 87
11 11
65 13
66 92
28 63
38 50
80 25
38 44
9 50
85 39
78 63
85 79
