119
2 52
11 38
85 86
87 70
43 71
39 8
37 49
53 3
10 83
72 75
53 46
34 28
41 93
13 6
77 34
86 49
7 9
3 30
15 46
27 33
49 86
80 79
34 42
78 17
24 64
69 91
58 73
58 27
97 94
9 66
32 82
75 3
57 99
60 50
73 62
46 17
96 49
61 6
87 18
39 63
72 96
74 41
49 26
90 40
54 41
88 11
52 70
3 38
40 56
44 90
72 16
5 73
4 57
88 95
40 14
82 52
60 36
33 22
22 95
1 95
16 24
27 0
98 79
24 97
28 80
95 25
19 50
96 65
58 64
31 0
84 0
5 4
74 33
24 16
0 87
67 89
18 81
68 54
39 42
67 0
96 83
55 12
37 58
34 79
8 93
83 99
80 63
53 85
54 50
1 80
19 1
18 39
68 98
94 56
14 74
8 52
68 46
32 14
41 35
46 10
52 96
84 77
22 25
16 9
81 38
25 78
30 92
5 47
37 54
83 89
80 10
52 36
87 61
49 79
51 56
91 86
28 11
42 83
48 46
