106
39 51
52 33
21 49
2 31
88 43
38 84
21 26
24 93
84 93
26 4
66 61
44 66
11 78
11 14
84 12
96 65
83 51
49 73
78 15
33 10
2 76
27 59
3 5
46 81
2 54
57 49
68 97
70 34
64 9
49 95
34 98
61 19
24 40
32 77
73 65
93 95
84 30
95 9
82 83
91 72
7 39
45 24
19 64
64 47
60 5
81 6
79 46
22 31
44 58
95 51
83 21
16 57
92 88
64 53
31 72
28 49
12 29
45 2
60 83
98 32
9 96
97 23
64 97
37 27
67 78
75 0
43 0
74 82
13 63
43 50
19 93
29 7
3 15
39 24
8 82
98 90
82 66
54 69
82 99
97 47
0 70
89 4
18 97
69 16
72 38
18 6
41 96
14 43
63 92
17 27
55 41
29 44
76 29
46 64
70 57
77 84
4 62
36 80
94 18
50 84
13 20
26 90
32 58
78 94
39 73
84 16
