106
48 61
21 74
54 88
94 42
28 22
90 31
44 28
94 59
4 13
7 46
66 51
43 45
63 77
77 79
99 74
45 4
11 55
39 67
62 91
81 35
37 41
87 50
62 14
29 56
18 32
78 1
25 90
61 35
8 83
61 0
24 4
2 96
72 24
2 75
57 17
11 17
44 75
85 78
76 39
25 70
3 3
73 93
23 43
3 36
99 26
42 19
80 53
96 66
14 88
33 56
23 18
36 79
62 42
73 87
46 34
16 47
22 85
62 21
31 37
85 72
6 30
59 86
84 86
85 15
39 51
43 97
23 32
62 68
4 60
48 6
22 8
41 82
65 62
36 96
1 79
14 61
76 19
34 28
0 52
78 94
0 19
68 6
99 51
72 58
63 37
44 11
40 90
63 56
31 63
4 68
76 30
21 48
31 20
86 56
71 10
52 78
92 69
25 78
45 41
67 41
51 92
17 19
74 35
38 22
11 51
26 67
