137
51 19
82 98
71 67
30 9
79 28
30 37
88 59
52 77
70 1
51 37
8 17
68 41
71 84
98 30
48 61
90 77
30 86
0 3
12 47
12 77
97 1
18 60
8 91
42 48
97 91
17 29
62 97
48 91
28 71
40 26
93 19
80 46
70 58
30 2
97 60
70 26
29 97
80 2
28 51
62 10
1 27
2 77
29 17
78 89
61 27
38 79
83 19
41 9
58 47
11 37
38 61
18 7
90 37
99 52
82 68
58 67
37 39
8 67
82 8
22 48
72 47
17 19
78 78
52 0
0 60
3 99
68 99
97 99
21 99
47 99
99 6
98 77
0 54
0 36
0 18
15 85
56 82
68 11
99 21
8 1
95 44
55 5
0 92
43 76
34 93
99 70
21 23
70 76
17 0
50 47
1 51
22 67
92 99
47 29
85 83
13 99
18 81
97 16
99 36
37 0
1 68
82 37
43 99
60 58
48 9
75 53
60 82
89 2
38 71
32 58
22 37
0 10
45 33
68 19
59 41
36 44
59 0
9 31
82 58
62 90
37 19
52 68
33 79
92 91
60 22
27 29
68 90
8 61
73 15
20 86
93 69
42 91
91 51
10 6
89 31
66 74
92 8
