105
0 36
0 21
0 6
0 45
2 30
28 45
23 0
20 57
25 82
2 65
70 53
30 23
95 42
70 82
13 15
81 32
7 95
49 27
10 77
49 7
15 37
30 68
70 7
49 42
70 23
80 4
3 60
70 92
0 87
25 27
30 88
15 92
23 5
70 43
73 70
5 3
79 18
15 72
15 52
3 80
30 38
30 13
30 53
73 0
80 43
70 63
12 20
49 18
30 3
27 95
12 45
20 67
20 33
30 78
70 33
13 0
27 60
0 72
7 50
20 88
2 10
20 13
96 16
2 55
25 37
5 87
5 22
25 53
87 4
97 32
20 78
50 2
7 40
5 72
20 23
51 36
95 6
90 47
88 19
25 72
69 77
10 57
2 15
10 88
68 14
12 5
25 18
73 49
7 35
0 98
10 67
15 83
22 97
20 42
13 10
32 31
2 0
12 25
15 62
26 92
12 30
25 66
4 47
23 12
22 50
