107
82 39
3 32
37 14
66 26
97 70
15 34
86 19
0 78
58 53
70 8
93 94
18 4
30 33
32 95
41 84
13 65
67 97
66 41
23 55
49 10
90 33
34 7
9 45
9 80
74 23
93 82
90 41
85 60
82 0
56 80
72 67
53 33
71 82
13 20
0 59
46 70
23 89
48 2
81 94
40 21
46 43
34 79
99 96
53 64
83 15
87 74
65 92
74 47
25 98
56 25
96 57
15 85
26 41
25 9
55 67
82 46
81 66
69 57
90 24
29 84
97 5
0 95
37 56
2 11
64 9
1 29
46 91
63 98
96 50
38 62
16 21
14 51
91 2
85 98
73 79
98 29
0 47
60 46
1 81
94 74
40 93
28 48
55 9
78 85
37 22
68 33
17 27
41 0
49 72
56 2
88 5
19 8
36 42
29 57
69 16
61 84
24 81
99 84
47 24
96 67
22 25
88 52
59 32
78 54
38 86
77 11
27 16
