107
53 49
42 64
5 19
80 3
85 62
98 83
77 56
91 5
46 37
89 80
85 20
18 60
55 15
9 88
45 81
36 35
48 13
24 52
18 73
70 9
64 46
77 68
87 54
79 10
32 19
77 40
4 50
15 41
72 86
31 82
62 63
35 5
10 5
96 97
73 29
13 23
53 81
3 92
60 36
64 4
33 24
9 79
50 5
34 71
5 30
53 64
47 27
90 84
76 22
91 66
28 36
75 46
10 67
63 12
90 90
36 14
63 55
26 29
42 96
25 98
60 94
44 72
58 96
73 72
92 19
99 49
20 8
1 5
0 68
39 94
92 27
32 56
5 97
47 45
61 21
90 0
42 91
92 70
3 75
79 36
16 87
99 56
19 36
75 77
10 49
64 30
27 22
51 22
63 85
46 52
48 83
84 89
33 44
43 7
13 17
82 17
28 67
0 89
55 58
77 62
68 50
78 15
37 86
29 15
52 94
67 60
40 26
