107
17 81
7 53
77 35
63 34
29 80
73 3
52 70
84 86
39 48
9 20
28 20
89 71
3 97
15 65
18 34
67 48
85 22
71 77
33 35
55 53
87 36
4 11
6 77
25 90
90 81
81 53
57 84
48 18
18 7
32 6
1 32
93 97
61 98
32 61
99 23
47 4
99 69
2 71
48 30
66 64
67 21
2 5
84 19
98 82
86 60
36 54
12 83
17 56
48 75
59 33
84 45
67 76
75 12
30 50
41 16
38 96
98 8
99 44
47 97
24 99
70 93
24 21
63 3
31 75
70 62
4 47
23 37
80 0
46 44
40 30
97 25
78 90
99 93
39 76
37 7
11 3
53 45
83 36
10 51
21 63
63 93
11 28
63 24
15 88
95 45
85 76
54 61
32 94
34 21
68 38
71 69
25 77
66 53
57 75
25 47
11 11
64 29
83 28
25 18
44 47
6 61
92 89
38 34
74 22
53 41
30 42
44 53
