107
10 52
12 74
77 83
90 92
17 37
40 96
13 7
78 13
88 38
57 66
18 97
2 93
91 70
64 22
40 85
14 57
24 7
65 34
25 43
9 33
80 32
6 43
80 56
93 7
51 15
68 94
39 4
64 53
43 27
0 0
50 50
27 79
54 99
96 23
76 97
79 50
63 74
25 96
48 84
94 88
31 30
11 21
76 10
39 47
2 65
2 34
71 98
48 12
5 83
97 14
2 9
33 99
61 59
71 30
12 66
43 20
16 27
82 84
43 89
22 89
49 5
57 21
85 50
90 13
50 79
75 39
40 67
99 48
28 58
69 2
97 67
47 35
83 70
30 3
97 63
3 20
25 24
33 86
88 1
11 80
94 34
45 58
59 52
5 3
17 11
73 71
95 28
46 30
80 25
16 94
54 93
84 0
22 64
32 22
54 73
81 65
19 80
60 27
73 91
23 35
92 64
60 67
9 7
39 23
86 27
83 8
84 20
