119
3 69
6 33
36 7
77 48
41 29
61 81
73 10
76 82
49 68
54 51
18 91
49 53
9 65
84 45
68 38
60 94
51 32
87 52
50 45
66 50
61 1
25 78
91 85
7 1
97 1
27 21
71 66
87 68
17 50
2 15
33 66
28 95
95 11
16 35
52 6
66 29
41 22
7 88
39 43
96 45
2 79
12 46
45 2
92 72
8 13
81 89
59 9
37 52
56 61
67 85
32 21
84 72
52 39
66 43
44 13
62 70
86 30
39 81
0 54
23 0
77 3
67 23
90 31
51 98
21 76
88 13
94 96
98 59
25 35
41 88
2 36
33 57
13 89
81 29
31 5
89 99
96 80
2 19
48 73
23 19
0 50
98 31
59 19
97 53
71 61
1 5
91 2
33 48
3 29
58 84
27 90
59 3
60 25
18 41
1 62
39 66
81 82
44 19
53 59
74 29
69 14
40 33
3 44
87 6
77 75
77 59
14 54
38 58
55 24
40 8
87 44
69 71
45 38
63 39
11 42
36 21
44 57
43 52
57 14
