111
74 22
31 13
14 5
71 43
39 91
73 91
14 40
40 60
95 71
94 20
21 24
60 33
12 56
84 2
29 36
30 70
46 1
33 97
39 53
28 8
78 44
36 68
28 91
72 30
91 36
79 71
56 14
43 24
57 84
14 98
87 57
63 56
71 8
16 76
1 65
64 70
58 70
46 34
57 19
3 49
11 10
81 79
51 83
98 46
97 23
63 47
75 2
66 84
16 69
44 69
35 10
14 84
17 33
89 26
40 34
80 47
17 15
53 28
50 74
88 93
69 49
28 52
67 40
0 39
99 94
99 73
74 97
96 1
4 84
1 12
52 47
61 98
64 0
47 94
31 76
10 1
98 41
96 57
78 62
71 23
87 12
30 50
2 57
26 97
6 43
45 9
41 98
60 61
22 38
29 25
8 70
36 83
18 83
94 63
95 13
59 86
24 50
51 37
51 64
77 10
45 16
25 94
43 87
25 9
70 57
90 53
57 50
23 75
56 41
74 36
69 63
