115
47 66
59 48
96 30
71 54
77 36
57 32
93 57
47 19
98 96
17 64
28 88
75 70
64 2
23 15
73 5
20 58
86 59
56 55
49 30
9 26
22 1
60 75
45 89
18 41
34 37
95 75
1 93
90 9
35 7
68 91
33 68
42 49
5 79
67 26
6 18
98 35
80 81
8 49
14 86
33 27
53 90
47 15
7 64
98 16
61 69
84 28
69 86
36 94
72 11
30 54
42 75
58 41
51 98
22 47
7 71
43 39
45 60
76 64
77 91
32 18
61 57
52 80
90 21
49 0
7 4
68 63
46 52
15 95
80 99
1 32
74 50
94 89
90 43
24 72
56 2
68 21
31 98
97 7
99 60
15 34
18 15
72 40
82 1
6 54
80 73
2 23
21 79
4 86
61 16
31 58
29 29
89 57
58 95
10 9
83 18
37 13
21 94
53 32
80 37
19 72
38 84
19 29
79 18
52 35
75 78
51 73
66 12
89 71
79 53
55 83
65 44
46 45
23 64
54 59
64 38
