112
10 52
33 6
30 85
76 82
84 28
12 34
3 51
93 93
84 68
72 43
70 2
36 33
61 55
25 23
94 53
75 27
77 62
91 77
71 79
73 95
85 19
58 73
51 87
29 64
13 76
3 19
14 10
54 8
15 94
1 1
44 67
88 6
43 34
0 35
36 95
40 6
67 27
10 68
19 39
69 12
52 20
89 42
92 56
46 81
75 48
79 91
63 76
32 92
7 71
34 65
24 4
22 89
3 13
33 29
76 16
59 65
89 90
20 71
7 60
0 90
99 32
43 49
58 39
52 96
98 70
97 9
20 53
79 2
96 95
50 36
17 24
66 95
53 5
74 63
19 8
97 18
39 1
58 48
0 5
33 99
2 28
83 34
99 48
75 98
40 12
61 0
62 20
25 67
83 64
18 85
35 82
69 61
54 40
56 80
93 24
16 31
74 7
77 77
46 91
18 17
82 99
41 24
9 46
57 5
81 23
85 60
81 86
73 90
70 74
67 75
27 90
10 14
