103
50 5
76 94
92 78
82 22
64 4
48 78
22 22
37 56
34 4
6 22
33 95
82 39
22 40
65 39
32 77
22 56
6 6
82 57
76 79
52 22
7 56
91 95
67 22
52 57
51 40
50 94
20 5
62 77
81 5
37 21
8 39
68 55
36 39
61 94
19 97
86 64
1 1
19 0
0 23
52 62
49 1
97 99
8 62
31 72
36 99
1 42
65 0
68 61
34 0
98 78
53 25
79 2
23 60
84 25
23 26
79 43
68 25
37 25
76 74
82 92
62 42
46 44
32 41
79 8
64 8
17 41
67 96
51 98
56 80
3 56
35 92
45 71
2 8
3 37
99 92
48 7
71 80
79 36
90 69
38 63
32 6
17 20
81 97
72 56
47 38
62 38
32 57
60 70
73 22
66 91
59 23
41 78
32 23
18 36
7 25
18 56
18 7
57 56
52 92
33 37
85 78
44 22
43 54
