109
36 60
71 87
97 24
60 61
35 46
88 91
78 84
25 90
85 16
52 80
83 1
5 64
2 27
89 66
61 23
66 57
51 62
57 86
24 43
1 55
17 85
62 64
49 99
36 76
2 78
97 8
47 11
7 96
64 40
13 6
47 26
33 29
96 49
69 0
99 74
94 98
75 18
12 40
32 90
24 4
25 29
9 13
79 64
17 74
48 52
68 20
87 61
15 66
80 79
57 79
89 4
14 80
59 32
37 40
40 68
27 87
27 51
91 84
66 84
71 60
6 73
86 38
53 66
3 95
78 43
65 4
32 11
16 26
51 5
89 21
5 55
99 39
98 81
44 95
58 97
5 36
28 60
3 18
13 99
55 39
52 12
34 18
17 47
0 86
70 35
62 2
79 2
95 59
74 92
83 21
77 74
74 50
32 60
43 84
13 52
87 31
94 10
83 95
33 78
81 60
65 66
48 85
64 80
83 6
19 53
57 54
80 12
76 8
53 73
