103
48 21
49 57
7 37
28 23
28 72
29 49
7 16
27 7
7 68
50 0
7 1
48 42
49 72
28 33
7 43
28 63
27 0
28 79
49 27
49 5
8 21
7 62
28 56
29 42
28 14
48 49
49 63
49 35
7 5
7 47
27 28
7 27
49 15
7 58
67 68
34 76
0 73
41 1
2 0
56 0
20 79
58 16
22 0
14 64
54 49
54 71
14 19
42 58
3 42
54 34
0 20
22 36
42 19
15 50
33 47
21 6
22 64
0 57
34 14
56 57
1 5
44 35
34 72
57 19
35 0
1 34
23 30
58 40
58 5
21 50
0 63
35 58
42 73
34 20
0 14
14 71
20 23
33 41
34 30
15 58
41 26
22 71
32 7
0 49
17 0
13 34
57 63
21 54
14 15
41 5
42 40
36 36
16 41
11 7
43 12
12 29
40 62
40 49
21 44
37 64
2 28
20 12
56 27
