114
74 78
82 8
57 79
28 71
57 18
70 31
10 61
32 58
11 82
21 8
25 26
40 91
84 32
50 55
56 85
82 3
8 67
70 10
54 68
55 36
8 17
2 42
73 56
93 47
0 94
42 30
86 94
17 45
95 20
96 81
88 64
80 79
11 1
96 11
0 51
54 93
46 11
30 85
45 69
73 86
66 38
94 26
49 47
67 63
11 88
81 18
65 16
77 25
61 39
18 64
62 94
61 70
79 11
46 80
7 52
68 24
20 99
34 2
31 44
78 49
92 98
3 17
49 5
66 0
0 36
17 39
98 66
38 16
41 33
0 79
96 5
36 58
17 4
84 47
18 95
69 92
20 22
34 93
98 31
55 54
87 61
42 76
48 1
0 5
76 95
37 37
76 72
94 88
44 96
95 0
80 41
32 63
54 17
26 88
0 87
92 51
9 38
3 62
25 48
80 33
63 6
82 77
4 10
32 30
41 44
94 37
15 60
48 92
45 39
71 38
85 91
85 10
70 20
79 83
