126
59 5
81 8
47 12
41 38
32 19
8 10
75 40
23 8
8 91
84 70
63 12
45 4
31 33
74 12
30 7
92 88
91 51
68 79
52 28
58 45
23 62
45 68
70 54
10 42
22 79
61 66
9 47
93 74
57 87
5 20
94 9
3 3
14 93
27 41
89 39
86 56
83 93
19 22
52 77
89 4
11 0
40 18
71 19
94 80
20 32
57 12
89 66
18 0
69 0
97 48
65 76
55 21
0 59
38 53
41 99
8 71
38 84
38 7
83 83
94 19
91 33
53 48
28 94
98 99
3 26
30 66
54 92
2 78
15 12
76 33
71 8
25 47
0 94
46 61
16 76
78 90
99 65
68 33
77 55
97 2
14 57
58 97
38 32
5 40
14 98
35 70
90 19
63 59
41 86
0 70
50 44
16 29
62 34
71 77
0 48
36 89
63 92
12 62
84 29
42 46
33 23
28 1
48 0
18 83
32 74
81 63
19 47
63 27
80 22
64 1
8 17
46 78
23 33
58 69
47 22
35 47
78 16
86 44
73 69
14 15
28 18
45 52
20 44
85 15
54 10
29 27
