111
2 56
87 64
49 88
28 64
64 68
42 92
59 90
99 21
16 73
42 8
72 14
68 41
34 46
32 22
83 90
16 11
49 32
66 61
48 79
62 20
22 83
4 8
46 16
4 47
78 66
56 82
3 33
42 25
99 86
47 55
60 6
98 14
99 67
63 26
26 40
79 9
32 79
38 66
71 79
1 22
95 81
76 46
9 55
22 18
61 49
48 99
43 47
46 61
25 87
64 56
21 61
60 35
71 26
72 69
41 85
1 81
85 22
89 38
28 0
99 50
15 97
60 61
64 78
83 98
44 1
24 34
67 98
1 89
92 36
0 74
5 0
59 1
29 98
2 38
81 25
85 84
17 55
92 65
84 53
98 37
38 44
4 63
12 20
17 88
33 72
81 80
60 42
26 24
83 39
47 70
87 94
57 20
66 84
19 49
93 72
53 96
33 9
95 23
38 32
52 47
56 13
52 30
27 78
35 62
75 54
41 76
77 71
54 92
19 76
53 59
79 59
