112
4 32
69 89
96 60
11 11
80 28
39 21
43 90
9 49
65 45
53 70
97 94
69 7
30 6
31 49
39 75
87 63
35 90
80 81
60 98
20 50
93 55
33 16
72 65
81 97
8 71
44 36
24 33
94 35
9 85
45 52
96 13
77 6
16 13
7 25
72 43
12 63
3 2
36 72
58 61
62 5
24 1
87 84
59 37
57 76
43 27
19 27
79 60
34 43
1 78
9 41
74 95
70 19
56 84
36 54
67 27
35 24
3 44
62 64
85 70
50 76
37 85
20 99
54 18
48 2
77 68
98 27
20 83
98 2
97 99
87 48
7 91
73 56
96 80
88 15
34 69
5 4
0 71
31 99
55 15
54 36
62 0
90 41
21 60
71 81
50 56
3 55
0 16
92 20
30 72
75 21
86 42
40 38
56 21
69 48
94 76
37 7
60 90
14 17
22 4
10 31
48 62
29 38
47 9
32 21
58 30
86 79
66 9
66 33
51 9
12 25
29 77
44 69
