102
61 59
78 49
80 92
24 56
47 20
90 67
29 79
33 49
31 57
11 37
75 76
77 14
86 31
47 77
3 53
34 35
46 63
15 4
91 77
30 89
25 72
53 15
50 84
90 92
54 47
36 63
98 44
12 87
30 14
59 33
45 3
92 9
63 94
69 72
12 31
75 33
81 47
93 60
65 23
44 34
37 94
26 39
42 48
75 58
15 80
1 42
95 74
58 88
62 40
54 62
86 5
96 36
52 29
41 90
76 69
21 90
52 93
31 42
30 70
0 7
10 66
47 56
31 0
83 71
33 80
5 23
96 99
79 0
33 21
17 2
70 15
40 3
99 27
97 91
21 17
19 55
23 97
83 90
91 13
99 54
29 19
18 36
22 2
9 57
69 79
62 19
76 44
98 51
79 26
55 76
3 38
45 29
36 5
35 86
45 66
26 75
64 73
79 76
34 41
25 61
41 80
55 82
