196
84 36
92 63
68 36
64 16
41 23
14 92
93 21
21 58
70 73
7 32
33 5
27 37
94 7
37 90
8 50
80 14
18 77
61 62
98 84
54 77
83 84
48 54
64 89
37 75
5 6
89 98
16 20
98 41
79 57
54 30
42 40
49 6
35 60
51 98
7 68
75 99
28 89
21 16
12 35
77 23
65 41
84 42
12 5
37 21
98 68
6 89
97 5
27 42
55 5
99 98
99 49
64 57
79 8
84 78
50 83
96 26
5 65
68 75
21 62
16 99
63 19
78 61
51 51
54 99
37 99
36 55
34 72
63 4
21 23
40 5
23 44
83 99
35 25
51 29
7 21
5 85
69 42
97 63
69 90
99 23
98 77
26 8
51 68
6 54
15 75
23 92
9 99
50 34
79 28
98 37
84 47
69 98
96 91
78 85
51 78
5 40
83 61
70 4
40 97
30 75
53 49
37 40
50 12
22 5
86 8
41 57
65 76
99 54
68 56
67 21
82 22
6 13
54 92
22 37
65 35
5 29
23 97
26 58
12 83
44 37
93 82
54 15
30 23
50 63
23 72
79 79
98 17
65 71
40 89
12 54
83 57
82 30
69 50
33 82
89 43
12 47
55 84
14 17
60 98
51 44
93 77
7 79
84 93
26 99
82 12
44 14
26 30
16 68
93 36
54 69
58 22
42 60
94 70
26 51
12 27
65 50
30 69
40 79
79 70
29 12
91 93
69 83
70 14
78 50
93 15
55 54
47 92
65 27
79 36
54 65
57 36
75 40
44 50
44 70
92 56
34 34
50 20
37 47
21 83
56 39
69 65
72 30
34 12
26 63
22 28
79 89
16 63
85 71
41 86
13 43
27 82
90 50
19 47
93 27
42 26
61 82
