111
82 31
90 63
11 11
9 36
22 56
34 43
41 81
47 62
26 19
90 95
75 47
3 81
1 22
13 56
9 2
92 32
84 69
22 10
4 31
16 65
85 40
56 46
73 90
36 97
83 14
61 28
48 0
54 92
69 75
47 35
26 87
99 76
65 57
46 14
60 13
75 29
1 57
10 79
90 48
2 91
82 83
23 28
37 57
90 18
3 74
73 59
60 23
30 97
32 35
48 89
46 66
5 54
67 83
70 42
81 98
84 76
73 8
53 37
93 87
7 89
56 65
89 1
9 62
28 73
40 20
29 5
14 99
62 99
0 0
75 2
38 2
94 58
57 1
28 57
6 40
24 42
45 81
24 0
76 96
6 21
18 79
60 75
74 15
79 53
7 4
42 84
61 51
0 50
53 8
85 32
52 32
38 61
20 35
34 27
1 68
92 81
76 44
61 43
78 63
24 65
53 28
17 89
32 13
15 1
75 80
51 86
80 28
80 59
85 86
59 34
69 51
