196
56 73
29 57
7 63
69 35
37 76
21 36
92 83
9 20
50 12
79 64
22 8
47 48
77 10
74 98
98 57
48 91
35 17
98 12
15 50
87 28
67 56
44 29
15 85
98 39
28 96
98 99
7 6
83 42
78 78
23 70
67 21
45 63
5 98
62 90
6 35
63 4
34 42
78 82
68 41
36 83
42 97
58 26
44 6
30 20
85 49
15 22
62 71
84 14
12 79
54 42
5 40
98 7
99 61
64 85
98 78
83 98
64 57
19 99
85 65
27 5
32 56
99 36
50 44
49 97
48 26
92 26
7 69
5 83
63 19
97 84
42 69
19 84
35 37
47 5
72 5
12 54
27 71
19 41
93 98
33 98
68 99
33 19
12 99
5 12
50 82
80 49
59 56
83 8
21 66
81 84
99 19
76 27
65 42
63 75
6 55
76 68
7 26
93 63
94 77
47 65
63 99
29 51
12 6
21 31
5 79
62 28
58 8
29 89
40 78
81 35
37 5
96 92
98 47
42 32
92 6
79 12
6 93
5 49
33 51
63 60
58 99
56 77
80 91
49 59
91 23
28 36
33 92
23 22
50 20
19 47
93 43
99 70
26 65
82 68
72 27
98 27
54 47
12 70
84 54
65 13
44 83
21 11
82 93
22 89
70 70
74 42
49 67
15 27
40 22
14 94
69 84
12 12
42 39
34 72
61 34
12 64
77 21
26 85
92 57
26 16
68 51
44 57
55 93
12 34
92 93
93 12
56 11
42 12
83 79
57 37
75 36
19 78
84 24
90 48
63 52
26 40
40 48
71 91
56 81
28 78
21 57
70 65
70 11
92 68
12 42
37 61
77 57
71 78
53 21
26 29
47 75
93 33
34 30
56 61
50 36
44 92
