114
47 76
79 56
49 17
74 28
23 73
87 43
8 40
70 2
4 57
96 57
46 93
81 13
25 93
44 38
60 37
6 14
26 67
74 50
47 63
62 3
19 45
85 29
69 16
32 96
0 49
17 59
36 86
14 74
87 98
97 85
86 71
67 74
7 89
24 18
42 4
10 5
7 29
42 24
61 84
53 59
32 39
38 56
65 64
68 41
10 79
68 83
90 57
15 41
31 12
61 28
37 66
43 81
39 99
73 69
11 64
20 82
49 35
69 9
68 30
97 15
63 99
37 75
85 93
99 24
99 71
3 0
84 4
83 79
53 14
19 21
23 98
36 42
59 55
35 9
3 86
86 38
1 42
84 75
14 26
80 0
89 12
64 88
45 19
27 53
52 50
93 30
11 12
22 35
78 31
89 73
6 78
66 50
34 23
46 42
86 59
57 8
82 45
41 92
20 11
45 56
44 74
89 88
9 43
31 62
91 23
29 48
76 18
8 70
93 64
77 64
53 43
88 63
84 50
41 14
