117
51 70
26 69
33 87
50 41
47 62
66 66
45 2
54 14
61 82
72 50
79 31
90 57
10 56
9 72
82 38
25 60
16 46
24 28
99 42
17 94
92 71
75 11
91 94
12 0
92 13
37 14
77 98
2 94
60 1
64 35
58 53
31 47
2 55
83 84
65 88
36 81
30 27
38 0
90 2
13 24
4 78
74 25
33 67
66 73
21 42
33 33
56 35
63 16
14 92
30 97
28 83
91 41
54 89
51 61
15 76
50 8
41 76
56 27
3 40
94 27
22 10
75 4
1 2
7 16
45 45
34 79
0 30
99 26
83 77
1 71
16 28
37 51
97 65
41 28
27 9
99 46
76 45
85 16
6 7
9 93
79 52
2 51
77 91
16 58
40 19
24 99
55 56
22 45
66 81
76 30
9 14
47 70
87 72
33 56
68 9
86 87
47 24
19 83
41 37
66 23
42 85
29 68
82 10
24 43
4 67
7 47
87 34
47 15
44 55
12 9
36 42
73 39
33 25
80 21
20 73
86 26
25 36
