111
63 20
23 50
18 29
84 74
86 88
96 64
41 94
12 70
4 57
45 55
18 97
36 68
82 8
41 11
38 33
68 76
63 4
96 29
7 51
17 81
51 37
50 22
30 75
15 57
79 25
68 59
91 47
4 30
64 96
49 81
4 94
64 44
97 4
24 5
6 8
84 54
19 20
65 28
78 2
83 40
98 60
24 42
47 97
73 95
8 78
92 13
28 96
50 46
59 68
69 2
39 19
13 35
15 66
29 62
27 27
8 87
84 63
70 14
87 3
14 52
94 94
5 3
46 6
96 33
26 7
45 80
65 82
62 58
82 34
22 83
83 81
55 97
97 47
0 75
40 4
54 18
43 65
0 49
13 15
13 97
27 91
92 80
1 64
76 62
74 29
47 60
84 18
25 23
51 27
62 89
92 6
45 75
92 61
67 11
72 78
42 89
25 76
54 60
20 57
30 32
32 9
11 27
13 43
52 13
65 71
22 13
73 9
14 77
13 87
51 90
63 14
