109
4 71
29 89
0 94
61 77
43 9
97 2
61 50
92 47
94 22
5 22
24 42
82 13
17 62
87 64
15 94
79 94
52 37
22 8
80 27
58 94
93 29
32 8
59 5
92 84
46 23
2 1
28 24
64 19
38 35
36 50
78 49
48 75
27 84
86 98
22 46
79 34
1 68
97 70
49 91
60 64
97 89
63 3
56 42
15 53
64 88
5 99
29 97
14 6
71 68
32 30
83 58
90 15
56 17
82 89
55 72
73 24
49 52
50 86
54 26
37 22
4 37
39 83
0 41
5 17
46 61
20 71
32 58
45 1
98 97
70 52
1 99
97 39
93 68
6 1
14 21
14 58
19 38
64 36
15 98
65 98
90 4
98 27
30 75
74 13
0 26
99 81
75 87
70 64
42 18
14 74
35 92
48 40
30 50
99 12
43 58
91 57
39 8
59 12
20 91
66 72
15 48
28 20
56 87
79 63
56 67
59 29
54 4
15 66
44 15
