114
12 9
79 50
69 29
16 83
86 87
95 13
36 62
24 26
61 79
55 55
7 69
65 1
68 64
86 75
98 92
42 72
2 10
77 19
56 31
26 97
98 48
49 4
10 43
28 75
42 40
89 28
99 69
46 19
27 61
33 91
78 13
68 43
67 78
81 92
76 64
16 5
5 61
53 62
36 45
0 46
97 53
11 23
61 23
18 92
57 41
90 13
91 68
78 40
2 70
72 5
12 52
19 69
74 29
82 83
30 37
88 39
62 51
43 55
17 73
48 99
0 97
33 9
67 94
43 79
6 84
34 0
26 22
49 89
16 46
2 19
94 34
75 96
48 12
98 86
98 6
4 38
80 3
83 55
63 9
11 87
64 87
26 1
91 20
15 29
97 64
31 18
32 76
22 52
56 69
1 13
1 54
40 93
43 47
35 59
53 10
65 84
82 5
40 3
94 92
15 12
59 45
20 27
56 95
21 60
65 19
98 78
23 37
49 56
90 61
79 28
65 73
62 38
14 60
88 81
