105
96 79
78 46
61 30
52 31
93 92
46 77
25 52
48 53
70 70
5 45
8 87
27 10
94 24
97 3
52 10
31 76
80 11
76 96
98 17
66 12
15 88
85 77
21 42
95 6
66 25
89 17
43 66
60 99
33 29
1 66
12 2
80 30
22 57
51 84
66 1
75 64
42 11
61 62
86 46
97 96
33 24
16 99
65 80
26 3
94 33
52 42
91 68
72 53
33 66
75 36
25 89
6 76
7 58
28 18
87 98
92 82
54 67
85 54
82 68
88 5
59 70
4 17
17 27
0 99
38 43
43 91
80 54
1 33
17 71
7 16
29 92
93 38
45 2
4 52
1 84
79 82
53 45
21 37
56 15
39 49
18 67
28 80
22 13
70 16
42 85
61 47
95 1
7 50
99 82
21 53
66 33
51 24
98 24
39 58
37 7
40 34
59 7
26 27
50 67
33 45
84 26
21 78
55 39
91 12
27 58
