106
49 94
10 94
56 27
15 79
51 61
42 47
66 57
78 42
36 79
63 81
25 99
47 2
4 64
95 4
56 43
89 25
58 11
47 26
46 90
34 88
39 58
61 49
16 69
53 19
27 85
1 26
75 23
86 90
32 5
6 10
70 95
82 74
17 42
98 36
80 8
28 20
2 2
24 61
36 39
61 0
27 0
83 65
3 53
95 22
1 90
41 73
87 42
36 20
3 18
82 82
42 40
94 72
21 52
25 36
66 12
18 94
67 38
60 88
85 33
32 79
50 47
64 26
96 55
84 99
18 18
81 59
80 0
0 76
0 34
69 99
41 6
16 9
7 47
4 91
7 32
56 80
72 39
97 62
31 62
77 6
23 29
23 50
0 11
37 23
61 7
21 14
73 81
17 76
88 59
54 0
11 40
41 65
50 23
24 92
58 41
14 14
41 88
32 17
43 33
71 7
11 19
40 15
35 52
11 49
53 11
57 18
