106
13 13
3 3
8 8
58 59
84 85
42 61
16 19
78 88
2 17
22 70
29 36
92 19
11 89
33 83
45 33
43 2
77 68
31 98
91 5
94 77
34 56
89 70
16 52
74 34
91 45
61 3
32 12
54 85
69 49
75 11
14 33
7 74
54 16
57 41
27 70
10 98
43 42
84 22
78 54
95 53
72 93
2 22
40 26
44 74
17 92
22 38
95 88
67 10
78 61
97 68
20 61
53 34
71 87
20 24
23 84
16 9
3 86
68 55
86 13
76 76
50 99
1 52
36 98
68 29
99 5
0 32
22 1
50 15
3 60
86 42
82 99
37 21
65 99
72 31
49 78
17 47
61 63
99 60
65 1
29 0
12 75
3 45
35 45
70 76
71 35
21 99
92 87
60 17
36 41
50 40
63 48
26 20
2 7
13 38
22 54
84 62
8 65
58 27
76 36
79 93
21 73
7 55
61 22
84 74
36 36
21 46
