114
65 24
23 65
7 33
92 9
20 79
47 56
3 47
58 66
93 45
46 34
3 92
87 67
69 82
61 21
63 66
30 67
46 49
16 85
85 10
83 52
33 75
71 19
39 14
17 15
56 7
26 42
88 99
65 41
87 26
32 29
70 5
34 97
20 45
40 83
17 31
59 80
95 0
25 6
69 57
79 42
31 50
19 58
48 63
28 92
34 3
72 71
56 44
79 23
33 43
57 27
97 13
25 29
47 4
78 36
70 98
5 75
21 72
56 97
3 7
96 84
97 78
97 49
0 67
81 86
92 63
9 0
6 51
13 17
2 86
41 28
76 85
75 56
97 94
50 91
63 7
14 94
79 1
93 40
44 77
61 48
92 70
11 56
33 64
32 13
19 3
49 70
49 13
64 84
36 89
10 90
27 45
88 1
11 25
10 72
8 42
36 20
93 20
73 29
76 15
54 35
40 51
67 62
70 90
9 61
28 59
47 68
88 47
38 35
70 46
69 13
61 69
17 43
89 13
13 50
