101
12 80
73 55
64 86
15 13
32 86
95 30
86 65
83 9
32 48
19 92
32 69
80 35
46 16
16 36
52 48
59 7
50 82
29 10
96 44
96 59
33 35
53 27
3 31
40 95
22 38
56 68
2 45
83 91
97 85
16 65
67 7
40 64
76 49
84 16
14 3
69 36
70 76
21 96
48 97
84 1
38 4
21 64
68 16
44 23
62 54
10 87
52 7
97 34
8 23
41 59
94 4
75 86
79 58
38 26
80 39
41 75
2 70
31 56
10 52
6 99
92 78
70 69
51 34
30 19
59 52
0 20
3 48
99 26
69 25
45 80
98 48
39 42
10 9
90 92
85 76
26 79
85 20
53 67
88 60
23 18
60 83
23 2
82 18
4 27
61 37
44 60
18 73
64 16
25 24
88 71
78 33
19 54
67 50
6 38
25 71
18 89
90 14
74 63
55 54
73 43
43 53
