89
17 69
5 23
53 61
18 57
34 77
66 89
27 91
27 28
88 93
35 55
33 94
11 56
60 94
7 14
2 33
57 66
15 16
12 96
2 82
35 63
36 41
4 48
52 75
76 96
38 49
17 30
9 69
58 88
32 85
25 51
23 67
16 46
70 74
24 38
45 99
17 88
83 89
52 54
4 95
37 71
5 75
28 98
3 44
62 73
45 79
20 24
32 70
76 87
40 85
10 61
37 99
14 35
11 20
62 80
44 57
2 9
23 91
24 77
93 99
48 63
26 62
67 64
31 33
68 99
4 89
3 60
1 19
1 37
17 38
86 98
14 99
9 75
46 88
70 96
13 92
19 77
59 76
16 52
51 89
52 70
7 34
26 57
27 43
16 74
35 68
60 84
10 82
26 70
19 61
