114
14 22
59 85
67 50
28 96
38 5
15 73
8 54
95 54
82 86
35 59
62 8
53 56
44 97
81 59
71 96
91 97
31 82
19 49
21 28
69 79
7 75
44 90
89 53
51 96
68 27
93 22
79 39
91 73
89 0
27 15
39 43
55 71
54 29
23 10
87 23
97 82
21 67
12 87
53 3
9 12
81 2
85 91
72 18
84 70
93 34
91 14
14 42
55 81
52 15
45 58
64 67
22 74
60 92
36 91
89 57
0 25
0 40
88 80
40 26
2 60
32 41
11 95
55 38
36 1
98 1
37 74
0 78
50 87
73 79
73 36
68 10
54 42
26 32
5 55
98 42
75 58
0 18
34 19
44 72
99 71
27 53
19 8
87 18
48 12
49 54
18 65
72 43
17 28
77 95
29 88
61 99
93 40
71 64
63 24
95 5
89 94
9 80
96 59
40 67
11 27
23 69
34 34
69 72
48 38
77 16
10 57
64 58
78 30
59 72
13 25
83 46
36 85
85 65
91 65
