110
17 31
65 23
68 5
48 80
44 36
3 32
49 54
2 57
25 54
75 37
45 8
26 68
95 31
16 17
74 79
13 46
58 37
3 26
46 60
35 30
68 49
34 52
12 64
31 36
95 9
10 78
96 60
32 86
79 97
90 81
54 93
76 61
7 94
81 14
31 9
52 73
82 58
52 99
89 33
51 6
67 19
35 70
82 3
12 70
52 29
21 33
78 91
95 70
23 7
9 73
84 37
76 53
70 24
60 83
35 47
8 40
86 91
2 9
14 27
13 0
33 89
38 23
72 75
1 90
18 85
98 44
58 68
22 46
71 3
32 95
51 0
61 42
74 99
86 19
91 85
37 2
28 72
52 22
0 40
8 12
2 75
90 52
37 92
32 23
59 51
45 43
7 59
83 66
59 4
53 78
86 14
7 89
74 83
83 51
71 43
47 39
23 61
39 56
23 17
79 28
58 15
15 49
49 69
39 82
9 19
35 38
87 49
18 77
72 17
26 31
