109
10 65
0 86
60 69
11 22
72 86
38 2
60 14
50 37
88 66
29 14
41 82
39 54
70 30
52 94
68 46
0 2
90 83
31 66
10 46
30 43
92 34
92 6
92 50
28 90
0 35
48 22
70 2
12 94
58 62
2 50
91 18
60 95
39 26
52 2
88 94
12 74
71 70
10 7
59 78
0 19
70 54
0 66
29 74
72 22
51 46
32 34
89 26
91 74
0 94
30 49
92 42
69 38
31 6
38 62
11 30
68 94
90 58
49 78
42 94
30 25
69 14
38 10
10 15
29 82
11 82
50 30
51 54
60 1
0 58
11 38
70 79
52 14
60 43
31 58
0 10
0 73
10 55
2 42
71 62
50 63
0 27
40 47
51 70
61 26
50 85
40 19
92 2
41 74
27 96
39 38
61 50
59 34
62 86
89 88
11 0
28 0
73 8
91 10
13 88
13 60
1 80
52 8
28 20
62 18
42 88
37 68
42 33
62 9
58 54
