114
43 13
53 45
84 3
4 14
62 95
73 74
37 63
23 25
18 56
27 85
73 46
57 61
87 71
37 53
15 12
50 2
16 27
11 63
68 65
50 54
96 85
18 41
66 31
25 1
42 36
89 28
60 80
79 96
4 48
15 99
92 54
98 2
47 74
98 22
26 39
95 37
39 93
29 20
95 68
82 23
12 73
58 35
81 58
11 2
73 25
11 43
32 52
35 83
86 10
38 28
84 35
58 43
30 10
64 75
73 58
28 97
12 16
45 60
34 42
83 53
64 7
13 91
67 2
99 53
30 68
2 77
77 89
48 93
43 53
52 22
0 54
7 98
35 1
0 8
68 16
7 32
78 39
81 75
26 72
50 79
96 76
30 25
73 99
58 0
70 8
4 69
44 7
64 81
67 51
17 83
26 54
62 34
40 38
33 88
6 26
82 43
43 18
89 24
45 70
16 65
84 67
59 57
19 44
40 69
26 94
50 36
51 74
36 19
57 50
43 62
31 57
49 41
71 35
62 47
