108
91 78
26 28
96 11
11 2
90 68
46 60
22 14
11 90
13 73
50 36
86 24
68 13
24 52
36 38
33 3
56 54
59 23
4 77
38 55
51 57
75 62
37 71
43 95
99 93
39 22
75 86
69 41
53 77
5 31
9 52
98 36
74 96
49 13
35 89
54 92
63 72
7 14
22 59
62 2
11 34
77 28
91 4
95 95
96 73
18 68
35 96
85 84
55 20
94 30
48 80
82 15
67 49
79 38
29 11
16 50
66 29
78 77
30 58
12 66
36 65
49 73
59 34
16 80
76 17
43 46
89 51
77 1
46 90
85 52
2 52
55 68
60 93
15 1
58 0
28 37
30 1
1 28
98 0
27 92
72 64
90 48
44 17
47 42
99 80
74 3
20 86
94 25
94 63
17 28
44 12
45 27
28 74
84 43
64 68
61 46
62 20
93 88
77 7
17 9
34 51
55 60
88 70
90 19
91 34
52 30
22 63
71 20
47 69
