201
62 6
92 91
5 64
99 64
3 14
37 96
16 44
19 61
71 21
9 98
56 25
78 49
85 74
48 65
20 89
97 45
54 95
40 7
34 70
70 36
27 14
90 16
7 29
77 6
33 51
42 31
77 97
69 64
26 28
15 0
7 78
85 31
58 49
72 80
96 0
58 78
44 80
1 48
99 27
56 29
41 35
56 4
62 50
92 97
81 1
84 52
43 15
31 72
0 81
20 43
35 92
4 0
23 14
6 33
22 84
84 67
30 0
61 98
37 55
22 28
75 21
2 99
63 64
20 58
86 35
97 60
99 82
71 84
49 81
38 51
0 54
51 98
98 14
20 0
2 6
19 99
0 30
42 0
56 46
76 2
5 84
57 8
99 49
55 63
91 0
66 35
9 19
6 68
42 21
37 37
78 87
2 34
98 20
68 17
5 49
13 15
81 56
21 80
52 49
36 75
84 15
91 80
89 37
51 79
70 70
27 25
19 47
98 86
48 0
70 1
0 92
2 78
84 95
25 65
56 35
26 86
94 42
39 14
70 31
76 55
64 91
99 70
11 63
40 57
14 96
75 79
58 14
64 68
21 33
69 94
0 20
29 11
34 41
50 93
93 19
93 83
0 45
75 41
50 67
97 39
92 69
83 9
48 34
60 21
23 5
5 93
28 93
14 61
16 81
78 65
0 70
46 14
74 35
51 44
37 85
82 81
61 11
91 5
27 42
65 78
12 29
42 62
94 49
61 54
5 44
25 58
80 26
56 84
37 30
23 72
34 7
63 29
45 72
78 70
83 84
63 43
51 28
37 22
49 57
41 42
51 5
20 23
90 55
14 23
55 70
28 52
15 84
58 60
14 51
69 9
49 23
70 45
4 56
14 70
90 29
12 37
28 35
13 8
30 78
86 44
69 57
