109
1 56
3 94
3 22
92 66
27 38
32 82
92 59
3 28
4 3
94 78
22 59
18 73
63 70
44 8
27 4
80 36
63 43
61 82
9 68
44 15
30 30
49 82
9 20
73 9
92 3
96 42
86 16
54 31
72 97
59 15
20 94
40 94
8 84
26 53
60 62
19 10
65 2
30 22
1 71
90 83
75 85
62 97
32 66
20 44
88 38
23 80
33 5
42 22
21 17
56 13
41 83
5 64
15 50
7 8
30 72
62 9
49 50
91 97
74 54
2 42
71 25
10 59
51 35
48 96
77 57
41 54
91 24
81 72
0 92
76 1
47 78
42 0
44 36
90 10
55 95
7 38
88 92
55 58
62 76
13 99
88 30
81 51
33 50
78 82
33 25
12 2
50 28
27 89
60 51
2 18
73 60
76 13
92 89
56 67
93 73
26 8
62 91
24 32
38 72
56 23
87 67
35 19
81 22
52 42
70 85
53 75
42 30
90 78
53 83
