120
26 5
66 16
94 73
29 24
43 90
52 13
18 93
37 63
52 38
85 19
75 78
27 75
93 94
72 3
25 25
40 24
13 90
27 61
70 95
62 63
69 47
77 60
5 56
10 17
40 4
56 82
96 35
8 41
95 9
83 62
4 22
86 90
12 55
55 52
48 66
4 97
27 10
60 99
22 75
77 4
44 95
67 72
47 22
99 84
94 20
48 50
62 57
89 27
56 20
19 12
19 69
91 80
85 13
57 91
4 73
11 0
70 33
22 39
86 46
29 20
30 43
3 37
28 91
71 17
0 7
99 64
65 31
62 2
99 1
99 99
34 14
41 81
45 3
91 0
77 97
1 64
70 79
96 42
21 55
1 88
37 43
99 17
55 77
4 90
14 34
81 30
32 77
52 45
96 78
77 75
0 54
61 34
67 49
12 76
36 57
50 76
56 63
77 49
80 15
21 6
67 93
17 33
20 88
98 25
49 8
63 5
6 60
70 21
15 41
54 31
84 76
72 89
48 18
31 29
34 67
17 79
64 20
13 62
20 21
67 84
