117
83 51
78 84
38 85
52 0
4 11
30 34
83 20
96 92
6 39
17 80
44 8
39 37
61 8
83 77
92 81
30 59
25 3
70 68
59 88
44 60
77 98
6 97
64 52
98 56
18 17
63 24
21 46
99 42
91 3
3 81
53 34
8 64
36 20
2 25
97 19
18 98
52 81
5 45
22 22
52 20
35 92
76 64
23 74
35 61
92 62
90 23
22 53
37 47
3 17
92 88
69 60
3 36
12 10
48 14
30 8
45 91
87 13
13 22
52 7
84 36
70 39
64 91
2 98
52 48
99 35
65 74
69 11
48 98
98 4
82 98
32 99
47 74
79 0
4 67
29 74
98 61
85 46
9 2
49 59
53 42
5 83
78 80
52 28
37 28
84 31
62 38
98 87
84 62
63 70
43 0
12 58
23 84
98 25
52 60
16 29
82 28
31 89
63 85
2 8
20 60
34 13
95 85
38 63
42 43
86 68
53 14
26 77
10 50
27 17
90 49
53 89
74 60
45 28
29 50
61 77
74 69
47 22
