110
23 67
11 78
93 28
57 69
88 72
31 31
85 16
58 21
41 90
12 11
89 47
6 34
75 28
75 2
68 89
2 67
42 35
30 64
92 13
64 78
67 23
88 32
79 81
63 49
27 92
96 86
56 36
84 95
37 13
5 53
1 7
66 56
59 96
69 42
17 28
2 26
30 2
78 67
93 55
89 6
5 76
6 2
2 44
50 43
71 14
92 95
79 47
63 71
29 25
36 68
34 95
58 79
96 77
77 87
65 34
36 22
8 15
5 98
34 50
51 4
20 52
58 2
49 51
25 3
99 59
12 92
44 76
22 42
64 97
19 93
99 14
90 0
72 7
0 21
97 44
73 61
1 58
34 54
79 32
52 58
17 38
34 16
17 17
55 93
31 70
9 71
33 87
58 8
86 67
18 82
8 44
31 40
81 52
60 54
6 29
60 31
20 12
81 24
28 56
52 67
67 14
75 39
69 70
43 49
27 50
88 20
72 17
9 25
61 58
56 44
