113
58 76
93 35
73 7
57 53
20 47
18 77
66 64
56 24
26 10
44 42
9 5
55 92
96 11
75 43
78 21
56 30
26 56
24 41
99 21
87 35
53 59
61 88
42 83
44 12
5 65
92 49
98 90
6 20
3 51
75 52
37 76
80 2
64 18
30 18
85 20
14 34
72 74
2 71
60 39
39 4
23 82
33 54
51 77
44 20
73 1
48 58
71 24
77 60
57 97
17 56
45 34
56 45
71 46
86 41
72 58
1 91
87 22
15 99
88 71
80 97
47 48
32 93
59 2
99 62
99 99
74 95
2 2
75 80
64 34
17 95
94 5
6 85
9 34
84 93
28 3
36 66
97 56
59 8
28 39
85 64
34 22
20 15
45 5
46 62
10 51
84 85
64 71
98 33
60 99
26 72
10 93
10 76
46 84
97 48
82 78
67 20
42 66
61 78
27 53
69 66
30 8
86 8
65 94
61 49
83 46
39 78
67 8
75 69
37 10
63 55
56 78
55 36
54 68
