114
89 44
74 35
3 23
73 82
82 98
88 79
20 64
8 45
55 29
22 29
28 14
76 13
15 69
92 24
67 87
46 34
8 25
96 38
70 24
85 68
3 37
69 49
41 81
44 55
6 81
44 3
97 91
8 7
54 75
71 64
23 48
20 86
0 82
38 28
21 13
1 51
34 88
50 19
62 53
92 54
83 11
70 71
97 75
27 72
64 21
84 30
52 85
60 61
75 42
16 44
0 29
51 65
95 46
81 88
19 55
55 21
87 89
88 19
78 38
58 41
15 50
79 76
58 2
3 96
65 95
1 60
49 94
41 51
88 40
23 0
35 95
35 14
54 4
0 11
31 36
72 6
43 65
29 68
83 54
6 65
97 13
24 92
71 20
49 79
30 54
23 23
79 97
47 41
42 13
9 22
2 43
98 30
24 38
84 72
23 81
66 47
85 99
67 81
37 46
56 15
63 76
19 15
76 52
77 28
31 28
10 39
45 27
55 89
8 30
67 39
13 59
62 16
72 96
49 12
