119
69 47
25 19
2 14
78 83
35 44
60 66
97 77
13 31
79 12
33 90
62 9
98 93
15 76
77 61
55 32
18 50
32 28
79 31
28 84
73 80
63 55
5 99
47 80
26 63
24 4
38 2
61 97
95 6
4 45
98 64
2 92
71 43
66 24
70 1
10 8
7 78
38 71
63 81
83 64
37 53
7 28
91 35
35 37
70 95
11 48
83 8
53 60
25 93
88 81
4 71
61 72
31 4
64 43
26 43
61 89
3 36
78 42
89 15
76 22
18 89
33 16
49 16
45 98
48 69
90 51
2 62
98 0
87 96
96 20
99 38
49 40
54 0
46 83
16 0
65 10
3 7
33 70
50 25
96 56
19 20
50 98
90 21
1 22
2 85
36 97
11 99
65 95
54 55
34 21
72 29
79 80
56 40
32 76
21 38
10 68
98 8
79 46
7 53
87 65
59 11
69 57
32 49
32 86
67 93
7 44
82 85
54 43
8 94
54 66
21 29
7 18
84 71
65 52
63 32
23 80
51 90
41 78
66 80
69 37
