111
67 20
90 42
50 94
15 23
53 65
94 23
46 39
29 55
57 51
34 78
79 58
8 59
19 68
23 90
91 74
56 5
41 43
59 74
42 91
20 31
98 14
5 54
67 45
54 25
40 79
82 97
76 9
6 40
29 13
75 76
0 91
84 37
98 73
15 91
93 6
28 31
86 22
7 20
23 53
36 97
43 57
75 43
64 64
55 35
18 99
85 86
68 15
87 53
20 84
1 23
72 51
32 39
49 78
15 52
92 83
7 96
79 36
57 68
7 3
43 16
69 90
30 93
48 67
2 81
99 41
94 56
92 1
25 13
68 94
95 97
42 7
21 4
3 34
98 30
49 20
3 9
34 27
10 73
68 24
54 93
79 65
38 57
93 71
80 12
59 9
25 75
39 8
53 43
39 98
39 52
41 74
69 34
10 34
99 81
17 21
28 61
16 77
63 23
31 22
78 54
53 11
47 30
86 39
84 72
33 46
17 13
46 58
27 86
63 18
85 61
13 87
