89
83 76
80 90
83 35
80 97
80 45
95 84
93 9
26 10
61 43
28 42
78 64
69 88
87 29
91 77
16 25
52 23
51 9
78 2
76 16
17 45
51 42
16 10
69 34
82 55
84 15
70 46
17 19
74 88
88 23
73 96
96 56
0 3
65 71
48 26
55 5
99 11
67 15
92 60
48 37
93 91
75 60
11 6
15 35
28 15
86 43
48 22
84 73
57 49
62 25
80 9
71 79
67 54
70 26
55 38
88 51
2 18
53 19
16 52
73 69
81 26
88 82
99 32
2 28
52 0
39 33
35 9
96 5
76 50
83 65
91 99
1 6
8 33
26 26
96 41
24 46
19 4
65 8
97 70
85 1
64 63
99 78
92 3
92 29
52 15
73 28
85 5
59 31
77 54
81 87
