100
97 1
89 50
33 39
2 3
86 90
15 53
96 78
49 6
14 78
56 29
12 13
20 92
63 1
27 65
80 6
42 97
54 43
68 37
7 65
24 34
45 24
84 58
40 1
75 30
17 17
23 51
7 1
45 40
3 54
15 43
4 97
65 89
52 77
93 36
69 57
28 79
31 18
73 22
72 66
59 59
75 51
92 58
39 17
31 33
4 20
62 83
84 17
25 86
66 52
33 9
81 38
4 9
40 54
41 68
26 44
75 71
72 93
92 22
65 7
59 99
39 92
94 92
59 23
22 66
79 91
36 97
36 77
46 67
52 98
82 77
88 36
54 24
81 99
73 3
59 5
59 43
33 14
69 22
51 58
93 12
36 57
57 94
47 8
86 52
63 66
19 81
45 75
41 31
90 27
26 23
55 9
29 91
56 50
74 18
53 28
72 53
25 59
74 48
68 31
68 45
