117
7 16
44 37
17 5
74 82
56 40
5 65
31 60
89 69
14 94
29 15
68 2
34 90
67 59
89 41
78 96
71 12
29 87
64 52
6 22
43 49
83 78
69 34
6 47
43 12
20 71
15 33
92 97
25 47
95 26
44 75
93 59
69 79
78 46
11 79
39 35
2 7
68 66
30 70
96 74
61 11
35 12
15 54
5 39
56 57
17 27
12 83
58 36
86 92
33 48
15 13
42 64
3 33
71 49
33 76
41 22
18 88
82 87
59 95
94 4
80 24
45 99
55 72
89 5
47 4
64 94
30 33
57 26
1 69
74 27
21 99
75 64
44 91
30 1
94 35
60 80
81 10
16 49
52 10
24 73
85 52
26 24
46 56
67 5
98 68
50 90
29 56
51 75
93 91
82 70
83 38
8 63
40 29
71 21
43 7
18 30
36 88
57 46
54 21
88 26
61 61
74 35
25 32
40 45
93 67
23 66
20 49
87 44
20 91
66 76
31 81
56 66
21 83
48 15
19 42
19 63
14 72
41 55
