97
25 14
16 25
8 12
4 57
75 18
29 4
16 78
3 3
21 83
28 19
51 89
27 64
68 93
95 31
12 95
55 4
74 25
11 26
11 53
2 19
19 71
19 10
63 42
95 1
69 63
94 60
92 77
52 67
90 46
60 27
11 20
26 97
19 52
96 12
53 98
60 51
4 66
56 13
77 83
80 58
81 32
59 76
99 57
90 20
56 23
97 38
15 96
88 77
66 37
69 87
61 69
9 73
59 97
85 56
88 10
14 2
30 74
83 72
13 90
82 23
65 14
9 63
0 84
73 4
17 68
26 50
74 45
29 88
51 84
74 97
19 18
27 30
81 5
66 64
2 28
98 71
6 98
83 41
98 46
85 86
67 4
27 93
10 99
94 26
67 84
75 67
69 99
70 48
91 6
4 87
67 33
28 11
89 60
88 53
13 63
84 18
17 91
