113
1 6
43 40
27 18
50 84
16 47
52 65
86 57
26 75
99 3
86 16
12 32
66 79
3 80
30 50
85 4
56 24
33 86
77 59
93 65
17 67
7 11
23 25
41 89
64 66
51 76
71 38
59 8
90 40
29 2
74 91
96 79
59 47
5 96
84 94
38 54
75 30
97 48
56 33
36 36
19 81
54 95
75 77
54 47
98 37
22 7
80 14
63 16
73 55
20 39
44 60
28 24
82 79
42 32
79 63
51 14
38 83
82 37
93 61
60 87
79 85
20 17
34 13
0 51
26 99
37 41
99 23
67 2
1 47
4 25
11 97
33 69
99 8
93 94
71 83
12 68
72 98
2 1
4 56
52 7
29 55
9 82
60 61
4 20
99 18
9 1
71 19
83 30
81 7
48 69
61 97
62 46
68 41
45 25
6 87
16 32
79 96
88 50
15 7
63 6
47 55
31 41
57 68
38 27
86 46
60 82
57 39
14 10
85 88
65 51
37 48
46 38
14 22
26 33
