112
29 27
65 54
37 8
94 72
36 50
49 26
90 94
19 62
53 41
26 78
75 69
84 33
49 82
10 27
70 85
92 17
8 81
40 13
26 45
83 96
36 76
42 39
18 51
19 19
51 31
73 42
78 20
93 58
56 12
98 32
64 98
4 50
50 96
85 56
14 91
1 36
53 5
16 68
39 59
69 78
24 35
10 15
70 46
65 17
12 65
70 63
97 24
89 44
30 10
35 67
14 25
29 49
35 44
44 17
90 2
71 2
53 68
20 4
10 99
23 93
96 75
2 15
98 1
0 87
99 96
99 54
51 51
55 82
85 84
41 83
54 2
4 42
81 26
76 8
90 7
86 60
4 71
22 84
53 75
12 47
37 3
76 72
16 11
76 45
43 31
64 0
30 63
44 64
46 91
82 88
24 28
6 56
28 2
62 88
56 25
61 74
95 82
79 34
18 86
84 12
76 63
39 22
92 25
19 72
18 39
44 45
51 7
82 76
23 13
63 81
87 71
31 37
