118
39 71
38 7
65 26
31 61
5 41
22 38
76 47
61 64
40 88
46 43
88 4
6 1
62 11
45 13
74 24
40 35
55 73
27 54
50 62
34 77
96 53
82 96
95 24
93 67
85 36
12 17
10 63
80 76
2 86
68 97
26 91
97 74
3 44
79 23
9 88
21 41
48 29
73 78
7 70
93 91
66 57
42 50
26 30
20 52
45 20
86 51
89 35
70 87
21 67
53 43
38 81
9 49
56 25
90 26
30 68
23 6
16 50
54 87
2 27
48 25
94 4
43 98
3 6
75 61
71 40
80 9
14 57
16 81
66 11
99 45
19 95
46 1
99 67
30 0
3 93
12 28
34 22
56 80
57 94
96 81
48 57
79 65
10 21
70 81
50 2
90 9
0 37
34 53
8 7
81 51
0 52
2 79
38 15
70 26
18 33
91 18
46 93
83 73
59 66
93 38
23 76
42 79
61 17
12 92
36 47
53 59
71 52
96 12
36 65
77 16
80 37
83 44
10 35
39 59
63 88
27 58
68 19
42 37
