107
58 27
12 36
55 95
83 64
42 56
93 36
51 34
59 66
31 91
2 8
2 67
91 76
76 49
78 29
69 79
33 30
10 52
6 24
54 88
61 55
95 85
76 70
46 65
54 47
70 12
91 22
27 15
38 3
97 53
20 63
43 79
28 50
81 87
47 2
26 97
15 35
1 49
96 93
8 76
0 28
92 11
75 37
20 37
33 84
92 47
47 48
42 24
73 88
77 55
51 67
34 12
19 52
10 67
22 30
89 86
12 95
8 42
14 26
66 5
29 74
20 11
9 93
50 12
84 6
16 80
99 34
72 98
58 88
1 96
47 99
70 16
61 33
12 11
89 20
33 57
73 22
86 70
43 47
58 51
58 81
86 99
55 31
73 64
37 87
6 68
43 70
64 99
30 16
1 20
97 43
43 9
60 13
95 27
83 47
75 19
24 56
68 50
45 38
63 83
20 72
87 73
59 61
57 98
5 38
78 14
48 41
82 84
