117
87 5
2 83
93 29
96 13
69 4
55 71
15 47
71 26
36 8
31 93
36 77
64 83
56 34
42 55
26 65
94 71
44 16
95 38
58 10
80 22
77 11
28 14
82 29
56 50
46 92
65 99
79 73
1 37
80 54
97 56
30 30
18 4
4 11
17 94
79 91
63 56
51 77
60 99
7 75
55 28
27 57
80 45
12 55
69 69
4 20
85 83
10 91
62 2
33 70
97 50
75 97
63 40
19 45
42 82
41 66
84 62
69 79
61 58
84 15
39 41
48 0
99 86
43 40
13 24
7 60
0 41
18 77
31 99
33 0
0 91
70 40
49 14
2 75
9 2
93 93
25 35
31 22
46 60
15 20
98 18
96 41
10 95
61 26
18 73
43 1
26 49
76 0
48 85
46 18
77 43
41 32
61 91
31 84
1 48
90 6
42 49
93 36
70 58
30 64
24 86
56 54
11 38
63 21
58 70
75 87
35 16
70 18
33 50
88 53
67 37
90 24
60 73
42 12
28 75
55 17
52 23
8 48
