112
34 42
13 90
87 23
47 91
93 89
44 60
7 70
72 91
80 43
67 50
52 37
0 48
61 64
36 77
73 25
52 85
89 51
26 79
42 95
68 75
68 34
18 98
44 36
72 57
27 8
14 32
83 70
0 22
48 20
17 56
59 99
29 64
88 5
37 6
4 85
70 18
28 35
5 66
88 56
50 51
21 3
79 86
56 83
18 93
86 41
61 16
34 83
30 15
13 44
58 78
86 82
37 37
11 80
58 54
7 54
80 56
28 84
54 97
73 2
13 15
4 3
1 99
42 87
67 56
98 74
51 5
95 99
88 9
89 27
0 31
15 18
7 2
27 55
93 37
98 90
44 53
71 98
71 6
43 72
95 11
95 71
36 21
22 71
30 39
16 26
31 60
80 97
2 92
70 77
1 15
11 70
24 57
46 58
44 14
1 80
75 28
81 9
90 96
41 28
95 81
76 83
55 64
9 18
74 50
41 56
82 37
78 76
27 75
15 58
34 35
36 66
40 50
