107
70 3
66 92
94 37
84 47
59 42
90 5
14 39
33 54
67 62
66 18
50 87
82 86
96 61
26 22
30 95
48 58
15 46
89 90
32 45
68 71
87 31
94 15
80 13
10 49
69 80
38 91
76 23
48 28
12 94
1 11
19 9
7 63
39 2
40 71
83 69
12 71
0 49
98 86
42 18
28 72
65 36
54 78
79 30
17 32
20 99
66 86
80 97
94 8
74 6
3 36
81 62
54 36
22 88
34 63
62 76
3 26
15 2
96 57
40 33
1 98
49 3
6 77
60 17
76 46
58 99
99 22
98 78
57 60
46 72
15 64
33 17
23 3
84 76
36 85
52 95
31 31
89 99
49 44
57 15
7 91
96 19
2 55
67 50
92 52
15 79
9 5
69 32
88 38
46 11
52 50
63 66
9 96
70 7
54 26
75 93
32 88
37 54
81 53
80 70
73 24
62 52
91 81
99 8
42 65
63 47
52 19
88 13
