107
54 70
38 67
50 39
31 19
95 4
92 90
46 73
35 46
60 6
52 19
23 97
85 31
70 23
94 66
35 87
78 85
74 55
9 60
96 10
39 93
26 73
83 92
46 63
30 83
25 4
93 48
0 39
24 56
57 86
67 37
40 5
68 68
13 33
10 10
81 11
55 96
0 55
30 43
98 90
17 90
47 25
92 25
55 45
16 74
81 99
74 81
51 25
72 16
93 39
95 56
17 21
76 67
51 81
31 61
67 88
90 5
85 97
94 17
47 16
44 51
2 93
43 1
66 1
90 70
26 1
3 22
12 40
79 41
9 94
7 55
34 33
24 23
67 98
78 56
96 85
99 32
15 83
97 63
83 70
24 48
14 59
68 74
66 18
76 8
37 85
3 28
46 20
67 60
30 38
74 31
19 76
90 47
32 10
87 21
59 72
31 94
80 60
44 87
28 15
94 93
38 52
34 76
86 54
87 85
23 86
40 14
76 96
