113
64 40
84 77
41 42
30 96
30 22
1 13
91 16
40 62
76 31
74 53
73 90
23 63
76 72
44 14
27 28
31 85
68 44
94 40
58 91
60 24
32 4
54 2
10 31
2 64
26 44
91 56
15 12
14 89
46 83
72 4
3 41
51 66
70 69
97 77
42 97
42 34
36 69
97 6
15 96
79 94
88 20
66 19
96 49
39 52
59 51
60 0
47 39
82 36
95 72
81 16
56 80
13 24
14 67
43 1
35 14
67 95
30 75
24 34
43 69
56 36
84 55
77 39
65 48
84 83
20 20
85 6
66 85
3 78
95 92
18 2
1 0
25 58
8 45
56 95
45 17
23 42
24 0
7 60
97 22
62 65
16 85
6 11
45 24
67 10
28 93
95 45
21 59
41 54
59 99
95 30
92 70
6 74
29 18
57 32
78 75
54 71
68 62
37 72
6 15
51 53
11 55
29 14
83 31
79 46
95 15
17 40
62 34
32 31
48 68
30 63
81 41
70 41
38 25
