110
34 31
71 94
10 48
32 38
74 18
54 97
78 48
7 3
3 94
63 55
64 5
43 7
19 22
33 91
75 79
49 51
21 4
97 24
5 73
80 34
70 60
18 42
46 41
7 17
39 47
52 72
65 29
98 92
4 32
90 3
93 76
32 71
15 62
77 64
82 20
71 4
66 74
89 38
39 66
28 6
51 35
64 20
11 81
36 77
13 21
73 89
6 8
89 45
19 47
88 64
28 24
5 25
67 79
54 43
18 69
40 33
83 53
74 30
77 73
18 98
99 55
95 96
94 9
98 27
47 94
54 19
53 67
33 97
96 78
1 63
21 83
71 45
39 1
68 5
2 0
78 95
38 16
12 99
52 77
85 1
57 95
18 36
21 20
99 20
55 52
39 56
36 85
7 89
25 64
64 41
17 51
35 9
62 60
26 95
57 26
2 11
64 93
86 78
42 27
33 41
67 12
20 28
9 39
26 84
57 68
11 6
64 81
54 61
9 30
16 11
