106
43 88
27 61
14 74
50 48
64 75
89 68
74 54
38 13
15 8
60 8
95 93
87 32
15 24
4 48
28 87
95 8
49 27
51 95
66 82
53 8
4 2
13 45
11 78
33 3
77 41
45 20
76 8
36 42
42 66
63 39
19 99
75 24
89 26
78 73
20 38
97 75
54 74
56 53
75 87
61 23
84 54
34 28
1 11
15 80
65 64
40 96
21 67
5 54
83 11
42 81
23 52
86 91
60 67
34 36
59 81
57 22
50 39
12 88
30 48
23 76
68 15
82 20
5 91
5 30
92 48
59 99
19 8
43 61
98 22
96 66
74 95
44 0
19 0
31 17
79 68
99 36
66 1
20 26
88 46
83 82
73 43
15 98
35 66
64 96
34 10
13 60
45 98
5 9
66 23
66 54
44 47
5 85
52 12
52 34
7 70
71 33
15 15
58 78
63 45
19 90
46 13
73 78
73 15
60 90
62 19
25 16
