114
24 73
47 25
12 46
39 81
5 37
75 77
70 33
61 6
77 9
57 52
91 5
65 66
20 34
38 3
5 80
49 69
90 55
30 6
42 67
19 48
34 92
69 13
61 27
44 76
94 95
92 23
2 94
36 54
76 46
12 5
20 90
63 86
44 4
85 27
39 24
21 57
99 30
88 88
50 55
7 56
94 59
15 14
30 35
74 91
51 52
54 31
81 5
76 65
4 7
69 50
25 26
24 79
10 82
59 78
69 19
61 38
87 31
4 46
71 3
30 87
97 76
50 93
74 25
45 39
4 62
7 98
94 74
78 99
96 4
34 50
98 98
90 45
57 99
1 76
25 64
16 19
48 18
73 97
42 97
31 16
84 47
83 85
94 69
33 40
94 16
13 35
27 98
19 64
53 76
45 11
4 68
90 71
90 99
48 41
35 59
64 20
45 83
69 82
90 51
16 89
87 19
58 57
32 55
25 12
82 41
59 12
51 26
39 73
91 85
15 79
49 62
37 51
79 91
26 58
