113
97 3
10 95
91 91
51 74
50 9
11 4
87 72
83 12
24 12
71 51
23 52
8 79
5 42
3 57
22 29
41 87
85 91
92 77
80 7
55 78
45 65
60 47
72 59
28 40
12 88
13 13
94 31
49 23
31 69
95 50
24 97
39 50
65 18
34 1
68 67
10 59
55 37
29 78
78 46
31 26
67 85
71 26
0 14
85 28
86 63
79 95
48 88
69 11
26 85
98 83
42 31
27 6
38 17
15 34
34 55
87 17
59 71
58 13
53 84
59 97
0 78
73 82
2 22
4 0
99 33
50 60
54 46
41 3
7 73
25 67
59 0
80 37
10 99
90 48
15 30
21 48
99 25
38 93
56 29
87 68
87 13
37 34
73 37
23 83
73 74
11 44
70 21
98 77
10 76
18 8
16 51
96 42
63 52
36 44
44 9
19 27
15 95
34 74
49 56
0 87
50 42
41 10
27 21
59 78
87 33
90 86
61 64
80 14
30 87
92 21
47 31
47 18
43 76
