103
71 41
11 11
42 17
85 68
15 43
21 54
30 10
87 39
3 63
14 97
68 10
66 76
40 40
45 65
69 58
10 29
22 79
6 14
43 81
23 27
48 49
14 51
19 62
80 1
23 46
63 94
42 95
95 85
99 56
53 34
8 81
89 12
65 43
91 92
77 54
72 75
0 32
23 96
94 41
73 14
50 63
51 20
36 77
52 85
6 74
31 32
7 48
32 58
15 7
93 36
62 61
10 96
71 0
57 43
60 77
6 55
40 51
79 42
91 51
38 71
67 81
66 34
22 38
99 23
48 4
78 99
44 29
76 23
64 97
57 20
97 99
99 15
81 77
82 93
22 83
1 88
89 65
39 7
83 22
27 89
40 44
73 60
54 48
49 68
16 29
37 23
90 99
12 67
80 74
36 60
84 28
59 63
75 9
83 50
17 83
29 42
59 83
8 35
67 67
13 60
44 56
50 42
71 48
