108
56 68
31 58
10 73
93 44
62 55
75 37
63 66
2 19
95 87
42 29
40 75
22 45
94 10
25 13
35 61
64 47
79 25
92 75
43 24
31 34
63 78
46 66
46 93
57 16
72 95
81 57
4 40
2 3
45 8
18 96
47 50
96 29
18 26
85 1
56 83
19 50
90 96
76 86
83 62
29 1
64 22
26 91
4 66
96 53
0 50
11 20
92 39
61 45
51 32
17 46
27 22
78 93
46 72
33 48
74 66
60 61
32 69
7 26
88 31
64 87
21 56
66 5
4 99
55 25
40 69
10 1
51 97
75 11
28 83
86 76
43 97
15 70
49 9
5 33
24 82
78 52
36 0
17 1
51 40
92 80
79 4
41 90
72 22
5 48
38 21
59 6
14 88
28 37
83 7
95 38
67 92
64 51
40 52
81 84
61 30
71 19
16 24
35 24
54 78
87 12
86 53
49 64
71 65
46 26
12 35
56 56
40 60
29 51
