107
68 67
85 24
1 78
94 13
32 95
64 60
77 4
80 52
57 7
52 85
54 37
50 21
4 15
33 63
9 97
10 51
52 74
66 22
34 52
76 9
51 29
32 74
93 22
77 58
68 54
12 29
94 42
72 83
86 93
32 8
20 85
1 63
3 49
55 3
19 54
69 35
38 41
40 93
46 56
11 81
60 91
30 45
27 80
97 16
86 30
67 77
46 24
75 91
39 60
61 74
19 46
59 53
78 49
4 89
13 87
25 74
44 44
30 88
13 4
98 75
83 20
26 26
99 61
55 78
90 94
97 40
83 66
98 0
18 14
28 4
0 39
7 65
72 99
94 99
66 29
62 8
8 25
33 13
6 6
45 89
22 32
63 99
49 64
18 68
91 38
76 81
63 38
46 94
49 7
63 2
13 96
6 60
34 79
69 18
84 58
24 50
87 85
42 29
52 11
69 61
7 17
98 30
18 94
86 10
62 84
60 24
27 87
