114
29 52
21 22
95 2
8 44
13 35
94 43
80 29
38 88
49 21
61 90
49 79
31 33
65 42
39 65
68 92
15 10
53 74
58 46
58 16
47 32
25 84
38 58
54 60
3 89
14 63
91 17
75 74
43 2
88 56
90 85
24 99
4 1
22 78
7 16
48 47
47 94
4 81
29 13
91 66
60 61
83 33
47 7
97 85
11 39
37 31
13 55
26 71
11 2
63 76
24 93
45 75
26 36
58 98
10 25
38 9
47 88
55 55
41 39
31 22
31 78
65 2
82 98
81 6
3 72
70 24
98 32
69 58
0 15
99 47
99 66
81 1
98 97
96 9
76 93
66 16
82 69
61 36
0 44
15 99
29 47
24 8
83 15
92 81
51 2
22 50
75 38
39 92
4 52
8 72
56 30
16 96
75 65
97 51
21 67
18 85
85 25
13 30
37 99
60 80
55 64
91 2
63 22
35 56
9 7
64 50
57 36
81 12
29 37
39 25
38 77
29 63
25 56
35 47
31 83
