112
65 64
91 43
58 36
96 80
7 86
17 40
24 81
74 47
39 34
68 83
25 24
13 63
87 97
73 24
30 5
21 85
39 82
75 63
79 38
49 32
88 17
56 92
49 64
9 28
15 4
45 48
35 98
1 73
3 95
20 42
37 62
20 65
94 10
93 34
56 22
37 7
87 57
63 50
69 15
23 27
78 95
25 50
69 50
7 43
6 66
48 87
82 8
75 32
65 84
25 95
18 13
41 58
19 56
51 42
67 96
68 0
17 32
2 14
14 49
86 73
3 0
0 30
96 85
47 7
70 39
35 37
99 31
17 99
41 20
62 70
5 48
90 51
86 3
7 80
52 94
61 13
98 95
82 82
89 66
76 1
96 38
79 28
43 73
22 1
7 96
48 23
20 18
64 79
4 59
21 70
0 39
73 65
50 56
49 93
59 29
11 18
83 19
68 47
11 3
31 33
4 34
61 96
27 42
23 60
7 90
33 16
83 47
49 39
76 75
72 51
61 46
15 54
