113
48 48
82 40
20 95
82 98
75 65
29 12
51 96
6 6
69 0
67 32
40 36
91 21
51 17
17 68
80 84
83 6
33 17
41 88
78 70
82 23
49 34
38 10
2 8
49 87
38 28
26 79
60 64
27 45
67 97
88 59
98 72
13 22
36 60
47 70
6 99
96 55
69 52
76 21
5 72
58 3
24 35
61 18
37 0
74 56
59 45
33 88
26 70
35 54
74 9
88 71
76 49
29 31
21 79
72 27
69 73
47 42
94 64
97 7
14 52
99 93
0 65
9 47
68 94
3 95
3 79
22 7
55 82
96 21
40 74
52 0
89 42
94 89
47 14
91 1
7 78
0 3
18 98
15 61
2 20
65 99
59 83
61 69
82 81
61 36
90 28
27 1
93 49
25 41
54 20
92 5
46 63
16 89
44 0
82 91
95 84
14 9
66 7
30 22
97 15
90 56
99 68
75 39
81 14
53 91
36 68
54 38
69 83
29 41
60 13
79 66
51 10
85 28
88 17
