113
47 79
59 97
92 84
73 70
33 98
75 34
87 69
33 67
89 24
70 1
32 39
77 56
38 5
6 47
19 63
59 12
44 47
17 31
3 33
93 29
48 94
47 71
27 38
80 73
87 46
10 78
80 95
33 82
15 9
61 32
19 94
63 52
83 7
0 67
31 8
87 98
67 80
12 16
33 60
49 54
52 16
66 66
81 21
73 99
77 41
64 5
24 84
63 85
7 6
86 60
95 76
22 23
71 38
37 61
89 10
12 38
72 49
41 75
46 30
45 58
99 54
2 53
10 96
60 28
20 52
98 98
72 19
97 11
30 24
0 25
0 73
32 2
91 44
45 16
66 99
11 2
26 99
52 43
41 99
99 61
22 49
97 86
16 83
38 0
27 17
37 46
48 76
91 32
12 65
57 39
1 39
99 20
56 92
62 77
88 83
35 32
7 24
18 37
72 66
39 83
24 2
58 50
22 77
67 24
74 52
95 55
53 34
59 93
9 55
87 76
15 46
47 64
83 54
