106
79 90
29 31
75 67
48 31
27 94
39 68
0 91
64 41
64 88
61 65
52 49
98 80
86 37
96 9
40 85
63 22
31 7
19 15
31 40
35 62
61 93
38 55
52 63
13 48
49 12
76 8
20 64
9 77
74 51
89 69
43 99
6 21
13 41
84 55
0 47
92 5
6 97
43 15
26 83
98 87
5 68
45 90
24 5
29 21
18 30
58 14
91 17
93 1
59 73
16 85
66 45
59 31
14 12
41 46
20 35
30 65
17 93
77 23
35 74
97 48
83 38
97 99
80 99
97 24
74 72
52 1
84 84
44 29
99 63
14 62
59 79
4 13
30 4
77 19
68 8
68 38
31 89
78 81
96 73
94 55
6 42
52 56
41 13
57 93
16 56
69 53
54 79
85 62
34 28
84 88
26 75
10 82
50 16
15 26
79 57
45 70
59 50
87 45
72 38
37 84
70 82
14 67
33 16
23 24
40 20
76 48
