112
70 71
12 86
80 52
43 0
92 83
73 83
72 23
37 65
2 26
39 48
36 89
89 28
13 47
65 6
79 42
89 92
66 86
46 12
22 42
33 52
87 34
68 77
82 82
61 41
58 63
85 10
93 62
1 4
51 88
18 66
21 24
28 77
2 96
69 21
55 54
36 2
42 76
54 22
4 48
12 5
38 98
78 60
12 22
59 90
30 38
94 25
11 94
53 77
17 80
64 23
29 66
79 94
12 29
74 53
38 9
67 66
85 50
4 63
45 34
71 7
0 69
93 2
42 30
99 18
43 62
98 97
65 38
25 15
77 81
94 47
0 40
87 68
99 82
70 2
34 92
81 96
52 13
3 18
14 58
20 17
49 52
51 29
29 4
75 25
5 73
39 19
26 30
43 67
65 50
29 85
28 60
21 73
5 35
83 36
61 8
8 87
56 27
8 66
88 78
36 51
89 61
51 68
51 44
38 82
72 92
82 70
62 79
86 59
69 12
74 35
32 74
88 86
