100
71 60
26 79
54 27
39 60
76 24
22 68
30 35
63 38
55 70
22 31
73 78
78 61
74 16
70 26
33 59
25 4
89 47
66 44
36 20
81 75
38 47
78 31
63 66
20 58
67 55
15 18
31 27
41 87
2 71
98 51
43 17
28 6
8 27
20 76
83 83
35 74
49 60
64 16
19 39
87 18
84 36
54 65
63 30
40 25
34 51
60 51
17 25
69 64
27 74
65 2
8 99
48 3
1 2
5 53
28 93
83 22
62 24
45 39
66 84
86 61
7 69
48 95
70 70
31 67
20 53
53 76
91 70
83 45
48 12
58 56
26 89
10 20
12 78
75 88
44 33
49 75
13 39
33 7
59 80
39 82
44 61
19 61
68 46
31 42
79 16
26 21
81 56
19 82
54 36
11 69
70 41
43 54
62 72
19 23
76 71
58 60
26 45
34 64
67 35
35 32
