114
82 6
8 77
70 80
55 64
37 10
58 18
14 30
51 95
10 6
39 69
14 95
41 49
83 86
47 28
84 14
53 37
64 26
45 2
70 3
40 19
51 18
74 56
27 86
94 40
23 44
2 51
62 48
92 65
98 15
65 99
13 60
74 27
3 72
96 76
30 8
41 97
9 23
45 75
30 25
26 54
80 69
20 73
82 55
86 0
89 28
80 94
92 85
31 39
50 91
70 44
70 10
5 87
79 21
79 77
12 47
70 34
58 23
0 37
98 99
12 3
32 86
95 0
52 58
99 18
95 33
2 5
87 46
25 99
70 99
19 68
71 65
16 7
45 33
16 22
2 58
41 67
56 42
72 5
13 87
56 8
66 63
5 42
1 28
85 91
91 31
27 48
1 12
88 61
50 60
93 75
81 41
46 6
30 15
60 46
39 27
20 30
88 5
20 95
10 63
74 75
98 25
47 44
15 16
80 17
73 30
78 61
63 17
76 84
15 72
88 71
8 20
37 14
89 21
47 24
