110
42 64
89 80
47 49
20 26
53 16
30 63
54 30
4 55
74 36
58 92
2 41
79 92
11 2
70 54
38 92
96 12
38 24
10 28
47 5
82 42
44 69
61 33
46 84
97 41
18 93
8 73
17 42
62 71
4 91
74 7
95 67
23 42
64 5
85 60
39 10
58 63
22 5
16 77
91 7
45 41
4 22
23 92
1 66
90 34
33 58
79 10
68 33
54 8
44 31
47 90
26 87
46 52
12 42
47 22
71 43
57 57
93 97
13 88
80 23
75 91
97 92
77 71
1 15
23 11
61 97
65 19
36 99
0 87
24 27
77 98
2 52
91 77
38 4
78 1
61 87
93 15
84 51
39 78
1 8
2 73
20 45
43 48
34 30
78 65
20 9
60 43
87 82
42 0
77 27
32 74
17 11
6 33
58 34
48 76
33 91
60 12
12 79
83 32
76 16
83 93
40 49
61 16
37 63
67 46
53 36
80 87
9 8
59 23
47 61
50 12
