108
87 48
66 57
6 15
64 84
64 16
40 84
29 4
46 24
86 91
43 49
2 55
12 87
85 8
91 76
6 37
10 67
35 66
72 43
35 34
74 20
75 2
91 71
43 34
46 4
36 98
24 50
74 74
96 36
82 32
6 0
97 58
88 18
52 61
16 48
26 29
81 55
70 94
15 94
5 70
77 70
41 70
23 82
50 47
85 3
76 35
62 61
96 51
32 49
15 38
69 9
20 89
38 79
71 84
5 65
41 25
90 36
30 91
35 41
99 2
91 60
55 95
26 19
94 91
48 10
1 85
19 64
9 1
23 37
12 15
37 64
56 69
67 34
26 9
88 22
2 45
91 98
24 75
55 24
99 83
46 84
61 4
38 0
79 88
98 39
72 51
70 16
23 61
76 67
49 27
10 73
61 74
40 10
10 43
85 85
72 34
19 6
37 89
55 12
92 33
19 59
80 47
45 42
16 79
71 23
79 37
29 79
79 10
78 78
