110
63 8
89 53
7 64
42 90
68 25
30 82
64 91
71 55
48 29
13 5
79 73
55 50
33 36
22 19
38 66
0 11
20 43
50 84
7 73
71 32
86 76
50 36
64 46
43 31
32 7
34 51
95 20
16 85
56 65
8 29
89 5
99 69
42 6
12 43
61 0
76 17
78 39
23 25
58 15
51 77
49 94
34 86
2 6
23 75
5 22
79 53
14 61
43 15
33 29
60 22
37 76
69 46
12 70
14 21
39 42
91 96
98 37
24 99
54 24
78 90
99 84
6 90
0 59
95 99
95 54
6 46
95 5
29 54
70 76
87 28
81 2
52 65
19 39
50 1
41 99
83 69
28 11
18 98
99 51
9 0
30 59
93 26
98 9
56 71
82 14
46 5
70 62
45 60
85 52
54 36
19 81
1 70
29 32
7 8
56 79
21 66
31 89
7 37
4 56
39 22
66 16
93 48
52 34
85 60
16 48
52 16
20 30
78 60
34 16
49 68
