112
18 76
48 80
82 75
13 90
40 12
27 27
35 59
57 95
83 61
69 22
34 44
58 34
15 53
70 55
55 4
59 43
50 19
37 74
72 13
65 32
4 37
48 52
98 37
87 17
4 79
40 97
2 18
81 97
14 9
2 62
70 87
85 47
24 99
28 45
5 1
94 35
64 66
60 97
16 60
87 81
32 58
27 72
8 46
72 29
91 67
46 62
51 86
73 48
41 21
10 74
51 42
45 69
20 84
50 10
56 54
7 57
42 58
99 95
97 1
23 48
67 39
13 68
42 8
69 2
18 15
85 96
36 91
20 31
97 20
86 11
0 15
63 74
92 50
31 3
11 31
34 27
94 64
0 58
55 0
81 41
60 72
33 92
51 24
79 77
73 63
5 84
99 30
18 94
83 19
66 18
6 28
21 17
40 0
42 46
48 33
38 99
18 45
34 85
5 7
58 18
89 40
51 77
74 73
3 72
32 63
24 41
28 88
64 13
24 56
85 72
16 78
50 68
