113
58 45
39 5
66 80
87 72
4 17
63 21
79 76
15 61
43 43
34 66
97 28
82 56
50 61
36 29
29 48
39 91
10 75
30 4
57 36
87 31
60 67
44 29
58 82
34 58
20 74
75 96
11 47
17 94
2 3
24 19
90 93
91 45
50 14
68 62
47 79
18 3
48 57
98 50
29 80
23 49
68 51
48 4
53 31
87 63
32 32
5 14
47 91
66 37
75 85
16 54
22 85
49 22
77 62
42 49
30 37
25 66
74 10
14 29
1 57
58 53
2 91
91 8
61 99
63 1
97 21
93 98
97 84
78 18
3 76
23 99
72 32
52 99
2 20
94 14
84 47
56 0
17 26
70 6
37 40
47 73
26 12
57 17
2 68
87 95
67 84
13 43
64 68
97 36
83 42
29 63
36 89
18 79
69 26
72 12
11 9
41 21
61 88
88 17
27 44
86 37
32 73
51 37
51 55
16 69
9 23
36 56
22 34
30 75
48 35
28 57
12 68
45 25
51 44
