103
3 88
3 3
2 20
20 22
38 3
45 92
5 73
15 52
20 67
35 63
21 3
40 48
8 35
35 78
30 33
45 22
25 93
1 53
45 73
20 83
45 4
3 38
35 33
22 45
30 18
3 94
45 47
40 92
1 68
35 17
13 1
27 60
15 22
3 11
5 53
15 83
28 1
45 32
30 77
42 65
30 93
3 32
10 93
32 55
20 37
2 15
15 68
35 2
1 78
10 53
40 18
25 52
45 82
25 17
43 40
13 5
25 37
35 93
10 67
17 95
43 55
45 13
25 68
40 77
40 33
10 18
3 84
3 44
25 78
17 90
3 60
30 48
18 30
3 23
20 52
27 5
37 70
17 15
35 48
43 60
15 37
37 25
27 85
0 37
10 82
17 10
18 60
17 75
28 10
37 85
25 27
38 10
30 67
10 42
33 40
10 27
4 67
5 81
8 10
9 61
12 77
32 24
15 46
