113
53 45
2 51
77 30
23 33
23 18
10 55
92 13
66 91
15 90
87 40
2 31
83 95
67 44
63 72
22 85
24 8
95 4
19 56
89 88
85 31
69 82
5 56
82 32
41 79
50 17
35 64
71 7
39 99
0 76
56 30
37 27
84 74
9 15
49 65
8 71
10 95
68 97
25 39
94 69
72 1
87 16
56 14
8 40
49 37
60 46
73 13
91 97
15 20
97 31
39 69
64 29
16 85
21 48
20 32
6 81
81 53
10 1
51 89
38 48
73 62
27 0
37 93
99 75
43 7
3 2
21 65
90 54
84 79
98 7
37 84
36 51
55 81
32 21
68 68
0 11
29 5
93 45
26 75
56 59
47 15
55 99
73 99
45 39
96 21
70 85
75 45
67 27
0 45
31 91
61 31
6 65
54 71
81 16
37 78
31 35
17 95
84 89
18 4
92 31
27 57
39 15
10 74
14 41
79 35
46 84
60 23
53 40
27 15
30 32
5 49
70 35
45 75
28 26
