111
92 73
65 32
5 76
0 50
48 70
86 56
88 5
51 10
43 90
20 25
39 18
27 76
75 20
40 58
61 14
87 32
94 69
53 24
97 7
1 87
84 71
18 97
23 62
13 2
99 45
58 85
15 50
61 53
0 18
88 90
2 36
27 9
59 71
9 63
16 30
38 95
34 27
47 56
67 56
78 15
36 46
19 79
83 85
5 15
22 43
51 27
56 96
37 80
89 42
32 11
34 63
2 81
60 2
96 51
51 76
47 97
22 54
25 16
11 36
78 8
10 82
76 98
53 41
75 44
40 73
32 53
76 68
91 99
98 19
44 2
15 96
72 82
3 64
32 99
73 62
73 30
38 37
99 85
92 6
98 31
52 38
22 1
97 65
57 67
22 73
7 31
1 54
79 48
24 93
82 29
53 52
67 17
87 53
43 13
30 25
92 13
30 6
21 39
61 40
33 75
17 87
73 13
60 24
18 9
35 22
26 69
83 67
15 77
30 82
70 22
26 56
