106
28 69
54 58
77 49
16 42
70 36
52 44
4 8
72 73
85 1
67 92
93 44
84 16
2 85
31 48
3 99
17 86
57 97
71 21
60 56
15 34
13 10
63 33
75 97
32 55
69 79
9 92
55 18
46 79
99 99
36 12
5 51
96 82
43 27
32 97
90 69
99 5
43 72
1 1
74 65
69 13
46 46
37 34
58 68
61 92
24 89
90 93
4 16
76 35
77 8
40 54
34 73
53 84
52 39
84 25
62 19
69 87
78 12
52 1
8 65
98 19
0 30
50 54
21 10
82 53
98 29
35 15
16 60
53 15
84 91
17 0
49 98
70 0
30 94
18 75
7 99
45 3
33 29
9 19
45 89
83 49
25 55
90 34
92 6
33 70
28 9
56 33
14 78
69 51
80 76
35 56
49 72
40 33
94 91
15 2
70 31
16 92
68 65
31 83
63 15
80 57
49 25
20 64
73 37
38 48
45 61
74 45
