111
74 36
69 77
96 22
5 60
13 85
93 64
83 91
5 40
21 56
33 75
50 80
44 62
33 29
14 28
68 12
97 48
32 90
82 14
53 34
90 95
88 84
70 55
10 4
59 92
9 99
38 14
48 48
79 66
83 47
6 84
23 71
91 5
80 33
15 50
60 4
35 61
27 11
97 13
2 57
40 77
90 30
55 85
14 98
73 12
91 75
39 22
79 41
13 76
41 87
1 92
61 76
76 89
78 29
27 65
34 83
74 43
56 54
23 14
55 25
45 6
34 37
19 36
8 25
59 39
35 51
53 10
97 39
97 67
64 1
61 58
27 92
12 9
76 60
98 4
1 76
31 2
98 90
55 95
77 74
68 19
19 42
36 23
1 48
96 29
98 58
45 41
54 71
4 74
18 76
82 18
51 20
14 56
14 18
40 61
71 2
67 63
29 32
60 44
18 92
84 94
64 81
0 88
89 66
21 62
90 19
26 28
20 85
91 35
16 68
27 78
31 72
