104
24 67
90 85
85 26
8 97
9 74
22 38
35 8
49 49
63 13
75 35
9 66
89 61
11 47
25 27
72 12
34 69
95 90
90 21
60 51
74 44
20 58
80 16
52 94
30 86
4 8
59 78
48 27
49 11
78 76
31 49
13 8
95 14
63 69
27 94
97 62
1 61
64 25
13 91
48 97
60 40
18 23
99 31
27 11
84 92
35 87
91 76
41 4
55 3
7 52
44 44
80 67
38 20
19 77
2 70
19 32
16 52
37 51
57 20
73 26
0 38
26 51
93 0
66 97
89 41
51 80
79 2
8 23
69 15
44 66
73 59
47 33
99 93
10 7
65 86
92 42
94 7
58 61
78 93
22 99
61 36
64 0
46 72
54 99
86 53
24 17
23 73
4 75
74 62
44 13
29 42
17 92
36 98
25 8
60 59
52 47
83 78
49 19
59 73
42 0
38 40
18 72
55 88
71 70
29 21
