116
47 20
54 84
34 51
3 95
22 98
5 12
22 9
85 76
96 92
81 52
41 67
31 79
71 5
15 22
45 28
80 66
94 72
55 9
37 58
85 36
59 49
5 42
60 31
72 88
11 61
62 63
97 48
84 15
24 41
21 1
73 52
14 31
41 14
90 30
39 44
2 85
47 83
2 56
65 75
95 63
78 2
32 88
18 62
68 32
7 36
27 17
62 90
62 19
64 5
93 77
50 35
27 2
67 47
51 77
90 54
86 82
16 39
19 20
73 70
74 39
58 41
1 71
48 97
43 0
93 3
52 27
16 89
22 76
99 24
76 94
77 18
92 96
43 97
30 32
51 54
99 41
0 28
13 0
23 60
21 44
88 64
8 77
56 63
33 72
78 91
69 20
24 93
8 16
8 93
87 50
30 24
43 38
66 99
45 72
4 67
85 26
28 58
38 48
32 3
78 6
18 46
60 9
48 91
86 93
77 60
39 21
95 81
56 70
79 80
10 46
12 12
8 26
52 63
32 43
70 13
14 35
