111
9 64
50 16
52 44
11 82
86 42
79 56
86 18
12 40
43 73
47 95
28 85
65 26
25 29
94 90
44 45
21 67
52 75
4 35
94 49
93 33
36 86
80 44
19 30
49 83
70 74
68 12
80 95
96 0
65 55
66 92
51 0
9 96
32 14
84 71
98 8
62 91
58 29
28 56
79 23
67 72
80 64
78 37
52 48
41 18
21 45
60 11
20 86
46 9
51 92
47 56
36 27
63 64
8 44
9 74
26 37
60 97
85 27
15 2
10 18
98 66
0 8
77 0
99 93
82 3
17 16
0 31
98 74
81 98
13 0
0 57
99 35
53 34
19 53
36 98
97 14
59 0
30 62
67 46
96 59
3 88
3 51
80 88
45 99
43 29
49 67
0 23
79 4
72 19
91 79
17 94
80 59
19 7
94 96
16 21
23 61
64 14
96 42
65 78
64 36
17 76
41 79
22 26
56 15
76 45
55 54
74 26
50 23
62 25
79 11
84 52
12 34
