110
51 35
88 16
48 94
32 52
80 98
17 43
97 48
5 94
87 74
61 82
30 22
17 84
86 1
69 42
50 11
35 38
56 71
11 37
80 90
0 81
44 40
64 38
12 58
5 2
95 31
47 54
74 22
18 12
3 17
30 90
28 68
83 39
87 59
39 75
77 70
11 69
59 62
61 10
3 45
26 54
32 98
27 36
78 45
62 46
21 81
88 33
8 93
74 11
53 86
94 46
73 97
83 83
42 17
46 36
33 28
22 91
68 72
13 78
41 0
97 91
99 7
70 81
63 1
6 23
94 72
62 98
68 24
46 91
97 15
39 66
11 63
85 57
0 31
53 26
15 28
99 29
97 0
61 55
99 45
28 13
0 72
43 10
80 16
52 57
47 72
91 71
70 6
36 52
9 16
84 8
82 35
13 96
20 35
34 21
55 95
59 28
28 76
97 22
53 77
99 56
54 53
75 40
20 26
23 71
82 73
89 52
38 45
45 50
57 39
91 40
