111
29 13
55 76
56 59
69 36
94 13
77 35
36 93
65 22
31 67
2 69
1 24
37 53
97 69
95 87
48 44
25 15
56 24
21 60
30 7
63 13
39 61
57 38
37 17
77 4
79 78
99 32
18 30
70 97
36 33
79 19
7 52
42 82
7 72
98 17
72 91
86 63
28 45
71 0
30 72
49 97
3 81
93 5
45 21
5 66
49 63
64 82
42 46
20 24
20 3
66 5
74 19
56 49
89 16
69 30
5 7
50 4
70 55
19 90
1 95
2 38
86 39
56 98
91 53
94 92
83 77
35 99
20 82
6 1
2 16
78 97
66 59
99 65
32 32
86 1
97 39
59 73
45 77
35 89
78 42
32 47
25 68
56 91
7 88
43 30
86 92
82 56
54 10
9 15
87 79
26 52
94 21
55 35
24 90
35 10
23 20
79 26
0 80
51 70
50 85
33 74
72 86
62 36
42 50
68 15
32 39
73 9
42 68
31 57
89 26
27 80
72 28
