110
42 44
74 67
47 68
95 35
61 60
51 3
14 15
42 24
2 30
70 88
19 72
81 19
27 46
7 44
46 91
64 77
72 95
38 62
20 63
56 65
47 61
76 80
66 0
60 31
29 96
24 25
3 96
37 78
97 77
93 94
74 36
1 70
9 82
75 44
14 40
91 42
40 0
17 3
91 76
96 26
2 59
32 81
28 51
61 84
88 22
70 64
56 4
61 44
27 77
75 88
31 41
1 42
81 36
34 92
13 60
11 36
82 47
82 29
57 75
1 7
89 5
88 61
31 66
29 11
67 14
93 8
0 0
90 90
40 21
11 19
20 97
97 50
11 49
38 27
51 94
64 22
6 84
2 24
71 9
51 42
31 2
75 96
95 41
68 30
54 24
49 1
5 75
83 75
71 50
26 32
61 91
59 18
40 83
53 59
0 52
39 54
21 83
19 31
90 55
91 80
6 65
17 56
72 69
33 36
63 58
49 83
23 47
66 84
63 67
72 80
