89
12 16
12 97
93 13
13 37
12 6
12 86
4 6
12 12
23 2
73 17
14 46
83 17
3 21
44 6
46 86
33 19
24 57
33 34
13 77
30 3
49 16
12 23
34 14
47 43
5 57
30 92
41 66
2 12
77 37
2 35
46 93
3 99
3 64
28 33
91 21
71 27
11 83
79 12
43 20
33 30
39 2
14 55
22 92
3 93
20 18
14 2
62 94
93 44
66 1
58 78
76 95
43 47
85 1
45 72
23 24
26 65
92 28
57 17
65 86
48 52
91 3
25 77
31 99
30 54
71 3
39 72
63 15
1 49
1 73
16 41
97 2
52 46
0 3
28 1
31 48
11 63
50 21
17 77
53 7
9 37
8 91
89 17
78 26
40 11
30 7
26 12
20 47
9 18
10 3
