108
17 96
50 53
91 76
34 6
2 58
76 86
60 61
34 46
99 12
61 21
91 34
43 28
35 67
13 34
56 38
18 3
88 51
1 42
22 65
25 43
35 16
90 24
40 12
87 85
37 23
25 9
3 72
43 93
97 62
53 82
79 2
63 0
74 49
73 95
20 24
59 88
20 47
79 26
20 91
8 56
35 77
51 73
65 31
13 95
14 74
34 39
5 37
60 52
77 80
85 46
28 69
59 25
29 46
79 91
85 33
45 74
93 99
4 22
73 67
65 4
76 17
10 8
0 82
50 9
44 56
47 96
92 9
98 40
70 46
29 87
98 66
19 19
65 72
93 90
50 36
66 65
92 16
9 38
96 57
78 96
87 70
72 32
25 2
19 67
4 63
56 15
20 81
37 86
26 32
32 60
94 26
23 48
43 7
23 17
88 56
67 81
64 15
65 52
95 18
14 84
39 62
83 77
46 82
30 74
32 11
69 86
32 18
17 35
