117
91 60
54 68
89 79
12 39
62 69
61 34
72 23
28 27
40 51
9 92
52 21
35 2
5 12
8 43
73 42
82 65
47 55
10 9
31 39
51 74
55 9
51 94
83 3
11 74
68 94
26 92
98 34
69 5
99 48
0 30
89 94
3 59
13 24
3 78
21 12
98 65
63 50
74 99
50 36
76 18
31 55
64 80
35 91
49 16
3 87
20 95
3 0
86 12
27 32
81 55
70 19
25 5
80 96
9 51
66 28
30 46
11 29
44 27
37 70
98 2
40 40
80 80
99 25
15 67
89 38
54 95
98 81
44 0
64 54
40 85
65 24
34 16
0 15
4 96
34 68
19 61
90 22
59 6
76 70
64 85
48 99
0 73
16 45
82 44
52 2
50 61
98 40
18 91
99 73
22 60
30 83
68 70
9 0
48 79
86 93
30 23
19 10
68 43
4 26
88 52
33 87
52 30
83 72
14 14
11 78
36 24
53 60
82 12
23 53
50 7
50 83
70 34
14 82
20 26
20 50
24 21
33 31
