114
44 46
57 54
54 84
72 78
78 52
52 26
73 26
41 37
24 33
37 81
54 1
17 56
88 85
10 87
36 22
80 22
57 35
6 64
79 37
38 43
24 26
44 76
90 11
4 10
36 6
63 98
22 79
69 64
35 33
66 13
10 34
39 95
88 63
98 74
97 96
24 93
2 14
50 70
95 0
6 70
29 47
20 15
73 92
76 77
1 84
64 37
23 65
88 47
24 42
48 96
62 82
35 89
88 54
61 46
39 51
14 28
30 27
75 50
15 0
4 50
78 3
0 98
87 99
51 8
29 1
96 40
0 0
38 62
0 24
78 98
0 65
20 58
51 19
90 80
18 80
64 61
68 2
66 21
96 47
21 6
55 50
31 99
20 73
4 28
40 7
65 18
83 99
55 33
55 69
74 64
74 37
40 77
27 19
15 59
15 8
50 63
64 84
44 24
83 61
55 11
34 12
32 81
24 51
81 93
14 77
80 45
51 78
47 54
64 53
15 20
27 34
52 44
62 28
70 44
