111
86 68
25 69
75 49
40 49
30 29
95 91
67 18
36 85
4 17
67 71
15 33
2 76
59 85
17 52
61 53
73 86
62 11
33 49
31 35
47 82
74 56
26 56
96 12
58 32
4 46
85 1
9 3
99 59
97 20
62 1
89 84
75 42
6 74
57 93
6 31
3 54
31 88
79 94
32 20
47 44
18 21
65 25
96 68
70 41
88 15
97 3
15 59
82 49
72 8
75 66
43 94
29 76
10 14
27 42
49 92
73 73
38 2
23 7
89 33
14 98
38 44
68 47
44 63
10 22
44 28
0 99
97 48
79 28
56 71
36 16
22 99
39 64
55 53
98 85
76 6
93 39
30 2
23 74
43 99
74 24
3 7
53 77
93 70
86 93
98 26
52 36
65 92
5 61
17 36
61 18
58 59
55 31
19 59
70 1
81 11
17 9
73 81
40 85
25 35
19 66
52 46
81 63
93 23
65 4
23 49
64 85
68 37
41 35
59 42
45 53
23 64
