107
81 65
22 90
84 97
11 77
67 89
81 32
54 72
35 37
73 11
31 66
34 10
5 53
18 17
48 17
95 62
28 51
4 33
49 51
96 27
87 79
72 73
43 25
10 38
92 16
13 67
70 2
89 37
91 89
77 92
87 69
8 99
71 50
55 99
24 0
61 34
12 20
53 6
27 72
56 68
94 48
53 91
88 10
76 28
40 62
57 40
43 38
66 64
24 58
70 83
55 82
46 67
40 11
39 30
42 45
80 44
19 77
83 73
41 70
84 87
33 99
51 33
25 32
2 18
3 91
68 16
88 0
16 3
15 42
7 68
63 53
0 81
38 3
98 30
93 53
32 87
1 39
99 9
18 94
54 15
72 32
24 37
70 93
45 0
56 50
78 14
13 47
90 54
23 9
13 91
66 68
67 24
37 51
85 39
92 74
19 56
5 76
76 58
11 31
91 26
22 80
27 41
53 23
50 58
25 63
50 43
44 13
89 64
