111
49 13
71 95
18 3
2 55
75 8
37 30
66 80
91 39
5 20
16 56
8 69
43 93
34 61
54 35
81 65
25 90
23 38
82 90
92 32
60 14
15 96
57 47
65 69
76 21
33 39
72 47
98 62
96 76
3 86
97 2
0 41
19 9
23 81
45 62
60 85
80 1
2 14
51 0
28 67
73 30
59 65
84 59
14 75
37 55
9 52
40 37
22 99
76 81
9 89
90 26
30 86
76 15
63 41
94 51
84 47
28 77
97 98
45 79
35 7
54 99
13 32
29 20
51 27
91 78
70 55
76 33
15 24
19 41
38 8
68 2
52 52
44 84
61 99
99 53
22 1
35 22
0 26
50 16
90 89
50 61
78 72
22 62
12 97
66 60
85 10
29 97
7 12
68 33
61 5
26 46
58 73
47 43
36 64
85 85
65 90
84 68
30 13
16 46
71 52
46 8
39 26
22 71
49 38
85 22
43 57
71 13
22 53
29 27
68 82
19 90
42 32
