111
5 43
62 8
27 25
46 79
10 19
22 0
60 84
29 80
27 50
8 87
82 14
73 97
72 30
15 16
49 23
63 27
5 74
56 12
19 7
52 87
58 19
35 13
52 48
98 44
94 60
65 68
29 64
95 25
69 53
39 33
13 56
84 72
98 5
4 6
83 48
44 50
80 2
98 73
83 95
2 34
58 43
80 62
3 89
39 13
26 87
62 98
77 35
43 89
26 70
3 97
5 55
37 2
17 94
85 23
31 86
43 77
92 38
51 9
85 3
29 14
56 24
7 11
99 99
51 65
74 83
24 35
91 87
71 0
31 98
12 60
66 97
66 63
1 41
81 18
29 45
43 59
44 32
95 81
12 78
72 38
76 77
87 45
9 26
65 58
51 73
2 60
90 29
23 4
25 67
21 49
50 51
88 56
80 81
64 79
15 77
48 7
35 54
63 19
3 48
78 9
51 41
41 22
73 58
79 91
57 80
12 2
13 10
14 70
35 75
53 59
47 82
