120
2 52
87 86
11 38
87 70
85 49
40 10
52 46
55 5
13 7
35 30
10 80
37 46
40 95
72 72
77 34
3 30
43 70
16 46
6 8
50 86
27 33
34 42
81 80
58 26
57 99
70 92
30 84
73 14
26 64
11 66
88 16
58 73
98 48
63 3
78 52
97 94
55 41
40 65
71 66
47 17
61 50
38 50
4 57
91 42
78 15
44 90
49 26
5 73
90 96
3 38
53 71
60 36
33 22
40 56
75 2
74 42
82 88
27 0
1 96
18 92
17 23
99 25
28 82
41 4
0 90
23 98
84 0
96 71
66 88
20 49
75 31
25 10
7 4
71 98
91 21
54 55
98 75
24 79
94 57
61 0
70 51
2 79
5 53
8 95
36 1
77 66
26 15
44 85
13 1
96 89
50 40
87 11
32 16
70 47
64 98
19 41
55 15
21 27
56 63
16 74
78 99
47 84
86 56
33 60
86 40
41 36
46 11
30 92
34 78
51 56
84 79
50 98
16 83
2 44
78 11
52 83
16 9
69 89
40 16
50 51
