106
52 33
39 51
25 49
84 93
38 84
2 33
24 93
89 44
26 4
21 26
65 62
44 69
81 9
12 79
10 13
96 65
82 50
50 72
79 17
33 8
3 76
18 46
3 5
27 59
47 79
2 54
58 7
55 47
49 95
72 36
97 10
69 95
16 62
62 17
30 73
93 91
19 31
92 70
34 99
73 65
45 24
85 23
80 84
67 46
96 53
86 31
6 39
44 59
65 11
20 41
88 9
33 77
13 57
64 53
79 46
11 29
66 78
10 98
99 25
41 21
98 84
64 96
49 4
74 0
1 69
79 64
62 80
99 32
16 93
17 10
25 27
41 0
2 14
6 83
97 47
98 96
83 98
76 81
34 42
72 29
48 86
37 28
18 98
18 64
57 49
32 12
56 67
81 3
63 92
39 93
34 69
3 61
94 15
72 60
94 86
68 15
42 48
72 40
48 63
29 87
84 17
84 82
32 58
10 20
77 94
38 72
