111
18 38
34 32
22 1
10 62
34 53
38 82
18 76
8 15
46 1
6 86
38 98
42 16
2 41
38 67
26 19
24 63
14 98
2 2
44 42
0 27
0 69
30 2
30 98
18 46
6 55
22 85
44 66
14 32
44 84
2 83
12 12
42 32
42 11
30 67
44 96
2 49
30 50
0 93
22 22
14 73
16 3
28 36
4 12
14 91
6 29
36 18
30 82
38 2
42 59
4 72
20 60
0 57
32 75
0 9
42 50
42 26
2 34
6 98
20 96
18 17
10 46
24 51
34 38
22 79
8 69
22 7
38 91
18 26
38 55
14 41
38 8
8 3
6 91
24 93
42 77
2 19
32 21
14 67
40 39
22 70
30 92
38 73
26 44
12 84
30 7
6 44
16 57
10 26
26 29
30 58
0 76
47 21
26 14
22 34
34 44
14 1
12 54
30 77
28 61
38 26
30 87
35 86
7 78
7 38
15 82
19 50
31 13
6 62
14 19
18 10
37 63
