109
49 49
6 56
72 12
54 96
59 75
78 28
12 4
26 73
21 87
26 56
49 14
74 61
35 47
81 11
74 26
0 58
10 85
79 84
16 61
17 35
0 31
90 75
97 11
43 71
11 99
35 19
32 98
60 2
90 49
29 2
95 89
61 32
33 33
72 99
60 91
4 41
81 63
51 54
4 10
16 27
73 50
60 66
90 32
60 43
39 13
76 6
79 94
51 88
87 15
21 52
28 82
47 55
67 60
54 72
10 26
70 2
3 52
68 29
14 66
72 87
54 45
82 71
81 21
99 64
53 29
4 82
90 0
76 45
21 16
59 57
96 62
99 25
6 1
31 63
32 4
90 40
1 85
95 80
37 39
63 15
46 9
46 69
6 17
16 98
31 26
44 35
74 76
72 43
3 34
19 10
88 54
86 91
65 86
47 25
61 5
17 50
33 53
93 7
15 93
96 72
31 18
13 21
6 48
91 22
45 61
86 46
22 64
84 81
17 58
