107
90 31
54 86
47 62
20 75
94 42
28 22
43 47
3 13
94 59
12 57
45 4
66 50
44 28
77 78
80 35
62 77
99 74
37 41
60 92
39 67
7 46
87 52
65 23
19 33
79 2
0 74
12 89
74 93
60 1
59 36
27 57
24 4
26 88
9 17
57 19
4 34
71 24
2 95
22 43
85 78
76 39
43 76
1 2
25 71
23 18
99 26
42 19
80 53
9 85
98 65
62 42
73 86
83 71
62 11
14 49
33 56
33 36
36 78
48 33
84 86
41 50
59 86
42 96
87 14
18 45
34 29
27 95
62 65
6 70
62 59
3 39
0 18
43 14
73 20
25 8
0 53
23 32
65 6
36 96
43 82
81 96
48 6
61 69
0 79
17 59
99 56
62 37
3 60
8 31
86 56
26 77
72 10
31 63
72 60
19 18
74 35
50 92
42 44
92 70
40 21
48 78
67 42
22 81
79 28
40 91
26 67
31 24
