112
39 22
43 86
9 98
3 87
3 47
47 72
10 18
80 29
61 8
93 58
88 16
21 76
50 49
64 24
14 30
70 15
8 40
26 47
90 87
16 59
66 82
27 91
36 36
95 3
22 6
64 43
51 30
62 68
88 81
84 66
30 54
42 66
67 1
63 91
98 49
25 95
35 22
96 97
80 94
90 33
1 21
81 6
15 11
76 31
42 15
40 71
38 41
83 56
56 36
63 74
22 46
1 97
93 67
8 47
89 3
81 15
40 50
87 41
55 87
81 78
29 29
39 56
66 37
54 73
1 3
71 20
0 62
47 1
23 37
98 27
13 77
32 3
17 50
51 99
69 51
75 99
55 54
54 7
29 77
30 5
99 80
4 83
25 62
57 22
35 98
77 70
83 46
17 0
10 25
17 74
0 37
54 95
95 82
68 47
3 6
28 19
76 64
40 87
56 60
49 23
84 30
11 66
10 91
26 86
76 85
65 18
9 4
86 52
81 86
61 77
38 31
76 76
