108
79 91
41 71
61 38
83 64
22 16
25 50
39 81
1 75
3 14
11 87
71 54
1 38
88 5
85 29
37 35
15 72
91 23
27 20
42 85
88 70
75 96
2 65
76 74
32 40
36 76
96 47
58 80
56 56
44 20
69 8
52 95
10 50
62 12
24 59
63 66
2 28
48 50
75 26
33 94
58 30
86 44
21 33
90 78
89 13
68 92
83 95
59 62
36 15
10 9
74 57
31 59
19 26
58 45
88 58
40 29
36 68
17 15
47 0
97 98
28 3
46 78
19 97
22 74
95 83
14 1
98 2
28 30
99 67
75 4
16 87
38 0
0 84
42 15
58 10
76 31
0 21
94 28
48 44
16 47
10 56
62 88
88 49
21 69
90 82
70 27
38 91
6 71
77 71
56 24
97 62
42 63
66 2
39 45
32 90
65 40
25 44
88 20
41 21
93 90
44 67
42 43
25 88
73 85
73 64
50 18
47 36
27 71
31 20
