138
50 17
8 37
92 21
80 68
38 79
29 51
98 61
70 85
79 29
27 89
68 59
40 27
52 37
17 19
83 49
29 7
49 61
82 98
0 2
92 79
78 7
30 37
9 91
18 61
97 2
49 91
62 97
2 77
52 77
68 41
52 47
43 9
31 1
98 31
11 18
70 27
28 97
68 1
11 48
29 71
99 52
97 90
0 27
12 77
62 11
77 89
71 67
38 41
22 27
20 47
90 36
61 27
82 17
38 61
89 57
72 47
18 7
8 67
33 19
42 47
78 78
58 67
7 99
51 2
83 0
17 79
0 6
0 50
98 99
98 7
42 98
99 76
67 99
99 22
48 98
5 53
55 84
0 21
0 86
44 75
22 98
98 37
0 68
13 0
76 14
32 57
91 97
99 72
58 60
69 77
0 37
43 0
47 29
61 0
84 84
58 17
82 58
2 99
91 0
21 31
17 0
96 16
58 41
82 37
31 81
16 83
34 41
0 58
22 67
60 82
39 17
59 3
42 91
81 53
52 67
83 8
67 19
95 44
38 70
7 29
58 48
45 33
68 91
93 89
91 71
28 28
33 95
19 41
18 87
11 59
10 6
88 50
52 11
88 31
66 74
62 90
71 11
90 7
