107
3 32
97 70
81 40
36 14
66 26
15 34
1 77
86 19
67 97
18 3
22 55
92 94
70 8
65 41
33 96
41 84
30 33
32 7
13 66
8 82
90 33
48 10
58 53
9 45
74 23
95 82
90 41
83 57
53 33
55 81
83 2
13 20
73 67
1 57
46 70
69 83
22 86
49 1
83 94
98 62
37 81
48 43
40 23
92 75
99 96
80 65
51 62
24 93
74 46
55 26
26 41
65 92
91 26
15 85
26 7
68 56
83 14
55 67
82 46
0 94
27 86
37 58
98 5
2 11
62 7
97 47
18 19
75 82
0 30
30 56
5 48
98 28
47 91
93 3
85 98
60 99
38 21
33 41
58 0
78 7
41 96
60 84
94 66
0 84
13 49
37 63
68 33
77 79
21 99
91 80
41 0
17 27
54 7
67 16
51 72
62 48
18 11
27 48
47 24
78 60
84 7
23 26
61 33
92 50
41 89
26 13
88 74
