110
95 77
37 95
77 34
36 22
75 56
50 7
64 14
18 41
16 70
11 27
60 83
18 13
87 11
98 27
95 95
85 40
68 29
99 76
64 5
32 97
24 21
44 12
98 85
59 51
26 55
38 37
9 54
2 16
53 33
5 79
31 5
99 60
51 53
80 4
84 60
85 21
5 7
65 45
46 98
60 90
32 36
19 93
5 61
57 59
55 26
47 2
27 6
23 51
64 77
68 50
72 8
16 81
41 34
50 49
62 37
11 13
79 48
44 68
3 99
96 0
45 83
81 93
30 73
78 74
37 55
0 0
96 99
4 42
20 27
45 78
0 25
52 25
94 36
96 8
62 65
82 20
89 61
34 69
24 0
66 0
89 46
71 31
7 64
90 97
69 14
69 70
39 97
19 74
14 40
96 23
42 81
96 68
80 60
39 49
54 2
5 23
96 12
92 83
54 22
34 8
75 1
43 36
82 28
41 56
46 92
56 82
21 17
6 32
40 0
70 61
