112
57 13
87 4
51 29
80 18
60 86
45 67
18 30
25 7
15 54
75 74
17 98
3 78
73 92
80 36
59 71
46 35
25 40
44 56
56 7
24 89
89 74
68 66
42 25
89 50
63 51
2 43
93 93
17 73
41 10
5 88
19 21
73 97
64 29
49 92
9 61
25 68
31 85
57 44
36 50
77 22
90 42
59 79
35 6
19 50
49 59
75 68
15 10
71 42
44 20
32 60
63 97
84 83
50 35
69 82
4 25
97 14
57 62
93 28
70 3
99 60
88 0
1 95
85 56
98 88
41 96
42 76
3 40
32 36
97 74
52 22
78 96
0 72
28 2
98 46
95 0
76 44
24 21
44 73
73 17
8 40
17 80
22 46
94 70
69 52
83 60
31 81
43 90
64 6
29 19
86 23
13 64
8 86
15 15
17 36
83 9
30 54
49 50
82 94
72 51
40 36
58 36
66 11
88 60
56 76
85 45
29 26
40 64
19 44
15 49
22 56
75 10
64 77
