103
79 39
53 5
50 40
68 20
51 22
32 94
47 94
95 95
21 4
92 77
22 39
68 5
33 78
64 94
6 3
23 20
38 4
78 96
82 21
51 56
83 5
62 78
81 56
6 38
65 58
37 57
6 56
5 23
20 58
47 77
36 38
78 78
65 40
37 21
17 98
78 72
2 37
63 72
35 0
32 71
98 92
53 25
86 25
99 77
1 8
80 99
49 99
68 26
1 55
64 43
46 70
22 60
1 23
64 99
86 60
20 0
19 44
23 25
78 2
45 43
62 57
97 97
63 0
81 92
1 0
33 35
34 99
92 73
80 35
49 8
9 24
6 62
2 41
50 92
29 19
39 65
77 54
44 22
17 6
77 7
64 34
65 88
28 56
47 38
17 38
35 92
49 2
72 21
56 77
44 57
35 9
84 75
15 24
33 42
41 79
79 43
67 62
58 19
13 57
63 10
37 26
53 60
70 79
