114
23 44
60 79
32 81
76 35
10 94
68 88
91 61
39 52
72 0
87 26
2 69
46 22
94 3
9 22
29 12
8 53
84 10
19 91
10 73
72 81
12 83
96 80
49 62
24 63
95 46
86 95
62 51
62 36
78 52
48 5
50 89
26 28
13 4
59 14
49 42
57 76
12 20
99 35
86 66
85 91
39 2
33 15
39 63
0 87
79 97
46 32
17 64
33 47
52 46
53 19
11 30
3 58
82 22
94 86
33 68
55 68
17 59
8 11
19 37
5 77
52 11
45 47
72 65
17 25
58 98
76 50
24 95
99 60
62 0
67 32
88 8
37 88
99 82
79 78
40 29
99 42
74 9
64 96
27 77
19 44
24 3
97 99
32 26
61 22
78 68
64 60
55 0
99 75
42 80
96 29
78 43
32 0
93 12
15 9
79 5
41 69
65 81
93 53
30 31
80 82
55 49
37 45
93 95
39 17
89 59
94 76
66 51
65 4
30 53
8 62
38 10
86 84
50 58
82 60
