103
28 21
7 14
48 0
7 51
28 76
50 35
28 0
48 56
27 42
7 70
7 35
28 57
49 70
49 21
6 0
27 7
29 28
50 7
6 21
8 56
28 61
49 42
27 35
8 7
6 42
49 49
50 14
27 14
50 63
8 28
48 28
28 72
7 62
28 51
67 70
22 75
57 0
37 78
43 1
2 0
2 70
22 0
58 41
56 73
14 56
32 21
44 42
11 21
56 20
34 58
21 41
57 58
0 44
42 70
0 34
14 28
58 5
12 70
0 16
57 27
22 6
34 29
41 8
0 55
35 43
43 56
57 34
58 50
23 58
1 49
21 72
2 20
34 14
22 37
12 0
37 0
37 72
2 65
43 27
1 6
20 20
44 48
12 41
32 63
36 9
42 36
21 64
57 64
41 61
43 22
41 14
36 35
19 28
34 48
22 15
20 49
55 16
12 65
15 35
1 30
13 16
14 9
12 50
