125
59 4
47 12
81 8
8 10
83 71
30 7
40 40
35 21
8 91
74 40
64 10
23 9
32 33
46 4
75 10
72 17
45 66
93 87
51 29
67 81
88 52
22 61
9 47
61 66
57 44
72 55
22 79
89 68
57 87
14 93
10 40
3 19
23 32
88 39
2 3
93 11
84 92
96 71
39 18
81 54
19 20
90 4
11 0
55 21
52 77
97 48
29 41
68 2
94 80
19 1
38 7
65 76
83 83
39 98
36 83
3 66
57 12
30 19
37 54
16 12
85 31
3 60
96 20
99 99
54 97
38 68
4 27
4 83
28 95
56 51
68 33
18 79
99 1
13 99
80 24
31 68
96 64
68 90
50 82
8 69
43 45
26 46
0 51
91 35
0 92
95 53
18 28
33 90
43 60
5 36
70 65
19 51
78 90
65 24
54 93
28 2
11 64
47 43
31 72
78 18
63 57
64 0
47 1
61 34
5 17
41 86
72 76
57 71
77 60
44 24
83 45
16 84
85 9
18 46
77 32
42 49
15 56
11 31
37 27
90 19
27 26
15 16
68 8
34 45
53 8
