107
88 51
58 34
92 22
9 23
15 6
29 93
2 80
30 73
36 27
43 85
65 60
74 18
79 65
91 3
89 86
36 65
59 29
92 35
23 71
74 53
9 10
86 13
27 52
67 92
56 9
47 54
7 96
13 61
99 75
59 73
39 7
69 3
3 32
60 88
84 88
72 97
96 51
83 34
30 45
20 31
97 65
80 72
69 19
98 4
23 5
3 66
49 68
52 25
67 33
21 81
36 90
98 87
29 22
98 40
87 30
10 3
62 46
87 72
39 75
96 12
21 64
83 46
30 78
45 43
12 93
98 99
8 42
44 99
86 58
45 0
36 22
39 42
30 0
73 33
65 67
74 79
22 95
53 95
83 6
7 86
20 24
49 15
45 68
63 9
14 37
67 53
98 48
16 75
19 57
21 98
54 99
88 20
43 60
32 16
30 38
71 14
17 22
72 47
64 93
47 61
27 59
87 67
76 39
12 28
29 87
69 23
31 66
