111
4 32
69 89
69 10
33 16
7 50
87 63
52 71
10 11
81 30
43 90
31 49
96 93
65 45
60 97
79 82
39 21
29 6
39 75
35 90
96 60
21 54
94 55
19 24
1 74
45 37
72 66
12 83
83 99
95 14
67 28
46 51
94 36
57 76
70 45
63 2
58 61
24 2
22 33
8 69
5 6
35 67
77 7
36 25
10 41
77 68
34 42
7 25
18 15
13 64
87 84
73 95
51 78
63 35
75 17
80 59
38 84
43 29
2 43
63 64
57 85
36 54
86 72
64 10
23 98
49 1
97 0
53 19
9 87
90 18
25 74
90 41
1 0
73 56
0 57
94 76
50 56
29 95
92 98
98 22
45 8
55 21
71 81
3 16
17 81
2 83
52 37
68 49
96 83
86 39
29 35
21 48
88 11
56 17
41 68
19 5
6 30
71 20
86 48
40 7
57 39
60 90
32 20
32 81
87 79
37 39
15 19
49 63
36 76
53 13
58 31
13 26
