110
57 91
52 76
86 55
72 77
64 7
95 7
17 14
17 70
70 68
73 90
91 24
85 37
92 81
55 44
71 23
72 52
86 75
78 6
53 87
91 13
85 29
65 15
65 66
69 58
80 65
51 13
97 60
27 15
15 77
10 13
14 62
60 32
97 86
92 40
65 96
57 2
95 0
95 54
57 37
14 6
56 71
14 22
67 47
97 17
70 85
83 11
77 26
83 61
95 74
62 22
94 31
34 30
27 43
80 73
27 0
0 2
86 96
63 88
48 58
0 26
87 0
12 84
38 47
37 0
27 69
14 28
28 29
10 57
19 56
79 97
21 84
97 45
50 95
21 0
0 11
53 33
34 22
57 47
5 28
76 42
35 8
37 40
4 0
19 29
72 99
83 41
57 8
8 69
23 63
1 14
55 77
97 26
52 23
25 77
58 96
0 20
91 58
86 80
58 59
67 26
10 1
94 22
24 8
20 23
82 89
79 50
83 21
84 64
66 77
69 91
