102
78 49
61 59
31 55
47 19
90 68
80 92
29 79
23 52
33 49
75 75
12 32
50 84
34 35
3 53
46 63
85 32
15 4
77 14
91 77
24 73
54 18
29 89
47 77
54 47
90 93
36 63
97 44
59 33
13 87
30 14
91 7
44 4
64 94
7 39
76 59
75 33
69 72
93 60
44 33
43 94
82 46
2 43
96 74
96 36
65 20
57 89
26 38
43 47
86 5
14 80
63 42
56 62
75 68
33 80
53 29
22 89
27 59
51 94
0 7
11 65
29 45
80 68
47 56
31 70
29 0
98 90
5 24
31 21
14 0
78 0
43 1
99 28
24 98
82 90
97 95
68 17
99 53
8 57
24 15
91 16
20 33
69 79
77 45
37 95
97 50
55 74
79 26
23 1
39 7
12 37
36 21
41 80
58 81
67 25
45 26
26 75
32 41
46 70
43 90
82 73
33 86
65 71
