119
47 75
55 10
84 5
29 71
8 79
9 24
36 45
66 93
89 81
90 59
53 52
68 43
92 44
32 67
0 15
42 36
73 1
61 6
27 7
11 93
21 55
91 18
44 19
69 65
25 28
48 96
59 24
9 63
2 48
70 79
78 27
81 97
14 13
82 57
64 97
43 89
19 49
97 36
75 56
40 29
72 32
28 78
46 9
97 46
19 33
7 86
61 90
48 38
18 60
75 62
33 71
62 33
34 39
16 74
54 85
83 50
16 87
13 22
98 2
98 99
12 53
66 85
94 21
96 74
58 66
29 0
4 65
3 2
4 39
26 92
74 15
1 99
42 51
83 1
99 18
31 93
96 90
54 67
2 33
33 16
57 26
94 65
82 34
75 82
48 14
52 71
68 39
37 59
96 82
27 23
87 2
16 97
6 19
99 26
7 71
74 96
22 40
77 71
54 38
37 85
34 8
85 20
66 19
33 53
80 6
21 83
81 43
11 36
83 68
43 76
52 60
21 14
58 94
33 36
26 56
84 27
48 33
18 69
38 68
