196
77 53
90 71
74 21
21 87
65 98
8 8
40 64
56 43
41 15
91 44
57 14
91 88
16 71
97 5
56 71
39 91
19 54
70 74
54 89
42 34
93 21
7 98
5 27
15 40
71 7
25 7
32 77
5 62
97 57
63 57
81 98
23 22
72 36
42 50
6 84
59 28
30 42
78 82
42 97
6 22
91 26
7 45
27 58
99 96
40 19
99 72
80 7
21 27
84 68
53 7
70 39
95 42
11 98
56 87
58 57
23 89
79 96
42 67
30 75
22 5
70 70
56 23
82 58
96 86
70 22
91 7
35 35
87 28
6 13
8 76
35 98
38 49
37 16
77 38
5 50
17 35
99 19
56 38
26 61
71 84
55 75
51 5
85 75
94 49
65 6
96 91
58 61
6 93
7 68
36 83
59 98
11 14
40 30
26 21
86 5
98 66
72 55
21 97
46 49
14 51
21 38
33 6
91 35
75 40
61 43
49 74
76 16
69 99
21 64
99 76
97 50
11 77
99 14
37 93
7 36
51 99
82 93
64 75
16 8
43 5
27 82
96 35
84 63
61 20
6 54
36 63
85 22
26 98
50 30
51 83
37 20
42 59
27 36
64 91
79 62
41 44
82 82
63 72
98 28
22 68
93 98
56 47
27 51
13 84
72 14
62 61
41 79
64 26
22 15
82 48
93 57
13 55
68 92
51 33
12 26
77 48
36 29
26 68
48 92
70 31
47 12
62 51
76 78
93 83
22 41
86 12
26 93
49 69
12 92
12 64
61 13
43 83
93 13
48 55
70 60
13 20
82 37
49 40
35 55
90 63
84 41
25 14
22 51
34 40
77 94
48 21
62 34
50 63
65 85
30 29
72 50
37 72
90 78
23 75
78 68
77 31
