110
11 12
78 31
9 36
90 63
42 82
49 63
13 56
75 47
90 96
26 19
34 43
2 82
93 30
1 22
22 55
12 1
84 69
83 31
15 65
4 31
22 10
85 40
54 39
30 95
83 14
67 74
55 94
60 25
77 88
46 14
62 54
99 76
50 0
9 78
0 92
37 55
75 62
90 48
6 53
80 83
48 36
35 97
23 29
46 66
60 13
2 58
73 8
8 2
60 44
3 75
49 90
92 82
65 84
80 99
32 35
90 18
26 87
56 65
9 88
70 41
82 76
9 62
87 0
36 1
28 73
64 28
41 20
66 98
15 97
76 0
60 1
21 44
92 55
30 4
77 54
44 80
75 17
0 3
29 59
0 50
93 89
58 76
3 18
73 99
59 21
18 34
15 91
55 49
43 85
22 0
33 32
25 65
52 6
1 68
69 58
16 83
5 41
39 62
75 43
80 24
54 28
31 12
78 61
77 76
51 83
85 90
50 25
57 38
71 49
81 58
