196
69 90
56 48
43 58
62 35
42 42
55 72
92 57
89 23
40 99
84 96
72 50
21 58
33 79
59 14
55 92
71 72
31 21
42 7
21 35
16 91
85 41
7 21
98 88
72 22
14 8
7 53
8 75
92 6
90 75
48 29
99 33
71 5
28 5
5 37
57 6
59 63
41 78
97 61
29 65
36 93
7 90
29 48
5 5
86 71
70 75
77 58
99 9
68 99
50 89
99 98
9 69
75 29
13 23
44 15
76 6
84 89
22 91
88 42
86 19
44 61
33 26
22 51
23 76
5 99
36 44
70 43
20 97
54 86
7 40
54 33
96 54
97 83
21 11
99 27
63 19
37 98
57 54
7 61
34 5
72 57
85 75
19 29
71 82
6 83
27 75
85 5
99 43
48 33
22 43
36 62
35 21
83 37
56 76
65 98
20 6
58 19
6 47
99 78
88 98
62 5
22 61
69 36
98 12
5 26
36 84
47 72
78 22
42 47
46 7
6 12
75 51
12 75
93 27
62 61
91 60
54 97
98 47
77 88
21 87
15 27
30 99
40 21
28 45
56 44
26 72
51 75
13 99
29 30
99 72
76 72
51 99
92 13
77 11
91 90
87 56
43 36
12 61
46 56
63 39
62 57
78 37
11 42
65 76
62 12
28 12
75 86
40 84
72 26
16 57
33 48
12 85
86 61
13 13
55 28
98 23
51 48
48 13
79 99
33 70
16 37
26 93
40 89
12 70
83 13
94 84
77 66
61 93
79 44
46 63
93 47
61 71
27 35
49 18
21 18
84 27
27 57
60 49
37 35
42 71
86 51
70 16
92 72
61 85
50 44
11 49
75 76
38 14
83 83
50 85
93 33
21 69
29 85
42 26
62 29
37 54
72 61
