115
93 93
45 26
28 64
53 7
27 95
89 10
15 52
51 90
31 13
48 49
31 53
97 13
17 92
25 24
58 91
38 18
35 46
93 68
77 44
6 65
47 69
79 91
97 38
1 80
77 74
3 44
22 78
70 22
71 57
59 77
72 6
38 81
97 65
17 46
22 10
54 21
63 32
13 98
74 93
57 3
23 32
83 16
52 97
36 60
34 77
95 59
32 4
51 0
71 42
13 19
49 28
44 59
42 90
88 57
58 84
44 20
66 94
22 14
0 8
26 87
12 0
3 94
4 26
98 31
74 59
74 0
99 79
18 75
0 49
91 99
37 39
62 46
25 53
54 70
77 25
39 0
13 61
97 5
91 29
1 88
84 76
96 44
38 96
3 12
99 22
84 48
83 11
61 39
90 91
68 79
63 54
23 0
8 79
3 48
30 99
32 68
46 35
60 23
91 51
48 6
21 40
42 44
12 75
34 22
26 70
10 91
81 88
82 8
34 95
63 27
48 14
19 61
66 90
16 83
38 11
