105
60 7
67 69
77 48
72 75
42 42
28 45
33 60
8 4
97 96
25 0
47 62
56 22
60 92
21 31
10 54
48 81
34 90
81 64
96 27
65 57
40 78
58 80
36 18
26 76
17 99
11 72
81 93
65 37
79 27
92 46
73 1
3 6
77 79
14 89
52 31
65 22
57 96
52 1
31 96
78 43
27 7
10 30
98 33
4 76
34 40
87 19
8 15
67 8
56 43
31 26
49 92
91 35
73 52
24 83
81 68
72 19
50 76
17 8
64 12
99 9
98 81
96 67
61 69
3 49
2 95
95 60
3 32
56 13
48 55
49 26
18 69
23 24
47 98
65 16
93 13
31 3
99 87
84 86
79 18
97 42
38 59
51 47
26 42
7 86
82 34
29 91
70 89
28 69
9 39
87 78
44 72
90 53
62 51
71 35
31 75
70 80
86 59
56 88
72 46
71 63
66 76
87 32
76 72
54 83
59 25
