115
51 70
26 69
50 41
33 87
46 62
66 66
54 14
45 1
71 50
10 56
78 29
61 82
9 71
90 57
25 60
82 38
16 46
75 8
33 25
6 93
85 87
14 25
89 14
11 1
20 95
76 99
99 39
60 1
92 71
32 47
65 35
36 1
63 91
1 56
32 31
89 4
91 95
28 83
19 40
5 79
55 56
77 24
63 16
38 15
56 35
29 28
30 69
91 42
29 98
37 83
54 89
66 74
13 92
50 7
51 61
15 76
70 9
41 76
56 27
2 40
98 25
26 32
22 10
3 16
82 82
0 30
0 2
33 77
0 98
46 45
96 11
96 67
92 25
28 5
80 52
41 20
62 50
8 16
32 55
99 45
81 73
1 71
15 31
47 84
20 46
66 81
23 97
2 50
77 43
77 90
18 60
44 39
84 8
47 22
7 3
38 52
74 28
85 67
1 64
45 66
19 82
16 10
62 26
83 23
24 43
6 48
47 16
85 37
34 45
24 75
46 56
73 39
87 27
36 66
45 26
