117
25 3
28 95
83 0
73 36
23 63
60 84
70 20
26 79
4 69
43 38
31 18
49 12
47 58
27 44
83 63
93 21
66 42
42 66
24 59
79 23
95 48
57 30
89 79
67 68
6 99
51 95
10 2
10 55
72 93
2 28
17 20
3 83
97 77
44 3
84 85
58 9
77 50
19 92
98 55
43 73
24 36
18 78
74 74
52 49
33 53
35 86
63 14
51 77
71 54
85 17
15 47
8 61
7 75
80 78
51 17
94 98
61 20
75 65
88 73
99 34
96 7
16 53
76 11
12 17
37 21
2 3
28 1
10 40
86 99
61 67
40 35
97 40
54 52
79 33
32 99
0 93
99 25
55 33
56 81
85 49
69 89
1 57
54 2
10 22
31 81
27 9
99 50
15 88
38 24
43 92
90 63
8 16
94 28
83 92
63 51
74 29
41 8
44 44
29 67
61 36
57 64
96 69
24 42
16 29
18 6
10 90
36 79
35 27
29 50
82 59
74 83
70 45
45 80
66 60
60 31
26 87
80 70
