100
3 2
15 29
62 33
51 97
63 72
33 23
41 73
20 56
14 91
79 74
96 49
48 88
73 89
34 96
34 41
80 51
68 11
52 61
50 19
36 17
72 39
43 35
17 17
62 80
14 35
83 61
29 33
74 82
37 58
85 97
85 28
30 82
89 62
94 93
48 43
9 57
28 96
63 25
79 43
63 12
61 63
18 86
31 47
48 83
46 50
91 48
65 32
80 69
66 86
80 88
43 91
19 48
85 45
82 9
39 87
7 72
99 24
29 9
95 82
85 13
99 68
2 6
66 52
5 50
99 34
63 99
45 8
6 87
22 73
49 23
35 67
65 48
11 43
19 94
32 26
98 61
46 33
80 96
69 25
86 17
17 62
16 25
46 57
75 67
56 70
79 31
28 40
87 76
56 19
32 55
43 13
57 84
63 41
79 58
77 16
62 38
55 22
37 52
21 32
91 52
