113
84 73
23 50
63 20
19 30
44 94
89 89
16 96
12 70
28 76
85 7
41 11
95 60
96 29
38 33
9 51
46 54
63 4
68 76
4 57
51 38
51 22
37 68
15 79
15 57
73 95
80 37
50 79
4 30
6 8
69 57
22 16
78 23
30 97
93 46
64 28
78 0
93 5
5 90
61 69
22 44
64 44
84 57
64 97
25 7
69 0
91 13
40 93
72 16
28 29
9 74
22 83
49 46
29 62
41 18
84 62
13 35
10 88
13 65
93 96
4 5
24 0
59 97
99 60
39 4
65 83
50 60
14 20
94 84
71 79
42 72
87 42
23 99
0 78
55 16
99 5
2 51
63 54
98 66
98 33
47 95
4 94
52 30
74 63
79 79
75 30
45 80
4 48
0 62
59 10
44 7
60 89
89 48
11 12
23 54
27 24
83 16
25 91
53 61
23 75
11 27
85 1
69 68
18 51
38 65
68 10
24 21
90 66
54 92
34 11
53 10
76 13
79 7
13 45
