109
2 72
29 89
43 9
0 94
61 77
97 2
92 48
56 39
57 96
83 14
87 65
17 62
97 25
23 45
79 93
22 8
5 22
15 94
82 24
61 50
32 9
92 17
47 26
34 36
66 21
59 3
96 88
0 1
47 86
78 49
28 23
14 6
28 84
80 34
97 70
85 97
1 66
20 40
49 52
62 63
92 84
51 72
52 24
4 97
72 70
13 48
31 30
65 89
55 6
50 40
51 88
27 98
36 50
90 32
73 24
84 59
58 69
81 89
56 17
36 22
39 83
0 41
1 27
33 58
15 65
64 36
14 21
99 99
4 36
48 59
99 34
67 5
31 75
8 4
86 3
66 99
17 72
1 98
72 51
98 11
39 8
72 9
92 66
74 87
70 61
45 1
14 58
20 44
99 80
16 99
6 18
48 71
55 25
44 57
14 74
29 51
33 92
30 20
66 75
55 90
91 57
96 20
58 41
46 10
77 63
24 89
62 9
15 55
41 18
