105
62 31
97 77
93 92
46 77
52 31
78 46
74 95
7 49
48 53
69 13
98 17
32 76
8 86
24 52
49 10
25 10
97 1
70 70
14 86
89 17
92 3
85 75
21 42
80 11
43 66
95 25
66 25
95 10
58 97
12 4
81 30
30 27
1 66
23 59
97 98
49 82
23 87
27 3
73 55
86 45
64 1
41 10
95 32
65 80
35 25
58 65
92 69
18 98
75 64
53 43
8 57
96 84
75 36
7 76
59 70
28 17
34 67
87 98
85 54
80 68
7 21
0 36
38 42
1 99
45 91
17 72
30 90
55 15
20 37
62 46
80 54
38 50
5 42
18 67
46 3
9 11
79 83
92 40
0 84
64 8
51 22
67 32
60 63
17 27
28 81
3 56
33 23
44 37
99 27
44 84
21 51
85 26
52 46
39 58
32 9
55 67
93 85
88 7
60 6
18 11
32 45
27 59
22 81
59 38
52 64
