105
49 94
57 27
10 94
15 79
63 82
34 89
56 43
47 1
40 47
66 55
58 11
2 65
52 60
95 4
89 25
78 42
38 78
45 26
26 98
16 69
61 48
46 90
39 58
53 20
27 85
15 42
0 27
81 61
84 81
74 22
71 97
28 20
21 55
3 9
76 8
30 3
95 71
98 36
10 10
87 86
62 1
36 39
41 73
0 0
33 6
1 90
96 22
3 53
90 43
36 20
60 87
27 37
41 41
24 61
64 26
0 18
16 93
65 11
84 71
49 46
32 79
86 34
68 37
96 55
81 99
3 34
81 2
0 76
17 11
22 28
9 47
85 57
81 8
25 52
69 82
72 38
61 6
33 64
40 4
36 24
13 24
20 38
17 77
97 62
7 91
50 23
56 80
73 93
11 49
25 94
55 0
83 64
14 19
39 64
32 18
58 41
7 32
41 88
43 33
24 11
69 7
32 51
49 9
46 15
57 18
