110
17 32
89 64
51 55
60 27
38 76
95 14
75 9
42 53
47 33
38 0
21 53
39 90
2 28
14 71
96 32
80 96
70 33
50 68
88 38
31 78
24 36
13 24
1 14
61 91
18 6
58 12
74 73
93 79
98 96
65 54
35 14
87 79
10 97
34 97
96 57
4 75
55 91
13 56
24 86
72 15
37 28
31 43
88 98
96 41
34 69
94 20
7 39
66 80
78 88
63 18
11 15
45 77
31 58
16 48
6 65
59 60
27 96
67 89
2 0
87 1
39 62
81 52
5 89
53 3
40 14
51 39
74 35
96 62
2 97
26 11
77 51
97 2
46 39
41 95
56 1
60 75
22 89
78 66
2 92
34 25
76 24
97 27
7 56
56 19
30 64
21 75
95 46
52 77
84 93
31 50
84 7
55 53
27 7
83 68
49 25
68 11
10 80
80 38
30 25
90 28
45 42
38 7
22 61
38 81
68 29
32 34
20 21
87 62
47 60
30 73
