107
10 10
3 3
16 13
41 62
85 85
59 59
2 17
93 7
28 38
78 88
77 68
22 70
42 4
15 88
46 31
31 84
92 18
93 78
31 98
34 56
16 19
89 70
53 15
79 35
17 53
57 42
94 44
67 10
52 87
81 54
7 74
14 35
76 10
70 92
32 11
41 25
12 98
67 57
87 20
2 24
62 3
96 55
73 37
44 74
27 70
39 40
23 38
22 23
21 85
95 88
3 86
52 34
97 64
64 48
20 62
76 76
77 60
85 14
5 8
45 42
0 52
66 24
23 0
39 98
66 96
99 2
4 59
84 99
0 31
3 45
63 25
51 97
56 60
37 19
50 77
63 0
49 11
24 99
70 76
98 69
92 87
22 55
85 45
21 2
11 40
26 24
8 64
7 89
60 28
81 62
1 9
74 95
35 46
75 29
72 51
71 81
21 73
61 19
7 56
17 90
21 40
84 74
13 76
80 93
15 5
37 34
18 44
