109
96 41
54 55
69 6
5 64
8 27
83 20
36 39
38 93
58 19
5 7
74 65
13 93
27 76
95 78
63 84
24 9
84 56
61 59
2 11
88 84
48 27
97 1
45 7
3 48
42 74
68 42
35 53
83 3
18 44
1 85
70 28
37 97
59 4
22 71
90 25
50 37
61 76
5 70
39 13
78 90
24 90
32 36
18 23
41 66
15 4
88 6
12 44
92 48
90 74
74 4
52 51
77 19
60 68
4 21
6 43
37 46
80 66
95 10
30 97
79 29
69 14
32 43
96 97
97 63
21 56
78 43
5 99
30 2
95 29
2 81
7 67
79 85
20 59
42 23
35 79
55 36
49 78
35 0
69 54
1 32
92 39
93 59
1 53
64 75
82 71
28 57
62 28
21 95
8 85
21 1
39 8
21 63
46 21
6 31
61 11
69 32
3 88
46 38
17 34
68 60
36 87
70 79
51 69
88 10
18 54
9 59
32 67
65 22
76 11
