115
63 22
26 67
8 33
47 56
93 9
3 47
19 76
66 65
45 35
69 82
88 66
84 52
2 91
23 61
86 9
90 45
71 19
57 67
46 49
33 75
16 85
34 99
26 39
87 26
90 97
17 15
70 5
54 7
39 14
65 41
20 45
24 29
34 3
38 81
69 57
59 81
58 28
20 4
96 2
49 63
32 41
27 91
32 24
78 36
72 71
56 44
89 12
33 64
65 25
17 31
47 4
29 48
79 23
79 42
3 9
97 82
61 70
9 65
57 98
34 32
71 96
83 84
98 77
0 83
97 46
5 1
95 62
1 69
6 50
99 96
15 97
42 89
10 17
70 91
95 40
64 5
78 2
99 18
77 56
27 5
14 50
50 13
10 70
51 88
61 48
47 68
40 29
21 83
98 54
25 59
42 53
32 15
92 73
57 22
7 87
75 82
53 36
92 3
49 71
10 23
90 23
10 55
4 76
44 74
68 12
73 28
67 87
31 66
35 48
70 49
12 41
20 53
75 14
22 71
17 44
