115
21 14
85 4
58 92
49 32
3 49
52 14
9 30
84 61
92 95
3 91
71 20
64 74
26 94
33 67
78 83
16 35
53 91
13 11
67 94
57 16
51 82
23 52
78 44
98 64
66 34
10 75
31 28
37 48
94 30
67 4
93 73
48 29
7 51
33 14
62 67
88 3
38 90
6 5
44 64
87 43
30 77
33 93
73 96
73 76
60 37
9 85
2 37
16 17
24 33
93 85
14 1
96 3
93 56
70 80
55 8
47 96
43 20
85 50
56 83
55 51
1 64
71 49
34 3
90 18
0 22
20 57
88 99
11 99
74 22
48 0
52 52
48 68
0 86
44 34
28 75
96 41
82 0
27 99
96 79
33 51
59 69
47 48
19 96
99 51
1 46
19 19
16 39
29 68
20 2
2 31
66 18
86 89
79 8
0 76
89 65
42 93
61 99
63 61
58 30
50 77
21 66
29 18
76 90
37 59
45 38
7 46
27 91
12 14
15 49
88 54
57 23
58 61
62 86
60 80
13 25
