101
12 80
73 55
96 31
31 85
85 63
64 86
15 13
83 9
32 48
19 92
53 27
59 4
79 33
33 69
17 35
29 11
56 49
3 31
50 82
96 44
96 59
48 16
40 95
33 35
22 38
3 46
56 68
80 90
15 66
99 85
68 15
86 3
70 37
82 17
41 62
22 96
70 76
46 97
38 6
38 26
14 3
77 50
63 54
21 66
8 23
41 55
66 6
9 89
52 7
96 5
83 37
78 56
41 75
76 84
45 22
89 15
31 56
1 71
68 23
88 71
51 35
13 51
98 26
70 70
87 93
6 98
55 54
6 25
26 22
86 77
57 82
1 51
97 47
37 41
11 9
27 80
56 39
44 79
19 52
16 71
90 77
25 15
0 23
85 20
53 67
65 18
3 41
76 39
99 34
89 59
31 20
19 2
52 45
70 52
17 89
25 70
48 61
93 30
74 41
39 65
78 64
