113
51 19
75 26
83 39
17 17
56 3
98 84
4 39
6 5
33 91
68 42
48 87
25 36
56 63
43 35
79 72
69 9
61 28
54 15
2 83
23 72
74 55
37 14
91 13
98 99
96 70
79 91
91 51
35 64
25 86
63 66
96 2
59 90
1 8
16 67
97 21
5 46
76 2
88 56
36 97
40 74
84 87
16 22
19 92
56 50
77 40
83 20
40 13
77 65
69 4
95 58
92 82
12 7
96 10
12 41
57 39
30 20
79 54
30 84
27 3
3 98
40 25
26 51
2 60
98 30
2 31
82 49
50 1
57 99
73 97
42 53
29 34
11 98
52 85
69 28
18 58
53 65
49 37
15 76
82 69
21 0
0 53
96 44
54 23
10 21
4 88
93 29
7 69
39 63
20 38
39 44
31 99
65 52
77 16
51 4
72 69
66 13
6 54
21 67
4 93
81 84
24 22
7 32
47 29
35 75
10 9
70 31
41 83
26 77
69 15
87 75
63 21
61 9
19 10
