93
18 69
5 23
52 58
19 59
60 94
31 91
89 91
27 28
34 77
35 55
67 90
57 66
7 14
11 56
2 33
15 16
3 82
12 96
37 47
52 76
27 97
35 62
36 41
4 48
75 97
35 96
9 69
17 30
33 82
57 87
25 51
24 38
26 65
71 75
16 49
45 96
14 91
81 88
13 72
75 89
62 73
42 80
4 89
3 44
20 24
5 75
44 60
20 89
38 73
10 34
62 80
23 72
13 20
92 99
11 63
2 8
32 70
52 52
65 99
41 99
5 96
65 64
31 34
0 17
3 37
17 39
48 81
2 63
19 99
85 99
55 60
19 80
51 83
20 52
71 95
46 52
49 66
21 94
43 92
8 77
57 80
28 40
26 56
14 35
22 79
8 84
52 71
29 87
34 65
28 70
14 43
57 76
36 87
