111
67 51
40 6
13 21
57 84
28 96
54 57
91 97
7 54
61 9
44 91
84 62
24 30
16 74
34 59
81 85
31 82
71 96
19 46
9 77
91 53
51 95
17 26
69 79
49 89
20 8
92 16
78 39
83 3
37 44
54 29
95 73
68 27
94 34
87 2
96 83
10 88
75 17
98 58
66 69
30 17
23 68
7 14
52 15
95 20
18 64
41 59
12 43
86 70
55 71
54 5
63 84
35 94
84 87
83 24
86 54
24 76
42 98
91 68
60 93
40 27
55 43
0 27
34 0
3 59
43 74
99 0
9 96
99 41
0 78
35 41
1 13
88 80
1 41
22 10
73 64
69 34
53 50
67 12
38 73
73 48
44 10
3 75
92 39
60 99
10 59
27 15
77 92
57 36
26 90
59 65
26 53
9 28
31 31
97 55
70 13
71 56
95 5
39 66
85 18
48 34
60 70
72 78
87 95
76 31
11 51
83 46
64 23
40 83
77 59
92 57
64 59
