99
4 3
11 7
64 69
83 88
29 23
38 37
13 16
19 7
14 78
79 4
6 93
43 10
48 47
36 85
16 53
50 61
8 40
20 96
23 40
50 23
12 69
73 92
67 1
29 84
55 68
18 25
4 18
12 49
25 20
15 4
91 46
96 98
28 63
73 18
88 69
66 48
59 9
69 67
56 38
88 86
29 6
34 46
36 91
11 99
42 32
73 77
13 83
10 64
61 54
26 47
93 93
25 26
26 95
37 15
83 78
18 33
51 93
95 28
85 49
65 92
42 77
29 69
87 24
99 54
76 13
35 99
96 36
97 79
58 22
2 99
51 5
21 17
4 30
0 84
40 59
63 7
70 54
0 10
71 69
44 18
53 37
29 35
24 61
99 93
54 56
22 1
26 77
44 91
10 58
35 30
55 42
74 85
19 47
20 91
7 16
51 16
43 40
19 73
61 58
