109
16 31
65 23
45 35
47 81
68 6
47 59
12 64
45 8
31 36
72 82
26 69
75 37
97 30
34 52
3 25
13 46
51 53
58 37
5 60
16 17
25 54
68 49
3 32
35 30
82 58
48 99
80 15
89 80
33 86
11 78
75 96
98 60
5 94
94 10
31 9
51 73
56 92
89 34
53 8
35 70
76 61
72 75
85 5
21 32
70 25
96 71
86 91
7 74
54 24
23 7
83 38
78 91
75 52
8 40
35 47
15 72
66 18
59 82
14 27
4 9
22 46
0 89
30 94
18 2
71 4
96 44
58 68
1 55
39 22
53 2
38 2
27 86
50 38
94 87
41 83
59 51
88 19
0 40
29 71
7 11
30 21
92 50
0 78
81 97
19 84
87 70
61 3
71 43
39 56
17 52
8 90
85 11
36 36
50 69
40 95
52 29
74 20
90 48
25 18
64 42
44 42
26 63
54 77
78 29
7 20
15 77
59 16
83 51
27 28
