110
72 30
90 51
38 14
0 6
30 1
30 85
0 94
92 6
70 53
2 66
61 6
28 50
52 54
40 38
10 30
41 74
50 23
62 86
90 93
1 46
61 70
48 94
92 78
9 82
60 38
91 26
30 26
29 66
12 14
70 1
90 63
69 82
10 63
69 22
0 31
10 47
30 93
91 34
48 2
49 78
72 46
49 62
70 70
69 94
30 18
0 83
32 58
89 86
91 18
10 6
59 22
30 33
90 41
11 94
48 38
11 22
42 94
90 71
42 58
68 38
39 2
61 14
68 62
10 53
10 71
30 77
32 42
0 13
0 37
60 93
58 50
0 22
40 22
52 46
58 78
28 10
1 58
70 11
1 74
52 30
39 66
58 62
40 81
10 38
50 11
38 50
89 1
13 0
52 86
88 56
50 71
41 30
60 29
88 11
13 88
63 0
72 15
72 76
0 2
1 51
70 91
27 72
43 8
38 89
1 90
10 79
62 56
53 16
42 44
58 44
