112
22 72
73 70
26 96
60 88
85 42
21 2
1 34
63 35
3 64
85 91
4 50
38 72
40 26
45 88
18 12
74 78
11 28
80 51
61 45
53 80
2 28
21 83
69 81
76 26
49 11
80 3
4 89
36 5
66 1
91 64
47 56
19 43
33 40
96 78
33 21
19 62
63 7
1 94
56 71
85 22
49 99
62 24
17 24
14 78
23 92
85 15
44 7
14 6
31 72
87 69
72 62
57 94
81 29
33 95
70 15
25 16
27 26
83 77
97 33
0 3
99 11
28 9
47 39
88 1
78 97
36 56
18 46
94 88
55 52
91 47
3 12
50 0
45 30
19 98
71 47
80 91
14 60
63 98
5 34
29 36
35 1
72 56
56 63
97 43
99 72
93 18
42 74
67 9
47 14
7 1
67 32
47 44
92 40
62 67
28 68
14 40
30 88
75 32
77 10
65 82
94 26
61 18
48 66
41 45
82 59
80 83
31 19
24 25
68 91
21 32
75 67
19 16
