109
30 18
40 41
37 60
58 19
4 13
24 32
15 80
47 22
5 42
54 95
1 81
90 45
93 62
56 35
97 82
63 64
34 95
73 77
7 17
16 28
68 86
28 44
70 29
41 17
49 5
17 6
93 11
84 90
19 94
90 30
53 49
32 77
2 48
10 94
73 39
86 4
91 96
21 3
83 74
21 55
38 94
9 28
58 90
0 7
35 8
82 54
39 44
69 72
24 84
30 24
64 94
93 88
22 36
54 10
47 46
78 30
39 84
12 92
13 14
61 26
72 0
75 14
26 23
46 79
97 26
16 72
75 54
4 57
49 63
1 74
34 63
59 73
21 50
97 78
77 58
54 1
1 99
0 3
61 55
1 28
72 43
69 14
91 65
91 39
47 31
12 62
49 96
34 70
20 98
82 21
99 84
11 42
26 70
41 8
76 87
63 12
62 41
50 54
5 27
20 10
36 43
76 25
68 79
32 84
44 93
0 22
46 49
26 91
31 32
