112
9 1
96 11
90 68
26 28
90 79
11 90
51 37
38 55
36 38
22 14
23 52
85 26
33 3
13 73
59 23
56 54
4 77
68 14
49 59
55 75
48 14
33 95
99 93
72 66
36 71
51 92
74 95
7 31
69 44
98 35
8 15
15 47
67 28
36 86
20 66
84 83
38 24
82 15
93 5
62 2
95 95
49 77
54 22
36 65
96 73
79 32
80 79
65 74
14 65
67 51
94 33
11 35
29 11
51 69
43 96
49 52
13 79
77 16
22 61
9 52
74 85
44 50
59 34
88 52
77 0
32 57
14 0
83 48
76 63
59 95
1 49
54 1
25 95
27 37
1 29
28 1
97 2
87 46
43 13
56 90
28 78
93 60
66 66
99 80
93 25
45 38
16 28
69 4
62 18
45 18
78 40
19 82
91 19
79 4
86 73
91 88
46 73
78 25
35 49
55 60
62 45
44 24
17 10
46 88
84 43
53 30
59 68
87 36
17 57
72 20
46 55
47 81
