117
82 51
77 86
38 85
6 39
27 32
97 93
4 10
17 80
83 20
41 7
61 8
91 81
38 36
51 2
83 77
33 60
16 18
68 67
50 22
60 89
25 3
97 56
3 81
4 98
1 24
8 64
49 59
97 37
19 46
95 2
64 52
18 97
97 19
36 96
89 64
5 44
53 34
30 59
21 18
54 81
22 74
36 20
63 24
77 98
89 21
69 60
91 90
1 18
46 93
36 50
1 35
88 15
50 16
22 54
31 8
75 66
13 11
52 7
41 63
80 36
80 2
59 38
2 67
63 95
73 40
33 99
69 11
99 42
11 2
99 63
54 55
59 74
24 83
50 99
8 96
53 39
83 99
45 70
85 48
15 32
15 60
81 28
36 30
96 27
99 84
81 79
36 14
91 4
94 61
61 68
5 89
9 47
42 44
43 0
25 78
95 86
24 60
32 92
74 62
51 25
61 81
14 25
1 9
30 74
22 23
83 62
85 29
53 84
64 75
51 50
89 49
55 12
73 72
30 51
46 27
48 10
28 14
