112
23 67
11 78
55 67
84 16
88 72
93 28
58 21
31 31
64 78
75 30
8 33
88 47
11 12
42 90
75 2
2 67
30 61
79 81
42 35
92 12
67 23
88 32
68 89
98 82
66 56
5 53
92 95
28 92
37 13
56 38
57 93
79 45
7 3
54 43
16 28
85 94
69 71
31 2
2 46
93 54
2 26
90 3
63 52
0 9
7 73
34 66
31 23
36 96
78 67
76 12
56 81
66 38
77 86
36 22
6 40
57 0
8 92
41 50
19 52
25 39
56 98
50 5
25 4
6 96
99 63
52 61
44 76
99 15
36 48
18 82
97 47
0 21
85 66
71 8
20 12
79 50
97 85
0 53
74 26
66 96
31 68
2 78
33 88
27 53
94 77
20 95
59 35
16 18
34 16
60 7
63 71
74 44
37 68
90 18
17 38
48 50
16 9
74 62
63 13
35 40
56 53
89 6
13 27
34 54
74 22
57 65
59 41
76 41
5 18
82 21
64 61
65 34
