114
89 46
75 35
8 47
24 30
17 64
9 23
88 81
73 82
54 31
80 98
27 15
76 13
92 24
2 23
66 88
85 68
96 38
3 37
46 34
70 23
23 47
65 48
6 81
70 62
44 6
49 83
32 88
47 57
7 5
27 74
53 75
1 53
91 53
51 20
85 96
0 82
81 11
38 27
61 51
19 13
18 85
62 16
73 43
93 89
20 58
16 44
53 64
97 73
41 83
70 69
82 31
98 47
15 69
87 17
1 28
80 79
55 21
58 41
72 53
15 50
26 0
1 96
89 89
85 40
58 0
38 46
40 97
0 61
64 97
62 59
31 67
98 30
24 94
82 86
43 50
32 33
73 3
95 15
53 4
1 10
42 13
66 83
29 53
48 93
25 80
34 13
8 66
16 16
50 79
45 61
66 23
0 44
82 54
82 71
25 37
75 27
46 43
7 30
23 22
72 96
68 38
69 19
48 10
61 73
45 27
10 29
29 23
82 39
24 62
58 10
55 89
8 59
13 36
70 34
