114
77 40
18 65
0 32
37 71
81 84
48 21
14 14
66 88
1 5
47 49
25 42
94 15
31 6
9 69
44 15
36 99
29 55
81 29
76 89
4 19
60 40
58 4
28 25
97 55
8 54
11 91
53 71
81 60
44 85
54 25
58 75
46 42
3 39
90 49
79 68
50 1
26 78
26 96
57 91
68 28
31 39
85 11
93 87
55 61
12 24
82 45
66 43
41 1
5 79
83 76
9 65
88 91
25 49
48 95
7 10
80 23
39 15
60 30
80 51
14 60
19 32
31 48
98 31
74 33
85 2
4 99
23 3
60 12
1 53
99 17
39 69
67 58
66 16
96 96
0 95
25 92
38 85
96 41
66 78
75 5
62 92
5 37
32 23
91 0
64 62
92 65
32 0
36 64
92 35
69 99
52 47
40 83
16 47
71 14
80 95
52 42
31 57
55 7
81 78
46 27
20 17
68 52
92 55
2 62
53 53
58 71
31 32
38 55
94 23
74 37
52 21
42 48
35 24
64 52
