111
67 20
17 22
30 56
88 40
52 64
94 24
46 39
50 94
65 44
21 86
92 72
17 67
61 75
35 79
80 58
56 5
7 57
96 14
40 79
19 32
54 25
41 43
25 54
55 50
42 91
78 10
30 12
77 75
82 97
1 23
5 41
1 91
33 94
7 96
82 36
28 32
92 83
89 54
95 3
48 67
18 98
72 54
5 19
97 73
16 53
68 15
54 33
86 22
63 65
22 90
74 45
32 39
85 86
5 53
42 58
38 99
49 78
87 72
16 92
57 68
11 1
68 89
44 14
0 77
14 72
99 38
96 53
77 4
17 6
95 97
68 94
38 25
93 6
68 24
46 8
1 14
3 34
54 93
99 29
30 76
99 83
39 56
53 11
70 46
34 10
9 35
16 77
86 37
32 24
78 67
15 15
71 38
5 61
55 41
58 25
60 11
40 52
44 29
93 45
40 74
79 35
21 14
25 92
84 62
50 55
32 47
25 81
10 21
62 18
11 88
50 19
