90
83 76
79 90
80 45
80 97
83 35
92 8
94 85
61 43
26 10
28 42
83 28
70 87
78 64
90 78
56 19
53 5
17 27
79 2
13 11
52 26
53 43
86 21
69 34
17 45
76 16
81 55
73 96
18 15
70 46
80 11
1 2
95 54
65 71
97 6
27 17
75 60
68 11
50 19
92 61
47 35
93 91
15 35
90 33
83 72
57 49
51 12
70 26
89 48
74 88
60 29
67 54
74 70
85 14
84 45
3 26
99 29
88 83
38 31
55 37
71 80
75 49
17 51
57 2
34 13
1 18
9 3
99 11
97 71
92 99
99 44
83 65
50 3
25 24
8 32
89 0
24 46
1 7
70 16
17 6
75 30
97 77
64 63
45 29
17 21
93 5
60 23
85 5
75 56
81 26
83 87
