99
99 2
2 3
89 51
86 90
33 39
56 29
14 78
94 78
49 6
12 13
14 54
43 96
55 43
29 66
80 7
75 30
64 2
19 93
23 34
83 60
39 4
46 25
7 67
68 37
17 17
23 50
8 2
45 40
3 54
15 43
62 88
60 60
4 98
93 33
53 77
32 19
71 69
74 21
28 79
66 52
69 90
91 56
74 52
32 7
84 17
6 19
31 33
35 15
24 86
75 47
80 40
2 10
26 46
44 57
71 61
39 99
46 77
24 64
80 80
64 9
81 99
60 23
49 96
89 27
88 11
49 60
94 89
64 97
77 74
37 78
75 0
60 79
36 56
48 9
59 44
89 33
45 30
28 90
18 79
70 23
60 1
39 92
51 23
58 93
80 90
43 65
65 63
95 24
25 25
70 28
86 54
41 22
47 67
74 14
57 8
57 50
28 56
71 41
52 28
