98
25 14
16 25
8 12
75 18
4 57
16 78
29 4
1 2
28 19
21 83
50 89
55 4
26 64
13 98
67 91
95 31
2 21
75 27
11 53
17 68
12 26
12 89
12 20
61 29
70 64
87 52
88 76
62 43
98 11
50 65
20 9
59 76
64 15
90 10
91 24
90 48
59 51
73 83
0 67
52 99
18 50
83 71
99 59
26 97
15 1
64 67
93 0
54 23
65 38
30 74
98 38
81 32
82 60
8 74
56 12
58 95
86 82
80 24
91 59
10 62
23 72
72 3
25 50
97 73
76 47
1 90
66 98
18 19
27 91
27 31
50 83
74 97
0 28
0 81
80 6
6 96
66 83
57 70
97 45
29 88
95 80
73 50
78 65
89 17
9 94
67 35
63 5
28 9
86 8
84 41
77 89
97 53
76 57
17 63
16 97
64 86
21 89
81 15
