112
90 56
45 1
3 87
67 85
7 40
91 31
51 46
65 58
38 39
84 91
74 22
69 4
97 76
24 74
97 24
10 84
97 56
52 11
39 48
2 58
3 17
25 29
49 69
96 10
30 60
48 97
76 43
81 76
51 83
20 94
60 44
70 57
0 94
87 10
4 10
22 60
9 73
67 30
95 42
77 74
43 31
70 92
68 8
1 27
35 74
47 60
29 44
53 23
93 60
26 85
54 91
63 65
83 50
57 39
6 99
45 54
83 65
31 8
14 91
98 90
77 20
11 38
48 40
3 1
84 2
30 22
85 32
16 52
30 1
27 99
99 9
37 82
53 99
9 24
1 63
39 24
55 0
88 89
96 72
24 22
2 49
73 98
57 83
32 46
14 72
82 5
54 67
93 26
38 9
35 68
71 37
65 51
10 32
91 37
95 80
99 18
79 59
67 96
47 93
21 43
16 62
82 25
30 67
45 70
39 54
61 58
77 67
30 77
74 34
88 41
86 56
25 53
