114
65 54
29 27
50 28
36 48
37 8
94 72
90 94
75 68
16 62
90 16
26 79
53 84
70 86
10 27
84 33
8 81
54 42
40 14
25 43
36 77
19 19
83 96
18 51
41 40
65 17
89 58
52 6
73 42
4 50
98 34
15 91
18 67
1 36
39 59
63 97
52 25
55 2
49 96
88 44
82 22
69 64
9 16
25 36
36 69
98 24
70 46
72 79
30 10
32 52
15 24
44 19
57 13
89 1
74 5
53 66
99 53
18 92
96 3
98 97
5 74
51 51
93 75
20 2
1 15
76 8
86 59
1 89
32 40
54 75
4 43
49 89
14 98
75 22
86 88
35 0
92 6
95 58
74 72
39 83
10 47
9 64
14 8
23 84
43 63
60 0
54 34
63 90
75 37
23 63
58 74
82 90
94 82
39 33
23 11
84 55
18 39
24 25
89 23
49 85
7 57
77 41
30 0
17 76
32 63
48 26
80 76
28 49
85 15
17 84
78 58
43 43
38 22
63 81
89 71
