112
51 52
27 52
4 65
89 97
29 95
34 43
55 17
2 50
46 91
66 76
89 33
28 24
45 28
49 2
2 93
17 34
78 84
59 25
31 15
92 46
44 42
36 77
78 71
75 25
64 41
96 60
6 3
87 12
69 55
99 22
92 80
13 41
23 92
98 93
61 67
54 84
16 5
51 56
14 73
97 7
19 59
4 13
33 65
34 11
9 31
97 37
82 59
9 48
58 96
27 81
79 24
61 36
0 60
44 84
60 88
16 25
51 25
37 31
73 7
78 44
60 0
0 96
12 79
0 31
74 95
74 2
46 3
15 99
30 1
98 68
75 29
93 98
19 66
66 52
57 65
77 87
99 43
62 16
64 95
53 2
92 70
7 46
35 82
82 49
71 69
97 54
92 18
7 95
23 30
60 81
20 11
35 1
86 83
30 57
41 15
60 31
99 33
22 74
46 34
72 39
23 45
59 45
65 61
6 67
89 56
16 90
74 85
73 47
13 59
31 68
66 82
50 39
