117
38 7
39 71
67 28
31 61
76 46
41 88
23 38
2 41
46 43
52 62
61 10
6 1
88 4
45 12
75 24
24 54
61 64
40 34
37 80
11 87
55 73
14 16
95 78
97 54
11 63
95 23
88 37
71 80
27 90
94 93
68 97
9 40
41 51
25 33
3 89
92 72
49 29
53 43
81 24
5 69
67 57
82 96
9 49
79 78
33 65
87 52
93 35
53 23
21 48
45 20
70 87
29 76
24 44
90 26
61 22
14 57
20 3
3 26
56 88
1 9
98 2
43 97
76 62
30 56
84 9
73 41
15 81
21 67
0 96
33 21
49 2
8 22
55 79
31 2
66 13
91 68
80 34
20 95
0 52
58 95
48 57
97 15
99 68
47 0
0 37
80 63
42 91
98 42
6 83
70 83
78 48
12 26
80 16
60 27
10 7
45 37
38 15
92 8
85 77
58 68
18 34
73 50
39 56
13 89
35 85
30 67
86 42
67 18
45 79
33 48
47 26
17 52
60 86
49 63
12 37
92 17
23 61
