105
58 27
12 37
93 36
42 56
55 95
82 64
51 34
3 10
59 68
77 28
90 76
6 24
64 51
69 80
34 32
3 67
10 52
31 91
45 66
76 49
53 89
95 85
76 72
54 47
88 19
30 17
47 1
70 12
28 50
21 65
97 53
38 5
1 49
32 82
81 87
19 31
0 29
8 76
96 92
27 98
92 10
93 45
43 79
47 48
73 88
75 39
91 26
78 55
36 12
52 66
20 37
17 51
10 68
58 52
88 86
42 24
15 26
12 99
18 9
9 44
12 92
71 4
53 13
71 97
73 20
61 34
28 71
13 78
66 83
0 97
82 4
50 99
59 12
14 11
8 34
98 31
33 57
37 84
0 18
45 34
97 45
75 63
43 71
86 96
65 98
87 72
22 13
60 62
59 83
43 46
7 70
79 18
18 56
45 10
56 30
25 31
88 69
83 47
56 98
68 14
49 43
19 73
77 10
57 92
82 83
