112
34 42
93 90
47 91
8 71
87 23
13 91
46 61
69 34
73 91
71 56
1 51
36 77
89 51
67 75
51 39
53 86
68 48
25 80
41 96
60 65
72 23
45 36
18 98
80 43
3 22
84 69
32 63
20 3
35 6
88 5
17 60
14 32
60 99
48 19
80 84
4 85
30 15
29 33
62 18
4 67
84 44
49 51
89 58
13 44
58 79
18 93
34 83
86 81
34 35
74 26
27 8
9 53
39 60
56 56
55 95
27 86
79 58
13 79
72 3
0 3
42 87
49 4
1 99
99 73
66 56
98 89
10 15
92 30
95 11
71 7
74 98
0 31
95 96
26 54
13 18
93 37
81 99
9 0
88 9
37 20
45 73
3 70
4 95
25 61
20 26
93 72
18 74
66 79
28 39
88 97
4 14
66 17
31 57
82 75
46 53
40 16
81 10
54 65
3 81
36 38
84 36
95 81
15 54
8 19
59 82
26 66
74 50
74 81
39 30
29 70
49 87
41 50
