110
70 3
66 91
16 43
96 37
59 42
90 5
84 47
50 87
35 55
95 61
68 75
29 92
88 88
75 24
26 24
84 87
94 15
87 32
8 48
48 58
33 46
67 17
67 62
38 91
69 84
80 13
10 95
82 68
40 2
6 64
47 16
40 71
0 11
48 30
19 9
3 36
12 71
65 37
23 87
54 80
1 50
30 73
98 86
14 35
80 97
94 8
80 63
79 30
76 6
54 38
18 98
39 62
62 76
8 86
3 26
24 2
40 31
42 16
60 97
49 2
99 23
61 17
0 98
98 59
98 78
76 46
56 59
10 7
16 65
29 27
16 49
34 97
52 96
47 44
7 78
92 99
82 73
48 73
69 48
16 0
90 42
31 19
97 9
57 15
2 57
22 30
93 56
67 69
68 31
98 17
32 66
18 38
62 52
35 88
52 16
19 82
6 99
79 54
69 90
71 6
77 20
92 83
38 51
78 71
52 45
74 89
61 67
62 44
58 29
90 12
