109
84 73
60 55
43 25
92 33
37 94
42 35
5 22
4 91
21 43
40 69
41 50
6 6
68 69
24 86
76 35
35 22
96 69
44 97
61 74
99 9
32 27
69 89
96 92
61 7
3 42
80 56
78 17
95 48
80 3
30 7
80 91
30 54
95 3
5 96
54 72
66 37
52 93
86 16
7 50
22 95
56 7
93 62
27 69
81 49
76 85
70 72
35 48
50 30
9 86
43 16
33 86
57 88
89 94
78 28
58 46
85 4
38 85
70 10
69 97
32 34
66 51
37 56
86 82
0 67
34 78
20 19
15 94
1 72
1 37
18 63
38 2
57 26
18 40
94 23
90 38
14 20
11 77
96 54
2 57
47 71
23 38
50 12
52 52
58 98
90 67
61 32
46 36
74 63
81 42
58 80
72 90
13 28
93 9
21 49
36 11
75 71
29 96
66 25
45 58
75 11
34 13
43 93
68 48
61 89
33 20
32 41
83 11
40 31
66 85
