109
71 94
33 32
9 48
32 38
66 4
20 3
70 60
5 73
74 17
56 96
96 23
6 5
74 79
81 35
3 95
15 20
43 7
46 41
33 91
49 51
63 55
18 42
78 48
7 17
40 48
36 77
15 62
1 33
53 71
63 29
92 1
96 78
97 94
88 64
77 73
21 23
26 7
91 40
11 81
40 65
65 81
73 3
82 20
60 18
17 48
84 55
52 37
30 66
67 76
27 28
54 44
73 89
16 70
89 75
9 7
5 27
90 44
41 33
75 29
77 64
21 99
99 55
52 75
96 99
37 98
39 17
98 20
52 93
39 1
53 19
1 63
17 97
3 1
63 61
73 44
82 2
79 99
99 28
31 83
62 3
96 13
44 57
22 82
47 96
35 69
15 39
50 70
8 90
60 38
66 92
19 25
36 10
43 26
1 13
20 53
28 85
12 1
58 52
33 44
12 43
12 22
58 26
66 11
57 66
25 96
66 73
11 28
15 9
51 63
