105
46 87
50 47
64 75
14 74
26 61
16 25
74 54
94 94
53 9
4 2
95 8
38 12
88 68
16 10
49 27
5 49
28 87
87 32
13 45
33 3
61 8
12 82
66 82
49 94
77 41
46 20
66 25
14 97
34 36
42 67
77 9
63 39
34 28
80 70
58 56
99 74
76 23
90 25
86 54
35 42
76 85
2 9
55 73
7 53
20 35
21 65
23 50
10 77
39 97
85 10
49 38
42 81
86 91
61 68
62 19
13 90
61 85
55 24
23 79
30 48
68 15
81 21
65 64
94 47
5 27
56 99
43 60
18 3
99 23
30 18
80 95
97 65
64 96
18 98
4 95
42 0
90 47
66 1
15 17
95 33
75 47
10 67
80 80
36 67
32 10
61 48
45 45
47 99
78 68
71 33
52 30
20 26
16 5
5 81
46 13
60 82
14 62
64 53
6 11
58 77
76 77
72 18
28 14
19 81
54 13
