104
71 41
11 11
20 56
42 17
85 68
17 43
63 79
30 10
4 63
86 41
71 56
13 98
43 81
22 79
68 11
45 65
23 27
40 40
6 14
19 62
10 29
48 49
24 47
10 51
94 92
88 12
98 54
64 94
79 0
42 95
55 35
8 81
95 84
51 21
66 74
0 31
77 55
22 98
73 13
93 34
50 63
68 42
36 77
4 56
8 75
16 5
52 85
77 74
91 51
32 59
14 95
32 32
19 41
56 44
69 3
40 51
62 61
66 34
95 44
78 42
38 71
49 4
44 29
78 99
95 25
62 99
80 91
76 23
97 11
56 20
99 98
22 83
1 88
89 65
81 77
54 49
3 45
14 56
80 19
39 46
57 77
42 9
89 30
56 63
37 25
29 85
93 97
16 29
73 60
72 77
9 70
36 62
69 86
84 49
52 69
15 83
31 40
13 37
78 8
68 66
42 57
67 48
63 86
50 40
