109
91 40
63 55
56 68
32 58
75 37
64 67
10 73
95 90
22 46
40 71
2 19
93 75
40 27
94 10
25 13
75 23
64 50
31 34
46 66
61 45
64 78
35 61
7 43
46 9
82 58
46 94
47 51
19 95
72 95
2 4
55 29
18 26
85 1
58 83
91 95
93 47
0 50
28 0
95 31
57 20
83 65
77 94
18 52
4 66
26 91
40 22
9 28
76 87
68 19
94 55
88 31
29 48
15 44
48 73
12 19
74 66
32 69
46 24
61 60
63 86
25 56
69 5
4 99
28 22
27 83
41 99
12 2
43 7
47 41
87 74
11 66
75 6
61 36
59 15
48 97
87 14
34 1
5 33
17 1
24 81
78 52
92 80
99 34
41 87
83 23
0 40
59 6
28 37
14 88
83 8
68 93
81 83
14 27
42 57
50 34
38 73
87 56
61 25
73 11
35 24
39 53
56 53
54 78
69 64
14 34
38 30
41 64
50 61
28 54
