112
86 17
92 18
45 58
4 7
15 41
46 91
72 71
4 58
22 18
84 95
20 97
12 73
39 13
71 46
31 57
40 36
91 37
54 99
21 33
52 53
2 47
22 12
38 95
37 63
26 29
52 64
45 48
52 4
82 56
93 84
70 21
42 77
68 89
54 22
57 35
18 70
71 37
11 0
94 75
35 80
80 8
92 45
0 65
75 79
45 17
52 82
75 89
49 85
16 25
38 56
42 23
60 87
7 88
0 30
67 2
95 4
96 59
33 15
1 95
21 87
17 49
98 92
56 68
3 16
94 40
89 61
76 55
84 0
34 95
36 5
30 43
32 78
75 38
4 74
80 98
21 3
77 24
58 39
99 11
54 15
96 29
15 90
96 54
22 73
39 32
66 71
31 50
87 81
36 77
78 16
11 51
98 34
18 34
77 50
7 93
51 71
50 6
13 19
86 66
15 65
45 33
76 69
42 96
54 88
93 12
28 17
37 70
58 73
31 86
22 39
25 24
30 24
