112
12 50
27 96
19 77
91 57
87 24
81 2
42 92
84 82
3 50
59 59
97 96
44 66
70 14
50 39
18 63
65 82
11 11
93 50
90 7
93 74
75 76
93 17
19 55
9 45
1 87
54 8
21 29
7 28
30 9
73 36
75 93
36 37
91 40
15 84
50 12
52 46
34 66
24 24
44 77
0 58
95 1
10 5
67 28
90 66
59 52
26 41
56 13
5 13
67 73
38 95
10 81
9 64
17 39
42 0
12 98
42 24
35 52
56 97
99 88
25 8
3 30
75 0
81 96
61 99
52 75
92 26
29 67
68 21
79 37
0 78
79 65
99 70
66 49
34 12
21 97
41 87
17 2
28 51
41 57
64 85
1 69
83 51
69 6
42 18
96 11
54 40
6 31
24 83
50 2
76 6
20 69
31 44
38 73
86 30
35 23
48 91
4 62
35 4
10 88
19 16
32 88
64 90
40 42
89 60
73 79
75 28
9 20
8 50
23 62
26 48
26 16
10 75
