113
65 64
96 80
58 36
91 43
21 83
7 85
20 40
12 62
68 83
24 25
38 35
75 49
39 82
73 24
87 97
30 5
78 38
49 32
75 63
83 12
37 63
35 98
10 28
15 4
56 91
47 47
61 50
3 66
92 35
40 60
56 22
37 7
21 55
87 57
2 94
94 12
9 43
25 79
78 95
69 15
26 95
18 16
87 16
1 75
51 63
21 64
67 48
23 50
75 32
63 85
48 87
24 29
52 38
12 53
17 31
68 96
73 1
4 15
70 38
5 1
17 97
90 75
96 95
47 7
67 0
0 38
77 81
56 44
41 20
99 30
21 0
90 50
52 97
71 67
9 99
84 2
98 87
0 31
35 37
7 80
89 66
61 13
6 48
47 22
61 69
96 37
9 19
43 68
20 69
49 93
73 77
5 60
21 88
80 27
23 21
23 46
10 4
69 50
47 53
79 18
28 14
4 34
63 94
83 46
26 63
58 30
31 33
7 90
63 77
76 46
16 39
14 58
29 41
