164
32 97
16 20
96 61
79 51
30 36
65 64
88 73
9 50
46 96
55 7
70 5
38 75
32 52
56 83
98 26
53 35
1 19
90 41
23 40
87 86
74 70
94 55
31 27
5 14
81 65
90 33
16 46
48 87
31 44
8 66
64 23
73 97
39 2
97 5
23 76
62 47
50 65
10 92
97 96
11 0
24 7
0 39
48 51
47 21
88 16
22 62
0 80
74 35
18 78
70 93
41 16
91 1
25 92
72 79
50 37
82 13
57 99
8 32
99 77
3 0
0 54
25 1
69 21
58 77
64 45
32 61
65 5
80 54
1 35
1 86
81 29
98 91
98 20
25 98
40 6
16 63
1 15
96 46
21 21
79 99
98 1
2 70
42 71
56 63
39 99
58 49
33 83
62 27
82 83
96 40
15 82
0 94
42 20
64 80
46 41
46 1
62 2
19 0
79 0
22 15
70 40
34 58
15 34
89 89
88 66
34 78
57 21
56 92
16 54
0 30
56 67
0 10
96 15
43 35
78 33
33 2
95 36
65 54
31 20
22 68
16 15
90 98
6 56
6 86
41 91
98 86
75 14
41 49
26 36
72 86
48 67
58 30
50 16
40 64
8 42
32 5
24 83
78 44
48 4
87 57
17 6
66 82
89 19
6 75
24 47
64 68
26 30
72 50
46 30
49 79
10 30
66 16
66 93
42 44
6 5
81 90
56 42
88 27
30 16
26 58
33 72
57 58
63 35
8 22
