108
79 90
75 66
45 29
29 31
27 94
39 68
0 91
62 92
96 9
85 37
61 65
97 80
65 42
61 17
19 15
31 7
52 49
40 85
31 40
34 63
38 55
51 62
9 74
78 4
3 47
85 56
43 15
20 64
41 99
7 23
15 39
63 23
66 84
94 0
89 71
93 16
96 86
48 11
4 97
72 47
16 87
5 68
16 50
59 31
13 11
46 90
30 21
25 83
66 45
60 73
16 30
23 4
92 8
39 48
21 35
17 93
35 74
77 21
97 47
99 61
61 98
98 97
81 95
50 1
74 72
94 24
77 25
4 41
4 9
19 69
81 59
34 2
88 35
50 31
67 9
50 83
99 71
33 16
75 82
95 57
32 88
18 62
58 48
51 15
79 52
71 40
64 87
10 45
49 73
14 25
52 56
26 75
82 80
12 83
34 59
36 30
84 88
52 95
87 51
60 82
68 37
33 81
71 55
38 21
21 25
38 11
26 63
89 63
