113
15 28
21 3
42 20
7 11
61 63
57 97
60 37
77 47
9 74
78 65
95 19
6 59
50 52
79 17
84 92
41 11
41 26
82 40
3 79
87 82
54 65
51 22
71 98
18 98
42 93
98 68
97 99
97 44
34 54
33 75
65 21
29 2
10 53
43 3
74 32
18 88
47 73
70 48
93 29
43 35
92 58
33 98
80 10
17 72
7 6
51 96
3 21
80 86
43 50
88 99
0 65
70 17
92 71
34 18
53 89
35 87
62 53
85 66
86 51
82 29
23 42
3 38
97 0
65 80
0 96
29 39
80 3
20 56
20 25
98 15
43 14
8 42
72 72
47 0
8 98
57 11
45 77
28 5
5 82
51 38
20 17
56 67
94 53
88 33
26 84
96 78
2 43
76 63
41 56
23 98
68 34
66 94
65 10
96 93
11 25
44 39
47 96
2 56
18 65
17 42
22 10
76 71
80 95
59 46
54 23
93 21
50 8
72 54
75 27
47 62
84 87
74 41
67 62
