114
44 19
18 68
67 54
6 9
46 77
92 47
12 73
94 8
22 29
60 87
2 60
78 78
5 26
83 30
75 7
72 72
65 44
32 60
53 71
86 46
18 57
96 31
64 61
82 13
76 60
18 87
59 20
46 57
45 96
27 5
91 87
53 6
26 45
78 94
39 33
51 52
29 11
67 4
36 82
13 2
59 99
35 67
69 19
37 16
56 45
1 17
20 15
67 97
58 81
97 41
49 94
40 12
31 25
25 79
77 25
73 84
61 8
98 67
61 51
2 90
28 97
12 42
98 27
8 98
40 42
72 39
97 74
1 32
3 84
55 34
1 1
23 95
94 59
3 99
5 74
9 56
26 39
15 16
87 73
82 49
93 22
38 73
62 29
55 66
36 88
37 56
73 64
78 16
45 12
19 21
64 80
88 80
21 89
15 71
82 45
33 39
13 7
83 20
39 77
16 28
28 60
80 86
48 21
50 86
13 58
11 87
68 9
6 15
29 21
12 20
88 25
8 66
27 67
61 75
