106
48 48
31 64
21 27
53 16
89 81
44 62
1 54
0 40
81 39
70 54
66 35
48 89
77 90
12 3
96 12
38 24
36 93
55 30
51 6
58 89
43 70
10 28
74 40
20 43
84 60
17 79
98 41
60 70
73 7
2 94
17 94
3 75
97 67
62 96
89 6
20 5
58 63
43 3
3 23
25 41
46 41
83 94
65 5
25 92
92 35
1 66
59 32
45 82
32 59
79 9
40 10
44 34
57 9
45 53
14 41
68 45
50 21
13 88
27 85
58 56
77 25
97 93
82 23
85 54
0 6
26 8
80 68
71 33
77 98
2 14
19 21
35 98
93 78
93 97
96 17
35 30
41 76
67 19
0 82
1 50
82 1
36 6
18 41
9 71
18 7
80 84
80 64
43 48
33 73
85 31
60 48
31 95
6 33
47 76
76 16
9 8
85 84
10 81
62 17
35 50
51 36
19 16
58 23
35 63
49 10
46 56
