106
3 3
4 55
8 75
32 55
33 95
22 3
43 30
3 22
3 39
45 48
28 20
30 37
4 95
37 70
40 12
45 87
18 90
17 30
20 47
20 63
3 81
41 3
18 10
22 80
45 67
3 58
2 25
45 4
45 38
37 75
22 25
40 93
40 53
3 91
15 67
23 95
1 72
32 15
12 35
2 10
45 22
25 2
25 42
23 85
2 45
38 35
27 60
12 15
12 50
22 70
13 1
38 80
3 28
30 2
12 95
45 58
3 65
18 20
3 49
38 85
2 85
45 12
33 30
3 13
20 37
7 70
22 75
3 33
27 50
45 78
40 43
37 60
33 90
10 7
37 3
12 60
37 20
47 96
38 25
32 65
13 55
23 15
15 83
10 88
25 33
30 82
35 48
12 25
10 42
28 10
22 55
30 73
15 42
15 3
41 64
26 92
7 80
34 11
11 21
27 65
11 67
36 41
32 43
10 33
17 74
28 26
