117
2 50
77 30
55 46
21 32
21 17
9 56
86 41
91 15
70 82
84 95
21 85
1 29
23 6
66 91
15 90
67 44
63 72
96 6
90 88
19 56
90 32
82 32
46 78
35 25
35 69
72 15
1 77
55 27
40 96
84 73
71 1
52 17
11 96
6 71
94 69
9 41
13 16
25 38
97 31
47 64
45 37
68 97
69 5
58 19
93 94
2 57
68 33
53 41
22 49
6 81
36 52
0 9
74 63
41 8
40 92
20 67
99 74
24 2
81 56
39 50
9 52
4 3
59 56
86 18
26 80
52 82
31 19
98 10
90 54
57 99
70 67
84 79
32 76
56 13
79 99
28 39
37 16
70 88
16 23
24 88
13 1
78 46
63 27
33 61
51 68
93 45
83 17
28 4
54 91
53 49
13 38
22 96
41 78
31 35
98 20
10 73
0 45
69 29
29 33
29 55
46 15
84 89
62 46
31 94
4 67
9 15
11 87
90 12
86 33
27 13
46 85
44 70
61 31
19 8
36 88
74 36
25 22
