111
73 36
97 22
5 60
83 92
5 40
69 77
93 64
13 85
20 56
68 12
30 74
14 28
34 29
51 35
96 50
82 14
45 64
32 90
50 80
90 95
88 84
10 5
79 66
60 91
39 15
70 55
82 47
9 99
89 34
29 6
4 82
59 4
49 48
90 5
2 57
23 71
15 50
74 10
41 87
37 64
56 84
77 30
2 94
36 22
97 13
91 75
32 83
84 33
79 89
13 76
29 67
14 98
73 44
61 75
34 50
76 40
25 13
44 7
11 27
32 36
56 54
55 24
99 36
41 75
19 42
11 8
74 92
50 39
99 67
62 57
98 90
99 1
1 76
76 62
54 9
55 94
27 92
73 0
83 19
97 59
77 74
1 51
29 31
41 23
98 28
55 40
69 22
55 70
12 20
23 11
4 74
16 58
18 77
34 59
64 82
16 93
66 1
17 40
51 20
0 88
87 19
25 28
58 43
20 60
67 62
91 68
94 28
25 76
20 85
16 66
32 70
