105
90 85
24 67
49 49
87 27
34 8
8 98
9 66
22 38
62 13
74 33
10 74
89 61
9 47
80 16
34 69
75 44
26 28
98 91
61 51
72 12
90 21
18 59
58 79
48 97
78 76
8 9
28 94
31 49
48 31
48 10
15 88
75 65
37 86
97 14
15 9
84 93
63 23
53 98
61 41
17 24
2 60
37 19
95 61
90 77
24 7
14 50
98 30
55 3
30 88
41 5
63 69
37 51
58 20
2 69
15 78
73 26
20 32
42 45
24 52
1 35
89 41
93 0
66 86
68 15
45 73
76 0
0 9
94 44
57 65
79 94
73 59
9 23
63 94
52 81
92 6
42 65
14 93
45 28
57 36
29 13
36 42
83 78
25 73
32 96
50 95
59 62
47 1
68 0
5 51
93 91
72 69
18 97
4 79
88 52
56 51
25 21
19 52
49 20
20 73
57 72
44 14
83 69
28 44
21 15
56 93
