116
47 20
53 84
21 99
36 54
95 93
31 79
22 9
15 22
71 5
78 67
5 12
4 95
94 72
81 52
45 28
40 66
89 76
55 9
64 62
17 63
6 35
76 89
58 41
90 32
83 14
97 45
25 41
1 55
74 39
65 76
29 16
48 81
96 63
2 41
31 2
57 47
32 88
60 33
61 19
62 90
75 53
39 43
2 85
34 59
21 0
41 14
79 3
84 36
13 32
11 60
51 77
64 4
84 82
50 34
91 56
16 39
73 70
68 32
90 80
20 21
66 47
34 48
45 96
0 71
52 27
94 5
66 99
98 25
77 18
40 0
29 33
56 63
24 76
91 96
88 64
10 81
0 26
40 97
25 94
20 45
11 0
51 56
76 96
99 39
30 56
50 63
8 89
90 50
33 73
67 19
26 2
32 19
9 67
84 28
9 15
18 47
69 91
44 36
78 7
12 86
48 91
23 62
43 50
43 71
86 94
96 82
63 12
74 56
38 22
7 27
58 75
14 14
9 43
84 71
68 15
13 36
