104
52 87
58 61
43 25
95 3
46 94
58 97
96 75
1 76
83 48
9 63
68 71
85 95
25 74
29 9
46 4
25 94
12 46
82 20
6 33
50 51
53 23
32 98
70 22
5 15
71 1
42 10
23 60
35 50
68 39
2 96
99 57
22 36
39 80
51 37
99 17
10 80
20 17
33 24
6 7
63 6
81 58
87 27
81 74
63 77
93 44
51 68
74 42
93 8
13 62
41 55
55 52
55 33
36 71
88 81
75 26
63 89
74 53
48 80
41 21
90 53
56 29
60 45
98 38
5 0
77 93
16 95
36 41
4 30
24 79
59 10
7 81
2 56
18 45
14 20
8 99
42 98
45 0
77 72
27 56
94 23
74 16
38 27
27 14
69 57
8 66
13 12
89 46
73 78
66 15
29 65
82 32
65 63
36 95
49 9
13 49
41 37
57 24
23 72
15 86
65 36
58 55
16 56
80 51
14 75
