112
52 44
86 18
10 63
50 17
12 84
86 42
38 87
80 58
42 73
12 40
65 26
25 28
94 90
95 49
46 97
29 84
81 44
52 75
21 68
4 36
94 33
44 45
19 30
50 92
49 83
95 4
73 74
67 12
64 95
32 14
65 56
81 98
49 1
28 55
79 20
66 71
82 72
13 94
65 90
59 29
56 15
49 51
63 63
76 38
36 27
22 44
7 45
99 13
79 61
47 12
85 27
9 74
20 86
26 37
41 18
1 22
99 65
18 12
76 0
8 2
97 92
99 35
58 1
79 89
96 74
0 8
79 4
0 58
28 63
4 89
18 7
52 33
48 67
35 99
95 57
79 94
99 1
3 29
67 46
42 54
2 50
64 14
40 32
85 0
19 2
93 96
65 81
21 23
88 78
24 59
18 93
75 28
58 98
81 64
57 56
9 19
19 74
74 45
20 53
95 41
79 14
61 93
62 37
43 78
61 9
16 22
50 48
53 26
72 20
88 50
12 34
57 23
