111
3 77
17 94
33 54
46 28
11 23
33 13
45 0
92 52
89 14
88 28
36 38
72 90
40 85
75 59
1 3
4 93
62 10
46 43
7 27
95 8
18 28
14 34
58 85
22 2
15 58
58 65
38 70
68 75
63 24
5 47
88 66
20 79
81 2
50 62
88 45
26 16
11 13
20 64
7 70
54 79
93 60
29 45
26 88
82 15
36 6
66 15
73 67
40 22
89 34
89 2
7 79
1 31
33 64
45 49
59 17
21 50
80 51
26 23
45 87
89 99
29 76
97 84
60 47
45 59
83 80
21 56
74 95
50 1
59 96
68 30
67 1
40 46
2 99
66 48
97 22
88 84
8 3
5 62
48 26
95 50
2 9
80 33
95 89
30 0
74 52
21 33
50 34
9 45
98 15
53 65
23 81
15 0
52 11
0 17
36 0
83 37
8 41
69 11
59 71
57 45
47 15
36 27
83 27
20 19
68 60
57 26
19 10
37 32
38 8
21 6
51 19
