112
56 59
54 76
70 38
25 14
98 15
79 36
38 60
63 13
1 24
2 70
36 93
97 69
31 73
95 87
47 44
21 60
30 11
65 24
36 53
90 11
57 23
38 16
28 5
57 38
72 92
18 32
74 3
35 34
98 31
81 80
7 52
83 66
2 77
77 21
67 97
49 97
46 82
40 31
64 80
27 46
69 2
4 67
47 62
20 21
93 6
7 71
41 47
55 49
47 25
30 66
20 3
70 31
90 53
21 87
50 6
72 57
1 94
6 0
1 39
1 7
35 99
81 98
93 90
20 82
90 27
98 39
99 64
84 40
56 97
79 18
90 2
67 57
83 77
50 83
11 18
5 86
22 28
76 1
24 68
54 11
24 88
45 77
3 15
61 70
26 52
92 25
8 90
79 44
86 94
81 54
39 12
34 38
87 80
37 89
70 87
64 37
73 17
33 69
67 4
41 51
53 69
56 35
54 90
91 20
38 70
30 83
68 27
71 8
31 58
31 44
82 26
70 15
