89
12 16
12 97
93 13
13 37
13 4
12 86
4 6
12 10
73 17
14 46
3 21
83 17
23 3
23 57
49 13
34 19
35 33
45 85
11 78
30 3
44 6
13 24
35 12
1 13
44 47
77 37
32 94
4 57
40 67
2 37
29 33
3 99
47 97
9 64
90 17
72 28
41 20
22 92
22 20
3 92
39 3
79 12
91 23
24 24
15 56
68 84
91 47
64 2
26 76
74 97
55 75
52 45
83 2
31 53
55 16
61 90
1 76
97 4
10 3
31 99
48 52
30 37
41 76
49 38
25 67
0 47
16 41
50 20
3 65
72 3
16 78
33 47
89 2
58 8
27 0
1 0
47 76
63 14
81 29
10 93
8 32
35 5
28 10
33 25
22 47
40 11
11 74
13 20
8 87
