108
17 96
32 7
48 53
2 58
90 76
60 61
76 86
55 39
25 41
22 65
90 32
96 13
1 42
59 25
36 24
36 68
88 51
18 3
40 10
34 45
43 28
13 34
60 19
25 9
92 22
87 85
33 16
1 73
51 81
97 63
63 0
78 1
43 93
74 49
20 25
19 47
37 77
72 93
58 89
20 92
68 31
16 75
51 73
8 57
85 46
32 39
83 28
5 33
13 96
28 66
81 81
59 48
92 27
81 92
45 74
30 47
66 74
2 19
94 99
1 80
77 15
73 69
11 8
98 40
50 9
93 8
64 5
70 34
7 60
44 56
99 70
28 83
71 50
87 60
47 95
78 21
50 36
19 20
24 83
63 16
5 42
38 2
93 93
98 55
76 98
19 69
10 82
21 51
63 65
53 54
29 31
89 69
22 18
35 86
26 3
84 36
38 63
67 78
92 16
76 75
67 53
17 41
39 14
32 60
47 82
72 85
31 20
30 71
