111
76 35
41 40
47 86
24 45
22 31
16 4
68 38
94 97
25 59
91 60
80 71
38 4
39 60
63 8
56 63
28 79
46 17
36 93
59 74
74 13
13 65
47 59
49 79
31 51
77 89
65 98
53 32
14 80
88 6
8 41
1 55
32 18
29 73
93 52
91 2
83 39
51 96
64 82
76 19
94 70
68 49
28 95
23 4
4 85
32 28
63 28
4 61
46 6
16 44
18 10
70 2
58 33
23 39
32 9
51 88
69 22
45 67
43 25
74 39
76 3
2 73
97 29
0 14
8 99
2 0
2 32
59 49
97 79
87 99
76 57
80 75
32 76
45 42
92 10
63 63
2 37
0 22
62 0
16 28
18 82
81 91
90 53
19 63
37 90
82 36
37 38
65 90
50 21
62 4
18 89
86 2
42 99
67 83
86 68
5 65
4 11
55 56
26 15
45 82
83 82
88 49
72 17
26 53
60 46
30 32
25 88
35 10
30 48
84 9
15 34
16 72
