105
36 91
8 3
46 71
64 15
55 83
55 53
44 4
24 2
18 19
80 16
71 84
14 42
99 80
31 62
28 31
62 39
34 94
83 26
23 49
51 49
54 14
56 95
3 11
34 22
6 37
71 12
89 21
14 67
5 82
89 49
85 78
18 93
1 58
73 38
97 33
48 19
92 8
36 36
82 72
28 80
2 92
48 1
73 95
63 26
9 21
34 6
12 80
93 87
49 85
72 28
53 39
24 16
22 41
94 18
9 17
25 96
80 10
76 80
35 83
27 71
59 47
55 20
56 5
18 6
61 66
96 64
94 94
94 50
0 64
16 30
45 63
75 45
15 61
69 81
38 45
41 97
84 2
93 66
28 55
18 45
88 32
6 77
40 31
41 63
86 46
33 13
72 49
52 67
86 88
61 81
8 29
77 30
85 61
96 71
70 70
97 23
31 69
62 10
25 26
11 68
13 52
87 43
41 8
32 46
52 8
