113
57 54
79 53
53 85
52 25
44 46
72 78
73 26
41 37
36 79
16 57
26 25
53 0
13 86
89 83
57 32
24 36
79 37
7 62
80 22
36 22
39 41
44 76
63 97
90 62
40 95
3 8
40 8
69 64
96 2
64 15
97 96
10 34
35 33
35 94
89 10
74 93
50 70
1 15
2 85
61 47
7 68
22 81
98 75
20 15
32 4
21 54
75 79
22 66
84 47
38 51
64 37
49 98
62 82
13 27
87 54
25 92
31 25
29 48
75 50
96 38
68 1
5 48
15 0
4 99
91 97
0 1
81 7
77 96
50 18
38 62
0 65
67 62
52 60
0 19
65 18
98 50
23 73
15 16
49 4
40 76
25 43
34 11
33 96
90 89
55 34
58 73
74 64
66 21
79 98
6 29
16 81
66 43
94 47
24 58
20 7
54 51
30 78
12 82
20 34
73 37
29 19
15 8
64 88
53 15
82 63
54 77
43 23
81 93
48 53
26 34
60 26
68 51
53 41
