118
45 91
66 4
28 90
86 28
45 44
1 4
70 64
31 1
40 77
7 87
95 21
71 50
47 72
79 37
74 7
58 10
96 30
95 83
12 21
61 35
26 64
34 25
11 62
22 33
97 97
96 7
58 84
14 48
68 20
39 58
31 45
2 32
20 77
81 85
42 2
8 5
5 78
53 11
22 91
97 72
73 66
63 55
65 32
77 0
3 20
83 45
84 17
39 6
96 89
39 42
57 96
59 79
34 62
9 27
59 17
17 57
72 36
29 87
77 58
41 69
53 3
98 57
0 53
71 91
97 37
25 11
3 99
42 94
57 53
1 39
88 68
0 60
45 38
29 31
73 86
83 13
61 75
23 72
92 97
85 51
12 43
52 24
15 91
43 88
92 70
39 10
3 7
5 67
50 66
82 2
17 11
92 44
75 72
31 99
94 27
59 0
19 47
94 12
33 55
80 28
62 93
16 77
67 69
17 52
5 43
64 24
87 91
90 58
5 61
75 43
35 48
23 78
64 83
58 63
71 54
85 82
18 90
16 69
