114
31 58
87 13
88 84
50 90
85 91
50 37
82 20
3 7
65 43
14 47
23 7
54 22
97 66
38 29
52 68
60 92
75 30
20 41
70 16
38 15
34 84
99 96
2 94
83 50
67 76
11 30
8 72
98 46
16 95
26 72
17 10
68 48
75 90
33 50
67 64
3 34
87 70
28 1
71 10
14 80
80 34
41 68
3 51
52 79
78 73
32 36
9 10
97 52
43 54
61 6
20 61
57 36
42 37
93 87
67 34
78 16
39 59
89 97
97 25
93 0
44 0
45 99
17 27
2 66
73 99
31 91
54 54
32 63
1 88
83 45
99 8
1 4
32 21
41 7
98 69
71 58
83 70
3 28
5 58
16 91
51 17
67 93
90 24
19 13
94 39
53 65
92 10
6 44
50 1
34 43
28 82
14 74
87 55
5 86
20 48
27 28
56 76
6 3
82 75
5 19
27 67
64 39
96 11
41 74
48 47
8 96
77 54
44 23
9 50
61 68
90 81
33 54
91 63
75 44
