111
86 68
25 69
75 49
1 76
93 91
43 45
73 85
33 87
63 13
15 32
2 18
29 28
67 71
47 82
17 52
61 53
37 47
67 18
58 86
31 35
26 56
74 56
98 22
56 30
85 3
3 46
99 60
10 3
68 38
30 20
3 54
89 84
7 75
56 94
63 1
97 4
16 14
79 94
87 17
97 68
83 47
42 93
28 77
4 30
44 52
16 21
66 27
27 42
67 7
95 13
68 43
77 66
17 60
39 86
29 50
76 42
73 72
20 99
92 35
39 4
4 99
8 23
47 90
33 4
48 60
78 28
47 30
57 72
98 52
90 38
58 49
12 93
3 7
97 85
23 74
24 7
78 4
99 27
17 37
5 61
63 95
39 63
75 87
46 36
94 70
29 87
37 14
48 97
55 63
81 11
71 1
74 24
53 77
61 32
11 59
83 61
90 90
57 46
21 70
91 21
42 34
60 20
23 34
6 11
62 81
54 45
25 64
20 46
68 49
70 11
34 46
