107
80 16
35 28
44 58
2 6
95 57
60 2
64 31
44 36
55 52
7 80
88 40
32 86
72 91
26 15
98 6
58 34
83 24
30 6
50 6
66 3
44 29
31 38
36 14
57 81
42 75
76 70
97 87
1 26
52 98
5 53
69 47
97 21
88 4
5 61
31 99
6 91
49 20
84 56
6 1
65 61
24 37
41 50
94 79
17 14
34 63
45 93
67 23
59 85
86 74
45 5
85 32
68 72
64 53
47 50
37 67
42 84
80 80
66 37
50 29
78 33
33 21
51 38
22 76
20 61
69 29
10 39
18 91
1 76
29 1
15 25
17 53
12 94
98 82
80 59
91 43
67 8
74 85
8 77
84 10
58 67
62 95
51 14
9 46
34 96
15 6
16 20
78 50
92 88
94 26
36 81
72 66
42 64
15 71
87 61
61 77
59 59
57 91
74 21
10 87
47 10
47 79
46 43
64 47
82 65
37 21
74 36
65 88
