104
96 57
26 32
78 94
53 20
24 77
40 69
26 95
63 74
53 31
41 3
65 10
85 25
96 35
71 46
10 46
40 48
77 62
3 15
84 5
4 61
25 63
35 95
60 53
97 8
74 83
96 28
53 11
38 59
95 78
12 27
19 10
59 96
12 96
97 99
2 86
78 2
39 38
26 16
8 70
55 59
54 73
44 9
18 98
7 50
13 6
48 45
62 8
63 46
74 97
4 25
26 68
66 60
75 16
43 20
18 18
48 66
34 67
26 47
85 44
73 33
98 64
55 90
44 99
77 79
99 42
0 36
82 99
98 89
3 5
64 32
2 96
4 76
82 48
17 32
38 79
37 34
21 46
2 64
89 28
58 3
86 51
68 74
28 11
50 25
44 93
41 53
1 47
54 45
28 88
87 19
20 69
70 40
28 23
47 74
64 88
87 89
40 13
76 40
9 35
57 17
34 53
48 55
49 15
31 76
