111
54 10
6 29
92 81
49 16
65 4
55 74
14 96
3 67
89 16
57 48
47 62
59 91
32 62
41 97
77 46
26 26
80 89
54 41
9 85
60 23
55 56
28 77
18 52
23 8
95 39
76 66
42 81
77 24
40 27
91 66
69 80
68 35
88 8
11 4
22 28
5 24
98 23
68 65
75 14
14 44
92 45
86 94
72 97
19 66
66 84
96 77
10 18
39 90
38 17
90 24
2 78
32 15
79 96
67 9
45 70
70 56
24 56
45 89
80 39
72 24
13 33
84 73
61 73
67 49
96 16
35 42
95 96
83 2
45 30
25 2
49 1
27 98
0 13
89 56
18 71
0 90
99 45
10 54
35 54
16 13
28 37
32 95
60 32
14 81
36 76
55 18
81 44
83 69
49 55
5 7
28 88
94 88
13 67
59 37
19 42
55 87
45 8
43 72
83 87
41 57
37 31
24 20
63 9
66 37
64 23
51 22
35 63
36 84
16 34
63 18
88 85
