108
40 48
80 68
80 22
6 31
14 17
49 96
81 57
50 74
42 23
63 20
73 87
28 57
63 40
15 95
81 7
5 59
6 38
50 53
23 53
23 14
36 62
72 27
7 26
94 13
30 99
98 41
37 7
22 30
28 81
11 80
49 36
49 15
14 70
58 90
93 39
61 74
38 84
81 1
87 26
61 44
94 60
24 45
25 71
69 67
43 69
13 86
51 29
11 56
35 94
47 55
32 18
40 30
66 30
40 14
33 56
15 48
55 39
78 42
0 6
22 0
88 87
32 70
20 62
33 48
99 71
93 96
62 8
99 0
54 45
71 99
64 60
8 94
79 83
52 92
84 0
1 24
30 1
0 54
65 99
95 24
13 12
81 51
68 0
60 79
9 40
4 85
65 23
22 99
44 98
45 78
67 53
41 57
92 45
80 15
21 24
78 92
86 59
65 81
5 12
35 41
64 55
47 17
29 5
3 45
44 93
49 60
24 67
57 27
