102
72 14
66 91
6 28
7 8
46 16
35 0
39 44
24 27
75 55
75 80
3 47
85 29
53 99
31 56
16 90
87 11
35 17
54 18
1 4
77 62
45 29
79 14
63 17
97 66
29 70
87 45
55 77
52 56
21 10
97 81
11 85
83 83
94 6
22 37
60 45
70 77
48 96
93 51
44 44
40 67
61 5
83 68
20 1
21 56
91 3
18 19
50 85
90 68
62 97
97 16
32 42
12 15
72 18
78 89
43 7
25 6
61 90
12 27
38 35
51 15
26 19
34 94
64 31
80 56
11 4
14 71
30 85
27 99
44 68
10 47
20 25
81 36
60 51
66 66
95 37
8 94
2 32
60 31
24 72
21 86
82 0
60 73
90 23
45 61
61 37
39 82
7 42
40 25
70 46
49 4
4 18
30 49
66 53
93 17
91 74
58 97
91 59
27 31
33 9
53 38
54 25
16 14
