114
66 12
13 91
94 58
16 11
79 96
39 47
77 63
44 74
42 27
4 43
57 39
96 73
50 88
50 58
43 12
63 31
76 14
30 22
73 84
46 35
53 30
2 20
30 97
89 20
12 68
79 35
93 1
93 42
34 63
14 54
63 95
14 28
93 88
50 7
0 36
35 5
53 53
1 14
94 28
28 49
33 91
17 91
88 50
86 94
21 25
82 16
98 83
57 66
40 41
12 13
95 49
81 5
44 6
24 15
71 22
30 77
49 49
68 79
82 68
1 63
48 97
28 1
16 76
3 84
78 49
64 2
78 69
62 71
99 21
50 81
65 38
75 0
58 16
13 48
12 2
59 99
28 30
64 57
20 67
38 61
93 34
29 83
3 34
96 9
6 49
92 79
48 73
44 21
49 0
77 90
20 97
44 94
76 29
9 77
32 55
60 9
0 9
44 79
67 40
29 8
43 42
72 93
81 53
26 54
83 30
56 2
12 23
43 64
86 14
57 44
36 87
33 15
91 44
80 25
