205
36 36
74 6
13 29
19 10
42 87
87 93
99 7
19 87
91 48
27 60
51 26
0 80
72 30
35 13
6 52
44 2
95 34
82 20
49 58
86 78
65 79
67 95
43 73
3 2
60 45
29 75
77 61
60 12
14 70
3 95
0 17
23 46
91 64
63 60
1 38
76 44
51 98
27 25
37 50
0 65
37 90
72 81
76 0
49 2
64 17
90 34
92 79
7 2
55 29
91 1
72 96
58 76
97 17
77 67
56 44
92 98
20 94
40 16
13 74
23 2
15 14
1 21
23 42
10 52
74 47
6 93
68 32
91 55
47 66
23 95
8 37
98 0
29 70
42 45
32 29
68 0
50 31
88 17
52 93
86 34
21 0
24 56
63 64
7 67
53 6
1 88
85 15
88 52
1 6
61 81
2 50
17 25
77 3
73 91
42 81
22 88
44 65
99 26
36 30
92 72
38 44
39 2
89 89
72 22
54 12
73 64
55 52
42 96
0 32
20 57
27 79
89 38
13 23
4 85
74 42
18 39
86 85
0 71
56 82
1 53
30 15
56 78
66 27
42 59
84 3
26 74
60 2
52 48
53 34
79 21
76 50
30 1
76 75
58 92
28 94
46 16
4 18
31 19
60 50
78 95
34 60
32 34
15 4
19 46
38 82
59 66
9 76
4 46
87 62
17 62
16 30
92 9
74 15
73 71
54 17
40 42
3 60
85 31
3 12
15 94
26 17
15 37
87 70
17 78
74 55
46 80
69 8
60 19
43 8
68 38
33 44
28 64
68 90
41 30
79 38
8 27
47 7
76 29
78 86
29 53
31 83
68 47
20 14
67 74
85 46
54 66
38 21
37 77
49 71
76 13
15 58
61 35
40 68
42 24
50 42
27 33
47 89
13 43
60 26
65 57
92 25
52 59
26 8
13 84
17 71
