106
38 67
70 11
86 8
32 49
78 39
8 63
96 39
28 6
12 52
48 90
48 28
25 31
8 8
22 67
88 54
95 83
41 3
90 30
42 86
25 13
64 97
17 86
63 34
51 47
14 22
73 70
78 91
57 78
57 5
91 11
69 27
46 61
93 59
44 27
79 77
30 54
13 42
26 85
14 4
39 20
78 48
96 20
87 90
52 71
48 2
41 41
32 80
72 96
86 62
86 34
53 24
65 73
95 50
82 17
70 34
32 14
52 81
23 74
97 31
54 33
21 49
33 99
39 52
12 97
3 72
67 49
3 23
2 42
28 30
0 5
79 0
87 98
58 52
96 4
9 80
61 8
95 67
47 98
11 37
69 92
13 61
22 4
37 75
74 19
72 67
55 63
54 15
41 91
26 0
61 83
20 35
60 46
88 3
41 68
81 41
7 45
20 18
81 23
48 41
42 12
9 71
74 43
18 27
22 43
64 41
61 36
