111
48 12
2 54
72 94
75 8
18 4
25 90
33 63
36 31
41 94
7 20
9 68
66 80
55 36
81 66
90 41
23 38
82 90
93 29
16 96
15 55
36 56
57 46
60 15
65 69
31 39
76 21
99 64
74 51
97 2
7 84
3 44
60 85
98 75
22 82
51 2
81 1
59 66
18 8
28 68
76 33
4 15
92 50
23 98
75 14
41 35
45 62
63 41
85 60
8 52
33 87
14 75
76 81
68 30
84 46
28 77
97 97
30 18
47 78
34 4
55 99
1 87
16 33
90 78
0 29
22 53
68 55
89 27
46 17
67 2
9 99
99 48
46 56
15 24
58 96
85 69
42 88
24 0
34 17
62 61
89 89
92 34
41 31
84 9
26 46
50 52
61 6
50 29
9 90
84 84
70 48
8 10
48 6
28 14
69 78
27 32
24 68
27 96
84 25
49 37
50 60
23 62
18 47
80 69
63 87
55 74
42 7
44 46
22 43
18 86
73 11
40 25
