104
54 71
63 91
71 25
7 77
90 34
17 23
35 67
80 20
34 79
56 2
19 40
94 57
69 8
33 97
15 3
5 93
73 80
32 11
53 67
7 39
51 83
25 59
74 39
52 18
55 50
69 59
0 5
41 28
35 42
82 69
90 2
7 56
98 20
70 99
16 96
77 86
4 32
21 63
18 81
55 24
83 48
41 93
13 25
67 1
61 96
36 59
1 85
5 65
37 33
48 6
63 54
85 30
79 62
50 77
18 54
54 9
28 25
50 27
42 85
80 40
56 86
86 99
93 79
99 93
85 0
31 2
68 73
3 14
49 52
41 70
97 50
65 38
84 16
54 14
2 36
94 34
97 9
13 77
84 67
42 1
21 43
27 80
92 86
49 44
35 51
35 27
91 71
19 17
68 12
76 98
77 47
4 71
6 46
59 69
39 63
19 67
71 10
52 0
40 13
69 49
11 31
25 49
28 71
84 76
