116
33 53
36 73
42 5
32 59
93 47
72 47
53 78
38 22
23 92
70 23
8 23
86 29
14 60
64 2
74 86
80 58
60 28
48 70
35 12
80 3
97 16
46 95
5 1
81 73
15 45
66 67
5 75
95 85
96 67
34 39
55 14
66 99
20 14
3 18
89 14
89 85
98 52
81 33
29 73
47 2
62 96
40 36
31 87
17 84
14 8
43 53
63 38
65 82
71 9
26 6
77 25
41 15
28 61
86 48
51 5
89 63
40 46
31 20
11 14
0 42
8 96
22 31
93 99
90 54
26 49
2 83
61 53
42 96
1 49
97 33
97 83
78 90
89 4
18 64
52 66
47 50
8 28
96 30
20 47
73 61
60 20
56 97
92 69
71 5
0 6
30 76
44 89
75 39
75 20
6 42
56 0
22 24
97 95
47 20
82 90
56 64
71 77
50 40
82 37
60 91
81 66
63 21
21 61
96 77
91 22
9 53
78 35
76 11
12 21
65 9
40 10
35 49
79 50
87 81
86 70
69 90
