117
13 37
87 70
85 86
1 53
53 6
6 7
50 48
40 94
11 81
34 42
73 73
43 70
86 49
77 34
39 9
35 27
50 86
15 46
12 6
54 42
3 30
27 33
37 47
81 80
31 83
69 97
77 14
9 65
60 27
24 61
58 73
97 94
88 18
96 48
62 2
71 14
71 67
81 52
57 99
41 63
70 91
46 29
3 59
93 42
44 12
61 38
44 92
90 96
53 71
87 11
33 22
56 52
5 73
3 38
74 41
40 56
74 4
47 19
39 49
20 94
26 2
17 23
0 94
98 79
25 78
23 95
96 23
65 52
96 65
88 0
0 90
5 2
22 50
25 8
74 31
75 99
19 75
65 87
36 80
25 16
2 79
32 0
71 48
56 63
78 66
52 15
8 95
96 83
83 99
64 5
49 37
94 57
19 41
49 97
4 45
56 83
17 81
20 9
38 62
78 8
29 92
88 78
41 84
5 52
25 26
83 38
84 57
43 34
19 1
38 17
82 91
60 48
27 80
47 84
48 54
33 13
88 82
