108
86 36
26 89
26 5
64 56
88 3
92 77
38 52
51 64
76 35
38 82
94 97
9 0
48 15
19 30
70 81
70 9
27 36
23 85
91 40
43 11
74 28
92 88
51 29
22 68
8 53
94 24
4 22
35 23
2 77
56 97
94 55
2 36
79 59
88 21
90 69
34 37
15 71
2 13
76 77
47 71
97 8
24 59
49 50
62 81
23 1
40 66
18 89
97 95
79 20
49 10
56 26
99 30
35 93
29 14
94 0
34 31
62 91
15 66
32 59
54 15
3 93
61 40
80 96
59 0
14 45
18 25
48 85
74 1
16 99
69 42
1 70
55 45
0 1
94 73
88 55
65 25
7 38
22 45
47 93
68 73
35 76
40 38
97 15
71 94
75 14
5 61
83 39
55 63
32 8
65 75
86 93
97 36
19 74
41 80
37 26
36 62
70 28
52 57
13 31
11 81
86 46
85 86
18 54
57 22
58 54
81 29
29 70
43 60
