105
25 49
39 50
52 33
89 44
2 31
38 83
26 4
83 93
24 93
21 26
3 5
49 72
82 10
64 62
3 78
12 79
96 65
11 14
45 67
79 17
18 46
33 8
81 51
28 59
46 81
4 54
71 35
61 19
55 48
96 9
49 95
66 96
97 94
65 10
73 65
86 34
20 63
31 77
91 71
19 32
33 97
60 5
65 48
80 84
45 24
85 24
96 53
44 58
6 39
23 42
64 53
14 58
88 9
31 70
92 88
80 46
11 31
61 80
99 25
10 97
46 1
0 70
39 23
75 81
69 95
76 1
83 99
78 65
18 98
2 13
97 48
98 87
99 31
37 25
8 82
41 0
17 11
67 78
15 65
47 64
76 37
53 42
33 44
80 2
17 94
48 87
63 92
69 16
25 28
37 14
30 88
5 63
84 20
84 84
55 67
44 53
43 95
34 76
74 59
95 16
12 19
74 30
33 56
43 73
78 90
