112
10 40
34 71
10 82
42 17
24 51
14 16
20 72
30 2
36 90
34 40
46 1
6 67
38 55
2 26
18 94
2 97
10 2
22 31
28 18
0 51
42 26
44 90
0 81
42 76
0 15
30 85
42 58
18 55
42 41
2 1
22 97
24 3
16 39
2 65
30 68
14 85
2 32
26 26
16 69
40 3
38 97
4 48
18 14
42 11
4 18
40 33
38 73
28 54
24 81
10 53
32 21
16 3
42 47
2 41
6 95
26 35
2 74
2 7
12 60
8 27
6 79
24 69
44 66
30 94
34 5
42 83
32 57
12 96
10 20
26 43
36 24
2 58
20 6
20 42
28 78
18 23
47 99
2 89
24 15
30 38
10 46
12 30
10 70
38 65
20 84
47 33
34 13
45 50
34 80
22 61
26 99
46 19
6 4
18 28
14 76
36 48
10 10
0 34
18 49
34 31
38 7
8 93
42 92
23 88
29 9
32 45
6 37
30 90
18 61
16 91
30 62
7 58
