109
6 56
72 12
49 49
59 76
54 96
78 28
25 72
48 15
74 61
12 4
10 85
34 52
16 61
78 11
2 59
74 27
21 87
25 56
84 14
11 28
34 16
79 91
43 69
5 42
97 89
60 3
88 75
38 35
28 2
33 97
90 49
11 99
53 53
17 28
66 60
32 22
60 92
95 11
6 8
82 61
89 32
61 32
76 86
50 89
61 67
52 44
18 34
2 32
74 4
28 82
73 50
53 73
72 99
17 53
82 71
39 13
49 54
70 28
2 50
60 43
59 57
99 64
83 22
14 66
76 44
2 86
54 28
99 25
90 0
59 6
96 62
41 74
16 18
32 32
73 75
6 83
4 2
98 83
91 42
32 59
19 96
32 6
46 26
64 86
92 7
83 85
34 45
6 17
3 36
49 12
72 43
63 14
20 50
88 54
20 10
14 96
96 72
85 89
47 35
72 0
24 18
46 60
93 18
68 90
4 46
86 46
26 64
77 82
14 58
