108
90 31
59 88
48 63
20 74
28 22
94 42
52 88
41 43
94 58
3 12
14 55
66 51
77 79
44 28
45 4
99 74
41 50
62 77
81 35
39 68
7 46
88 50
36 39
57 17
27 87
0 96
23 3
2 79
19 33
59 1
73 20
28 57
74 94
63 34
78 0
13 89
98 26
3 2
86 80
22 42
19 18
3 34
42 76
77 40
25 72
42 19
96 66
11 15
73 87
62 20
80 53
62 42
9 83
23 32
62 10
47 34
35 57
17 47
83 71
36 79
84 86
34 28
88 14
4 62
62 61
36 94
5 28
45 95
60 96
62 68
48 6
27 91
25 8
5 66
0 51
71 22
99 52
46 49
70 6
59 36
43 13
79 97
5 37
0 20
1 70
63 57
18 59
76 26
47 80
25 17
93 67
74 60
33 64
25 77
72 10
38 23
62 85
38 92
14 49
69 43
88 55
22 83
33 20
43 81
69 33
33 34
28 68
16 43
