106
58 95
22 49
1 80
56 42
82 43
29 8
22 35
66 90
32 87
81 91
65 65
4 62
45 19
91 81
81 61
44 54
22 58
81 22
64 42
32 39
24 21
0 16
28 59
29 29
93 13
94 52
2 43
71 2
52 71
98 95
95 67
18 90
56 10
41 99
16 75
97 27
37 4
96 42
8 48
63 80
76 6
38 41
16 21
20 7
68 51
45 80
51 32
92 96
94 74
97 59
54 66
65 34
28 84
73 10
83 30
79 52
20 66
22 42
45 45
28 3
61 85
16 51
35 18
60 71
6 3
4 30
97 7
36 68
65 23
80 77
72 98
40 95
55 13
0 34
37 72
97 81
83 36
3 57
53 57
69 0
88 5
81 96
10 19
36 57
27 89
16 80
44 27
18 35
59 28
50 40
8 56
77 17
63 57
6 70
66 81
37 48
42 14
90 55
75 38
89 93
39 63
59 81
16 44
60 39
74 87
43 35
