108
3 32
82 39
37 14
66 26
97 73
15 34
87 20
68 98
30 33
13 66
2 77
23 55
93 94
41 84
58 53
34 97
66 41
17 4
70 8
7 79
32 7
90 35
9 46
49 10
93 82
74 23
90 41
17 20
81 60
55 79
82 0
47 43
96 57
0 59
22 89
69 83
40 22
49 3
37 81
52 62
85 95
74 67
55 29
14 85
99 96
96 67
24 97
74 47
90 24
25 40
55 68
64 91
27 6
89 73
84 15
46 70
69 57
28 84
82 46
2 94
97 1
3 14
37 58
77 82
64 10
0 29
47 91
97 51
12 49
50 35
29 57
60 97
82 96
99 30
33 41
93 4
11 20
59 24
26 25
2 46
60 0
40 96
78 8
37 66
23 82
74 76
41 0
0 84
62 44
99 81
44 20
84 57
61 83
21 10
56 10
50 73
17 27
26 47
34 21
86 3
68 18
64 34
82 68
92 50
39 91
27 18
76 59
60 37
