107
9 52
18 81
64 36
79 34
73 3
29 81
11 20
83 84
33 35
56 54
50 72
19 33
3 97
39 48
29 21
16 65
91 71
67 77
4 11
84 23
66 52
6 77
59 33
90 81
25 90
87 36
45 8
61 98
2 34
33 61
68 22
80 51
19 6
99 22
93 97
4 5
98 67
50 32
1 71
69 79
84 19
33 7
48 18
84 59
26 51
12 84
98 82
70 64
59 83
17 57
73 14
82 48
38 54
41 16
40 94
96 7
99 44
55 69
44 78
22 96
63 2
2 55
46 97
82 0
79 90
31 75
68 62
64 93
54 47
36 37
27 18
97 25
99 93
4 41
12 28
83 74
70 93
26 76
68 45
65 28
13 4
40 30
42 50
39 6
41 73
22 39
10 82
93 43
83 33
10 59
63 24
52 40
31 91
53 59
25 23
25 61
60 75
74 70
11 12
42 55
34 21
28 44
93 87
74 35
76 25
45 45
31 50
