108
13 74
75 84
10 51
90 92
40 95
13 7
59 65
77 12
90 40
26 41
9 33
24 97
2 93
65 33
91 70
42 87
13 57
64 22
25 7
80 32
18 38
57 97
6 43
91 9
40 18
50 50
79 50
51 3
28 80
0 0
96 23
72 98
65 52
80 55
46 27
51 77
18 99
3 64
39 4
5 86
39 47
6 23
66 78
93 87
31 30
93 16
33 98
64 95
54 68
2 38
0 10
55 20
78 98
61 59
68 31
41 25
21 89
36 82
85 50
81 84
50 85
12 65
16 27
47 12
74 38
38 64
50 17
27 55
99 58
68 1
85 69
78 17
87 1
98 43
28 6
24 23
99 67
45 34
82 26
15 12
99 9
71 74
12 80
82 0
45 55
85 65
17 66
94 34
6 0
73 11
32 23
50 92
60 28
19 80
96 6
54 50
94 26
16 94
13 16
76 88
91 64
23 35
80 22
46 92
9 11
35 88
85 9
84 23
