118
3 69
6 34
36 7
78 48
81 80
50 41
60 81
39 32
19 91
73 10
49 58
68 38
60 94
86 50
9 65
49 68
85 44
54 52
52 32
67 51
8 13
62 0
96 3
71 68
17 50
23 76
86 66
28 23
50 8
33 66
67 32
90 11
1 79
29 96
89 85
8 3
38 52
15 35
42 22
97 44
66 86
46 1
82 91
3 14
59 9
7 89
11 47
43 43
33 18
85 73
62 70
92 72
56 61
44 15
92 54
66 43
49 48
39 82
83 24
23 0
97 35
1 49
86 99
40 86
99 59
19 76
53 99
78 3
67 23
83 30
2 28
22 32
93 12
27 18
31 48
25 90
53 26
30 4
0 53
37 66
1 34
77 77
94 93
54 82
2 6
95 33
35 47
0 20
19 15
70 63
67 14
96 78
3 63
13 89
33 62
92 2
20 38
55 2
52 75
38 28
59 19
14 54
74 82
64 37
4 44
87 5
79 60
77 30
51 44
42 62
39 8
67 72
59 27
58 12
12 42
46 19
43 50
38 59
