114
31 13
73 23
71 43
14 5
19 24
71 91
12 40
60 31
38 92
29 68
95 71
46 1
12 56
29 36
38 55
97 23
84 2
78 44
33 97
28 8
37 69
91 23
26 93
72 30
58 15
62 68
59 82
13 99
43 23
85 61
81 79
1 65
16 74
98 46
71 8
65 56
13 10
46 34
46 70
51 84
92 37
3 44
14 84
77 73
72 2
66 84
63 45
80 47
35 10
41 33
42 61
15 68
20 36
51 74
53 25
17 15
69 51
97 95
99 77
4 82
1 12
92 2
86 96
67 39
56 11
72 97
27 54
99 57
54 46
36 83
68 2
59 61
10 0
0 59
43 97
99 38
0 39
28 50
78 62
94 16
62 98
20 85
39 47
69 24
48 93
93 62
32 72
22 51
80 14
27 98
15 31
45 8
29 24
87 29
1 53
88 9
10 69
66 75
49 40
68 61
91 52
57 90
41 85
45 20
26 72
53 67
58 51
59 22
21 9
33 90
72 52
58 71
71 39
59 40
