114
96 30
59 46
47 66
71 54
79 37
47 19
74 4
21 62
96 98
56 32
91 57
28 88
75 70
23 15
63 2
86 59
56 55
49 30
57 37
5 17
51 98
5 79
35 27
61 75
33 70
7 48
18 1
96 75
31 52
2 95
70 26
18 39
90 9
78 90
7 64
35 7
95 37
53 80
36 94
47 15
35 35
43 49
14 86
8 27
98 16
68 91
68 11
17 63
79 81
46 63
23 46
53 90
62 68
84 28
10 71
78 63
40 76
43 40
32 18
63 47
46 89
70 84
88 22
57 60
48 0
46 52
68 64
16 99
82 99
2 33
94 89
7 3
68 23
97 60
82 5
88 42
98 7
17 15
4 57
21 30
55 3
74 38
26 74
30 96
0 19
7 88
81 73
32 58
77 52
19 77
16 32
61 16
60 94
21 97
78 21
47 71
40 12
39 85
10 9
72 40
30 28
19 72
56 82
85 56
83 17
89 71
18 55
46 44
76 79
62 38
25 66
71 15
81 52
59 57
