110
10 52
12 34
33 6
30 85
84 28
76 82
3 52
38 33
86 65
70 2
70 42
94 53
60 53
91 92
25 23
73 28
77 61
90 77
67 75
73 95
85 19
11 67
16 92
4 15
52 20
48 90
0 0
43 67
29 64
12 10
56 73
87 9
68 14
0 37
39 7
43 37
14 78
66 28
32 92
55 8
97 95
89 42
44 81
20 40
71 79
5 70
31 28
24 6
34 64
92 56
34 98
0 23
75 50
59 65
81 92
19 85
19 67
58 77
76 15
25 91
40 51
99 20
2 90
7 60
98 6
52 36
99 72
51 96
67 94
75 0
98 31
53 5
15 25
23 0
20 50
53 39
39 2
76 64
42 23
75 99
81 33
12 15
99 45
57 5
36 81
1 4
56 45
14 32
62 23
92 23
92 87
85 71
50 88
81 99
72 7
20 71
66 61
40 12
60 38
19 14
78 78
12 46
1 14
40 95
61 1
82 25
85 56
82 87
74 71
72 87
