103
82 39
33 77
67 39
21 38
80 58
51 38
79 95
49 95
21 3
6 5
81 22
36 3
79 76
34 95
80 4
63 96
52 5
5 40
8 20
94 94
53 55
61 79
37 22
65 23
23 20
66 3
93 78
22 56
7 56
38 55
37 40
51 21
47 78
67 56
18 98
97 76
74 71
0 58
53 63
9 24
23 60
65 99
86 63
39 64
86 25
97 97
80 98
0 35
0 8
35 91
20 35
80 0
49 99
50 0
28 74
35 0
20 0
9 65
54 80
61 19
62 41
3 0
49 35
1 43
36 27
34 45
97 93
74 55
80 91
76 36
65 0
34 99
19 42
20 9
65 91
30 20
71 77
77 19
47 21
60 58
0 19
42 72
49 7
87 78
14 22
77 41
45 57
63 37
34 10
30 59
14 56
34 36
77 12
50 92
57 72
42 78
48 43
93 72
63 8
68 63
51 27
67 25
25 28
