114
22 45
39 52
76 35
58 76
8 95
32 81
68 88
8 53
92 62
84 7
31 14
2 70
13 19
87 26
47 21
70 2
10 72
20 91
95 4
72 81
11 83
64 81
24 62
50 89
91 86
46 4
98 35
53 47
49 62
62 36
80 53
25 27
79 97
11 5
54 16
45 33
96 82
7 21
94 45
40 1
86 66
60 51
81 21
41 62
18 60
2 87
58 21
55 68
90 95
10 29
2 59
32 49
49 42
8 11
18 64
84 90
33 68
50 12
17 25
5 78
19 37
44 45
72 65
25 0
56 98
28 95
34 15
77 39
98 99
67 5
99 60
67 59
78 68
98 77
91 10
42 28
62 3
91 31
41 80
99 43
32 0
64 96
19 43
27 77
77 49
31 31
65 28
81 82
82 11
99 84
41 88
91 48
27 14
83 99
55 49
38 68
61 18
81 76
53 2
93 12
33 29
37 45
69 51
13 11
74 11
88 58
30 52
43 19
53 58
8 63
94 76
78 59
41 12
86 84
