111
60 59
36 45
35 59
97 23
88 90
73 86
2 54
26 87
52 79
83 2
81 18
89 66
61 23
3 28
67 55
5 64
50 63
56 86
24 43
17 85
79 84
62 64
1 83
46 23
8 96
28 28
35 76
9 13
22 5
47 99
99 9
69 0
65 40
94 48
93 97
79 64
13 39
32 91
49 10
95 75
9 70
47 49
67 20
17 74
74 89
55 77
88 61
57 33
13 5
90 3
22 91
91 83
39 69
27 51
14 64
85 11
14 79
53 64
68 84
72 60
87 33
35 11
79 45
82 81
52 2
19 24
0 97
33 31
67 5
15 99
98 38
57 98
21 57
39 97
71 37
76 23
3 17
8 35
98 80
32 17
39 37
56 38
39 61
49 85
4 56
94 59
82 25
1 78
52 12
61 0
83 39
33 82
20 48
28 60
66 76
75 3
25 29
92 9
72 51
32 45
71 6
47 83
83 95
90 18
12 53
57 55
78 57
75 74
61 77
80 12
70 66
