103
7 54
28 35
8 35
49 70
49 5
28 70
48 28
7 19
7 2
28 9
48 56
7 69
28 51
50 42
49 23
28 19
28 76
49 1
28 0
6 49
29 56
7 9
8 63
28 30
7 27
49 49
49 64
27 14
28 61
50 14
50 35
7 42
28 41
8 14
69 68
13 68
3 0
58 2
21 1
55 72
33 79
43 0
23 15
1 55
35 43
22 57
1 40
59 28
58 47
24 77
0 70
14 32
42 64
42 14
0 26
44 29
58 12
14 1
35 0
43 55
0 5
58 57
20 48
23 34
45 70
55 42
0 22
58 7
56 21
42 48
14 27
35 17
14 49
14 64
0 51
13 15
33 33
20 65
19 8
36 64
0 12
12 41
44 23
13 57
12 22
55 65
33 21
20 44
42 36
22 20
15 8
22 28
39 7
19 68
35 48
35 56
32 7
56 34
37 26
34 71
44 40
1 34
1 62
