117
74 78
82 8
11 61
58 18
58 77
71 30
32 58
11 82
28 71
53 58
41 90
21 7
25 25
85 33
56 88
70 10
83 3
8 67
54 68
59 40
42 30
71 54
2 94
14 44
0 46
92 46
8 21
96 22
86 94
89 60
96 81
45 11
72 83
44 79
15 2
97 11
48 51
82 18
30 85
62 94
81 77
65 38
60 71
65 16
95 27
10 87
45 67
68 24
7 52
67 63
18 64
79 11
77 25
20 97
36 0
0 7
33 44
18 39
50 3
95 99
79 97
37 16
2 34
77 50
64 1
44 97
87 63
97 7
98 72
43 34
18 95
3 17
1 38
20 22
29 50
7 0
0 65
1 80
38 61
51 17
42 76
80 33
37 37
1 50
96 31
53 46
78 81
45 1
91 53
66 91
47 93
24 88
91 87
94 0
1 85
4 12
16 60
81 43
51 35
12 38
33 65
94 37
32 30
63 9
77 73
66 34
33 91
54 96
58 82
85 49
38 44
85 91
85 11
70 38
46 36
71 16
78 87
