110
57 91
64 7
86 55
52 76
95 7
17 70
17 14
73 90
69 68
72 76
90 82
70 54
86 33
71 23
57 41
78 6
90 23
86 75
67 16
54 88
91 12
70 62
76 65
51 14
96 60
19 21
91 40
19 77
14 6
56 32
56 48
71 47
15 63
59 2
97 86
95 0
57 70
70 85
25 15
60 98
7 13
95 54
84 30
63 30
93 75
97 17
94 32
84 61
86 1
78 25
68 93
34 45
1 0
4 29
33 1
32 29
86 98
60 22
47 60
64 63
83 11
79 73
23 84
1 30
61 87
24 42
1 15
28 1
22 56
73 40
34 21
10 57
12 84
38 40
15 28
14 0
28 70
36 6
82 94
96 45
8 68
49 95
54 9
19 28
0 10
19 0
76 99
56 37
96 22
91 59
24 61
56 76
53 23
9 77
30 25
0 20
61 55
79 42
84 80
4 1
80 50
97 27
80 35
66 48
20 7
86 22
10 23
84 89
88 64
66 77
