102
61 57
78 49
30 56
91 69
45 18
23 52
80 92
29 79
33 50
10 37
75 74
85 32
47 77
15 4
36 36
2 53
46 63
77 14
54 18
23 72
94 79
91 93
29 89
56 48
50 84
36 64
13 87
30 14
92 8
64 94
98 43
46 4
67 24
93 60
83 47
4 39
68 71
44 33
24 38
43 94
63 42
98 74
86 4
82 69
59 33
75 33
14 80
57 90
96 36
10 30
56 63
42 47
77 58
73 79
38 78
55 29
51 93
20 88
31 70
29 0
45 54
0 7
10 66
31 42
97 97
25 61
5 22
27 21
43 2
99 57
99 27
78 0
14 0
10 58
33 95
70 18
91 13
23 17
84 89
0 47
26 97
57 80
18 33
99 89
63 17
41 28
21 3
97 53
37 5
75 43
78 75
61 70
35 86
79 24
58 72
76 65
37 22
43 69
26 75
34 43
33 80
40 86
