110
4 88
32 8
39 99
35 40
39 77
77 8
61 5
17 97
70 23
45 30
37 54
62 65
95 54
85 90
20 31
86 23
5 37
22 6
14 83
71 62
7 96
57 26
78 34
26 38
50 89
98 75
48 12
17 60
81 48
0 52
53 42
5 6
65 93
84 70
72 96
42 71
22 62
27 91
20 77
96 41
5 15
27 22
87 9
56 0
71 47
5 79
13 24
55 88
19 51
28 5
71 31
34 78
89 60
53 67
53 8
31 43
21 1
51 3
77 23
70 77
54 52
94 24
97 5
2 63
43 28
95 90
36 58
67 46
81 2
3 20
95 45
32 94
13 44
62 19
3 55
85 66
9 0
46 99
34 16
25 76
60 71
57 90
90 1
55 38
69 6
9 38
19 16
11 74
39 44
84 41
49 27
57 41
45 63
73 55
96 68
43 85
86 27
46 10
34 72
14 30
37 49
58 53
21 66
31 36
69 39
12 52
78 17
11 14
36 85
62 13
