196
14 18
26 42
91 7
97 57
74 77
77 22
96 27
6 64
99 93
75 40
20 72
7 83
42 75
83 62
60 49
22 58
63 68
86 85
15 96
90 40
30 22
49 7
48 23
69 96
35 88
58 35
60 84
44 37
12 41
64 7
98 76
48 99
49 59
22 6
4 28
8 5
37 51
83 99
62 21
65 99
9 98
75 56
73 7
7 48
36 9
34 68
97 96
28 36
49 93
27 85
98 20
98 60
7 79
47 76
98 42
99 6
33 98
50 62
72 37
82 26
84 67
45 21
64 65
44 44
28 25
22 82
83 8
44 5
71 82
5 55
13 33
29 6
21 62
57 86
68 23
5 12
73 42
89 83
18 98
58 43
35 65
58 7
82 22
6 69
99 72
79 98
96 36
21 78
83 55
20 20
76 8
62 26
79 70
45 98
26 99
6 33
12 47
42 30
97 13
5 19
41 51
58 47
99 51
94 98
68 61
53 63
93 79
57 78
53 21
14 4
27 48
84 51
43 82
7 94
63 94
76 37
32 28
92 36
75 84
23 43
93 22
69 56
17 63
36 84
57 12
36 13
46 35
13 93
21 11
72 79
82 89
40 70
9 44
35 56
54 99
61 41
31 91
14 77
14 30
78 13
92 12
42 12
99 82
54 57
92 55
58 27
93 69
51 84
28 62
78 26
25 77
70 70
79 93
23 47
36 37
47 26
12 16
64 12
40 54
24 28
78 51
12 84
51 41
27 12
13 58
56 72
40 93
91 26
82 41
68 48
71 91
27 58
49 13
46 70
61 55
26 71
62 33
63 74
91 92
85 12
68 29
89 63
51 49
84 34
70 17
17 70
20 34
40 65
23 90
59 91
77 66
34 76
35 45
37 22
92 48
87 77
