112
82 31
11 12
9 36
90 63
90 96
47 64
21 59
0 23
42 81
2 82
76 49
34 43
26 19
91 30
10 2
13 56
17 66
84 69
22 10
4 31
85 40
56 36
54 93
83 14
49 2
28 97
66 85
92 82
62 54
62 23
6 53
99 76
60 13
3 76
47 36
66 75
70 41
91 49
22 27
35 97
38 57
1 90
81 98
82 83
46 12
74 31
73 60
1 59
73 8
12 80
48 88
80 74
90 18
26 87
55 63
32 36
57 47
73 90
76 44
7 89
87 0
35 0
5 66
62 99
0 2
28 79
40 22
13 99
20 45
37 62
74 15
59 2
21 1
59 77
59 22
93 56
0 50
76 0
44 79
3 21
18 35
30 4
74 97
51 41
21 65
41 64
6 5
60 30
36 29
89 86
18 80
68 56
5 44
41 87
53 8
79 66
32 14
86 34
28 57
47 60
16 87
15 1
73 79
54 26
80 28
72 49
51 84
62 46
83 89
80 60
56 30
11 62
