115
93 93
28 64
44 26
53 6
27 95
37 45
52 92
15 51
30 13
89 11
48 49
97 13
25 24
16 96
58 91
40 19
31 53
2 64
51 72
76 76
93 59
78 43
23 79
66 30
2 45
72 57
73 93
96 38
0 82
72 6
33 79
96 64
44 59
51 0
22 10
59 76
54 20
82 17
22 34
42 90
79 91
92 70
21 50
71 42
15 87
13 19
38 81
54 99
58 4
70 22
32 4
88 57
36 61
49 28
35 21
66 94
22 14
57 82
1 8
2 98
26 86
98 78
6 25
96 43
14 2
65 56
17 73
72 2
98 23
0 49
86 31
45 15
38 39
92 98
36 0
16 65
38 96
79 58
0 90
96 4
62 40
84 77
16 47
42 44
79 24
45 65
5 11
62 34
30 98
9 60
23 39
87 92
21 0
67 79
12 99
94 29
8 78
81 6
93 50
6 45
31 66
49 6
62 47
83 83
69 91
46 40
60 25
32 94
81 10
87 46
19 76
37 14
29 56
12 90
27 72
