117
51 70
27 70
33 87
50 41
47 62
55 14
61 82
90 57
45 0
16 46
82 38
66 66
9 71
72 50
24 64
79 27
10 56
65 33
83 88
25 27
99 39
13 0
2 94
17 95
37 14
91 3
74 10
58 53
31 49
92 71
3 55
63 90
29 27
12 27
94 96
4 78
92 13
61 2
41 80
77 98
36 0
19 41
31 65
31 31
30 97
55 89
91 41
26 82
66 72
12 92
55 27
75 29
64 18
52 62
48 8
55 33
15 76
29 57
34 80
2 39
3 16
23 70
98 24
4 2
78 84
18 6
76 5
88 71
42 21
46 45
81 23
32 7
4 31
2 69
76 43
6 14
42 40
99 46
44 56
2 48
26 98
9 97
93 24
81 53
96 63
21 45
78 93
15 26
81 74
45 26
41 75
16 10
77 24
68 81
4 62
69 7
83 9
35 43
58 57
19 84
51 13
42 83
85 39
39 25
88 14
47 67
62 27
18 59
6 48
7 5
28 41
38 51
77 35
22 35
49 25
31 77
87 29
