99
4 4
16 28
62 35
64 71
13 90
19 55
33 22
41 72
96 49
51 97
79 74
48 88
34 99
69 12
43 33
82 47
77 90
29 36
50 19
51 61
16 18
63 79
83 61
14 35
36 18
34 41
71 41
74 82
94 94
31 82
84 27
47 47
35 58
17 84
63 26
88 63
26 96
8 58
89 99
47 82
61 64
91 48
33 51
61 12
19 48
77 44
69 31
45 39
65 85
80 69
40 86
76 52
23 33
41 92
98 33
85 13
7 73
40 50
96 80
99 25
98 65
61 99
1 3
34 7
83 11
21 72
75 98
5 50
6 87
62 45
37 69
49 24
46 8
83 20
20 92
80 84
9 43
62 30
17 62
98 61
68 55
53 69
60 85
19 24
77 33
75 15
60 15
47 56
91 74
76 67
39 13
35 27
67 49
25 47
73 91
54 22
70 26
90 51
76 60
