110
84 73
63 20
23 50
39 33
19 30
30 78
97 28
86 89
82 7
15 94
68 76
4 58
12 71
45 93
46 55
95 64
41 11
63 4
36 66
50 22
7 51
50 39
15 79
15 57
84 54
65 97
4 30
22 16
79 24
52 78
69 57
83 40
97 4
64 43
30 98
6 8
79 2
24 5
97 61
64 27
5 92
23 44
73 95
38 94
50 46
69 0
65 68
9 78
29 30
91 13
95 48
41 18
29 62
23 81
14 34
72 15
89 5
84 63
14 68
8 89
15 51
50 62
3 5
95 94
96 33
72 81
38 2
59 97
16 19
78 35
0 51
93 84
19 99
44 81
52 60
0 76
59 91
55 16
90 46
27 8
13 15
1 62
44 76
63 54
73 30
50 30
44 7
60 11
80 16
28 24
84 78
54 92
22 92
66 83
56 68
74 63
23 57
88 61
91 1
49 96
10 25
76 13
25 23
23 76
13 43
41 62
55 12
15 87
66 10
30 13
