109
2 72
29 89
2 93
61 78
97 2
43 9
94 22
87 65
80 25
57 96
84 95
23 42
22 8
53 37
6 21
93 47
17 62
61 50
83 13
15 94
32 8
93 29
47 24
59 5
98 89
1 2
32 31
79 48
66 19
36 50
47 86
60 64
20 45
78 94
27 84
96 70
3 68
28 24
37 35
15 6
62 3
71 68
57 41
49 75
7 97
81 89
73 24
13 52
90 15
64 88
84 58
52 24
29 97
55 72
80 36
92 86
49 52
57 13
51 88
35 23
5 35
39 83
0 39
34 57
5 16
17 72
98 99
45 1
0 99
99 75
71 51
99 39
70 65
20 39
32 74
12 20
5 1
62 35
13 58
46 61
15 99
96 25
88 3
68 95
38 9
0 30
90 64
74 12
40 59
15 66
92 62
98 13
29 50
73 86
49 41
34 92
59 9
55 65
16 44
29 21
54 27
12 75
43 18
57 92
67 73
20 91
79 64
53 6
48 12
