106
54 24
10 94
15 79
49 93
55 43
51 61
66 56
49 2
4 64
61 80
89 25
35 88
95 4
25 99
78 42
41 46
45 26
38 78
59 9
61 49
16 69
39 58
85 63
27 85
24 53
86 89
27 37
1 28
26 16
11 10
70 96
73 23
29 2
0 0
76 8
98 36
84 72
16 41
95 22
49 98
41 73
3 53
64 0
41 40
59 27
1 91
40 21
85 82
1 8
89 42
34 8
24 61
95 71
68 37
3 18
46 90
67 14
18 94
35 41
61 87
50 45
50 21
87 34
32 80
57 16
97 55
3 34
81 7
74 97
25 20
0 78
81 57
9 47
72 39
19 37
71 80
21 55
84 99
80 0
56 80
15 9
4 89
40 4
59 1
39 64
18 77
39 25
88 56
9 24
32 92
95 63
34 63
23 28
69 24
10 50
57 41
32 16
51 7
7 32
67 6
21 92
34 55
43 14
61 20
15 18
45 30
