111
17 32
51 55
89 64
38 76
60 28
42 53
96 12
2 28
43 92
75 9
88 38
46 33
21 53
80 96
14 71
36 3
24 36
69 33
31 79
51 67
96 32
14 24
4 14
75 74
69 54
62 91
96 96
58 10
93 80
18 6
27 96
10 97
33 13
37 28
95 57
2 77
81 90
71 17
32 65
16 48
57 90
31 43
97 42
25 85
45 78
93 20
15 57
36 96
37 63
7 37
63 18
85 79
59 59
89 99
6 65
67 82
10 16
31 58
86 0
3 0
55 0
77 54
47 39
1 98
82 40
41 1
99 6
28 16
44 15
97 61
76 25
50 41
0 94
61 73
10 79
99 27
79 65
83 7
30 21
20 89
52 94
51 2
5 55
67 88
96 47
57 22
74 35
54 76
82 51
35 49
28 65
91 28
54 53
38 91
83 70
86 93
33 25
27 4
66 11
52 27
6 84
21 81
19 22
45 42
32 34
20 57
44 63
28 74
70 28
83 62
39 83
