111
55 54
69 6
97 41
4 65
8 27
83 20
36 39
83 57
6 6
56 19
24 8
28 78
62 84
36 92
13 93
88 84
73 64
48 27
3 10
95 78
61 59
39 11
18 47
68 43
96 0
1 48
42 74
33 53
1 85
70 28
93 25
76 85
32 37
81 2
33 99
6 71
43 9
21 73
51 37
41 66
95 10
63 78
92 46
61 5
19 22
10 43
60 70
89 74
79 30
4 21
16 4
74 7
39 46
80 66
24 88
88 6
13 44
75 14
32 43
97 62
99 97
21 62
66 17
6 99
41 25
78 94
39 1
0 55
92 41
59 37
50 55
22 0
42 99
57 4
27 58
4 82
78 42
97 58
46 75
1 32
82 71
72 50
8 68
38 7
95 29
28 95
49 22
64 75
8 85
20 59
48 51
6 31
16 97
64 27
79 24
66 64
32 85
51 69
2 89
15 36
23 58
74 79
35 78
6 57
30 3
86 10
72 31
47 37
33 66
78 11
18 54
