109
84 42
25 67
72 92
26 51
95 94
37 19
6 29
38 43
63 68
29 91
19 36
98 38
23 10
85 82
52 22
6 54
73 13
52 46
58 83
78 97
37 97
31 70
3 48
23 82
53 69
75 78
32 41
86 90
92 61
70 44
39 57
60 5
87 11
17 8
72 62
6 23
11 61
96 72
71 36
23 28
11 89
69 96
55 14
51 52
47 37
42 77
19 47
65 62
26 19
64 13
61 94
64 46
56 61
37 50
32 80
82 25
0 0
46 1
7 75
67 88
14 52
5 98
0 10
86 59
31 5
51 96
68 28
5 38
3 91
4 14
96 97
91 57
50 29
46 6
78 11
36 22
90 75
30 2
55 98
1 62
82 45
14 77
67 1
77 61
23 52
42 60
1 84
59 76
62 32
36 90
33 72
9 32
75 22
53 43
81 81
49 15
79 64
24 42
20 61
9 37
69 17
63 57
36 65
42 51
79 91
36 9
25 46
34 48
75 56
