110
5 3
96 40
57 92
55 47
25 42
11 54
50 51
78 82
94 71
59 67
57 27
33 69
73 7
62 84
41 49
96 66
98 83
47 40
91 78
28 96
34 4
17 29
1 80
90 8
82 37
19 9
16 78
30 20
84 21
72 61
41 90
68 31
36 76
10 62
36 52
48 26
96 31
13 22
19 81
58 16
78 0
77 79
2 53
78 64
63 78
39 14
18 55
63 42
84 29
9 80
89 87
89 62
37 87
22 89
69 91
25 12
55 59
78 27
64 72
55 11
97 2
99 49
34 31
3 24
88 99
77 43
20 96
50 96
0 87
26 64
76 98
8 45
95 12
31 38
42 5
20 2
99 90
63 2
7 18
44 21
40 66
90 53
36 97
61 18
11 41
91 15
76 16
64 34
81 42
22 50
48 34
98 76
22 27
61 87
93 26
79 68
14 15
27 82
63 66
17 58
43 59
32 47
36 23
7 31
64 24
20 42
30 60
73 30
60 34
72 24
