114
62 22
93 9
46 54
23 65
9 33
4 46
19 76
63 65
46 34
91 44
88 66
33 75
69 82
2 91
47 48
88 11
71 19
57 67
84 52
16 85
65 24
30 66
32 24
18 47
90 95
84 25
12 17
34 96
33 41
57 6
65 41
20 4
40 12
23 31
38 82
32 50
60 81
69 58
34 3
66 5
82 7
95 0
46 62
19 57
79 42
28 92
56 44
24 38
55 29
46 4
72 71
78 36
68 10
1 70
97 78
53 99
5 0
70 98
34 31
26 45
98 63
93 38
0 87
80 85
99 95
10 59
96 81
3 6
50 91
25 9
13 95
97 16
79 0
45 77
76 85
9 24
19 81
74 56
98 54
83 28
5 75
49 16
19 10
38 27
96 44
8 44
61 49
47 68
36 89
63 85
13 61
79 22
48 72
94 73
40 54
33 13
16 32
53 34
27 60
90 2
24 28
70 49
11 89
69 63
72 92
7 49
93 20
9 71
61 70
75 28
74 13
33 65
14 53
22 74
