101
12 80
73 55
85 64
32 87
95 30
16 14
64 86
83 9
32 48
19 92
50 82
48 16
33 69
60 6
80 35
16 36
52 48
96 44
28 10
52 26
33 35
3 31
94 59
40 95
25 40
0 49
57 68
99 85
79 87
18 66
84 15
39 62
37 6
47 96
84 0
37 25
69 36
67 6
76 49
70 76
21 96
14 3
97 34
67 15
22 63
51 8
64 58
39 54
9 88
96 5
8 23
41 76
80 39
4 42
46 24
79 54
31 56
3 69
92 79
81 91
6 98
71 71
53 67
61 37
0 20
21 16
82 19
96 51
12 51
97 24
57 52
40 40
47 81
68 24
86 72
87 93
26 79
57 83
11 9
28 25
5 25
54 37
16 75
45 60
20 2
64 14
84 77
83 31
90 57
72 86
31 19
19 55
71 50
24 71
88 14
17 89
55 54
39 68
89 22
80 63
74 42
