106
20 8
70 3
71 80
44 72
72 31
85 7
55 73
67 95
12 88
62 72
69 59
52 48
41 3
39 97
96 42
28 29
32 56
74 20
63 30
15 30
15 93
0 11
5 65
3 42
88 57
46 19
86 81
99 23
41 86
93 78
32 21
16 77
3 62
61 98
46 62
52 39
62 5
14 9
74 60
75 38
99 48
2 28
24 96
48 90
78 75
55 21
85 38
81 13
24 14
59 81
37 61
9 71
84 71
56 32
62 60
8 22
35 42
19 49
49 85
70 66
2 99
88 95
71 45
86 29
56 2
38 5
38 41
0 80
96 62
32 75
29 97
15 55
94 27
26 0
74 90
83 54
1 85
64 9
55 55
3 19
8 41
46 24
37 36
89 85
46 4
45 99
31 18
72 26
25 44
11 23
51 69
50 46
66 12
68 90
8 85
81 47
61 36
52 6
22 16
8 13
47 33
78 85
54 77
65 67
58 68
41 16
