111
66 50
39 4
57 84
13 21
24 30
34 61
42 96
95 54
28 96
84 88
15 74
18 49
71 96
53 56
81 59
62 8
31 82
10 55
7 76
44 90
91 97
69 79
89 54
17 26
51 96
97 81
74 19
22 9
87 2
80 38
95 22
35 40
54 29
85 71
26 13
20 65
83 1
94 34
53 3
92 16
9 87
63 67
8 13
68 26
14 44
82 86
91 68
42 61
63 84
22 71
55 71
48 12
84 24
95 73
58 90
37 92
88 57
0 43
0 27
40 25
12 96
51 49
50 86
37 46
98 1
3 60
37 75
1 13
94 40
36 1
59 37
88 80
69 10
73 45
53 19
35 18
1 83
70 70
57 99
88 95
44 75
30 33
51 45
24 88
9 28
29 54
62 58
88 16
3 53
99 41
73 34
18 7
77 92
68 14
8 79
75 64
92 2
25 64
41 64
23 79
72 78
45 34
99 59
74 29
11 58
81 48
61 23
60 70
73 56
39 82
87 61
