115
61 54
7 36
30 59
52 26
31 28
16 56
34 20
71 6
26 42
52 4
36 72
54 93
2 96
84 58
21 92
70 53
39 52
60 89
4 53
23 61
99 24
59 72
88 98
65 20
95 83
20 77
18 14
85 28
81 84
40 96
80 43
34 7
6 25
52 77
67 0
88 69
13 79
82 2
52 39
48 62
70 14
38 25
8 42
14 64
90 49
29 74
62 58
8 95
94 30
43 66
81 14
89 82
21 46
58 80
34 53
8 87
4 7
98 1
26 99
70 37
1 23
55 10
27 2
72 81
0 57
41 86
99 44
24 51
20 17
98 64
79 98
24 95
2 79
99 78
3 39
43 2
56 39
79 68
66 29
84 43
20 28
55 19
19 8
8 69
36 28
49 34
53 1
44 52
71 64
67 78
76 59
59 52
51 67
89 32
15 28
48 81
82 92
41 13
73 2
24 75
36 93
2 28
66 44
29 37
13 42
83 75
17 82
44 57
68 8
75 46
47 91
14 33
17 69
58 9
39 66
