111
42 13
54 45
84 3
39 51
15 12
60 96
26 21
86 69
11 63
68 65
26 85
73 46
4 15
51 43
19 28
38 64
18 56
50 2
72 73
57 61
32 52
50 54
87 30
94 82
79 95
65 32
4 49
26 3
48 75
16 99
93 54
98 2
39 93
11 72
73 25
11 1
93 36
63 80
44 35
27 40
9 45
98 22
86 10
95 68
82 59
35 84
84 34
55 81
33 7
36 29
18 40
58 32
11 18
33 62
83 53
28 97
32 43
28 27
65 74
82 23
59 39
47 59
72 56
67 0
64 6
49 20
5 77
20 84
77 89
3 98
98 54
5 33
30 70
50 96
99 76
77 40
1 53
1 13
81 75
69 14
67 51
74 99
36 0
0 69
42 19
58 0
14 93
17 64
71 9
45 70
12 27
35 88
24 55
81 45
26 77
38 37
43 5
22 94
86 74
43 72
90 22
18 45
34 21
56 57
4 23
51 31
62 46
53 75
46 51
70 36
52 50
