201
90 93
5 64
64 5
3 14
84 36
72 73
51 49
77 55
98 35
14 90
63 20
38 42
98 62
4 42
38 14
30 56
22 12
92 9
47 63
35 93
14 28
53 79
26 73
72 94
48 29
54 94
69 42
20 43
89 79
79 22
63 57
2 82
2 98
29 25
80 0
14 0
39 0
92 48
71 88
93 96
44 65
86 70
2 48
98 18
33 99
50 34
13 63
68 35
50 93
50 1
0 19
37 85
0 78
6 0
97 4
97 80
41 15
58 18
30 28
78 6
21 87
0 34
64 61
14 24
30 0
57 74
99 32
19 47
33 54
16 84
82 29
78 50
7 97
96 57
64 42
54 32
54 2
18 70
35 78
52 98
76 97
19 9
83 64
35 38
71 80
5 49
50 78
93 19
70 10
3 5
98 53
1 72
49 58
68 28
83 3
0 25
43 21
21 98
82 50
66 58
35 71
0 94
99 89
0 56
85 79
86 95
19 65
25 51
91 33
40 44
54 9
68 3
92 16
21 28
27 10
99 73
55 43
20 91
79 64
97 46
1 41
93 0
61 99
65 75
78 25
5 79
16 44
39 79
35 22
5 56
53 51
22 0
49 5
41 38
5 20
63 27
64 89
28 96
21 75
85 84
77 67
99 21
83 45
35 6
40 60
16 39
65 13
21 24
51 83
5 93
14 60
63 72
49 24
84 19
4 35
78 40
13 7
24 57
30 79
65 33
57 57
5 71
49 69
34 47
78 82
93 71
93 54
54 84
7 28
53 23
81 9
93 44
40 71
27 66
52 42
28 39
37 30
59 65
12 70
56 36
42 11
44 28
91 82
14 82
14 13
8 82
77 78
69 23
77 37
39 49
15 49
68 14
20 37
26 44
47 13
84 56
90 29
29 18
61 51
25 86
72 66
