109
2 57
3 92
32 82
93 66
27 38
3 22
92 59
94 78
61 69
25 5
81 36
3 28
44 15
49 81
4 6
18 73
62 43
19 59
32 6
30 30
9 70
9 20
61 82
45 8
59 12
75 85
32 66
86 17
92 3
95 42
57 29
73 9
62 97
18 93
41 93
30 22
61 63
92 86
20 44
5 85
4 71
85 39
15 48
65 6
18 10
24 80
42 22
71 98
4 96
24 52
5 62
43 87
88 87
52 12
29 73
21 16
39 52
75 53
44 37
71 26
9 61
2 42
5 3
92 25
54 48
78 57
78 75
55 95
45 73
75 2
41 0
9 35
56 62
52 33
91 10
93 92
60 0
28 87
63 75
46 95
78 82
26 30
8 99
53 26
34 47
11 6
85 31
81 15
86 53
71 59
92 71
60 90
61 49
33 24
62 15
2 17
38 72
82 21
55 76
15 1
51 44
84 67
50 28
38 17
56 67
67 84
40 29
88 80
54 82
