112
11 79
23 67
58 21
93 28
88 73
31 31
85 16
55 67
41 90
7 36
12 11
75 30
2 67
88 47
68 89
75 2
30 64
92 13
64 78
43 36
65 24
79 82
92 95
26 92
88 32
63 52
30 2
37 18
57 38
5 53
61 54
97 85
0 9
11 28
56 81
59 96
80 46
78 67
93 54
89 6
96 77
36 96
30 24
6 46
4 75
7 28
52 41
69 71
35 67
84 94
74 11
7 1
66 38
8 15
70 58
35 50
50 2
5 97
19 52
61 0
39 51
24 2
40 13
24 38
19 95
97 60
17 81
66 96
91 3
17 15
44 78
96 44
51 61
99 17
75 26
0 59
60 7
84 66
78 52
31 68
76 86
18 38
0 29
33 16
1 44
32 86
8 92
36 53
73 44
57 92
71 5
72 22
60 73
9 69
81 80
0 19
61 35
28 50
92 22
17 30
51 51
22 12
36 28
57 65
63 15
76 37
31 44
80 25
31 56
65 34
57 45
61 61
