113
89 37
56 78
73 6
57 53
18 77
20 47
75 43
69 66
10 7
98 23
83 20
24 10
43 41
56 29
54 92
54 58
26 52
96 11
56 24
62 88
24 41
93 35
6 65
35 77
45 12
4 51
98 88
7 21
72 57
73 24
41 85
92 49
70 72
41 3
30 18
2 71
74 1
60 43
14 34
52 76
33 54
47 60
77 50
46 34
23 82
78 2
44 20
61 95
75 21
17 56
67 20
60 36
87 22
61 78
70 46
66 64
43 50
98 63
78 92
19 96
6 85
59 8
77 61
84 77
84 43
92 6
85 95
5 1
99 97
16 99
1 90
31 96
59 2
27 4
97 55
91 69
9 33
37 63
52 99
81 97
32 39
35 22
45 5
26 74
16 13
98 31
12 50
41 77
68 91
83 63
9 77
75 81
10 92
60 16
27 60
56 44
30 8
50 57
98 46
82 88
44 70
69 36
86 34
87 9
65 70
48 85
59 50
65 10
51 38
64 57
77 70
56 67
37 12
