120
40 55
24 38
29 1
3 82
71 59
28 93
30 25
30 47
62 94
95 30
57 8
66 30
61 69
52 98
17 5
64 6
38 8
60 58
93 14
3 33
84 89
79 20
89 58
0 9
98 91
51 29
94 44
5 68
19 82
88 73
76 40
22 54
43 41
67 78
17 39
74 1
22 96
42 92
55 54
66 99
35 28
8 25
51 0
41 15
21 19
62 38
7 57
10 10
83 79
55 72
76 96
71 9
34 52
28 6
70 50
94 82
27 29
4 97
25 68
37 39
41 69
7 51
40 83
80 34
87 7
80 60
90 50
2 87
96 18
7 72
65 21
30 66
43 84
99 39
81 99
49 21
0 48
56 51
43 0
60 86
36 97
69 73
46 39
23 0
12 30
79 15
84 65
57 2
26 84
11 66
9 36
13 19
58 37
13 92
28 23
84 42
57 83
39 61
52 53
68 92
75 19
27 49
58 16
15 74
37 13
74 64
22 8
62 79
11 81
42 57
81 71
66 63
80 47
67 7
51 46
21 34
30 39
42 50
33 13
31 56
