111
67 20
53 65
30 56
46 39
89 43
15 23
94 23
50 94
78 58
19 67
20 87
36 77
7 59
56 5
55 51
91 74
25 53
20 31
59 74
97 13
5 53
42 43
65 44
54 25
42 91
82 99
78 5
26 14
75 76
2 90
81 35
36 93
29 31
97 2
16 91
4 41
67 16
99 74
5 19
74 53
17 96
62 68
90 53
95 82
86 35
54 33
40 79
48 67
23 83
1 23
15 53
9 97
74 44
33 41
86 22
38 99
85 86
42 58
49 80
10 0
40 17
67 88
25 93
96 96
11 74
38 6
95 56
53 11
22 8
0 83
69 93
99 28
80 9
78 67
36 27
68 26
2 34
95 6
2 13
99 41
38 57
56 95
28 9
84 72
70 46
47 17
31 78
92 88
64 65
96 71
15 81
83 40
19 17
57 10
9 35
56 42
37 72
42 7
29 27
62 24
39 52
46 32
55 67
27 73
33 45
86 60
14 15
72 36
45 57
16 87
61 15
