108
43 89
49 52
50 37
69 44
98 70
68 91
25 24
48 22
51 66
32 40
8 98
55 81
12 75
14 33
35 68
1 22
66 30
63 45
35 14
18 44
91 75
55 77
54 92
41 25
43 48
85 9
29 91
68 14
69 70
11 58
82 63
80 33
21 64
2 59
83 6
0 29
11 80
95 86
22 20
34 3
74 87
60 7
73 51
23 50
96 6
89 61
41 54
9 41
77 71
62 97
45 17
80 18
33 33
71 31
60 57
19 34
29 45
30 19
54 44
68 83
97 23
88 46
16 3
13 95
99 97
37 75
96 28
8 17
60 88
26 87
73 37
97 49
1 97
68 8
90 89
36 61
2 47
46 92
90 32
87 81
50 18
11 12
95 14
27 80
68 60
32 9
8 55
85 41
56 34
40 69
7 26
54 98
75 65
92 67
10 61
17 81
64 77
86 16
42 8
79 48
42 35
84 76
48 74
10 33
38 40
32 24
53 86
37 21
