119
8 17
74 82
44 37
56 40
68 9
17 5
67 62
85 70
87 41
15 93
29 60
3 68
34 90
30 15
77 96
6 23
43 49
30 88
68 2
64 52
83 81
14 52
43 9
4 39
94 59
44 75
18 32
20 71
96 30
69 34
92 97
38 24
69 79
12 83
3 8
75 50
96 74
26 46
30 71
5 49
63 13
59 57
38 35
3 33
58 36
18 88
87 88
9 75
89 67
36 12
14 24
42 64
31 74
34 49
19 13
94 5
82 24
49 97
63 95
52 22
48 4
87 3
50 88
54 72
89 43
0 63
73 35
72 64
80 10
91 26
24 30
15 56
45 58
18 98
95 90
50 7
46 23
31 4
18 38
48 73
24 75
68 76
44 91
73 28
70 48
59 93
89 51
99 66
83 38
57 26
17 61
84 96
80 64
40 44
68 14
31 31
62 60
36 88
88 27
55 47
19 53
40 4
60 81
56 67
28 25
42 54
81 87
20 91
70 20
80 44
23 82
14 33
9 64
32 83
15 70
49 16
26 67
26 58
71 59
