113
52 87
66 17
62 51
54 37
77 41
79 4
35 70
21 77
19 94
42 13
92 84
91 53
15 52
33 29
79 90
58 7
12 96
39 79
30 90
49 7
42 55
74 64
15 9
5 36
92 11
3 21
89 68
96 47
10 64
57 33
55 97
23 34
54 77
47 60
10 7
41 43
68 66
97 84
35 11
25 60
83 75
47 30
25 43
98 65
27 4
48 94
68 3
54 53
71 55
27 69
86 57
11 41
56 19
81 72
60 87
83 83
38 5
99 54
59 63
21 66
95 28
2 76
36 64
7 79
20 17
77 18
4 96
86 98
99 10
76 34
0 59
33 97
72 97
95 77
53 73
33 24
1 10
99 37
0 94
54 4
86 30
13 23
91 14
67 31
41 99
26 50
68 46
8 57
68 75
39 27
25 85
45 85
34 48
71 14
53 30
82 45
20 4
48 46
21 85
77 86
50 70
25 32
6 88
71 62
91 42
50 13
60 24
47 80
22 58
64 10
38 91
30 40
15 89
