96
25 14
16 25
6 13
21 83
76 20
3 3
4 57
16 78
29 4
28 19
24 64
51 90
68 93
12 95
95 31
55 4
12 27
75 27
11 53
2 21
17 68
20 9
62 41
11 20
86 54
67 64
91 9
48 66
89 76
60 26
58 76
26 97
89 46
2 66
97 9
99 59
76 84
75 63
52 99
55 23
17 51
93 23
64 12
59 51
94 0
69 38
90 61
13 98
99 39
15 1
30 74
86 82
69 87
61 67
84 22
7 74
80 58
59 97
56 12
13 89
79 31
23 71
83 71
9 63
73 6
0 81
28 50
20 17
98 73
52 83
78 6
27 90
27 31
97 45
74 45
2 28
3 96
74 91
96 79
29 88
60 44
64 5
68 99
83 41
1 90
87 8
69 79
27 12
83 59
99 54
69 49
87 19
15 96
18 89
81 17
15 62
