114
2 4
52 63
97 3
44 40
41 89
29 19
94 63
16 48
56 24
66 79
26 75
77 58
86 16
12 32
3 80
30 50
25 24
50 85
7 11
17 67
86 3
40 43
87 56
51 76
35 83
64 67
76 32
81 96
63 46
59 8
98 39
28 5
97 79
5 96
82 79
73 92
56 31
47 59
88 41
19 81
54 95
35 36
24 9
62 17
82 37
79 64
81 15
19 39
74 78
39 55
20 18
51 11
96 47
73 55
51 45
34 13
42 33
73 37
90 64
71 83
19 29
26 99
1 51
97 25
61 87
95 93
80 84
32 68
11 96
66 1
2 43
4 57
99 10
4 19
57 49
3 0
52 7
5 28
9 82
75 98
70 17
12 68
35 87
48 71
7 1
60 96
50 27
26 55
68 39
81 8
99 18
88 92
36 33
6 90
67 53
83 30
13 15
35 51
89 50
39 84
66 9
45 62
93 40
36 28
17 4
59 38
56 72
85 87
27 34
59 58
59 80
32 42
9 22
30 29
