111
65 54
37 8
29 27
50 28
36 50
90 94
93 72
20 61
75 68
26 79
53 84
70 86
92 17
10 27
53 42
84 33
8 81
40 15
35 78
25 43
19 19
83 96
18 51
42 36
87 54
51 5
65 17
98 34
73 42
4 50
50 96
52 23
64 97
16 68
35 67
13 92
55 3
3 36
78 20
12 64
71 63
70 79
14 25
93 59
24 37
98 23
70 46
40 60
30 10
88 44
11 18
30 50
45 42
45 18
97 2
71 3
55 68
56 12
18 4
91 2
8 98
99 97
97 77
1 16
34 43
0 86
23 94
49 81
6 42
32 3
65 1
86 88
79 24
78 10
99 53
49 56
76 63
92 6
12 49
50 90
25 84
8 74
90 69
53 73
76 45
31 64
14 10
56 33
39 81
82 81
27 3
43 21
24 25
61 73
86 59
45 61
6 57
64 88
85 11
75 72
77 38
18 86
78 86
96 84
20 37
91 27
18 71
23 10
34 35
46 23
60 82
