89
95 35
94 3
28 15
37 26
95 28
26 94
28 6
67 27
58 93
27 59
94 73
55 73
85 38
39 2
96 46
12 53
55 0
84 2
58 27
93 53
26 83
85 73
86 24
61 28
27 1
97 22
50 26
1 77
73 85
27 39
12 91
74 14
40 84
25 73
83 57
51 94
19 37
93 7
64 84
28 52
9 83
15 60
83 18
94 66
47 84
59 37
15 83
88 48
96 95
3 34
4 7
47 60
82 99
0 61
15 24
59 5
28 99
74 61
44 50
78 36
62 70
18 3
61 13
74 96
51 40
3 93
6 26
30 20
29 66
18 42
38 18
41 91
21 97
0 81
30 80
27 49
11 43
99 38
66 92
16 73
80 5
48 96
91 24
36 84
26 10
19 49
57 87
30 90
92 20
