115
39 71
0 42
66 28
38 7
31 61
53 62
40 35
7 2
78 48
40 89
21 34
88 4
61 10
60 64
73 24
45 13
45 43
22 52
35 76
21 43
55 73
96 56
2 87
92 22
71 80
96 78
11 18
88 37
92 93
11 61
69 97
26 91
6 41
42 50
45 20
12 90
82 77
91 36
5 69
67 57
26 29
80 22
86 53
93 67
49 29
26 57
71 89
53 43
42 80
57 25
82 96
21 66
11 54
81 36
30 54
63 21
90 25
24 5
56 91
47 23
43 97
96 0
0 8
32 67
16 49
84 8
15 81
74 62
4 27
57 87
14 15
46 0
96 71
3 93
74 41
68 10
77 76
29 2
33 21
21 95
98 42
97 15
2 50
47 4
99 64
4 78
57 81
0 35
76 64
48 60
73 44
9 8
88 8
36 81
35 45
45 94
12 27
47 56
78 14
6 85
72 55
11 33
24 75
62 66
68 81
37 15
41 41
15 57
71 21
11 46
60 88
40 57
91 16
87 45
36 62
