108
70 5
67 92
84 47
95 37
16 43
60 40
90 5
65 73
84 87
95 60
26 23
30 94
76 26
35 55
50 87
9 49
33 46
48 58
97 15
89 90
67 62
66 18
81 11
70 80
38 91
87 31
5 63
48 29
38 1
82 70
40 71
1 11
8 92
45 15
3 36
20 10
30 73
23 87
10 98
15 68
66 38
98 86
66 88
14 34
4 53
52 36
55 79
80 31
80 98
76 8
78 65
95 7
21 98
34 62
90 16
5 78
24 0
29 31
53 96
41 15
60 16
99 62
97 78
49 1
62 55
81 51
19 82
0 99
15 0
4 24
18 49
50 50
66 1
43 33
99 23
46 73
92 99
61 65
8 72
37 86
66 48
57 15
9 4
2 47
82 65
32 21
47 47
61 98
91 40
20 29
92 82
64 45
70 30
98 9
40 60
92 55
33 90
54 29
50 15
58 64
65 79
74 47
75 92
17 40
75 22
83 74
36 52
69 71
