108
40 57
61 95
65 12
89 83
11 2
58 22
9 29
57 36
49 6
94 22
3 99
71 67
34 43
35 90
24 30
55 61
13 85
14 43
20 68
42 10
47 31
79 67
35 97
53 15
78 92
29 4
95 65
97 38
74 28
18 16
19 99
44 79
18 58
65 73
55 92
65 42
0 38
35 61
65 7
28 47
2 21
7 83
79 35
89 48
30 87
40 64
94 30
54 46
79 55
34 11
9 18
21 86
75 77
61 84
25 63
8 98
46 47
8 38
44 16
19 24
35 74
49 53
84 2
0 55
34 51
80 18
90 4
15 0
3 52
49 76
97 81
66 3
41 33
56 98
46 2
96 53
96 10
83 90
9 77
70 44
78 21
87 67
17 61
20 47
44 26
73 60
75 2
58 29
68 82
91 1
56 58
22 2
41 93
89 37
52 84
32 36
69 91
19 72
45 71
72 25
38 26
60 6
35 81
51 44
24 41
62 21
34 66
26 69
