113
66 42
83 78
91 16
26 60
27 29
73 90
1 13
40 43
41 59
28 97
76 31
44 14
73 55
29 22
74 72
38 67
31 85
5 41
54 2
16 13
59 21
94 45
5 62
98 77
72 4
42 95
57 93
58 78
32 3
12 93
26 44
98 7
60 49
86 20
77 94
65 17
93 68
94 40
44 38
95 54
9 31
48 82
16 88
70 69
39 52
78 40
82 15
14 67
63 2
71 96
61 37
84 55
30 75
46 4
13 24
34 13
46 69
85 34
67 51
24 34
85 6
20 20
50 67
32 65
63 89
93 93
4 78
72 40
2 0
17 3
45 28
1 61
0 42
20 42
24 1
98 25
84 81
20 57
43 24
8 76
2 10
17 95
46 53
61 65
67 9
62 99
90 60
32 96
40 38
58 39
95 31
12 55
45 20
65 83
30 17
79 76
93 75
56 30
7 14
56 70
23 68
79 48
15 39
71 62
93 10
36 74
30 32
89 75
47 39
63 35
30 12
86 43
70 44
