110
84 73
61 55
37 94
43 25
92 32
7 7
3 91
42 35
5 22
21 43
40 69
68 68
76 35
41 50
35 21
24 86
94 70
44 97
61 74
32 27
88 7
62 7
78 91
96 48
80 54
29 8
3 42
95 92
58 88
78 17
7 99
95 3
56 7
73 89
9 85
34 50
66 38
54 71
8 50
80 2
22 95
27 69
81 49
93 62
99 9
52 94
89 94
70 74
49 30
39 85
78 27
58 46
41 16
86 15
69 97
78 86
39 58
70 9
34 86
32 34
66 51
87 84
34 78
3 71
19 20
15 95
97 34
2 37
20 61
4 66
38 2
18 39
58 24
65 85
96 65
14 21
12 78
2 57
47 70
60 30
72 64
22 47
38 49
80 42
95 54
52 50
59 99
93 24
47 10
94 40
47 36
84 1
68 23
23 39
14 28
75 71
33 13
57 80
30 96
43 62
44 93
75 13
63 94
32 44
70 46
39 34
82 8
36 12
28 21
31 55
