112
12 11
22 43
79 34
17 31
93 67
99 33
80 10
61 20
25 58
63 35
6 71
33 23
74 61
47 45
26 85
81 20
33 83
82 73
16 6
40 28
26 52
91 87
63 75
61 2
48 68
2 96
3 22
90 48
97 9
56 88
74 85
2 89
30 69
94 90
22 1
97 49
54 15
58 36
90 0
96 65
38 85
10 31
84 39
76 14
58 84
20 79
51 57
54 22
24 35
3 76
71 30
1 12
62 10
72 77
32 32
97 79
53 36
23 6
90 15
18 49
4 48
44 1
73 13
64 51
70 93
98 27
13 66
80 58
39 96
42 45
99 99
47 74
63 70
79 95
68 50
80 0
26 20
12 91
10 61
35 7
31 55
12 26
95 16
41 71
93 33
75 0
20 72
48 8
82 48
12 46
29 96
39 40
92 72
65 44
65 61
5 17
40 56
95 58
6 39
86 71
89 22
26 76
21 12
56 30
71 21
18 26
74 44
36 63
69 85
19 65
33 46
18 54
