107
33 32
71 94
8 47
32 38
74 80
33 91
75 17
71 61
80 34
19 22
3 97
5 2
19 3
56 97
5 73
66 6
97 24
43 7
78 48
49 51
16 38
46 41
63 55
7 17
40 48
99 93
52 68
97 79
64 30
35 76
2 31
88 64
14 60
92 2
65 76
38 67
81 20
90 37
29 4
73 3
9 83
61 20
75 63
4 25
64 81
54 42
88 74
33 69
19 53
27 24
89 45
16 70
72 89
53 74
18 45
9 9
40 33
84 55
13 21
75 29
54 38
20 99
99 55
76 72
53 95
37 95
96 97
23 84
99 19
53 20
38 15
59 6
79 99
70 47
15 97
30 62
81 0
94 10
3 61
36 1
98 33
55 54
2 5
27 83
47 95
22 19
7 88
46 26
57 68
13 40
36 10
1 11
60 28
32 42
43 55
10 0
71 78
62 37
20 26
67 15
66 61
65 92
35 85
23 93
51 60
13 30
16 10
