106
44 88
64 75
14 74
27 61
74 54
49 48
92 93
89 68
16 10
27 87
87 31
38 13
18 24
57 9
4 48
49 27
77 41
9 81
4 2
95 8
66 82
49 94
33 3
13 45
64 6
46 20
63 43
33 45
15 99
44 64
34 28
65 26
80 22
2 12
78 73
61 68
97 76
86 91
75 8
86 54
55 55
20 38
42 81
39 95
60 82
23 78
6 56
89 25
74 87
48 40
34 36
12 88
53 12
21 65
24 47
85 10
55 73
63 19
4 29
67 16
63 96
55 24
16 82
65 64
41 60
92 49
99 36
18 3
45 0
98 22
99 63
58 97
18 98
4 95
62 40
32 19
77 98
7 70
90 47
79 68
13 17
73 29
29 51
32 6
83 82
35 67
16 59
45 45
47 97
7 74
68 49
82 16
23 27
16 6
74 45
60 90
46 13
53 33
56 76
18 92
37 39
6 11
76 79
28 14
77 26
71 15
