110
98 2
91 92
10 96
51 74
50 9
26 10
5 42
11 4
12 80
80 7
71 51
91 75
6 60
28 40
41 87
86 89
87 12
85 72
72 59
59 79
46 63
60 47
14 91
22 29
23 52
13 13
29 77
42 30
90 34
70 28
95 52
27 97
39 50
65 84
51 24
1 16
72 8
39 16
85 28
70 69
3 56
31 4
49 89
30 69
55 38
4 79
79 45
65 22
13 32
90 19
89 66
99 83
79 95
34 55
30 85
31 26
61 70
58 13
83 14
24 83
21 11
51 85
62 98
1 24
99 34
7 0
20 66
38 1
49 38
74 81
55 0
20 46
48 57
99 23
88 48
6 95
73 36
7 74
64 56
19 26
35 36
35 96
84 62
44 10
64 15
34 73
9 46
98 77
0 88
96 38
34 42
26 6
60 29
45 66
53 46
61 64
74 76
17 32
80 13
16 51
40 8
81 35
92 85
44 32
50 18
57 76
26 22
11 89
95 31
40 78
