106
62 57
32 58
75 37
93 40
10 73
56 68
64 67
95 9
93 77
43 24
18 49
31 34
2 19
25 13
40 75
64 49
95 89
76 24
36 61
39 29
62 45
64 78
47 65
94 55
46 49
47 7
45 91
18 26
81 61
74 96
18 97
57 17
1 3
4 40
89 1
75 87
92 97
22 47
57 83
53 33
94 27
89 75
28 0
0 50
4 66
26 91
64 23
95 48
14 23
74 66
17 46
77 94
7 26
87 33
32 69
46 73
63 86
32 48
85 54
59 63
28 22
55 25
65 5
23 55
4 99
49 96
15 0
22 83
41 10
75 3
40 67
13 68
80 23
6 35
62 9
29 84
46 98
48 40
81 6
34 1
19 0
78 52
15 88
81 80
72 19
9 15
98 34
60 31
37 21
41 91
86 10
68 92
37 52
27 37
84 65
4 46
36 25
52 57
54 78
70 64
77 13
45 26
13 35
40 61
28 55
49 62
