107
85 24
68 67
1 78
97 16
32 95
76 3
65 60
5 15
37 63
50 83
80 52
53 5
48 29
9 97
9 52
66 22
52 74
49 21
32 74
55 39
34 52
76 9
93 22
68 54
77 58
22 84
71 84
86 93
96 43
13 29
31 11
29 43
3 49
60 8
38 94
2 63
19 54
6 10
69 35
10 82
44 45
66 77
94 9
26 82
60 90
59 53
30 66
87 30
75 91
78 49
4 88
18 47
44 59
61 74
38 40
84 21
30 88
25 74
98 74
13 87
56 78
90 96
13 2
96 1
23 26
31 6
2 38
63 99
97 62
11 66
82 66
99 38
45 22
62 39
96 96
28 4
44 86
56 2
7 24
70 19
72 99
16 69
80 80
48 66
93 38
48 97
22 33
51 25
13 96
16 12
66 30
86 84
64 0
84 55
54 11
4 60
25 49
40 34
36 79
48 8
28 91
99 28
70 62
60 24
85 14
17 94
62 85
