109
4 34
23 32
72 15
61 53
35 37
34 78
23 47
48 2
62 33
76 89
33 11
52 78
18 2
31 59
45 27
69 74
70 56
16 11
47 85
66 82
31 29
36 51
86 3
70 25
79 38
1 7
93 52
84 73
18 90
63 4
15 72
9 51
41 98
91 28
91 86
99 65
4 25
37 74
90 6
49 66
58 47
7 79
59 28
78 16
76 47
18 28
9 44
69 68
55 91
93 76
37 20
22 79
13 49
48 52
56 39
41 79
77 3
21 36
61 76
1 65
55 85
39 67
36 28
78 81
95 22
71 97
94 36
3 80
88 97
47 10
84 64
56 99
62 1
95 14
4 60
81 43
0 40
99 0
37 42
66 60
91 58
39 6
75 21
9 5
81 98
48 17
52 61
46 99
0 75
61 25
23 57
89 81
31 80
40 91
48 37
87 50
77 29
18 55
90 17
54 23
49 44
78 72
65 42
38 62
66 32
19 42
47 75
63 85
82 8
