110
27 96
19 77
12 50
81 1
86 26
42 92
91 57
51 39
93 74
3 50
57 60
65 82
96 95
39 68
18 63
11 11
70 14
83 82
94 50
93 15
19 55
9 45
75 77
90 7
0 87
74 34
9 26
55 14
24 30
30 8
74 94
37 36
58 52
9 4
45 78
46 16
92 40
0 58
67 28
96 0
14 88
24 21
31 69
55 7
90 66
25 46
52 44
36 94
10 77
67 73
46 66
15 41
5 13
11 82
9 64
55 98
42 0
2 31
13 97
66 48
33 54
28 6
98 89
80 96
75 0
43 23
89 29
97 16
62 85
0 67
80 67
53 74
83 51
34 40
98 70
63 99
6 30
68 20
42 60
23 69
34 8
50 2
20 93
67 6
34 88
28 53
21 1
32 22
50 47
78 37
1 81
4 62
67 90
18 17
95 23
41 84
23 39
76 6
51 13
88 59
48 89
79 29
26 84
42 43
20 31
10 19
23 60
38 16
73 80
5 53
