112
64 64
96 80
17 40
58 36
91 43
11 64
66 82
22 84
8 85
36 34
25 24
74 47
30 5
73 24
87 97
39 82
75 63
51 31
78 38
92 10
46 46
48 63
56 92
11 27
35 98
15 3
19 54
88 18
65 50
37 62
92 35
8 41
39 7
2 76
70 15
55 22
21 69
77 94
3 95
87 57
18 13
73 31
83 9
28 91
15 54
40 59
5 64
23 27
68 96
48 86
25 41
60 48
50 38
65 85
24 81
23 63
23 46
71 51
2 16
67 1
80 80
15 34
1 2
95 94
45 3
18 98
41 20
1 38
99 31
89 66
69 37
88 51
74 0
59 8
52 96
70 67
98 83
6 78
7 99
0 29
4 49
20 2
97 36
87 74
43 68
60 71
47 23
11 18
87 3
49 93
3 55
82 25
9 92
39 37
65 78
49 54
32 15
23 87
11 3
63 96
30 33
25 48
55 32
5 32
66 67
67 47
79 16
18 20
81 48
73 78
54 40
12 48
