114
20 61
84 63
78 49
20 53
74 6
64 56
87 33
98 50
23 96
40 34
39 48
94 76
15 78
44 75
76 76
25 11
66 36
68 7
27 66
47 45
67 67
13 64
84 95
91 18
2 87
43 5
18 36
55 88
69 97
27 25
54 15
37 97
3 43
22 2
14 19
92 93
7 92
55 59
5 59
34 52
72 83
77 45
49 81
30 28
62 14
14 97
33 74
70 62
12 31
77 17
33 47
19 8
49 52
48 69
80 51
63 88
60 4
25 50
66 47
38 86
4 0
22 58
97 46
51 96
98 14
3 10
18 82
50 23
94 32
70 32
4 29
75 2
44 19
5 63
88 67
4 78
97 87
83 18
54 31
54 99
3 47
94 48
53 1
73 34
33 81
57 81
8 99
2 33
83 81
34 67
93 28
36 20
22 31
15 15
12 76
57 69
81 66
68 82
10 45
69 15
40 54
62 96
78 26
65 53
94 36
29 13
42 82
60 22
19 64
13 83
76 9
16 32
20 76
74 56
