114
46 80
92 85
61 95
70 66
32 97
28 39
75 31
17 62
8 46
90 24
35 65
44 47
38 5
70 3
86 70
47 94
59 12
74 58
47 75
17 31
3 33
93 29
80 72
8 77
7 6
91 43
78 93
32 81
18 93
67 81
89 10
61 30
60 52
32 9
76 45
2 65
9 18
52 16
85 98
16 4
33 67
32 39
84 5
88 59
48 56
22 23
75 97
64 85
80 22
95 77
74 50
65 6
24 84
47 70
14 37
71 72
68 37
44 58
86 50
44 28
99 62
11 95
99 94
0 51
50 42
97 11
30 23
24 53
41 75
45 18
72 20
33 3
26 98
55 96
0 78
3 21
97 59
22 76
40 97
19 53
10 68
17 9
34 0
98 21
53 36
89 34
85 87
65 66
35 43
63 51
70 98
31 64
0 41
27 19
65 34
95 86
14 48
14 88
57 91
61 77
51 32
8 24
39 82
93 55
36 31
78 54
23 3
37 60
69 23
14 54
22 36
85 77
8 35
45 63
