106
15 19
52 32
24 42
83 34
22 95
72 63
64 21
33 97
33 65
10 66
66 76
24 7
93 23
92 98
49 46
90 47
44 9
60 49
11 27
46 61
40 94
82 92
55 76
65 56
91 32
35 88
55 40
7 51
23 75
97 63
84 74
32 22
55 91
72 43
99 96
44 1
98 46
67 29
25 56
88 18
21 89
1 26
11 48
12 72
70 60
2 62
20 37
97 86
97 40
26 81
74 26
36 60
52 48
81 63
35 8
10 20
17 55
92 90
1 82
4 6
62 1
86 1
62 65
37 36
86 42
18 68
8 0
7 90
66 4
62 96
77 91
45 76
47 23
22 1
73 71
57 15
27 22
94 6
93 72
6 87
35 51
30 2
36 32
85 54
37 99
95 18
1 77
2 53
31 79
66 91
70 21
50 9
77 41
11 36
0 20
99 49
51 69
9 8
59 31
31 61
68 42
18 51
64 13
15 76
56 63
13 64
