114
68 66
69 91
24 81
19 47
10 71
11 59
57 49
3 94
42 61
43 6
48 79
80 78
28 11
83 4
77 19
63 4
88 91
64 31
91 69
42 52
20 90
43 18
69 76
33 99
78 34
41 33
89 50
14 18
97 26
11 4
97 93
29 25
91 42
90 0
18 39
2 83
49 33
28 49
61 88
82 97
51 74
28 77
17 96
66 60
1 64
38 38
32 4
88 14
67 17
4 11
34 74
87 73
19 11
13 46
83 42
27 85
58 78
30 35
78 88
48 96
3 28
58 44
4 45
23 63
99 61
74 48
83 63
94 17
94 86
56 97
64 26
79 25
97 38
6 87
17 25
29 0
34 91
99 65
14 75
1 59
43 47
28 59
59 53
73 42
49 93
97 47
84 56
81 11
5 97
0 79
18 1
93 23
37 66
88 4
77 63
15 67
28 16
52 58
5 36
65 71
75 82
42 81
6 54
53 41
78 49
34 46
86 36
28 21
23 89
17 82
63 50
37 50
29 69
86 79
