106
79 90
45 29
75 66
39 68
29 31
27 94
64 91
0 91
86 39
61 65
67 41
96 80
29 8
96 9
40 85
52 49
63 22
31 40
35 59
19 15
51 62
6 21
12 76
0 47
43 99
49 12
15 47
21 65
79 6
84 54
14 38
97 88
94 0
93 17
89 69
4 97
62 94
26 84
38 54
65 38
32 22
5 68
60 73
59 14
42 14
15 12
46 92
74 50
18 30
16 85
35 64
24 4
65 84
58 30
41 46
35 75
63 46
91 8
17 93
22 34
80 26
97 48
97 23
18 62
95 99
77 99
98 64
52 1
82 82
79 22
32 3
49 30
75 74
53 79
2 14
82 37
13 53
69 9
79 58
99 74
93 55
19 69
31 91
52 56
7 39
33 17
12 83
79 83
61 80
55 94
69 53
26 75
51 15
13 23
35 26
89 47
89 62
85 86
45 70
35 82
72 38
39 16
25 26
43 19
27 66
75 45
