99
72 60
54 27
22 68
26 79
76 24
38 60
28 35
73 78
55 70
64 39
75 16
22 30
78 61
70 26
25 3
88 49
36 20
39 46
83 80
66 46
33 59
64 66
20 58
78 32
31 27
59 34
67 55
12 20
41 88
2 71
8 28
43 16
29 7
98 52
36 74
87 18
24 41
54 67
82 75
19 76
63 16
83 35
15 27
40 24
34 51
49 60
58 48
27 73
70 69
2 0
51 3
7 97
27 95
5 55
41 55
62 24
19 21
65 2
44 92
67 85
44 38
31 67
81 25
5 74
58 58
91 69
48 12
72 90
53 76
84 45
26 89
19 53
11 78
86 61
50 77
10 36
35 6
74 10
45 33
19 61
21 37
36 79
21 82
56 53
82 55
59 80
69 41
44 61
26 21
37 31
14 68
65 36
77 72
67 59
34 65
31 42
65 70
66 28
60 63
