109
87 48
64 15
44 23
66 57
64 85
6 14
40 84
29 4
10 67
91 72
1 56
12 88
87 7
33 67
86 91
45 50
35 34
6 37
72 43
74 21
75 2
42 32
46 5
24 49
84 32
4 0
98 59
73 74
34 97
97 38
16 48
18 89
92 75
42 69
8 69
81 57
59 59
31 49
70 93
28 28
88 17
50 47
77 73
85 3
76 35
23 82
14 39
15 94
92 38
2 64
52 61
40 77
71 10
74 83
92 60
29 91
36 42
97 49
22 38
91 98
26 9
11 0
1 88
58 21
99 84
48 9
56 95
99 0
13 17
64 35
62 75
28 19
0 47
45 86
19 68
36 63
88 24
83 86
97 92
4 71
50 23
72 51
25 75
62 6
36 1
56 67
78 37
72 18
17 62
76 67
96 70
94 31
16 3
79 88
42 27
10 46
44 41
41 11
31 83
70 33
57 14
22 58
79 47
78 81
37 87
67 24
16 77
79 11
87 33
