109
90 54
64 9
33 83
48 32
9 63
64 91
41 90
68 25
12 5
31 35
19 43
88 77
63 44
22 19
40 65
73 56
50 85
69 31
2 11
50 25
55 50
76 76
7 73
43 33
8 30
95 19
88 5
16 85
32 7
57 64
34 51
77 39
64 0
40 5
76 17
51 77
99 72
12 44
48 96
12 70
13 20
0 5
35 77
33 29
79 53
81 73
58 15
42 13
19 76
50 36
24 29
4 22
3 62
61 24
72 45
99 95
96 36
22 98
80 90
39 42
97 57
6 87
5 48
27 58
79 3
94 3
50 1
71 62
39 98
88 29
43 59
97 51
18 95
57 72
96 86
28 14
28 73
90 92
2 54
7 0
49 4
93 29
58 78
97 9
75 60
18 60
11 35
29 32
94 43
49 63
4 68
16 49
36 84
85 17
51 18
32 58
90 62
37 19
56 39
68 14
31 80
8 8
86 48
43 68
22 69
31 90
20 38
39 24
28 24
