112
16 77
48 80
82 75
57 34
40 12
27 27
13 90
37 60
83 61
15 53
70 55
34 44
55 4
68 20
58 95
49 20
39 74
59 43
72 13
81 95
3 39
65 32
2 62
92 38
17 10
5 0
42 99
2 21
86 18
24 99
85 47
32 59
49 53
66 66
98 37
17 60
5 78
70 87
87 82
28 45
25 73
41 22
8 42
73 48
71 27
10 74
56 54
51 86
91 68
10 8
42 69
21 83
10 56
49 41
42 8
41 58
65 40
23 48
50 10
95 97
15 68
46 64
97 1
95 17
9 24
38 97
59 99
73 4
60 72
23 30
97 33
91 61
34 1
88 97
62 75
0 54
35 86
86 10
55 0
19 93
29 29
90 52
77 78
77 40
94 31
63 95
72 62
3 86
1 71
36 83
58 19
40 0
2 14
9 34
81 24
43 31
19 19
19 44
43 47
51 27
63 14
34 92
75 33
19 74
52 68
27 59
85 68
71 72
27 87
24 41
50 73
37 64
