105
3 3
4 25
37 75
27 10
3 94
37 20
20 42
42 3
3 41
3 70
35 52
25 88
20 27
43 35
45 93
23 60
13 80
4 55
45 62
23 70
27 3
1 88
27 95
15 13
25 28
2 20
45 18
45 2
43 40
38 80
38 95
43 55
5 62
30 47
10 7
3 36
17 85
23 65
45 78
3 78
30 27
15 48
31 3
1 63
12 1
17 95
38 60
1 47
15 28
45 28
35 42
13 55
22 80
1 12
30 17
17 75
43 85
25 43
30 62
10 32
10 92
43 70
36 3
45 47
3 74
17 5
40 27
3 31
30 78
5 47
7 15
43 10
22 50
38 65
17 35
17 90
22 15
38 90
35 33
28 55
40 47
10 72
5 88
22 20
38 15
10 62
33 70
32 85
28 35
10 47
13 20
17 1
15 67
3 9
12 40
31 92
11 86
20 57
23 74
22 8
33 40
36 25
35 8
11 27
14 61
