112
76 28
70 74
26 15
62 61
83 63
53 45
65 10
51 6
87 71
78 99
3 23
21 90
30 31
41 62
56 93
50 73
99 46
60 41
19 35
78 60
40 46
71 86
54 33
80 67
18 63
83 7
2 55
2 72
95 23
87 88
27 52
48 21
17 17
74 35
39 78
86 1
66 3
39 8
14 96
8 82
86 22
45 44
20 11
71 97
29 25
11 23
10 60
88 81
86 53
32 58
72 4
45 32
68 35
75 53
92 61
38 58
35 92
3 4
82 74
0 43
25 71
94 96
51 87
18 25
56 59
98 61
37 0
4 86
20 49
23 84
42 18
10 39
87 8
79 21
97 92
84 46
55 68
4 79
28 93
60 88
63 45
75 21
4 36
13 8
58 11
69 1
40 16
82 39
93 75
34 44
11 55
30 89
79 92
29 5
46 59
92 14
33 65
62 30
33 39
59 51
19 52
14 32
6 15
81 25
79 85
34 23
4 47
39 35
22 20
30 12
88 61
32 53
