114
53 45
77 30
1 52
21 32
22 18
9 56
1 29
93 13
12 87
84 95
88 40
67 44
70 82
66 92
20 85
22 7
63 72
21 51
95 4
90 88
83 30
72 2
90 32
52 16
46 78
37 26
2 74
37 66
84 74
41 98
54 30
10 41
86 16
69 4
8 72
24 37
56 14
94 69
11 97
47 64
12 18
49 37
4 58
97 31
91 96
60 46
19 56
68 33
73 99
72 14
20 92
6 81
39 52
78 55
1 6
79 35
58 99
36 84
70 67
26 2
6 2
91 49
41 9
98 76
23 77
54 83
9 51
35 52
36 91
58 55
84 79
34 38
73 61
22 65
30 20
62 30
98 7
71 85
37 76
48 17
15 21
93 45
41 36
15 38
54 91
99 21
75 46
12 3
28 5
52 68
1 44
81 16
69 28
28 92
40 77
36 61
37 18
4 66
68 87
53 41
25 40
55 21
25 56
83 89
13 15
22 88
28 23
12 72
23 11
30 33
59 32
17 9
43 88
42 70
