113
5 59
97 22
13 85
83 92
93 64
69 77
73 34
32 30
66 13
5 40
98 49
22 54
45 64
33 75
82 14
50 80
53 34
14 28
32 90
88 84
90 95
9 5
48 48
79 65
83 48
10 99
58 92
89 34
29 7
68 56
63 2
5 82
38 14
97 14
23 71
35 61
2 57
81 30
16 52
35 22
56 87
41 88
76 9
2 94
91 6
91 75
74 43
34 83
80 87
29 67
12 76
61 76
76 40
52 12
41 75
19 98
64 58
55 27
15 20
29 36
12 6
57 37
95 66
1 76
43 5
15 37
99 1
61 94
32 53
68 21
97 93
96 29
72 0
4 98
25 94
58 58
51 20
8 24
75 91
78 62
96 56
14 66
29 12
95 39
49 41
1 50
55 73
57 7
27 34
18 46
83 18
26 75
23 10
59 44
78 73
3 74
42 19
28 26
18 91
38 59
73 29
19 77
92 20
12 60
0 88
67 63
67 81
92 29
87 68
25 61
31 71
22 83
84 36
