115
46 21
53 84
37 56
4 97
96 92
15 22
55 9
33 79
85 76
22 9
69 4
5 12
21 98
40 66
81 52
80 66
43 27
93 77
35 52
65 75
96 46
95 62
79 17
57 50
61 33
2 41
83 36
10 58
71 88
26 40
20 2
9 36
61 61
62 19
74 53
89 31
33 90
29 17
50 76
78 2
47 35
18 62
1 55
68 32
2 85
48 81
15 30
30 3
67 47
86 82
62 90
40 44
16 39
39 16
74 9
94 69
73 71
90 54
19 20
74 39
64 9
60 41
52 27
0 71
44 0
48 99
93 4
91 96
98 25
13 86
24 77
77 93
1 27
29 33
99 41
24 62
13 0
52 58
75 96
40 95
21 46
25 95
88 64
5 69
84 16
10 88
43 38
27 2
56 63
35 72
67 25
84 80
9 15
39 52
89 49
10 81
67 97
84 27
17 48
38 22
54 91
75 56
43 69
7 44
57 75
31 55
86 94
32 19
97 83
68 15
51 62
9 26
14 8
32 48
13 38
