101
53 89
59 61
43 25
95 3
44 93
59 97
26 94
86 93
9 62
24 71
70 22
45 6
80 48
96 74
29 10
12 46
2 77
49 51
69 71
82 20
6 33
53 23
32 98
42 10
65 5
9 6
67 40
25 57
93 55
38 79
2 96
18 19
51 37
99 17
35 46
22 36
8 81
77 76
98 56
84 26
79 58
63 77
5 12
44 58
33 25
71 1
93 6
75 41
58 53
53 35
36 71
90 82
51 68
94 44
13 62
62 88
74 27
73 53
48 82
27 78
12 76
43 21
56 29
60 45
87 47
6 99
97 36
59 9
4 27
79 94
18 91
82 79
41 99
4 59
4 0
46 0
22 13
28 54
19 43
65 66
37 27
66 15
96 25
13 86
32 50
81 34
34 96
48 5
11 65
74 16
14 12
30 64
28 16
77 72
39 37
9 49
58 23
62 58
61 38
68 57
16 58
