111
11 63
86 18
51 16
52 44
86 42
11 82
50 92
79 56
41 73
27 84
18 31
9 43
94 90
25 28
65 26
44 45
21 67
4 35
46 97
94 33
94 49
52 75
37 85
80 46
48 83
63 65
95 5
82 70
81 99
33 16
68 12
50 0
64 96
10 97
24 57
66 71
59 29
79 22
65 54
66 90
45 54
74 37
56 15
23 38
98 14
73 75
41 18
79 61
20 86
51 50
22 43
9 74
36 27
85 27
47 9
0 10
15 2
13 16
99 74
13 38
77 0
0 54
17 16
80 95
0 31
96 63
12 1
97 94
35 99
60 0
99 0
99 35
79 4
3 50
54 35
28 54
94 57
48 68
2 25
2 88
92 80
40 32
80 88
61 93
70 17
83 2
28 65
16 94
67 46
94 96
66 79
20 53
20 5
80 67
96 43
16 23
66 14
55 99
20 78
20 24
57 56
65 35
45 75
54 24
76 44
74 29
62 10
83 52
13 33
58 23
80 14
