112
18 92
33 55
12 23
47 26
3 76
4 97
34 37
62 10
88 29
11 37
75 59
40 85
93 13
1 3
91 51
44 3
47 43
34 13
72 89
18 29
83 2
7 27
57 79
47 59
24 3
89 66
15 57
29 76
63 24
56 86
7 79
49 66
66 76
90 36
5 45
90 15
21 78
30 41
20 64
27 91
11 13
95 62
60 18
88 44
25 14
45 87
72 66
57 64
7 70
39 22
38 70
87 1
81 53
42 49
3 31
84 16
65 16
22 48
24 23
36 5
94 6
21 56
33 64
86 82
69 45
89 99
62 99
96 83
50 1
55 43
4 93
67 0
68 30
8 7
4 60
74 95
88 84
49 28
60 50
28 0
85 38
69 62
4 9
74 48
98 21
22 28
9 44
96 47
83 23
50 8
96 92
49 33
10 2
22 85
69 9
57 71
46 47
36 34
1 21
41 8
77 33
43 63
54 27
18 10
18 36
24 7
38 27
38 0
19 21
45 13
48 17
40 45
