108
9 74
59 66
94 72
30 72
30 19
11 12
9 97
87 93
16 31
84 57
27 86
93 41
69 14
60 29
35 56
37 30
68 30
55 74
80 12
87 71
39 9
2 93
35 81
88 83
6 84
73 27
68 96
62 48
46 46
9 50
94 15
52 84
78 3
13 70
51 60
28 5
75 56
30 50
8 27
95 33
46 14
54 26
6 3
35 87
31 25
0 12
92 7
18 48
18 85
0 77
44 37
31 65
80 47
17 26
93 61
22 67
68 22
25 22
18 56
47 98
72 74
16 80
63 99
2 48
98 95
71 82
53 7
43 99
27 99
71 0
48 21
98 20
98 42
91 56
98 80
99 6
35 1
50 77
82 41
69 56
66 42
82 23
6 64
50 44
74 60
6 41
0 85
7 12
42 62
21 36
66 79
27 68
34 5
90 79
89 24
16 13
57 83
99 66
54 15
78 33
37 51
6 56
47 35
63 62
45 56
11 21
30 10
32 62
