108
18 94
50 53
31 8
1 59
90 76
76 86
60 61
87 35
98 14
25 43
36 68
56 40
43 28
60 23
13 34
16 4
88 51
1 42
33 16
22 65
34 46
92 29
13 95
38 12
91 20
87 85
36 24
25 9
80 3
53 79
43 93
74 49
97 63
63 0
20 50
37 78
59 90
14 76
16 24
67 29
74 95
51 73
6 37
9 56
28 66
33 38
61 17
3 72
78 79
85 46
59 49
83 28
80 93
45 74
30 47
2 22
94 99
65 69
77 18
28 89
1 82
9 9
52 11
44 56
70 34
65 3
88 60
74 69
97 37
47 95
90 5
69 49
94 92
50 35
99 70
38 2
19 19
17 98
22 80
35 87
96 56
5 65
63 64
76 98
5 42
27 33
19 66
91 14
66 15
26 3
67 85
77 24
11 81
40 64
19 45
45 8
89 69
57 26
22 95
68 82
65 53
23 17
48 81
82 82
28 73
19 36
33 58
31 20
