105
64 15
9 3
38 94
55 53
34 22
23 0
45 9
81 16
72 84
45 71
99 80
17 19
55 83
13 42
82 26
31 62
62 39
37 89
3 11
27 30
6 37
56 94
24 48
51 49
71 12
53 13
89 21
10 66
6 83
24 96
97 33
94 47
83 72
3 57
14 80
2 94
73 28
86 49
37 38
85 76
74 94
94 9
27 71
19 95
95 86
49 17
9 21
36 83
48 2
73 39
34 6
80 10
23 15
53 39
57 22
22 41
18 5
69 83
96 21
60 51
28 81
9 17
64 26
49 85
96 64
62 69
56 6
45 64
94 98
17 61
83 0
16 30
78 44
39 46
40 97
41 31
0 61
85 58
86 86
41 68
26 56
9 74
69 73
42 2
31 12
87 32
69 46
93 71
94 18
34 98
53 67
18 44
14 65
7 29
87 43
63 79
77 32
88 65
32 45
36 67
60 8
23 27
12 52
77 79
48 11
