117
53 68
91 60
62 32
89 79
12 39
63 69
9 92
39 50
73 42
73 18
26 26
5 12
52 22
36 3
10 9
82 65
8 43
48 53
55 9
33 40
51 74
73 99
69 25
14 71
94 34
52 94
82 5
89 95
4 27
26 92
3 59
99 48
2 87
65 48
30 55
99 67
19 10
66 79
49 36
35 91
86 11
18 26
65 5
68 94
3 2
19 94
48 17
76 21
79 56
3 81
25 5
8 50
44 26
40 40
11 26
80 97
26 33
30 47
37 71
98 1
24 60
97 83
77 70
97 26
54 96
65 55
33 17
40 1
81 42
40 85
35 69
0 73
51 0
61 10
91 20
99 40
0 30
31 19
21 58
4 97
80 80
48 97
65 87
86 93
18 63
18 88
8 1
49 62
98 74
14 45
91 53
69 71
68 33
33 87
89 38
8 74
46 81
1 16
52 32
78 13
17 85
65 40
24 12
83 72
51 82
52 60
50 11
12 29
40 23
31 78
61 26
22 49
34 26
70 19
8 81
27 17
17 16
