113
72 78
53 83
45 46
52 26
79 52
41 37
73 26
57 54
25 38
26 22
89 83
54 0
36 80
18 55
12 88
6 64
81 25
55 33
79 36
35 33
36 22
44 76
39 41
89 9
63 16
40 95
1 15
62 98
11 35
97 95
32 4
90 62
69 63
22 78
95 1
61 48
3 9
5 82
40 8
47 70
88 47
72 93
25 92
21 16
98 74
75 79
7 68
67 41
37 51
49 97
23 65
34 92
31 48
14 27
87 56
63 82
31 27
75 50
17 2
69 2
21 34
5 48
3 99
1 0
90 99
0 23
93 40
76 97
52 7
78 5
67 19
21 69
98 47
55 69
47 21
2 65
39 62
74 64
31 96
63 38
81 99
53 51
88 86
15 10
29 78
7 28
24 61
13 81
34 10
61 18
22 51
81 50
20 9
66 62
40 76
80 64
19 84
67 85
54 78
49 61
55 11
53 36
73 38
43 23
26 35
62 24
49 52
86 91
16 57
15 19
53 43
27 28
67 52
