114
12 13
28 65
35 11
12 48
37 71
36 27
78 16
19 95
84 60
29 41
76 90
67 46
7 80
63 71
83 8
11 60
22 89
34 78
12 3
68 35
65 92
87 17
22 44
51 7
47 38
92 97
95 83
67 1
11 33
39 94
51 85
5 94
84 31
97 54
49 10
78 46
42 64
70 69
58 28
84 70
30 27
14 66
49 45
1 57
46 95
17 12
70 99
93 27
6 38
38 78
3 9
24 80
31 48
29 20
61 84
71 9
12 25
5 46
4 70
17 85
67 79
42 85
92 48
98 12
54 52
99 63
1 93
89 0
51 68
50 21
97 93
61 54
62 29
79 54
88 78
3 79
38 99
3 96
48 5
2 14
78 99
31 55
21 65
94 21
79 24
26 26
71 42
25 97
3 24
91 92
52 71
45 52
53 3
40 32
27 51
92 6
80 62
77 76
36 14
37 64
49 35
57 86
80 38
16 31
68 28
18 75
36 80
2 87
69 50
8 17
13 41
38 49
41 25
43 75
