110
43 64
25 8
53 48
36 43
71 67
31 16
3 7
81 57
28 79
88 16
53 97
48 14
49 79
90 46
6 61
77 77
26 43
76 11
92 26
38 79
47 41
77 94
9 87
94 66
14 33
24 61
61 4
66 22
89 86
71 47
97 41
34 22
10 8
99 12
15 50
3 25
48 21
13 80
95 63
61 78
43 7
75 30
38 57
37 87
81 94
49 0
63 51
25 24
85 40
24 70
51 88
97 78
29 8
52 61
80 65
73 80
69 21
95 56
39 51
83 19
2 44
20 96
84 71
61 36
75 1
39 99
98 3
39 17
2 93
1 21
98 27
96 90
27 2
34 93
41 0
73 95
8 70
60 9
44 37
65 67
22 46
5 47
15 11
78 54
94 8
99 48
10 84
41 71
24 77
70 36
65 85
58 53
56 27
30 23
58 68
22 55
87 89
77 39
52 34
64 71
55 6
77 57
32 65
62 44
46 23
86 68
71 58
37 10
77 48
89 54
