113
86 14
31 58
88 84
82 20
85 91
22 6
16 44
3 7
49 90
48 36
97 66
38 15
65 43
52 68
63 92
71 14
54 22
78 33
38 29
96 45
67 77
14 93
4 35
83 51
7 71
32 85
98 98
26 72
0 89
3 51
22 40
69 50
66 65
28 1
40 54
7 11
90 70
72 30
62 6
41 68
12 30
59 38
29 37
75 90
50 80
30 53
19 13
81 76
5 95
13 80
97 52
71 20
41 36
14 48
20 61
89 97
93 87
67 34
77 16
42 58
93 1
99 22
49 0
43 0
48 98
32 92
1 67
99 7
92 38
55 54
16 27
19 98
34 22
77 52
82 69
2 26
51 15
98 69
33 63
2 0
72 97
55 74
70 57
28 81
81 47
8 2
58 94
91 22
89 7
15 75
6 60
5 17
45 44
62 69
29 27
57 31
42 7
6 44
41 73
79 71
7 87
31 42
27 67
86 55
55 65
97 15
19 9
90 81
19 50
73 47
44 29
89 64
30 48
