105
80 15
35 28
44 58
2 6
95 57
66 35
44 36
60 2
55 52
37 13
32 86
99 6
87 39
8 80
72 91
58 35
26 15
83 24
50 5
66 3
42 28
32 38
31 6
99 88
52 96
74 69
3 26
39 72
3 62
57 81
88 79
98 20
70 49
66 21
23 36
38 51
90 3
4 89
31 98
82 57
5 2
6 53
17 14
50 22
68 72
45 93
87 32
52 38
64 53
59 85
34 66
46 77
95 80
46 6
3 78
72 33
82 71
62 61
46 51
43 84
67 28
35 22
80 80
50 29
18 65
18 91
29 0
11 27
22 76
4 48
79 33
8 41
84 9
60 67
78 50
91 43
11 95
66 92
17 54
87 62
15 6
73 86
65 9
16 70
35 97
92 25
13 22
52 15
37 65
92 88
38 80
69 19
75 72
63 49
61 77
6 87
47 10
45 65
57 92
78 57
47 44
39 22
65 63
69 86
62 30
