116
5 86
34 60
16 88
87 13
93 72
38 28
0 62
51 70
49 17
14 38
97 48
53 55
42 43
8 17
93 33
33 89
13 50
87 77
26 97
46 39
21 55
34 11
34 75
8 0
63 19
51 98
66 49
66 67
77 36
0 34
92 95
72 96
80 62
20 74
73 7
21 37
93 55
18 20
55 92
58 29
67 52
14 4
78 22
10 97
96 79
72 68
57 15
44 73
97 65
79 75
12 76
50 46
72 27
59 9
63 95
38 35
21 9
70 63
97 3
44 0
46 32
86 71
62 79
24 23
97 26
2 65
76 3
3 20
78 97
0 2
94 0
2 92
37 95
37 2
15 57
85 57
96 41
84 16
62 33
27 45
70 82
0 56
42 58
27 76
32 92
33 25
46 78
70 4
0 94
17 94
45 15
99 55
91 39
28 39
61 50
70 92
33 45
99 63
48 88
18 79
83 49
54 66
42 14
37 64
14 13
59 48
73 78
32 82
13 46
44 36
81 69
50 27
37 49
53 37
74 57
64 73
