112
54 9
6 29
49 16
92 81
65 4
61 90
56 56
39 94
87 17
35 65
54 41
14 96
80 89
3 68
55 75
9 85
77 46
26 26
60 22
47 63
57 48
99 25
11 4
91 66
15 44
77 64
24 11
92 45
19 66
70 78
68 35
41 79
27 78
40 27
7 22
83 97
75 16
26 32
88 8
20 52
95 39
12 20
89 25
45 89
76 96
24 56
96 76
68 65
68 10
31 14
65 86
2 78
38 87
69 24
80 39
38 15
61 72
67 49
78 25
43 70
14 34
84 74
96 16
39 43
70 56
84 1
4 8
28 97
51 1
96 95
25 0
18 30
45 30
1 89
98 43
11 65
12 79
90 57
35 50
30 92
62 24
51 7
81 44
94 85
10 54
44 98
67 95
1 15
33 58
49 55
57 38
85 65
54 86
27 17
37 29
18 38
54 24
18 73
85 94
37 77
65 38
46 8
16 16
32 95
87 80
50 69
85 87
65 12
43 57
55 17
58 30
62 20
