105
71 11
96 39
34 53
38 67
8 64
86 8
78 39
12 52
9 10
22 68
98 83
50 24
47 94
88 54
23 30
30 4
43 87
44 28
25 13
41 3
90 30
51 47
62 73
63 34
73 98
26 85
58 5
80 78
86 92
94 59
92 12
54 77
10 22
13 45
66 92
40 38
70 26
46 61
14 4
18 86
38 21
84 61
48 1
33 81
97 32
71 71
82 36
67 8
56 37
96 20
82 16
25 8
80 90
50 82
78 48
39 52
94 51
22 48
20 75
70 35
55 28
32 14
52 71
30 99
9 38
11 97
3 69
59 52
1 23
0 5
26 29
63 96
91 0
74 65
66 49
12 80
88 96
1 41
95 67
73 0
37 74
20 27
30 49
97 4
16 61
48 91
52 15
75 20
59 63
24 44
41 66
49 41
39 94
80 41
30 55
41 13
60 82
84 25
15 42
64 40
23 15
12 72
18 32
72 41
62 42
