114
49 15
2 55
18 4
72 96
75 8
93 28
42 91
81 66
35 60
67 80
55 36
4 18
23 38
39 29
24 90
9 68
16 95
15 54
65 70
90 40
83 91
60 15
57 47
76 21
33 39
98 65
73 46
50 0
7 84
97 2
0 41
96 76
94 51
42 63
28 82
58 66
80 0
73 30
64 84
20 10
16 72
12 53
41 35
74 13
21 97
46 9
36 55
85 58
28 67
62 41
34 88
76 81
6 10
84 47
96 97
47 77
54 99
71 53
11 26
30 21
1 90
51 52
34 5
90 78
19 40
99 51
69 56
0 26
92 35
61 98
75 35
35 20
85 22
21 54
13 99
60 6
51 60
16 32
84 84
27 75
23 1
58 84
42 84
51 29
38 6
82 7
76 69
31 96
68 3
5 23
47 46
24 70
45 31
89 26
10 86
65 59
91 90
66 32
84 68
53 14
25 27
78 15
37 65
20 58
64 89
61 74
15 46
18 80
52 37
17 91
30 11
41 26
42 56
24 48
