103
54 71
17 23
80 20
62 90
90 34
7 77
35 67
71 25
70 4
35 79
15 3
32 11
18 40
56 2
5 93
73 81
95 57
33 97
56 66
26 57
6 38
52 80
53 18
37 33
80 67
83 48
91 2
7 56
0 5
99 19
57 51
72 39
76 86
19 67
36 44
11 23
15 96
41 94
66 98
18 81
41 28
55 24
67 11
69 59
58 98
3 66
38 59
2 31
46 7
85 30
1 86
79 62
64 53
56 86
8 41
50 27
20 54
41 85
28 25
41 70
82 39
56 10
82 75
84 98
92 85
99 98
50 50
84 1
30 4
66 39
98 50
84 16
26 81
91 77
54 14
5 15
4 72
97 9
44 0
70 0
95 33
68 74
90 71
43 44
19 17
21 61
75 97
22 46
54 64
71 9
36 29
39 15
48 86
35 52
66 45
12 80
52 0
51 72
35 60
27 74
77 47
10 34
26 50
