114
32 55
42 4
37 72
28 60
54 79
79 57
14 59
93 47
85 31
38 22
21 93
63 1
8 23
72 24
74 86
72 47
60 28
37 51
46 68
37 11
83 4
95 16
55 13
99 82
68 69
7 76
47 95
7 3
41 37
15 45
20 15
62 96
99 64
84 71
3 19
27 75
46 0
91 85
66 99
69 9
66 25
14 8
88 13
87 47
35 39
28 5
65 39
78 33
31 87
43 53
96 90
17 83
40 15
64 82
90 63
31 20
99 54
12 19
52 5
42 44
22 32
1 43
88 55
28 48
4 99
94 33
64 53
77 89
1 49
93 99
40 98
0 83
53 65
91 2
69 2
99 27
50 40
19 61
0 10
81 75
45 84
6 39
80 28
61 62
56 99
32 75
17 64
72 40
57 19
20 47
5 25
80 11
94 68
52 50
22 24
82 90
71 61
51 16
70 76
89 30
60 89
79 48
74 19
56 0
97 76
34 16
12 53
85 85
67 90
7 13
84 40
90 24
65 12
77 66
