118
13 37
2 51
53 6
85 86
37 46
87 70
43 71
6 8
73 72
77 34
51 44
35 29
40 94
39 9
10 83
86 49
50 86
15 8
16 46
3 30
27 33
80 79
34 42
86 13
71 16
69 90
26 63
59 28
57 99
9 67
97 94
75 2
31 83
58 74
42 63
72 95
61 6
98 48
72 63
59 51
43 17
80 51
88 95
62 37
44 90
77 18
92 40
5 73
52 51
49 26
3 59
41 55
3 40
45 12
50 70
74 41
33 22
38 50
53 37
17 22
98 22
25 97
0 94
28 0
98 79
29 81
19 94
96 65
1 4
20 50
89 9
34 1
1 88
66 87
67 0
58 58
21 14
23 77
18 0
94 55
52 84
75 31
71 48
2 44
83 0
3 80
96 83
91 22
57 13
83 99
77 65
18 42
65 95
36 76
11 95
17 82
26 28
36 15
66 54
50 98
34 60
9 6
87 78
33 90
85 41
5 50
16 73
86 56
29 10
78 8
48 50
89 82
40 86
82 88
48 80
50 55
50 16
40 37
