106
21 75
49 62
52 88
28 22
95 40
12 54
85 51
90 31
59 88
41 43
2 11
45 4
99 74
65 50
44 28
96 60
77 79
40 68
63 76
7 46
80 35
41 50
73 93
3 75
36 39
58 19
11 89
22 43
28 57
64 34
77 0
73 20
6 30
59 2
25 90
24 4
9 14
3 1
26 72
23 18
2 97
98 26
79 55
40 74
83 71
42 19
16 31
67 44
74 85
62 10
3 38
9 84
89 78
36 79
15 50
34 56
77 40
47 34
64 24
90 57
28 34
18 46
23 85
84 86
87 16
34 28
33 95
60 72
5 68
63 58
1 52
44 92
46 11
59 94
23 8
99 56
55 35
67 6
48 6
70 59
0 20
82 95
76 26
3 83
24 66
5 60
96 44
99 68
46 48
37 89
50 83
21 22
60 40
63 64
71 10
38 23
14 61
26 76
92 72
70 24
31 61
20 32
30 20
61 84
70 37
42 82
