112
42 86
39 22
10 96
3 87
3 47
61 8
82 29
92 58
89 16
14 30
19 76
47 72
51 49
64 24
8 17
72 16
76 30
8 40
61 89
87 88
63 40
51 31
26 92
33 35
30 54
62 72
26 5
96 2
16 60
81 94
42 65
84 67
95 98
65 1
96 48
44 18
1 21
91 83
38 41
22 46
65 44
90 33
20 3
89 3
68 83
81 15
8 47
84 56
54 73
1 96
29 29
93 67
40 71
40 48
17 11
55 35
55 87
83 79
87 41
35 21
27 49
25 35
81 6
48 2
40 57
2 65
60 78
18 50
1 4
50 98
25 96
99 30
64 63
72 98
15 79
99 80
34 1
77 69
22 78
79 46
15 25
26 63
3 6
33 97
5 81
51 3
58 57
29 94
62 20
56 99
12 65
1 38
71 49
33 79
78 73
45 87
47 23
28 19
69 23
12 3
83 88
58 63
72 68
66 18
87 53
10 88
70 37
77 87
28 82
88 75
56 18
38 30
