113
4 22
26 21
55 13
34 31
38 63
73 62
78 8
84 77
92 43
14 82
27 44
47 39
29 87
29 4
74 90
9 21
85 61
42 12
7 14
22 12
76 84
37 38
96 17
49 72
91 97
71 26
9 57
6 43
87 28
59 85
4 92
56 28
59 66
83 43
7 74
58 4
82 5
69 34
46 58
34 72
22 4
68 66
22 80
4 29
64 11
18 37
51 24
27 18
48 82
10 51
34 24
76 60
43 36
85 91
11 74
34 83
79 35
20 27
97 0
19 98
63 52
99 59
52 99
98 82
3 0
23 58
8 0
44 2
70 97
0 61
98 67
13 99
87 20
47 93
32 92
32 46
62 37
47 52
80 75
74 0
91 46
40 1
1 34
55 22
0 8
28 73
58 71
7 95
85 96
1 69
64 84
23 41
80 25
56 47
43 72
48 16
29 65
94 10
75 11
5 87
83 63
90 81
85 49
35 60
14 5
18 75
71 10
85 30
47 10
72 69
14 9
30 10
40 65
