109
79 91
36 78
62 37
82 65
25 50
22 16
41 72
4 38
84 29
5 66
10 87
71 54
88 5
3 14
37 34
77 74
26 19
3 73
89 21
75 96
41 86
15 72
33 39
88 70
52 95
70 9
43 15
48 48
9 52
58 80
84 45
98 47
59 62
74 26
60 29
1 28
62 10
44 21
32 92
26 61
63 66
21 33
91 79
86 13
74 57
59 44
10 9
93 27
82 94
67 93
34 73
88 52
40 29
55 53
17 25
36 13
44 79
17 15
46 0
97 98
27 2
17 86
42 61
99 64
98 82
97 3
13 1
29 32
0 87
23 60
67 1
20 74
3 22
21 96
78 32
58 22
9 58
38 92
35 1
60 92
42 43
23 45
50 19
79 71
57 37
59 8
76 2
94 65
42 65
90 82
24 88
20 67
75 88
18 46
39 47
65 25
6 69
34 90
30 16
89 60
93 87
40 76
32 55
47 36
74 65
27 69
32 68
50 41
47 73
