139
40 38
10 20
50 17
29 7
82 68
48 90
78 7
78 88
78 50
49 61
39 79
93 19
98 57
11 49
2 77
21 29
90 36
20 62
70 27
2 0
28 97
92 78
67 59
58 47
29 50
97 1
62 97
8 91
80 26
71 84
2 29
32 1
38 61
19 7
30 18
62 10
61 27
28 88
99 32
83 99
97 90
12 77
51 38
22 47
9 37
73 69
43 9
68 0
38 28
58 67
28 71
68 41
52 77
89 57
42 47
8 68
82 18
72 47
28 38
18 17
78 77
99 6
8 99
2 61
43 99
97 97
2 7
50 1
99 47
83 0
99 76
67 99
97 20
2 52
0 86
61 81
95 62
22 87
44 75
48 99
1 38
0 21
18 2
22 67
83 4
61 1
0 97
88 99
99 40
56 83
60 61
2 67
52 29
83 44
48 7
99 72
24 23
96 17
60 16
32 57
23 99
19 82
85 82
52 47
42 0
8 0
69 77
38 19
81 58
67 19
91 0
21 38
0 50
36 42
34 95
38 71
70 92
82 37
17 79
60 42
42 91
52 68
74 13
57 2
95 43
93 89
45 33
11 11
9 29
88 67
12 57
32 77
28 29
62 91
66 74
69 10
88 30
92 48
92 9
