107
0 18
0 39
0 3
0 27
30 7
2 10
15 87
70 88
28 95
80 33
28 55
79 18
30 27
70 63
20 42
13 70
49 22
92 45
17 0
0 82
49 43
70 2
0 63
30 73
49 2
70 48
15 18
10 52
0 93
70 22
77 1
70 73
17 35
28 80
17 65
23 60
20 17
3 48
27 0
20 93
70 32
49 32
49 12
28 45
3 33
5 77
25 23
3 55
7 5
80 43
10 93
30 88
28 65
25 38
30 18
10 28
0 72
20 83
5 92
7 0
70 13
22 5
95 9
96 31
13 45
30 38
17 50
5 67
5 22
94 15
25 88
72 93
13 80
2 45
17 10
70 78
94 39
78 50
93 4
25 72
17 25
27 50
70 56
12 60
8 85
74 70
90 18
25 12
67 40
78 7
20 73
10 17
31 59
10 37
17 55
23 30
14 97
12 75
14 31
5 16
14 7
6 40
13 40
3 59
11 63
10 11
6 31
