87
22 23
15 19
3 6
91 8
28 45
44 6
9 13
46 38
66 42
40 79
36 28
74 26
60 48
9 30
36 12
30 26
36 40
88 71
98 98
13 44
20 4
34 96
98 28
79 80
2 43
5 9
20 41
14 30
84 52
21 90
35 58
1 58
51 62
55 88
19 74
59 74
88 44
88 17
94 3
34 73
51 15
67 76
32 54
68 52
44 28
86 29
17 47
44 52
42 14
30 22
28 40
61 53
6 16
67 2
70 19
90 67
19 94
16 23
47 0
73 61
36 93
0 29
97 5
84 80
98 72
43 74
13 16
18 55
59 10
98 21
72 66
41 0
89 58
50 26
17 35
83 8
1 40
34 64
11 2
28 12
43 46
24 30
52 48
0 22
32 43
20 21
48 10
