107
2 33
81 39
36 14
65 25
15 34
97 70
86 21
68 98
64 41
33 96
17 5
93 94
2 77
41 84
13 66
30 32
70 8
23 55
90 41
49 10
9 46
6 81
34 7
58 53
95 82
74 23
90 35
0 59
73 68
47 43
55 68
85 60
13 20
69 83
83 2
22 86
50 1
55 79
39 21
56 26
37 78
83 93
99 96
99 60
74 47
15 84
50 63
23 97
27 42
87 74
64 91
90 24
25 10
68 56
53 33
80 65
83 14
82 47
46 70
98 6
2 11
29 86
2 95
37 56
1 29
47 91
64 9
73 78
12 49
18 19
85 97
26 47
98 46
61 98
95 4
36 62
98 29
1 81
55 7
3 50
42 1
36 23
43 96
96 63
95 78
16 29
79 8
33 42
77 85
60 84
69 19
26 57
19 12
62 47
47 24
51 73
84 7
57 1
59 32
91 80
21 92
22 28
80 55
68 33
38 92
26 13
89 52
