107
42 65
53 51
80 3
96 81
46 37
85 62
6 19
89 80
77 58
91 5
57 16
22 56
85 20
18 73
45 81
9 88
38 34
70 9
46 10
64 46
87 54
78 68
79 8
62 62
28 18
78 38
31 83
2 50
15 43
96 97
73 86
10 5
12 23
6 95
77 22
51 3
48 83
35 20
35 5
60 36
10 67
27 35
73 29
88 84
35 71
5 31
55 59
63 12
46 29
16 62
90 65
8 77
74 45
25 29
36 13
90 92
64 4
45 73
63 55
57 98
23 98
41 99
97 51
61 95
16 7
92 21
30 23
0 6
28 53
72 72
2 96
2 70
38 94
29 56
64 85
95 28
47 46
52 24
65 30
51 79
99 55
88 2
15 90
48 52
96 71
32 42
80 36
0 89
19 36
75 76
10 49
77 54
82 18
83 90
61 21
36 85
14 16
4 81
53 94
49 13
49 68
70 50
25 67
40 27
44 91
70 62
80 14
