109
8 52
16 82
77 35
73 3
62 35
29 80
34 37
83 83
8 21
18 35
3 97
67 77
91 71
29 21
69 49
38 51
55 53
15 65
50 71
85 22
4 11
84 36
6 77
25 90
90 81
59 98
47 7
0 33
47 29
32 6
93 97
18 7
99 23
68 22
58 83
85 47
32 61
0 69
4 5
86 61
99 69
66 64
84 19
11 82
27 51
73 81
50 19
59 33
77 52
98 82
17 57
74 13
41 16
96 7
39 96
99 42
80 0
33 75
26 19
65 2
22 98
2 55
72 92
41 50
95 45
25 37
58 59
48 77
72 66
51 98
14 28
99 92
40 35
4 47
96 27
54 39
64 92
23 65
43 74
60 21
33 20
10 4
41 8
80 91
45 53
32 94
83 33
15 88
64 29
56 42
24 76
73 69
41 31
56 68
24 22
87 77
27 42
8 14
57 75
41 46
8 62
69 34
67 51
76 21
37 54
90 87
32 51
90 33
46 42
