109
10 55
12 74
76 82
40 95
90 90
13 8
79 10
80 32
60 67
3 94
91 70
65 34
9 33
19 98
25 43
88 40
41 90
64 22
6 43
25 7
18 38
93 4
69 99
50 4
46 27
80 58
52 81
97 23
64 53
26 81
0 1
55 98
50 50
31 30
43 19
39 3
12 59
25 96
77 96
6 23
39 47
78 51
7 82
1 9
63 76
97 14
1 38
57 22
3 63
61 59
45 87
20 89
81 85
88 9
33 97
66 95
47 10
70 29
40 23
85 50
16 27
37 83
12 67
55 71
74 38
68 1
38 63
99 58
50 17
48 35
97 86
26 57
86 71
98 43
32 5
80 14
18 13
94 29
45 61
92 94
26 25
72 7
21 79
81 65
96 65
71 76
6 1
12 52
55 50
87 0
22 64
78 24
49 78
31 24
14 95
89 36
51 95
13 19
61 28
11 81
5 7
73 92
94 15
83 0
23 36
82 29
35 88
84 21
89 62
