113
71 43
72 24
14 5
31 13
14 40
39 53
33 97
59 32
38 69
94 20
19 24
93 72
12 56
72 92
84 2
29 36
46 1
30 67
28 91
78 45
28 8
39 91
40 60
65 56
60 84
71 8
58 18
86 59
58 70
0 65
82 81
13 98
91 36
19 76
43 34
74 70
3 49
46 20
13 10
97 47
50 82
97 23
14 84
73 2
49 37
66 84
56 13
44 69
63 46
67 70
35 10
15 68
89 26
18 34
71 29
72 52
17 15
50 74
88 94
53 28
67 38
95 1
4 83
49 96
98 94
99 78
28 51
74 96
3 14
0 39
97 40
99 57
67 1
53 45
9 0
36 83
39 25
24 50
63 99
6 69
75 23
27 99
89 63
41 98
81 40
59 63
97 14
3 43
21 82
79 9
57 49
23 33
2 58
32 50
46 7
33 74
37 36
80 60
69 22
53 67
23 96
44 84
75 38
26 22
58 87
24 74
87 12
91 53
21 8
69 61
57 42
68 49
84 45
