116
59 48
96 30
47 66
93 59
19 62
71 54
53 30
96 98
76 37
23 15
64 2
28 87
48 15
75 70
74 4
56 55
86 59
55 37
45 88
60 74
4 18
7 46
36 36
21 1
43 49
92 10
7 71
24 47
69 85
1 95
94 74
33 70
14 86
11 31
68 25
35 7
98 37
36 28
54 91
61 69
77 91
98 16
29 52
47 19
46 63
83 29
68 10
38 93
5 79
6 62
68 92
17 39
20 58
76 79
43 73
32 18
41 39
78 62
51 98
60 57
52 80
50 29
88 22
48 0
5 4
46 52
93 88
90 43
81 98
16 96
69 64
79 1
1 33
70 39
18 15
0 19
25 73
5 55
98 8
30 97
68 18
98 60
21 30
80 76
55 2
84 15
4 88
76 48
20 79
58 94
55 32
24 94
33 60
18 72
78 51
29 29
14 8
38 87
92 68
38 12
56 16
83 83
6 25
62 38
75 12
80 37
55 83
45 43
90 54
47 71
15 60
77 21
59 40
57 63
65 48
25 63
