110
10 52
84 28
36 3
30 85
12 34
76 82
4 52
36 33
86 67
94 53
73 3
61 55
71 42
93 93
77 61
25 23
74 26
71 79
90 77
85 19
73 95
2 16
49 88
34 64
14 68
57 74
2 0
21 4
54 8
13 93
0 23
28 93
52 20
20 40
43 34
5 70
42 69
1 37
68 27
88 10
20 71
88 43
15 9
69 12
91 58
58 77
36 94
75 51
32 7
89 90
44 81
65 0
33 29
60 64
12 78
27 65
22 88
79 91
65 73
8 61
44 49
98 33
76 15
57 43
1 92
50 6
98 6
64 94
50 97
99 20
18 49
79 1
96 95
59 41
33 99
18 23
99 72
1 5
77 65
78 99
39 6
52 35
97 45
20 18
84 34
40 20
6 14
61 22
59 7
85 71
23 68
25 4
16 33
45 88
53 38
94 24
16 84
31 89
68 64
81 96
40 12
11 47
12 15
80 77
82 24
38 83
72 71
83 58
75 91
80 87
