113
37 59
97 24
72 84
62 64
36 45
88 91
91 66
54 83
22 87
82 3
5 65
81 18
2 27
65 57
24 43
61 23
2 54
51 62
54 76
78 88
59 60
81 81
28 28
36 74
99 9
2 82
77 65
64 38
47 11
49 98
13 5
94 48
7 97
46 25
70 0
97 75
26 89
14 64
92 98
12 38
67 20
24 4
9 13
14 81
91 7
49 50
32 92
59 32
87 61
40 68
67 83
16 72
28 50
91 82
85 11
16 86
71 60
7 72
80 41
52 66
61 5
36 13
56 97
99 39
19 24
84 38
0 97
32 31
2 15
83 27
5 32
56 4
42 93
99 81
50 80
20 57
39 38
14 99
35 78
72 51
5 56
54 40
96 59
70 34
58 0
76 4
0 76
70 90
25 29
30 58
19 43
77 73
48 84
87 1
88 21
52 12
33 19
28 60
81 56
73 20
71 6
83 95
67 76
90 30
13 53
33 44
57 54
28 85
57 80
80 13
56 87
47 87
66 68
