103
7 40
27 77
6 70
49 58
29 42
50 14
28 61
7 16
29 14
49 28
50 42
49 0
27 28
28 0
6 0
8 56
27 56
49 62
7 20
6 35
49 35
28 33
29 70
28 6
49 8
48 70
7 49
7 65
7 5
49 23
50 49
29 49
27 21
7 29
71 68
34 75
58 12
13 0
2 69
20 76
56 72
32 0
58 47
0 6
24 42
43 27
1 43
53 0
44 62
13 15
58 28
44 44
12 34
22 57
34 15
0 22
12 54
59 56
1 64
43 48
21 27
44 1
22 1
1 2
14 71
35 33
2 50
20 71
41 71
57 21
57 42
34 19
58 6
0 26
58 63
21 36
44 8
42 55
56 36
20 13
1 36
13 51
37 72
41 19
37 42
20 51
0 14
40 12
37 47
15 5
17 21
19 5
20 19
12 27
45 35
33 57
13 62
35 28
34 8
20 63
12 40
1 58
32 63
