109
75 10
10 20
57 62
84 97
75 43
34 37
37 10
24 74
24 22
87 18
16 52
2 8
64 26
32 62
79 80
65 6
35 76
10 41
42 58
78 90
14 16
34 17
63 16
45 95
23 2
9 99
98 47
48 31
82 57
4 67
55 85
1 86
88 3
47 0
49 40
66 66
49 75
81 31
3 35
97 23
18 56
16 2
1 63
71 48
42 90
75 96
33 3
29 80
19 68
6 78
72 66
42 49
37 32
70 80
27 54
86 26
73 32
42 67
13 27
97 90
93 67
26 98
77 24
61 99
97 38
99 81
48 23
24 40
61 48
3 45
11 85
94 84
57 3
41 95
64 85
91 46
90 9
74 4
48 16
0 12
53 76
31 0
48 54
39 91
68 46
68 99
18 7
59 30
26 36
31 77
93 23
12 52
46 9
83 93
15 71
77 15
71 60
45 44
16 18
39 27
65 34
31 14
34 57
48 91
12 4
36 82
72 85
45 84
23 66
