118
64 35
93 7
3 38
57 61
34 48
34 16
4 7
78 15
69 49
49 24
97 29
48 39
44 69
31 87
8 63
62 97
34 67
10 40
88 38
88 16
38 42
37 56
61 24
94 60
9 91
79 91
57 83
95 87
21 4
45 94
99 67
57 9
24 41
0 99
28 81
35 8
58 64
30 98
2 25
85 2
76 47
6 72
9 12
96 43
83 24
55 97
48 78
42 21
64 11
30 1
86 92
97 22
5 87
26 18
67 20
54 60
70 17
51 28
88 31
74 63
85 77
63 81
8 55
20 76
70 0
25 35
99 4
89 56
14 98
53 2
14 26
46 62
79 96
0 29
0 67
99 78
0 51
74 35
5 4
27 63
28 96
14 76
65 95
46 84
15 19
41 11
92 62
68 3
74 52
32 33
90 78
38 49
15 90
5 48
58 75
50 10
98 36
12 2
18 38
85 9
68 32
75 90
29 71
36 30
82 39
38 94
4 29
10 87
83 51
23 14
89 81
65 31
77 21
25 86
44 28
95 67
70 38
71 10
