107
88 51
58 34
12 5
10 23
92 22
79 71
28 71
31 94
36 28
87 85
3 78
43 85
91 3
74 53
74 18
58 27
35 65
92 35
21 6
65 60
87 15
10 10
15 59
7 94
28 50
66 92
49 68
39 7
47 54
56 10
99 76
69 3
72 33
98 4
72 97
2 29
90 87
61 88
29 45
20 30
94 49
3 67
19 75
97 65
80 66
89 30
59 73
30 17
69 19
52 25
32 69
36 90
21 81
64 45
83 34
95 43
97 87
97 10
21 64
88 71
86 44
41 73
8 42
17 97
49 45
46 0
45 99
31 76
99 98
74 79
22 95
65 67
15 37
44 42
6 88
34 21
31 1
86 58
83 7
71 47
68 96
22 58
42 59
51 93
48 14
17 9
31 36
66 6
20 23
99 51
12 92
70 26
66 53
77 39
54 99
9 28
47 61
85 21
29 87
73 9
87 66
64 33
29 22
44 68
15 20
28 58
20 70
