112
4 32
12 10
69 89
41 90
53 70
70 8
93 57
80 28
29 5
97 94
7 49
39 21
31 49
39 75
65 45
60 97
35 90
87 63
79 82
21 54
33 16
4 70
71 67
95 13
20 25
12 85
43 38
82 96
45 52
92 37
62 38
70 18
36 72
22 32
4 5
62 4
24 2
57 61
5 24
55 85
96 52
45 28
82 58
11 41
13 63
36 54
87 84
71 44
57 76
18 15
35 40
76 7
3 79
36 25
85 72
74 95
67 27
3 44
62 65
38 84
73 56
50 76
64 10
23 98
48 1
77 68
97 0
98 24
17 80
85 42
45 8
9 93
0 2
89 13
53 20
96 97
94 76
1 55
27 69
52 55
29 98
63 31
56 17
97 82
35 68
90 18
98 61
70 84
21 46
1 16
91 42
68 52
6 30
8 69
76 22
22 7
54 39
37 11
39 37
60 90
48 62
55 24
85 82
32 35
16 19
49 11
32 19
29 77
86 49
43 70
57 27
12 25
