111
57 91
86 55
70 76
50 77
64 7
73 90
17 70
95 3
17 14
70 68
92 77
91 24
78 6
71 51
55 44
70 21
85 37
84 75
53 85
67 17
84 28
69 58
91 13
64 66
78 64
51 14
14 6
98 61
15 21
19 63
59 31
15 77
27 13
59 2
97 86
92 40
60 98
95 7
55 77
56 34
95 54
70 85
83 60
9 12
83 11
96 18
56 71
91 73
92 32
66 91
77 26
62 21
37 46
0 25
30 29
34 0
48 58
86 97
0 1
87 0
23 43
12 85
35 26
19 0
71 40
13 54
63 89
14 28
37 42
27 69
0 7
56 50
19 84
32 6
1 22
81 94
6 70
34 23
55 8
23 55
95 47
49 95
84 80
20 28
78 42
15 0
57 38
5 27
10 61
25 77
53 23
76 99
30 1
97 26
92 58
61 57
92 83
2 15
4 0
84 19
81 50
67 44
20 21
98 15
84 64
65 75
67 26
87 87
81 72
24 5
73 55
