103
60 57
33 53
47 20
78 49
89 68
80 92
22 54
47 77
29 79
73 73
34 35
2 53
46 63
77 14
10 37
86 31
15 4
25 72
50 84
90 92
94 78
54 16
28 88
54 47
36 63
80 74
32 46
12 89
92 8
97 44
43 4
30 14
66 24
29 59
64 94
81 45
90 59
41 94
66 72
44 35
10 31
74 58
59 33
25 38
3 44
62 40
56 89
84 3
15 80
56 62
95 36
75 34
38 78
73 78
43 49
55 26
20 88
52 93
1 5
10 66
44 54
30 70
29 0
6 23
80 0
99 97
23 16
91 17
44 1
99 58
95 74
8 58
34 95
69 14
83 89
98 30
28 20
22 2
14 0
19 35
96 53
98 88
41 27
4 39
25 98
77 42
58 72
23 57
36 8
79 26
61 19
27 40
34 85
89 77
58 80
32 23
75 69
43 70
83 66
35 38
27 77
41 88
37 83
