118
86 5
47 75
55 10
88 83
27 72
54 52
8 79
7 20
89 57
34 41
68 43
63 90
72 2
32 64
41 35
64 97
1 15
92 44
60 5
13 22
27 8
56 27
3 44
94 18
75 58
20 49
81 97
6 65
43 20
42 89
16 91
78 27
23 28
20 54
96 35
69 81
71 64
47 94
27 78
48 39
90 19
71 29
81 3
82 54
98 46
48 14
38 26
18 32
7 86
13 62
40 46
33 71
13 13
63 33
66 85
17 74
95 98
54 85
70 93
12 53
1 99
56 62
20 97
28 3
3 2
93 64
98 1
2 34
95 79
33 91
59 66
38 60
80 34
79 70
33 10
1 49
98 18
41 75
74 13
24 25
97 90
48 6
55 36
96 73
77 43
40 51
71 58
24 92
66 19
6 95
53 67
11 36
32 39
98 25
78 9
18 57
22 78
8 70
73 84
85 69
59 19
38 87
83 29
34 53
65 35
84 51
34 16
51 60
50 34
25 39
56 90
75 65
37 68
25 14
26 56
21 68
16 84
80 60
