196
47 27
98 26
28 76
49 69
96 70
43 85
16 26
76 15
34 15
15 55
9 77
56 4
83 33
7 41
99 97
36 55
60 84
61 50
84 83
5 92
83 48
64 64
26 92
89 8
7 7
63 31
97 56
77 70
30 29
72 93
99 42
49 42
23 5
21 42
54 99
85 99
37 6
99 9
23 61
8 97
65 6
5 58
69 36
93 84
42 41
44 69
77 53
84 27
62 78
14 78
6 12
22 99
49 21
41 91
82 68
68 96
40 55
15 23
4 35
51 7
27 43
71 19
33 30
75 5
90 12
99 79
40 96
8 62
29 71
22 93
99 63
56 56
79 47
62 34
98 35
76 84
53 21
22 57
90 99
68 65
57 82
19 20
97 49
27 85
29 8
57 49
9 83
78 33
43 77
14 4
64 98
47 36
83 54
98 84
92 22
36 98
76 19
50 99
12 40
70 5
5 26
33 23
44 5
8 72
91 67
37 50
84 7
51 65
94 42
79 79
5 21
11 98
27 37
65 70
75 98
99 21
33 72
98 93
26 99
61 20
62 54
43 20
13 71
5 47
63 39
49 84
93 65
43 37
21 52
41 51
19 27
23 85
68 69
29 64
91 27
27 14
83 79
99 14
58 79
71 51
57 12
59 35
93 49
84 62
77 30
82 93
84 12
13 12
64 93
53 63
37 90
12 47
11 63
23 78
33 34
42 11
27 47
12 93
68 15
47 77
43 62
22 13
84 40
48 93
70 55
57 26
93 92
94 77
13 33
26 57
29 19
75 89
12 82
57 90
20 34
48 48
35 74
71 84
41 30
69 26
47 55
70 42
35 62
36 44
23 70
69 76
78 63
36 84
76 42
93 55
56 67
94 35
61 16
47 13
57 44
83 22
