108
34 79
52 47
28 34
10 46
44 93
1 65
41 79
51 18
2 86
12 32
70 90
39 61
19 68
89 3
96 56
53 7
63 89
32 40
27 25
21 61
52 88
22 33
68 43
86 19
67 5
17 84
71 62
20 6
86 42
3 2
97 77
97 93
69 76
89 61
50 37
57 23
79 29
10 24
9 50
5 70
63 57
79 92
76 55
89 74
31 86
88 33
61 21
55 37
44 54
39 21
62 78
17 50
79 84
30 63
41 38
56 55
46 87
44 71
82 69
39 0
58 14
25 99
22 42
84 99
73 29
19 11
33 32
75 9
37 14
0 72
29 99
57 0
60 74
81 49
89 8
96 60
16 8
31 48
50 1
30 78
73 99
94 86
1 81
45 64
13 27
67 46
66 0
65 75
16 64
72 13
23 17
86 68
11 81
47 40
61 28
72 37
47 25
34 83
74 69
89 82
51 9
58 51
64 66
73 73
24 30
30 27
56 30
71 52
