196
28 96
84 9
50 36
91 32
71 47
14 40
54 65
29 43
9 56
63 5
99 51
61 98
56 81
77 92
9 79
14 6
94 70
77 70
42 86
96 91
97 15
5 26
29 76
60 21
7 99
28 29
55 51
35 62
44 5
43 22
78 23
85 50
28 13
21 64
68 33
93 89
7 61
79 96
22 28
79 6
35 99
99 20
7 41
51 99
21 93
69 70
96 68
40 64
43 49
58 6
5 21
83 57
7 81
82 78
54 35
27 47
4 7
69 54
97 35
28 4
62 83
98 4
23 78
57 20
47 70
37 27
77 26
58 97
62 68
50 51
48 6
21 97
99 85
82 99
85 43
98 54
41 89
70 39
97 99
5 93
18 14
26 61
47 85
82 26
84 60
72 89
33 6
34 42
33 77
99 30
7 70
70 6
9 36
79 75
52 21
12 55
93 5
96 75
64 54
7 11
11 98
21 22
53 70
82 20
15 83
98 66
15 36
35 34
34 48
22 68
26 92
68 84
65 35
93 99
42 99
88 42
33 12
5 51
70 11
54 40
69 64
11 77
93 84
36 71
47 54
43 26
72 99
20 47
19 5
65 50
79 43
42 11
99 44
49 40
64 13
49 77
55 92
85 82
93 16
15 21
40 56
79 64
65 78
62 27
79 12
37 85
30 33
20 54
65 61
86 36
71 30
93 49
37 20
12 93
35 94
78 85
56 13
93 20
23 82
93 65
37 57
49 65
16 12
26 68
13 26
79 58
11 70
13 51
49 11
64 93
27 82
40 41
58 54
50 91
26 23
75 51
42 72
57 75
54 26
63 41
22 43
71 22
90 26
78 35
91 56
14 63
47 29
90 76
69 77
85 68
21 33
43 34
84 92
42 76
27 56
86 13
