104
60 8
77 45
68 68
72 75
95 96
42 42
58 92
26 2
20 31
11 53
47 62
9 4
48 82
83 63
35 89
28 43
96 27
33 59
57 23
65 57
54 83
74 51
38 77
35 17
11 72
15 88
74 2
92 46
81 93
79 27
65 37
27 72
9 13
78 78
53 28
56 9
29 98
52 98
26 6
12 29
98 33
72 19
4 76
56 43
32 26
3 7
52 1
87 19
17 98
35 41
28 87
63 78
63 23
91 35
80 65
66 9
49 90
49 74
17 8
97 81
97 65
97 8
3 96
78 71
66 20
61 69
11 43
50 57
1 53
1 33
31 3
97 85
23 73
47 26
91 10
82 85
26 28
95 60
61 98
76 42
97 43
40 59
49 47
8 86
64 51
19 74
25 42
70 5
80 17
70 91
81 37
44 73
88 54
29 76
89 78
68 82
73 34
64 16
86 33
21 82
73 60
56 16
68 48
59 88
