118
51 70
27 69
33 87
50 41
48 63
90 57
54 14
9 71
10 56
61 82
78 29
72 50
45 1
65 66
25 61
82 38
16 46
14 2
18 94
90 3
31 48
96 40
83 88
31 23
13 24
65 35
74 12
4 95
58 53
92 71
60 1
1 52
63 91
79 98
27 28
38 3
5 73
92 13
19 40
95 94
39 78
39 14
76 25
24 68
65 72
31 30
13 92
91 43
54 89
63 16
29 97
55 33
28 83
31 64
54 57
32 81
47 7
56 27
15 76
5 36
99 26
0 1
21 10
5 19
79 83
37 51
76 5
87 71
0 98
88 17
7 5
34 44
2 57
29 4
99 45
75 45
0 30
1 81
98 62
41 20
47 84
92 25
48 43
44 57
24 99
15 9
81 53
20 46
79 92
79 77
50 24
73 30
40 37
26 32
43 77
69 7
88 39
2 66
7 15
64 83
18 84
15 30
83 8
44 70
16 62
47 16
8 50
65 23
83 24
25 43
33 56
51 64
73 36
36 28
23 76
88 30
36 75
41 26
