117
28 97
25 3
83 0
25 77
79 27
31 18
6 69
65 40
24 57
47 57
47 13
83 63
61 86
43 37
93 21
65 18
42 66
27 44
24 62
73 35
98 49
66 69
80 78
47 95
7 99
71 54
17 20
10 2
3 26
56 29
95 79
73 95
10 55
2 85
44 76
60 7
96 56
35 87
42 2
24 36
78 49
52 49
20 93
18 78
85 87
83 22
51 79
95 44
9 63
33 51
50 19
74 74
15 47
73 20
88 73
26 91
76 10
7 76
74 63
96 97
96 7
16 53
96 28
40 33
59 65
1 7
15 16
9 39
28 1
5 93
66 86
98 73
96 35
84 46
88 97
36 18
43 92
54 51
63 38
81 32
0 57
10 24
41 8
64 22
88 60
34 78
82 93
58 82
54 2
26 7
56 64
51 34
69 40
8 92
38 27
88 16
31 70
44 81
46 48
15 9
66 10
30 29
12 27
22 41
66 60
94 65
88 80
19 86
94 26
82 55
29 50
78 70
62 54
65 33
76 84
8 17
34 82
