100
3 4
15 29
62 33
41 72
36 21
21 56
78 74
12 89
51 97
96 49
62 71
50 20
48 88
34 99
69 12
43 36
81 51
73 90
51 61
29 35
14 35
62 81
73 39
18 18
34 41
83 61
74 82
84 28
36 58
88 97
29 83
7 58
62 12
95 93
91 64
63 26
48 43
34 24
18 85
76 66
78 45
19 48
60 65
43 88
28 96
48 82
67 34
90 48
79 88
38 15
65 85
33 51
45 50
86 47
23 33
87 13
98 25
6 72
1 2
97 34
99 68
44 7
97 83
66 54
30 8
61 99
83 11
5 50
4 86
20 77
35 70
49 27
17 63
81 31
79 97
12 43
65 48
18 93
46 58
98 60
76 16
88 77
47 34
55 68
43 97
19 24
60 17
80 60
59 85
62 40
86 17
35 49
36 84
27 47
32 30
53 24
82 70
70 29
58 36
89 52
