104
62 31
46 77
78 46
97 77
93 92
52 31
23 52
50 51
17 87
26 9
68 11
75 94
51 11
91 3
32 74
94 24
70 70
7 46
7 87
95 18
66 25
85 76
80 12
97 1
21 42
43 66
96 10
89 17
61 99
29 27
11 4
79 31
1 67
27 58
66 3
62 63
89 45
23 87
42 11
71 52
96 97
52 82
27 4
33 23
91 69
53 42
64 79
8 57
95 32
17 97
7 77
85 54
92 83
73 63
55 68
28 18
75 36
87 98
33 66
79 67
41 92
60 72
6 20
38 41
0 33
0 99
19 68
36 46
18 28
80 54
94 39
43 1
6 12
4 52
3 84
64 48
52 21
65 9
78 82
31 81
22 36
37 30
16 67
31 90
8 52
52 46
23 12
99 83
48 62
55 36
59 7
69 34
98 30
34 44
37 7
44 84
86 6
20 60
40 36
56 14
22 82
37 59
18 55
86 25
