107
49 94
10 94
15 79
53 25
95 4
51 61
47 2
67 57
3 63
34 90
64 80
42 47
57 47
89 25
58 11
78 42
36 79
46 24
16 69
25 99
46 90
39 58
27 85
3 1
87 90
1 17
82 66
71 98
17 40
28 2
77 12
29 16
22 54
98 36
94 72
75 22
35 42
57 39
62 0
41 73
0 24
83 81
96 22
1 91
3 53
38 19
60 89
27 35
7 8
88 43
42 41
60 27
32 5
23 63
16 93
62 49
84 71
66 14
52 18
86 34
32 80
66 36
50 45
98 53
0 77
16 22
1 35
81 1
13 43
78 58
17 8
80 7
81 96
96 61
71 36
73 80
56 80
37 65
24 21
25 52
50 8
2 10
38 24
9 37
18 77
6 92
72 94
10 22
67 22
42 6
23 30
84 57
26 94
33 64
56 4
11 51
42 29
71 4
22 16
41 88
9 47
60 20
60 7
11 12
49 23
44 14
33 53
