108
10 10
4 4
16 16
78 88
41 62
58 60
1 18
85 85
42 4
19 70
28 38
77 68
46 32
90 6
31 98
15 88
32 83
92 19
94 76
34 56
89 70
27 71
74 10
55 84
77 37
17 54
80 53
58 6
14 35
92 44
58 42
37 23
86 20
3 23
23 24
72 94
96 55
3 86
73 31
66 56
54 14
11 98
44 75
92 90
43 42
21 84
32 12
71 87
21 40
7 74
68 11
51 34
97 65
77 60
14 11
19 62
65 50
76 77
86 11
23 0
49 99
2 54
68 26
4 45
35 97
99 2
3 59
0 0
59 22
61 98
52 79
63 0
1 28
38 28
26 98
81 99
99 86
24 54
85 41
12 39
70 34
61 58
98 71
48 13
21 2
36 46
19 21
70 76
7 89
49 40
26 36
7 54
83 62
0 8
12 75
57 28
72 51
63 20
19 89
7 5
25 22
87 76
37 32
80 91
16 5
10 62
16 45
38 42
