108
5 64
98 42
54 55
71 7
81 20
8 27
6 5
58 20
83 58
24 8
34 37
34 97
95 78
13 93
28 77
63 84
74 65
89 84
32 43
2 11
48 27
61 59
45 8
12 44
96 0
66 44
42 75
4 82
92 24
40 92
75 86
79 30
2 46
68 4
38 13
22 73
48 38
18 23
63 76
41 66
18 46
88 6
65 28
32 52
92 45
95 10
90 74
60 4
60 68
15 5
3 71
27 91
82 2
4 21
9 43
72 30
73 16
55 35
81 66
38 48
52 51
98 95
66 17
5 97
93 28
80 95
19 58
97 62
49 78
39 23
40 6
25 2
96 59
40 99
20 99
11 83
27 58
8 68
90 42
72 50
1 55
0 32
0 83
33 78
73 79
23 63
40 0
49 22
25 95
16 32
63 6
66 65
86 22
76 41
39 38
80 72
31 2
4 87
86 10
52 70
22 55
6 31
8 59
34 64
18 51
68 73
82 11
35 85
