112
65 24
92 11
23 65
8 33
3 47
20 79
47 56
46 34
62 68
93 45
88 66
3 92
67 83
59 20
58 66
32 77
85 10
16 85
46 49
83 52
67 62
71 19
30 67
85 27
39 12
14 15
24 38
25 6
34 98
89 94
31 52
57 6
65 41
38 82
18 46
32 24
70 5
95 0
79 42
29 31
73 70
57 80
45 63
28 92
47 4
79 23
56 44
57 27
34 3
33 41
21 56
22 29
91 5
78 36
1 70
98 83
54 98
71 98
6 1
26 45
20 74
81 82
99 53
68 55
94 38
97 78
2 86
9 64
99 18
3 6
64 84
14 94
20 8
63 4
90 71
97 93
51 91
77 1
3 77
46 70
6 50
43 26
95 62
78 84
73 55
11 24
20 12
42 89
57 37
10 45
41 55
10 90
35 13
27 60
13 31
70 92
46 75
53 14
93 20
76 15
11 59
89 46
63 52
71 28
38 35
48 72
89 13
31 61
10 71
70 45
14 54
68 14
