106
61 78
67 10
52 20
85 41
63 48
71 26
39 27
23 62
98 83
96 58
41 87
25 76
9 75
86 27
14 25
7 43
92 11
90 91
49 75
6 86
34 73
17 32
76 10
2 18
83 60
73 37
58 67
95 21
80 18
38 10
74 94
3 60
48 52
17 95
8 9
30 22
34 92
95 51
75 70
23 38
19 63
54 27
49 41
93 72
55 89
74 54
85 90
41 48
8 78
8 95
93 90
69 75
62 33
79 95
28 29
33 81
59 74
27 67
87 13
99 35
66 66
1 32
23 11
6 57
32 99
61 9
34 53
40 12
49 90
64 95
96 67
84 75
66 50
2 46
24 15
41 38
30 52
83 37
95 28
27 95
10 19
75 80
80 44
66 40
47 82
44 23
56 54
13 73
63 25
43 97
7 39
88 58
31 38
74 15
68 81
57 38
15 81
29 58
77 29
40 78
73 49
80 81
68 24
61 69
83 51
59 46
