114
22 13
88 3
59 92
49 32
89 95
64 76
4 49
17 36
53 11
85 60
28 95
68 17
33 67
78 83
3 91
13 10
10 30
53 91
67 94
58 18
51 82
87 41
24 50
96 77
12 74
30 27
63 33
62 62
95 28
65 3
7 51
84 6
77 44
41 61
47 28
11 3
88 56
73 22
31 79
31 94
32 13
37 47
72 76
94 2
92 84
47 96
2 37
44 68
10 86
59 69
16 17
24 33
73 96
96 63
17 3
70 80
40 93
43 20
83 50
56 83
1 65
51 50
44 0
97 45
89 20
19 60
66 35
0 21
95 98
79 8
34 4
12 98
26 75
47 46
0 88
3 6
1 74
74 48
31 49
27 99
99 47
10 49
55 9
55 64
27 64
91 75
45 32
5 28
85 88
79 2
61 39
92 61
47 77
58 97
22 96
48 14
35 87
57 53
2 44
30 18
22 64
47 36
66 73
81 89
16 39
8 14
61 30
11 25
25 89
7 46
21 21
62 87
92 55
55 23
