100
73 55
12 80
16 14
31 85
86 65
32 48
64 86
95 30
83 9
19 90
32 71
48 17
79 36
17 35
58 5
56 49
3 31
50 82
96 44
27 10
94 59
40 95
22 38
52 26
33 35
97 84
18 65
3 46
57 67
79 91
41 59
68 15
82 18
47 97
84 2
70 36
38 4
14 3
21 96
70 76
75 50
21 62
38 27
67 6
9 88
95 35
39 65
94 4
8 23
52 7
79 54
41 75
63 54
80 39
45 25
75 85
88 14
31 56
1 71
8 53
50 45
92 79
6 96
71 71
53 67
32 19
96 27
86 72
0 25
3 50
10 8
47 81
67 25
99 51
87 93
51 40
15 75
36 41
80 33
61 83
25 15
5 25
88 79
64 18
48 62
19 56
6 39
60 40
71 50
26 82
29 25
16 95
89 61
21 1
89 22
25 69
56 58
40 50
79 65
71 45
