114
52 17
75 26
17 17
56 3
83 39
96 85
7 6
78 74
32 91
68 42
43 35
69 9
26 35
47 88
3 38
56 63
61 28
49 20
11 68
79 94
95 59
95 21
4 85
30 62
35 15
95 6
41 73
72 58
97 99
18 93
93 68
57 88
30 85
87 54
8 49
1 6
61 67
17 22
76 2
36 98
92 82
56 51
25 71
58 37
83 20
81 53
12 41
42 13
77 40
78 65
87 85
91 11
12 7
22 86
92 51
69 3
17 67
29 21
83 48
2 99
26 3
39 24
42 53
98 29
70 98
52 2
2 57
26 54
2 27
56 99
23 39
56 82
48 38
21 0
3 88
98 0
67 25
54 66
1 52
14 98
31 99
83 69
97 14
91 27
66 51
39 65
6 20
39 44
13 74
66 14
29 34
20 57
27 77
49 3
69 72
93 45
39 87
83 79
54 23
4 94
7 43
80 16
34 71
21 25
9 8
7 28
68 20
72 35
61 6
47 27
92 77
56 12
18 13
61 20
