89
17 69
53 60
6 23
18 57
88 93
33 94
27 29
60 94
34 78
35 55
15 16
27 91
57 66
3 34
66 89
11 56
5 12
12 96
36 41
3 82
34 62
52 75
4 48
25 50
17 30
77 96
58 88
39 48
9 69
31 85
26 70
16 46
69 74
24 38
45 99
49 54
14 91
81 89
44 79
37 99
65 72
4 89
9 75
4 17
32 70
3 44
20 24
75 87
11 61
48 63
29 96
40 85
10 34
61 80
24 77
36 71
92 99
45 55
9 20
23 91
67 64
1 74
33 34
6 97
27 63
67 99
84 99
0 33
2 62
46 88
15 99
17 38
51 69
19 77
27 56
72 91
66 78
49 85
11 51
3 26
17 74
26 41
56 78
16 59
9 81
12 36
22 68
36 67
18 85
