106
70 3
20 8
72 79
43 71
72 31
84 8
53 72
67 95
62 72
69 59
31 56
13 90
95 42
52 48
37 96
40 2
15 30
75 20
63 30
28 29
87 56
3 11
2 42
87 83
9 71
99 21
46 20
37 84
97 78
2 63
30 19
60 98
23 94
86 38
82 68
60 9
56 32
9 86
4 27
99 48
46 64
20 16
62 60
51 81
52 40
72 35
6 67
81 13
35 63
13 14
79 75
76 59
15 78
48 90
17 94
59 81
7 23
55 21
17 53
68 66
35 42
2 99
88 93
46 5
86 29
23 1
14 55
96 62
38 41
70 45
74 94
63 5
41 99
37 6
32 24
83 54
34 79
8 41
1 85
92 25
34 99
0 21
24 45
47 25
54 55
54 1
38 37
0 80
77 27
87 78
11 9
67 12
49 46
66 92
48 86
48 69
15 23
80 48
66 38
41 11
62 67
27 10
80 88
46 32
55 9
57 65
