96
4 3
11 7
29 23
83 88
40 38
64 69
13 16
19 7
12 48
80 5
42 9
36 84
6 93
12 68
49 60
50 23
24 38
22 97
16 83
10 39
50 48
73 92
16 54
67 1
54 66
16 23
12 75
29 84
25 20
4 18
14 4
92 44
66 48
97 98
27 68
88 69
73 18
71 69
61 10
8 98
56 38
88 87
28 46
28 6
36 90
44 30
24 60
73 77
35 43
93 92
10 61
19 34
63 57
27 95
38 17
25 24
82 78
87 20
50 94
99 31
57 56
64 96
98 52
38 57
43 77
84 50
47 5
1 84
5 32
95 38
59 21
97 82
1 99
30 36
65 6
19 18
33 98
73 55
78 12
0 9
45 23
55 42
99 91
44 91
24 76
20 1
21 90
74 86
38 36
70 65
53 37
18 73
11 19
50 17
33 30
18 46
