111
87 9
38 43
94 52
39 96
68 85
63 16
73 26
3 90
67 99
90 80
62 61
15 37
5 4
15 66
11 52
9 23
85 63
92 38
68 70
10 92
72 34
59 81
27 65
55 63
41 33
12 12
31 82
44 7
73 2
43 72
82 96
76 48
27 14
57 34
25 49
22 34
98 31
8 74
23 80
6 48
49 13
32 96
13 94
57 56
90 28
59 23
72 69
72 10
50 35
16 29
29 75
63 37
79 37
58 73
21 59
9 83
97 94
99 68
0 35
0 61
41 57
19 44
54 87
29 7
92 12
83 78
1 21
38 3
9 2
47 89
97 74
90 97
36 20
91 47
36 37
24 96
83 0
71 55
74 92
37 63
12 71
2 7
86 83
53 20
24 28
39 77
17 15
76 30
59 46
11 44
24 84
84 26
26 53
41 47
4 26
69 64
88 94
33 61
53 70
93 70
30 35
96 84
86 47
11 64
13 78
68 34
23 20
47 70
8 12
17 87
26 69
