108
10 15
8 53
74 88
55 74
69 68
21 13
16 73
72 9
79 39
0 76
10 90
52 31
96 93
95 48
44 7
75 63
58 79
21 5
96 82
49 62
17 59
75 81
24 44
91 20
1 29
34 83
99 62
38 26
75 24
91 5
59 47
96 34
35 69
39 45
17 37
17 88
37 90
5 96
82 37
64 96
89 62
79 95
7 60
52 76
62 29
81 77
8 6
60 57
32 44
74 50
35 35
19 52
88 91
94 55
9 72
24 79
84 25
43 72
67 83
75 71
19 44
92 43
50 97
54 4
1 4
70 5
32 60
99 2
37 21
30 2
97 18
4 43
52 24
76 3
45 1
49 45
3 21
3 57
15 0
51 60
23 93
1 79
91 76
68 10
42 86
41 21
26 23
5 35
79 57
99 24
28 65
88 11
75 36
15 94
68 15
56 84
47 10
3 85
65 54
32 75
81 86
11 37
55 64
17 84
79 72
13 80
76 75
66 79
