114
62 52
32 27
17 56
7 34
52 27
30 59
34 19
1 97
21 92
54 94
38 71
52 5
84 57
72 10
26 42
67 2
70 55
40 56
61 88
4 53
23 61
91 82
18 14
18 78
80 43
60 70
97 24
90 97
76 82
83 0
40 96
35 7
5 23
52 75
82 14
62 24
11 80
95 30
32 74
87 71
52 40
10 94
90 48
7 44
73 15
13 64
38 24
85 29
21 46
58 80
44 65
60 60
10 86
34 53
5 8
97 2
98 61
38 67
35 95
5 67
27 0
66 29
82 95
51 12
97 44
95 83
20 28
24 51
77 57
59 42
21 4
0 81
2 37
26 97
1 20
0 58
39 48
49 80
52 0
73 39
99 79
79 71
75 1
45 33
16 29
49 58
25 92
23 77
41 88
58 13
90 31
81 85
34 29
66 78
42 4
2 30
21 15
66 46
54 19
80 91
48 51
83 42
92 79
49 92
71 63
39 14
55 65
31 35
12 41
19 68
80 75
75 46
12 32
19 83
