109
28 18
40 41
38 59
24 32
47 22
4 13
15 80
58 19
34 95
4 46
97 85
74 77
54 96
63 64
56 36
92 60
1 81
90 45
15 28
68 86
6 17
27 45
41 17
86 4
73 27
51 5
17 5
29 73
10 94
83 88
90 30
21 55
39 84
41 44
3 41
94 12
96 80
55 48
23 86
75 39
83 73
21 4
20 94
61 91
93 94
1 7
84 57
40 94
9 28
34 75
25 38
35 7
33 21
69 72
79 31
61 26
55 12
13 89
47 45
94 89
14 13
72 2
3 60
0 76
69 43
15 72
97 29
0 98
76 58
47 63
73 12
48 80
12 58
0 2
56 2
48 97
66 57
62 99
60 72
11 42
69 10
0 27
92 64
22 52
76 25
32 68
25 97
46 28
61 43
48 59
76 87
91 39
42 6
30 35
61 87
83 22
74 53
2 21
20 10
27 88
45 94
31 27
63 15
5 27
33 43
64 78
46 54
26 24
34 89
