110
91 78
9 0
26 28
96 11
90 68
8 90
24 52
49 38
48 58
15 75
22 14
85 23
59 23
33 3
39 54
36 38
68 14
56 54
4 77
51 57
73 66
49 73
40 24
36 88
6 32
97 94
76 97
72 43
49 13
98 36
9 52
7 14
50 94
79 38
18 66
90 6
68 29
36 67
51 77
84 83
32 95
67 73
11 35
61 2
97 73
92 28
20 61
53 18
36 71
29 11
66 49
83 17
75 86
55 36
42 95
16 50
96 90
77 16
80 79
90 32
12 66
30 58
85 53
77 0
46 48
54 69
21 82
88 54
16 0
2 51
61 93
55 0
77 29
25 38
74 63
98 2
0 31
31 0
88 49
27 95
94 93
56 91
43 19
15 27
62 30
70 2
26 78
94 64
68 66
99 79
63 15
9 73
44 81
44 13
20 9
61 47
55 60
44 24
81 5
35 50
55 77
91 21
86 45
26 61
87 69
18 80
42 88
48 69
73 19
51 29
