122
66 16
93 73
26 5
38 62
49 13
74 4
29 26
14 90
26 75
44 89
75 78
93 94
85 19
52 39
28 20
27 61
42 23
70 48
5 55
60 99
56 80
63 63
3 23
85 61
95 38
95 9
8 41
44 4
43 97
48 66
49 50
73 98
10 17
3 95
13 56
92 80
20 94
78 61
32 77
64 55
98 20
25 24
28 10
56 22
84 92
86 30
19 69
68 77
85 13
98 84
56 50
57 91
18 17
95 24
60 2
12 3
5 71
30 46
69 34
84 47
0 88
99 1
28 91
14 34
1 6
67 31
35 13
99 98
1 40
99 64
99 38
36 44
0 69
50 70
42 27
72 2
22 40
79 96
82 16
77 75
0 54
42 83
91 0
21 2
6 98
78 48
52 43
70 25
22 89
65 94
19 58
12 78
53 65
55 16
15 42
41 3
86 76
35 55
71 17
34 69
28 30
58 77
55 33
67 49
67 71
14 67
80 5
85 27
47 21
28 73
65 6
76 89
90 78
20 32
63 20
42 18
18 10
17 82
5 62
70 85
59 35
10 86
