116
83 50
38 85
77 86
41 7
30 33
6 39
91 81
4 9
18 81
61 8
81 19
38 37
97 93
51 2
82 79
52 81
47 59
68 67
20 4
50 22
17 97
2 25
22 19
96 1
4 82
32 58
95 18
20 44
98 56
64 52
97 37
8 64
2 99
77 65
92 62
37 94
77 98
21 74
4 46
59 88
51 31
16 18
36 20
30 62
63 23
90 20
35 48
1 18
91 90
1 36
69 61
31 8
88 15
49 16
21 54
41 63
45 91
48 8
10 11
83 33
80 0
70 39
62 92
5 67
85 48
56 37
31 99
67 76
3 85
54 12
99 42
42 43
98 64
25 77
55 59
83 99
46 73
15 32
48 99
68 13
86 34
16 58
35 29
97 87
52 41
98 23
1 10
92 4
5 96
87 65
13 0
43 0
22 88
29 72
73 63
31 53
57 76
60 38
18 15
80 28
34 13
30 91
93 88
83 73
89 51
63 85
13 49
56 48
14 25
23 59
60 69
27 17
43 26
54 85
82 59
75 73
