111
11 79
23 67
89 72
56 69
84 16
31 31
58 21
93 28
7 35
14 12
68 89
42 90
88 47
75 27
2 67
76 2
29 65
43 36
92 12
79 82
62 79
65 24
88 32
94 95
65 50
26 92
0 10
35 14
58 37
5 53
56 92
79 47
90 3
96 86
3 26
93 54
61 54
17 28
80 68
31 2
64 73
7 1
52 42
8 73
31 23
34 66
6 43
76 12
96 77
36 96
66 38
84 95
70 58
36 22
8 15
57 78
61 1
25 51
4 97
39 50
61 7
25 2
18 92
99 15
99 62
20 52
56 98
98 48
44 78
53 60
34 47
84 66
2 58
49 5
79 30
24 37
4 81
72 44
67 97
0 19
37 70
16 15
70 67
34 88
81 80
18 83
3 44
39 55
38 8
10 29
61 35
71 8
75 85
91 9
21 13
79 51
10 93
63 15
34 40
83 25
48 50
17 37
75 39
60 59
70 19
90 18
57 43
60 69
27 58
69 33
13 25
