113
92 36
58 79
18 77
71 6
56 55
20 47
66 64
26 10
81 22
98 22
73 41
43 42
55 29
10 5
26 54
55 90
55 22
88 37
97 11
62 88
24 41
5 64
40 4
36 75
97 87
9 20
44 13
72 57
40 85
60 49
81 2
76 24
2 70
51 61
4 52
52 76
22 82
30 19
71 72
33 54
14 34
93 45
76 1
57 43
75 52
57 97
48 57
66 20
44 20
46 34
64 34
15 53
87 22
77 60
88 72
80 96
19 97
2 93
60 40
99 62
46 47
84 43
59 75
82 89
2 1
60 2
97 98
33 94
15 99
73 78
6 85
70 47
29 3
78 92
29 39
91 3
28 59
9 33
99 53
85 75
61 16
46 3
43 75
28 75
83 95
37 20
63 97
22 13
90 51
99 31
64 93
18 56
83 8
9 94
72 27
12 77
64 10
87 61
42 70
67 74
47 84
55 59
66 12
77 21
31 7
71 67
36 66
50 36
78 70
60 59
85 35
59 68
38 10
