117
40 55
24 38
30 47
30 23
62 59
52 98
95 31
27 94
57 6
18 7
66 30
3 82
38 7
60 96
31 0
71 59
61 69
66 8
88 72
3 6
85 91
87 56
8 25
91 12
6 68
44 41
79 20
17 80
76 40
52 27
99 93
67 82
45 93
25 20
66 97
36 29
3 33
58 51
21 97
15 41
51 0
72 3
94 46
21 56
62 37
55 72
7 57
42 15
35 53
77 97
10 10
82 80
60 11
52 54
28 6
67 51
72 10
26 30
94 82
37 39
35 82
2 96
21 13
41 69
27 65
87 6
1 47
81 35
98 17
51 22
12 81
89 52
81 71
99 38
11 67
26 69
42 84
1 92
68 24
36 97
10 34
8 48
62 88
48 40
77 62
74 98
41 0
27 84
75 19
39 61
38 14
60 80
22 2
85 66
58 40
5 72
21 34
11 18
84 40
27 49
16 93
53 83
83 14
44 55
7 39
70 62
64 6
81 48
67 63
71 90
14 72
51 46
29 55
40 48
28 37
72 70
30 12
