120
2 14
71 44
25 19
62 71
80 13
97 94
12 31
76 60
28 82
97 77
82 84
62 11
15 76
35 44
18 50
79 31
55 32
33 88
73 80
31 28
66 50
63 55
6 97
27 63
48 82
60 95
94 5
24 5
1 41
40 3
38 72
2 92
52 60
37 53
6 75
82 67
65 26
68 4
61 89
10 9
13 49
97 65
92 35
8 28
26 92
36 39
83 8
89 81
79 41
72 94
30 4
33 16
62 64
62 79
89 13
76 22
65 43
26 43
18 89
48 69
0 62
89 52
45 96
48 16
99 22
99 0
52 37
98 40
92 95
54 0
66 9
48 97
8 78
4 46
96 55
16 1
1 9
50 23
93 21
31 68
31 98
18 18
0 23
35 22
45 78
3 67
65 98
56 37
9 92
69 26
0 81
83 70
23 33
97 7
75 85
11 53
70 58
3 37
62 4
12 99
30 77
12 71
32 49
53 57
76 45
55 43
33 94
90 62
54 66
68 94
21 40
52 92
66 80
80 81
8 46
23 80
9 16
39 80
70 35
63 32
