117
77 40
20 64
0 32
80 83
43 15
66 89
47 45
15 14
23 47
3 6
40 71
36 99
31 7
94 15
29 53
11 69
80 28
48 21
76 89
3 21
61 31
49 2
26 78
56 59
10 53
81 64
96 55
19 32
9 90
46 86
58 75
59 7
82 46
2 38
63 39
28 29
78 22
26 96
35 67
90 91
59 92
55 23
6 66
90 49
33 47
83 76
40 0
66 45
85 11
54 70
13 24
48 95
65 30
6 11
32 39
5 79
80 50
38 14
15 61
99 30
94 88
6 98
88 1
48 42
74 37
70 16
23 1
3 52
70 60
23 92
75 7
97 97
66 78
97 19
57 2
1 97
42 82
91 63
30 23
98 46
56 55
5 36
66 99
29 0
38 56
78 69
88 97
82 1
0 60
94 36
56 9
47 25
14 47
39 85
70 54
20 17
52 49
29 62
93 22
80 96
60 70
64 16
31 32
53 91
51 40
53 26
26 48
65 61
93 54
80 87
79 60
42 51
34 23
74 30
57 49
63 51
25 42
