90
79 90
83 76
80 45
83 35
80 97
95 84
93 9
26 10
61 43
28 42
70 87
78 64
87 29
90 78
50 25
77 16
55 7
17 26
78 2
17 45
52 41
17 10
69 34
53 19
81 55
84 15
71 45
17 20
73 96
85 22
2 6
95 57
65 71
68 16
97 6
46 18
75 60
92 61
11 7
57 49
47 35
93 91
15 35
74 82
59 27
27 15
86 43
53 11
85 71
82 8
70 26
67 54
3 27
88 51
55 37
17 52
72 71
98 29
88 80
77 28
2 2
76 54
38 32
57 1
99 13
91 99
33 10
97 43
3 19
83 65
49 2
9 32
84 0
99 78
18 4
24 24
24 46
68 11
64 63
91 29
69 78
97 67
90 2
75 91
55 30
79 6
78 23
50 31
80 84
76 47
