98
97 4
91 50
2 3
87 90
33 39
95 78
14 54
14 77
55 30
49 6
12 13
29 66
62 0
42 97
75 30
80 7
54 44
20 92
8 64
38 1
19 17
22 52
27 35
83 59
68 37
47 25
45 40
3 54
9 2
15 44
33 18
61 58
95 34
62 83
3 98
48 75
71 69
5 22
36 16
74 52
84 17
65 91
70 22
28 76
66 53
91 54
81 38
25 86
34 9
58 26
3 10
25 44
77 48
75 18
69 60
39 56
39 91
81 96
59 99
74 74
47 59
93 20
65 7
49 10
38 97
80 89
95 90
54 79
38 77
24 66
90 34
52 99
76 2
73 92
32 31
94 11
59 49
52 24
50 69
81 80
38 60
16 79
60 10
41 34
29 91
25 21
63 63
90 27
23 58
57 93
19 36
56 3
70 29
83 53
68 45
39 17
53 53
40 68
