110
69 44
44 89
50 37
49 52
68 91
35 68
12 77
98 70
52 67
26 24
48 21
31 42
14 32
8 96
1 23
67 30
52 90
63 44
34 14
59 76
91 76
18 44
41 25
54 81
43 48
60 7
18 63
82 3
81 65
29 88
79 17
3 59
96 7
81 35
10 80
30 6
77 74
96 87
0 30
76 89
25 49
68 12
72 48
41 54
10 40
23 21
59 58
48 16
88 62
62 93
34 36
8 55
72 32
69 70
86 12
29 21
53 45
92 48
97 30
14 4
18 33
66 84
99 98
38 73
96 49
98 23
37 0
8 18
1 94
30 96
15 95
73 38
26 81
87 34
54 99
90 84
11 13
67 7
84 18
0 50
74 63
9 62
55 75
40 68
64 98
77 49
93 67
37 62
12 58
47 91
44 9
93 16
28 47
15 82
69 62
42 33
56 36
82 76
46 19
86 45
12 36
83 80
32 22
40 39
48 75
5 27
59 84
29 33
55 91
36 18
