119
9 18
73 81
43 39
17 8
56 40
4 65
29 87
69 10
15 94
31 13
29 59
89 69
89 41
77 96
67 62
6 22
68 2
64 52
36 88
43 49
83 80
15 34
12 79
95 26
45 8
91 95
9 47
34 73
69 34
68 78
93 58
75 49
27 47
14 53
1 35
17 71
41 22
44 76
96 74
2 7
64 10
58 34
38 35
56 57
21 67
37 12
14 24
87 88
5 39
41 63
30 79
18 88
32 48
41 8
90 4
53 89
79 24
27 71
98 6
16 1
66 97
48 97
0 71
54 20
58 74
29 31
76 63
85 39
72 26
49 75
62 92
73 64
21 99
78 12
70 48
95 88
34 93
57 26
86 25
89 53
31 2
13 85
46 57
18 31
52 6
97 69
35 27
15 56
96 30
72 33
84 97
16 16
40 95
91 67
40 41
81 82
58 67
71 12
57 48
7 79
28 54
16 39
61 83
28 25
13 64
80 38
59 63
20 91
42 55
73 18
76 84
45 17
23 53
75 43
70 59
30 35
81 71
19 65
22 82
