113
67 17
51 87
75 42
53 35
62 51
41 15
39 79
22 77
94 82
79 2
79 90
14 50
91 53
31 95
12 96
33 29
49 7
35 70
58 8
20 94
81 72
44 50
15 9
7 37
2 21
67 67
90 13
10 64
25 60
53 78
98 55
23 42
59 34
26 4
7 5
41 45
50 95
95 77
47 60
71 62
40 8
51 29
34 88
23 31
68 3
95 87
86 57
96 46
71 52
53 54
98 65
21 66
83 75
60 88
12 42
35 11
36 64
56 19
1 75
87 31
28 70
60 64
89 67
85 97
94 9
96 28
75 18
7 82
6 96
71 99
18 17
0 61
83 82
73 37
98 10
54 73
35 50
36 25
1 96
1 10
43 99
54 0
99 40
11 23
67 32
7 57
59 99
21 85
20 3
71 14
75 85
22 38
28 52
48 80
82 48
44 30
6 89
74 68
49 44
47 94
67 50
40 25
20 63
29 37
93 44
26 85
67 77
50 70
62 15
42 83
46 9
65 23
15 88
