100
25 14
16 25
6 13
4 57
76 20
21 83
16 78
1 2
29 4
28 19
55 5
53 90
68 89
95 31
16 97
28 63
74 25
12 26
11 53
1 21
17 68
13 90
20 9
11 20
96 11
95 59
49 66
61 42
72 66
87 72
90 45
56 28
59 76
90 7
1 67
76 84
54 96
60 12
78 60
99 56
90 78
19 51
15 1
66 39
91 25
26 97
99 38
30 74
64 67
93 3
60 51
67 95
84 22
7 75
84 55
69 83
79 31
14 61
71 3
23 73
3 90
26 49
20 18
54 19
75 45
50 97
95 77
1 82
78 6
55 82
84 87
29 88
26 31
2 96
89 41
57 14
60 28
57 68
97 73
1 27
74 97
85 7
74 64
11 94
97 45
68 49
27 93
91 21
63 5
26 11
8 61
60 96
89 60
8 99
83 75
72 35
66 10
17 89
89 52
82 15
