112
92 56
3 87
45 3
67 85
7 40
91 31
64 58
97 78
51 45
66 4
74 22
37 38
84 91
22 73
97 26
13 87
52 11
97 56
39 48
47 73
85 10
27 27
3 63
47 97
31 60
5 7
81 74
76 43
1 27
99 9
17 62
97 73
63 65
29 85
60 43
52 22
0 94
66 30
96 42
70 95
51 81
80 77
47 60
2 17
29 43
70 57
20 94
45 30
54 91
94 59
82 48
37 72
14 72
46 52
57 39
52 67
6 99
82 66
33 11
22 23
6 46
80 6
99 91
4 1
30 1
25 99
0 59
21 42
46 41
66 10
37 87
69 90
99 17
55 96
76 20
88 89
7 25
84 2
24 59
85 31
52 0
7 72
29 23
40 11
78 57
12 39
95 12
29 74
71 37
70 4
27 57
15 48
90 36
64 99
9 81
10 32
37 25
55 85
41 58
65 51
82 24
62 56
14 90
36 69
32 46
77 67
91 26
49 89
86 41
86 56
73 34
28 66
