111
65 54
29 27
49 27
34 50
93 72
90 94
37 8
16 62
27 78
49 82
75 69
54 42
92 17
70 85
84 33
10 27
8 81
39 14
83 96
25 43
35 78
41 35
19 19
18 51
51 5
73 42
65 17
87 59
50 96
98 34
4 50
64 98
40 60
15 91
16 67
3 36
52 24
55 3
88 44
78 20
11 18
70 79
71 64
99 25
24 37
69 48
93 60
30 10
46 41
34 69
15 24
38 45
57 13
44 19
98 2
54 68
70 3
52 32
13 97
21 2
92 76
99 99
1 86
91 2
32 40
2 15
56 83
47 63
31 64
81 27
10 66
6 43
23 92
65 1
84 80
40 84
77 9
98 50
35 0
83 54
94 8
53 54
75 35
7 73
11 48
16 9
26 82
61 74
49 91
93 84
76 63
53 77
29 1
64 88
80 90
25 25
23 60
89 22
23 10
89 70
8 52
17 40
20 76
73 71
76 45
42 21
85 84
84 13
30 50
18 83
63 81
