89
95 35
94 3
37 26
28 15
95 28
66 26
28 96
27 6
56 93
94 73
55 73
27 59
84 37
38 3
96 46
12 53
55 2
87 2
87 71
29 84
56 28
94 55
96 23
28 0
50 26
85 25
29 38
74 82
2 76
12 92
73 13
38 82
50 94
84 56
26 52
19 36
25 73
14 85
59 82
61 35
94 8
83 17
9 82
95 65
19 60
85 48
47 85
61 28
46 53
95 95
4 10
2 37
74 97
0 61
3 26
45 56
60 2
73 60
76 36
18 27
25 99
88 99
0 84
60 96
64 72
36 18
20 3
52 40
10 39
27 67
43 86
64 16
80 5
27 44
3 94
27 91
98 40
31 20
15 77
60 92
42 91
16 50
18 93
90 24
25 9
58 88
22 43
93 17
24 81
