118
87 5
2 83
93 29
94 12
31 93
94 71
12 50
55 70
63 83
56 30
36 77
44 16
28 14
57 10
80 22
42 55
27 66
69 5
19 45
94 40
71 26
36 7
77 11
82 29
64 54
81 54
1 39
67 99
2 13
47 92
30 30
99 54
85 83
16 92
70 67
18 4
8 73
27 60
60 39
75 97
56 54
81 46
50 75
60 99
4 20
8 90
85 62
61 3
35 72
71 84
56 37
46 83
41 64
79 91
79 74
86 15
61 60
41 39
99 85
13 59
12 24
8 0
41 1
33 99
43 20
15 77
0 42
26 46
45 40
95 47
24 88
15 20
10 96
75 44
33 0
93 89
59 15
7 59
29 22
0 86
1 72
39 34
98 43
94 20
77 1
91 6
19 72
52 2
68 40
24 37
42 48
97 57
28 56
58 20
59 76
41 87
58 52
9 40
45 58
71 59
30 75
59 92
89 34
42 13
63 25
5 47
84 51
69 76
38 16
60 68
33 51
31 82
9 45
63 36
70 12
49 15
53 25
88 23
