114
34 42
47 92
87 23
13 91
93 89
44 60
8 71
72 23
69 47
36 77
52 37
2 50
74 91
90 50
62 66
68 33
52 85
26 79
42 97
18 98
67 75
72 57
45 37
80 43
33 7
0 22
17 56
88 5
84 69
60 99
28 65
14 32
48 20
19 3
4 65
5 85
46 51
29 33
30 12
79 86
62 18
18 92
85 42
88 59
35 84
57 80
75 26
58 54
86 81
8 54
38 35
80 60
54 94
28 84
11 80
13 44
66 56
14 17
71 7
49 3
0 3
99 75
1 99
43 86
97 94
93 29
71 1
88 9
0 31
34 17
40 56
70 98
25 58
98 89
11 13
93 36
96 11
44 72
71 77
79 98
94 69
28 16
3 70
0 91
29 39
16 26
10 3
22 70
26 54
0 13
66 15
56 64
82 10
90 95
25 4
50 51
43 16
32 31
57 85
81 76
32 57
3 79
27 72
8 19
75 52
82 37
38 31
77 83
46 58
59 78
13 59
94 85
37 50
34 62
