107
38 67
50 40
31 19
92 90
54 70
96 5
46 73
52 19
69 24
84 31
23 99
35 87
35 46
94 66
9 60
60 6
74 55
78 85
96 12
39 93
31 81
79 96
26 73
46 63
92 48
58 85
13 33
24 56
66 39
23 6
9 9
39 6
81 11
0 39
68 68
53 25
29 42
75 81
55 95
53 46
17 90
98 89
17 21
94 21
0 56
16 74
47 25
95 56
95 36
87 98
76 67
73 15
30 61
49 82
68 86
90 5
44 13
84 92
46 52
88 21
3 91
3 22
68 0
80 38
25 1
90 70
15 59
10 40
69 98
10 93
26 25
35 36
90 51
42 2
98 82
99 31
68 60
66 15
16 79
97 64
32 43
83 66
77 30
7 55
76 4
59 71
16 83
50 17
3 29
28 11
44 92
94 96
87 52
25 47
29 95
36 76
45 21
64 72
30 5
95 15
81 53
75 96
37 50
89 82
26 85
80 64
37 85
