112
66 42
83 76
91 16
28 97
23 63
72 89
26 27
38 67
1 13
73 55
40 43
44 14
76 31
76 72
31 85
30 23
55 93
53 3
41 59
10 32
16 89
65 18
3 59
95 49
58 78
35 3
26 44
98 77
17 12
72 4
47 40
3 41
87 19
92 39
70 70
58 49
78 95
59 23
90 56
97 6
12 94
42 95
60 1
74 37
69 96
50 70
15 66
95 72
81 15
84 81
42 37
38 52
44 3
46 85
21 21
30 75
83 54
34 13
65 36
82 36
67 51
67 85
16 24
85 5
58 37
32 66
94 92
3 79
24 34
20 2
1 1
0 60
23 41
44 25
93 32
55 71
8 44
2 10
8 75
18 57
98 54
59 99
26 1
32 94
67 9
17 99
47 23
95 22
68 60
52 63
94 68
49 56
7 13
45 20
9 59
30 18
25 59
36 74
82 42
12 39
95 15
68 37
84 73
60 92
60 65
31 32
84 33
74 47
46 70
55 32
27 13
70 44
