108
84 73
61 55
43 24
42 35
37 94
92 33
41 70
7 6
19 43
24 86
43 50
4 92
4 22
61 74
76 35
44 97
94 68
35 21
68 69
32 27
96 51
81 91
60 5
82 49
96 91
84 5
98 9
4 44
27 69
57 88
30 7
32 54
4 99
75 86
58 46
81 54
75 13
56 7
23 39
9 83
77 29
22 95
36 48
79 4
55 69
51 92
70 95
95 58
42 16
66 51
95 3
89 94
49 30
65 37
33 86
69 73
7 50
37 56
70 8
65 89
84 12
38 85
89 82
32 35
4 64
33 78
20 19
15 95
36 3
93 24
14 75
11 30
18 60
58 24
47 66
91 37
2 36
97 67
4 59
88 19
49 37
5 73
48 14
13 19
72 64
51 52
67 23
22 46
28 21
58 95
55 79
72 91
73 49
93 62
29 96
75 71
56 32
43 91
40 10
78 20
93 9
85 41
29 41
79 84
42 60
31 14
38 32
67 85
