114
11 11
20 44
17 31
40 28
92 66
81 9
99 35
61 20
63 35
27 57
6 71
80 34
33 83
47 46
74 61
82 74
17 5
80 18
26 85
33 23
28 48
58 82
2 97
63 2
90 48
48 69
97 80
96 7
1 21
65 79
54 13
3 85
96 91
50 55
23 3
96 50
31 69
58 36
55 89
10 32
96 65
78 85
75 15
37 87
54 22
85 37
20 74
32 33
4 76
3 11
71 30
90 0
92 87
50 39
72 77
91 15
24 9
24 34
62 9
40 1
4 48
64 51
40 96
73 91
10 61
98 29
80 58
45 75
15 90
81 96
97 21
41 59
65 58
44 42
48 8
26 19
80 1
99 98
12 46
71 45
63 73
18 80
12 25
26 60
74 0
32 5
31 97
86 71
41 69
95 58
82 48
66 54
33 47
24 64
7 16
90 21
71 22
21 1
13 49
8 34
69 86
57 26
14 65
92 35
91 73
27 42
66 44
24 79
19 25
34 61
42 38
78 23
14 57
73 8
