108
33 32
8 47
71 93
32 38
4 95
96 23
19 4
76 17
33 91
71 59
54 98
64 5
74 79
17 22
4 4
80 34
49 51
43 7
5 73
17 38
46 41
63 55
78 48
7 17
40 48
98 92
36 77
91 1
52 68
93 76
65 30
1 33
15 60
91 37
65 74
32 71
69 3
52 36
27 5
77 64
82 20
62 20
11 81
19 44
53 74
85 55
72 89
11 22
38 67
79 72
28 24
18 69
8 6
54 44
21 52
66 92
91 43
3 25
88 64
39 33
74 30
67 78
20 99
99 20
53 22
48 95
84 1
99 56
95 97
21 83
96 78
34 97
34 18
1 63
13 95
2 2
35 2
80 98
69 45
57 95
64 59
41 58
98 29
95 11
8 90
75 2
46 26
35 85
25 20
63 11
61 38
37 10
28 65
10 39
1 11
89 75
25 86
10 0
56 52
57 68
35 40
18 27
60 29
22 93
65 82
15 8
15 30
49 61
