106
46 88
15 74
50 49
74 54
64 75
26 61
93 94
88 67
15 8
49 27
54 9
15 24
95 8
38 12
87 31
13 45
27 87
64 6
12 82
66 82
77 41
49 94
4 48
4 2
33 3
45 20
16 96
62 41
43 66
64 24
32 45
95 73
75 87
76 8
60 68
78 27
1 11
34 28
56 54
78 73
42 81
11 77
19 35
48 39
21 65
89 26
59 82
40 96
6 56
34 36
84 54
83 11
86 91
24 49
61 20
13 90
57 23
65 64
23 79
55 74
68 15
83 19
63 96
98 22
90 47
19 1
6 28
43 62
99 36
34 6
78 96
99 65
56 99
6 96
23 15
95 51
79 68
73 42
42 48
6 11
7 70
41 1
24 98
37 67
20 26
28 50
83 82
20 9
63 45
73 29
49 99
16 59
61 8
53 33
5 84
43 17
39 40
63 89
75 15
57 76
66 50
33 18
52 16
18 79
77 78
13 14
