112
98 2
56 76
92 92
50 9
10 96
11 4
25 10
87 72
46 63
5 42
9 80
80 7
73 52
22 29
6 60
23 52
41 87
86 91
60 47
91 77
83 12
72 59
27 40
14 91
51 74
13 13
43 32
84 27
31 69
38 18
94 52
38 50
70 29
61 18
27 98
67 85
94 31
32 5
52 35
68 68
24 83
1 14
2 57
50 91
79 45
28 77
27 6
34 55
98 83
69 11
30 26
80 95
87 63
13 32
59 71
58 13
47 25
87 17
30 86
51 85
62 99
0 79
0 25
98 34
71 84
53 49
5 0
23 69
87 45
57 1
16 55
0 85
39 0
99 25
45 67
73 37
10 75
19 37
7 95
92 68
35 92
36 40
88 12
71 79
69 22
60 62
93 38
24 22
46 11
48 39
14 47
98 75
8 73
46 53
79 33
16 9
40 26
42 78
61 27
66 54
19 47
21 26
41 10
80 13
11 89
35 77
93 20
60 81
90 36
87 83
51 20
37 32
