109
93 40
33 58
61 56
10 73
75 37
56 68
64 67
43 24
25 13
95 77
20 48
2 18
95 9
31 34
40 75
94 89
60 47
75 26
35 61
41 29
64 78
46 67
49 8
18 97
81 57
46 92
9 31
73 94
0 3
0 50
95 55
46 49
57 20
97 30
83 63
87 2
90 97
57 83
30 1
14 48
76 86
19 26
4 66
26 91
55 28
93 47
89 75
67 49
29 48
68 20
60 62
12 19
32 69
74 66
5 40
46 72
28 22
88 31
78 93
63 86
21 56
69 6
15 0
4 99
42 99
43 8
25 83
39 67
73 4
14 69
37 0
61 34
47 96
87 11
59 6
49 42
29 85
19 0
83 25
44 27
14 27
6 45
73 12
81 82
78 52
87 6
27 38
14 88
99 34
68 92
61 25
38 52
41 90
64 42
40 22
88 57
6 26
53 53
23 47
57 14
69 64
48 35
54 77
37 25
20 43
43 61
49 62
14 37
28 54
