111
92 18
45 58
4 7
86 17
55 99
47 87
24 16
72 72
69 44
4 46
18 97
20 32
12 74
38 35
31 57
84 95
39 13
91 37
4 59
17 40
45 48
52 64
38 95
36 62
30 29
44 92
51 53
34 80
67 23
83 55
95 83
51 2
58 35
65 86
53 20
19 69
94 43
12 0
21 11
72 39
81 9
1 65
93 76
72 93
75 79
43 77
16 25
45 16
51 81
23 26
33 15
58 89
37 56
1 99
67 3
0 30
95 4
42 26
15 90
76 57
93 58
5 79
57 67
18 48
98 93
3 15
26 75
35 6
76 34
97 52
86 2
80 95
33 97
99 38
99 11
20 2
58 40
31 42
54 16
86 69
6 83
93 32
66 70
78 26
16 64
28 77
8 51
45 33
51 71
73 48
10 96
75 18
34 76
86 61
21 44
85 80
10 15
50 6
21 87
35 34
32 54
19 18
14 34
73 88
62 72
88 47
29 91
90 12
31 21
75 66
37 66
