109
72 15
5 36
21 34
60 55
35 37
62 80
31 59
38 77
76 90
45 27
36 10
16 11
62 33
48 2
69 56
69 75
36 51
47 85
18 2
23 45
70 25
52 78
35 27
91 86
21 79
11 54
1 6
88 8
92 54
84 72
41 98
91 28
63 4
78 37
9 80
19 28
86 2
37 72
97 65
58 41
4 25
14 70
72 47
9 44
57 92
76 17
57 48
62 25
17 91
49 65
70 66
9 48
92 77
31 79
36 20
56 26
77 3
49 53
78 81
54 83
31 29
0 66
81 13
71 94
87 48
95 25
57 97
3 80
90 96
98 11
62 1
47 10
31 11
92 39
44 38
82 66
40 91
66 85
5 58
80 97
0 40
13 6
25 52
0 74
95 0
78 41
42 68
93 61
66 61
37 44
21 30
43 96
48 18
88 81
51 61
19 59
76 27
36 82
64 47
20 38
78 71
90 18
48 43
61 77
46 71
42 61
15 44
44 80
66 34
