110
12 50
19 77
27 96
91 57
86 26
81 1
42 92
3 50
44 66
65 82
70 14
95 95
83 81
58 59
50 39
18 63
11 11
95 50
90 7
93 74
93 16
75 76
19 55
9 45
7 30
28 9
2 84
53 7
73 35
26 42
74 94
24 24
30 68
44 76
96 2
47 12
50 46
0 58
9 4
66 28
92 40
16 83
39 34
5 13
56 13
58 52
89 63
38 95
21 29
67 73
7 80
38 68
10 65
9 24
16 41
10 96
35 53
39 0
55 99
61 86
42 26
25 6
80 96
71 0
97 88
67 47
96 24
1 33
79 34
1 67
22 96
84 63
43 19
67 4
51 75
98 70
33 39
68 21
40 86
65 97
2 80
41 59
54 41
35 4
26 20
24 70
28 53
95 10
21 1
22 84
81 7
87 30
51 5
86 55
75 80
45 88
4 62
93 68
32 20
64 94
36 88
40 43
24 62
80 27
10 88
6 51
16 17
20 48
38 12
14 75
