112
65 65
58 36
96 80
66 82
91 43
21 83
17 40
36 33
11 64
6 87
24 24
87 97
39 82
73 24
75 49
30 5
51 31
75 63
79 38
47 45
15 3
36 99
21 54
96 11
53 92
41 61
68 96
10 27
81 10
61 51
20 68
8 42
2 73
38 6
49 64
57 22
3 94
93 36
87 57
27 95
19 14
24 40
78 95
14 55
25 80
4 68
87 19
67 86
72 16
69 50
48 87
73 31
51 38
20 28
23 49
58 94
22 63
68 38
67 0
42 20
4 14
80 80
14 34
85 2
98 87
99 30
45 4
0 29
2 0
19 98
60 8
89 66
56 44
45 69
21 0
6 49
63 72
94 95
8 89
90 52
37 57
78 0
48 23
87 73
99 37
64 79
23 21
35 59
74 67
49 93
0 35
9 18
81 28
7 56
8 98
75 45
22 87
41 38
7 80
60 62
28 16
24 44
82 18
47 55
55 29
11 4
5 32
28 30
68 47
83 46
73 77
9 51
