164
96 61
34 97
54 82
30 28
24 41
64 60
54 6
16 20
86 71
94 34
75 49
50 35
2 19
10 48
88 86
37 77
73 7
32 53
49 96
88 43
82 64
98 28
31 42
17 47
89 57
5 14
72 69
48 87
30 37
16 64
98 97
25 85
30 13
94 9
72 32
71 90
0 34
65 19
1 82
11 0
50 51
39 1
46 65
46 19
10 93
85 21
0 68
82 99
62 43
99 77
15 75
9 33
94 2
32 71
70 84
3 0
63 57
0 59
25 9
55 30
58 76
78 0
26 99
43 21
58 97
18 1
67 14
97 93
97 42
46 43
40 5
80 35
0 92
73 99
1 76
48 68
31 64
1 15
61 0
87 16
98 57
72 74
0 44
16 56
81 15
79 54
89 2
96 82
22 15
40 92
18 85
80 31
32 80
2 29
16 32
58 33
50 16
46 2
42 51
81 85
21 0
98 13
58 57
62 90
70 13
70 43
88 98
40 99
6 77
34 23
55 72
22 70
8 62
21 91
66 28
16 16
83 49
42 36
0 4
34 51
98 49
85 63
55 92
26 36
22 61
56 48
33 8
40 68
96 23
64 71
62 5
33 83
85 91
7 43
47 5
6 86
5 7
10 29
64 36
86 35
41 65
53 21
32 0
70 21
6 57
49 79
26 58
63 86
18 5
25 21
40 39
65 50
81 93
22 77
82 44
51 28
86 29
6 19
24 51
65 76
57 64
38 16
25 27
57 42
