107
52 32
82 35
15 19
24 41
33 96
72 63
64 21
21 5
22 95
51 48
82 92
66 77
93 23
10 69
44 62
44 9
90 47
69 57
13 27
92 98
33 65
35 88
55 76
93 30
39 98
55 40
60 49
56 91
18 54
97 62
23 75
84 74
32 22
42 1
3 62
99 95
67 29
70 43
96 45
1 26
12 49
23 80
35 55
35 8
88 19
83 65
97 86
20 37
97 40
4 54
14 75
26 52
60 69
72 27
10 20
21 89
86 43
90 91
17 67
74 71
65 55
2 0
84 1
68 1
5 90
38 35
0 83
62 99
57 0
97 9
48 77
1 7
60 14
47 24
76 92
9 64
24 8
5 47
0 76
96 72
27 23
82 51
46 48
94 16
68 91
38 61
41 93
27 2
1 18
57 16
7 40
34 30
32 80
8 88
55 71
98 51
70 22
67 41
49 5
20 52
9 13
86 30
56 50
75 43
31 61
59 33
58 64
