113
69 91
23 80
19 47
10 60
68 65
10 72
57 49
77 19
63 5
43 6
28 11
49 78
81 4
80 79
40 52
1 94
91 69
63 33
88 91
23 91
41 60
43 18
68 76
94 39
47 33
78 34
11 3
88 52
30 25
13 18
35 99
96 25
89 0
17 40
39 38
21 96
98 92
83 96
29 77
43 81
0 83
66 60
69 18
28 50
58 79
86 14
3 63
34 5
31 36
86 77
20 14
13 46
5 11
62 87
34 75
87 43
42 33
18 85
77 89
51 99
3 28
72 47
96 65
24 61
7 98
3 46
27 85
50 95
58 55
92 21
62 26
98 87
99 57
27 1
76 63
2 78
79 28
53 71
59 41
55 99
81 48
17 29
4 57
43 51
91 6
26 66
27 19
99 51
82 63
18 1
37 89
37 67
95 17
70 39
43 47
85 34
16 76
52 62
6 38
78 12
81 82
7 89
24 15
6 53
65 72
11 67
29 61
33 44
65 46
92 49
83 39
53 40
86 71
