108
76 57
83 25
3 20
25 95
89 12
47 45
50 67
2 63
61 39
98 80
80 96
39 10
41 90
65 2
4 98
63 91
56 18
87 71
39 42
34 82
44 3
28 52
4 5
67 77
21 35
10 46
19 76
97 48
95 33
61 55
16 62
65 34
75 63
11 77
83 80
73 18
99 5
31 14
42 59
8 26
13 53
69 81
61 61
30 73
99 15
73 7
74 23
86 34
44 20
47 36
16 33
17 80
82 62
90 80
44 53
4 53
55 73
70 48
60 28
18 7
53 47
97 97
67 54
78 67
9 93
41 98
32 28
55 88
78 79
1 67
19 13
88 3
80 42
74 2
59 11
40 2
85 95
29 47
11 99
34 24
96 73
44 68
88 20
6 82
30 88
45 84
32 44
15 27
70 39
33 58
58 65
60 16
40 37
11 67
18 49
61 83
70 17
73 41
25 27
34 94
74 91
88 24
74 77
69 27
18 41
36 45
62 44
54 55
