112
14 28
42 18
7 11
20 4
61 63
9 71
57 97
83 92
91 21
79 48
51 51
79 64
60 37
41 26
6 59
87 82
40 11
80 16
3 78
81 41
86 97
54 65
51 23
34 55
95 43
98 66
18 88
33 95
34 75
65 21
9 51
40 92
48 72
41 34
45 4
98 99
18 71
98 15
28 0
72 96
78 32
18 98
54 89
80 10
92 58
68 50
92 29
43 48
8 6
69 19
80 83
3 21
48 97
62 53
1 67
73 33
34 18
92 71
35 87
85 66
86 51
99 1
2 38
0 95
24 41
66 81
79 0
19 26
58 10
20 56
9 43
40 60
32 38
69 74
22 10
46 77
97 80
4 81
42 3
8 98
96 52
0 52
40 40
54 99
11 25
25 97
61 41
71 64
66 12
17 42
56 67
20 14
89 36
15 65
0 45
64 95
54 9
54 41
86 91
37 20
75 37
24 85
87 27
74 76
31 3
94 94
47 62
72 54
51 18
64 60
45 9
74 23
