111
36 64
47 73
30 92
69 20
61 49
85 77
12 63
78 34
96 63
92 90
87 47
79 59
15 27
39 26
84 21
59 81
54 8
17 66
91 40
68 73
39 76
53 80
94 71
86 31
83 67
57 71
14 48
4 87
46 95
94 7
46 54
78 97
21 81
13 34
66 49
36 34
5 21
25 49
25 97
8 97
99 38
65 65
85 99
85 12
74 78
46 89
61 38
60 90
96 55
62 14
29 89
67 43
95 33
82 91
19 53
39 92
72 51
69 85
30 5
0 53
16 0
34 20
68 3
51 34
46 3
99 92
47 51
5 76
33 61
99 15
17 12
49 81
21 28
99 71
53 37
9 42
86 6
45 9
60 22
10 13
27 41
13 69
27 68
77 20
70 34
46 24
24 14
37 37
81 56
98 78
23 86
74 86
7 62
33 54
33 71
62 69
91 25
17 49
42 40
76 60
80 16
92 79
45 63
73 37
56 87
27 81
71 58
51 71
68 77
62 46
36 81
