114
82 6
71 80
55 64
58 18
7 78
37 10
15 30
47 28
11 4
38 70
51 93
41 49
16 96
85 85
84 14
64 26
54 37
70 3
45 2
49 19
41 19
20 47
96 74
85 54
65 99
81 68
94 38
26 85
12 59
63 48
98 15
4 49
41 97
25 52
8 23
31 39
3 71
70 32
29 11
44 73
87 0
85 92
89 28
4 6
5 87
22 75
30 25
71 27
71 8
77 60
70 44
91 67
78 79
92 85
79 21
12 47
59 23
99 98
68 97
52 58
99 18
25 99
20 15
0 37
34 84
96 1
62 63
19 65
1 28
47 90
85 39
40 35
56 41
39 67
1 56
21 29
98 32
0 14
51 97
19 94
67 64
15 6
82 46
79 96
56 8
4 42
73 5
88 69
27 47
17 73
72 74
73 30
83 17
99 23
47 58
16 24
49 43
71 58
91 35
7 63
47 6
27 15
12 87
88 61
41 26
56 47
92 5
92 78
76 82
6 19
55 14
64 19
37 16
88 20
