109
87 49
6 15
66 57
40 84
65 16
64 84
29 4
44 23
83 5
1 56
45 49
11 86
92 70
86 91
35 34
10 67
35 66
72 43
6 37
91 75
71 21
76 4
43 34
75 75
16 49
45 6
85 31
6 0
37 98
88 21
61 58
81 54
21 86
44 69
99 58
8 70
26 29
24 48
70 93
96 37
50 47
79 37
16 92
14 37
87 13
31 49
30 91
3 64
73 84
52 61
37 77
69 9
97 49
73 33
90 36
99 4
24 37
91 60
55 95
24 11
91 94
49 9
35 41
10 1
0 86
61 74
77 69
22 77
52 28
1 48
96 91
25 19
65 35
59 3
49 85
38 0
11 98
36 63
17 63
99 79
73 50
84 0
16 14
77 78
2 71
57 22
98 40
25 76
74 19
74 67
38 8
18 60
59 67
41 27
10 44
77 90
35 89
19 6
45 41
93 33
79 46
54 12
21 59
71 25
80 9
80 84
15 74
73 73
31 81
