109
89 51
64 9
31 82
9 62
68 25
48 32
64 91
42 90
55 50
31 35
22 18
89 76
70 56
39 66
1 8
19 43
75 74
12 5
50 24
72 34
50 84
5 74
64 46
41 33
33 6
87 4
33 52
96 19
4 24
56 64
17 85
7 30
78 39
75 19
65 1
98 70
41 6
13 43
50 77
21 78
24 29
34 84
82 71
48 96
80 53
3 66
61 24
29 31
53 36
13 20
35 77
58 15
42 13
38 42
12 70
97 98
81 88
26 97
71 45
96 37
4 92
91 5
96 84
27 56
98 52
51 2
5 48
83 7
86 30
98 13
55 70
1 2
96 56
42 59
42 98
16 99
28 12
90 97
70 63
5 4
96 27
17 61
47 4
14 47
26 72
2 59
8 34
58 78
87 55
96 44
43 24
28 27
47 38
83 13
31 58
53 63
0 13
3 56
86 60
50 18
19 69
67 15
27 90
17 40
6 10
78 60
36 31
33 19
46 67
