87
2 19
22 61
48 58
6 79
80 96
27 31
42 87
38 43
6 68
89 93
23 43
20 69
80 87
57 84
29 96
4 51
56 70
29 81
8 25
51 97
41 62
67 72
66 86
10 16
24 76
45 92
12 47
88 99
23 91
46 52
15 33
77 81
12 63
30 39
14 55
0 3
7 88
58 98
0 42
39 78
57 61
30 59
14 96
16 18
1 32
43 97
0 13
21 83
6 8
23 36
10 74
32 73
2 57
65 79
30 90
41 56
26 51
0 92
72 99
21 64
24 22
50 74
62 65
2 65
15 92
39 70
26 24
86 94
16 41
56 90
52 54
12 11
45 99
73 87
6 37
51 78
36 62
19 50
39 86
55 95
14 25
20 29
32 83
26 71
45 63
50 87
30 85
