113
58 45
88 73
5 18
66 79
63 21
43 43
38 4
79 75
88 30
14 61
80 56
35 30
33 68
46 59
10 75
29 48
39 91
97 28
56 82
30 3
56 36
60 67
20 74
44 29
35 59
87 94
15 95
92 44
2 3
24 19
73 97
11 47
50 14
16 4
68 64
46 78
98 50
29 80
23 49
47 2
87 63
52 30
5 14
51 55
65 37
32 31
67 51
71 85
15 52
47 91
49 22
77 61
21 84
25 66
44 50
32 37
58 53
0 91
92 11
78 9
63 2
97 84
14 29
59 99
78 24
95 99
23 98
93 14
1 77
78 40
2 58
75 6
52 99
55 0
1 19
69 22
18 24
47 73
37 40
35 87
13 43
93 93
95 36
25 10
62 69
99 20
56 16
30 63
4 63
77 89
84 47
40 19
17 79
73 31
10 6
62 88
28 45
10 23
85 18
87 38
71 15
17 69
31 73
50 59
51 36
21 34
12 70
25 54
26 74
38 53
45 36
52 46
45 26
