107
3 3
20 32
33 75
45 43
43 15
3 83
3 61
18 15
43 60
26 3
22 65
3 32
15 93
17 50
38 95
35 33
1 17
32 50
1 47
42 1
22 90
40 77
3 77
17 70
25 18
42 20
9 3
45 93
1 92
27 45
3 65
40 38
3 25
30 4
30 93
17 75
15 33
5 47
43 65
27 60
5 17
32 80
30 28
42 5
7 95
23 95
3 41
17 55
17 1
2 80
37 55
18 40
3 8
35 3
45 73
17 85
45 33
3 56
35 18
38 90
18 20
3 71
18 60
17 5
45 53
17 80
18 25
43 10
2 35
37 70
45 82
35 43
25 33
28 10
38 25
17 45
32 65
10 18
7 90
25 83
10 47
40 48
48 25
10 78
30 37
10 32
37 85
27 55
10 62
17 10
27 70
30 17
35 8
9 72
27 40
10 40
15 64
8 8
25 27
30 82
13 55
39 31
25 47
37 59
13 25
10 84
26 73
