115
1 52
77 30
53 45
21 32
23 18
9 55
66 91
95 4
67 44
89 89
2 31
63 72
22 86
87 40
13 88
19 56
91 15
82 97
23 6
87 30
69 82
82 32
36 25
73 3
56 27
46 78
8 72
47 64
41 98
84 73
9 15
36 68
50 17
74 14
53 41
2 76
24 37
10 95
93 68
10 41
3 56
21 51
68 97
69 4
93 96
64 29
97 31
56 14
45 36
59 46
15 20
6 81
18 93
81 57
38 51
5 1
37 83
74 63
24 0
52 93
99 75
42 10
24 77
35 52
93 45
99 8
54 83
22 66
85 82
2 7
36 93
31 22
70 67
74 44
89 18
56 59
28 4
30 38
79 99
90 54
58 99
10 1
27 93
44 70
70 86
46 15
67 27
81 16
15 37
10 74
97 18
1 48
84 85
39 79
33 59
61 31
51 69
28 53
5 66
92 33
36 18
95 11
20 5
30 31
5 49
20 84
32 76
47 84
58 24
25 40
67 32
24 11
24 24
10 59
77 38
