112
92 73
5 76
65 32
28 74
86 6
60 13
2 50
87 32
43 91
47 70
75 20
85 58
21 24
39 58
39 18
54 10
53 24
1 87
93 7
94 69
84 71
62 85
12 38
96 47
17 95
2 14
20 62
67 55
13 2
27 10
85 91
61 69
21 44
62 53
48 56
22 58
36 46
34 95
19 80
3 35
28 27
51 94
5 65
51 27
83 85
87 41
33 12
51 76
78 15
2 82
36 79
61 2
32 53
16 52
78 8
91 50
14 29
29 80
11 82
34 63
25 19
52 42
44 0
98 14
73 40
97 29
12 96
2 19
76 69
74 97
89 99
98 83
38 38
40 73
56 99
69 82
69 34
22 3
7 68
98 50
6 15
37 97
2 54
8 32
66 18
57 71
98 3
42 14
50 39
74 61
53 54
97 64
36 28
82 27
23 73
76 51
22 39
17 88
42 96
30 6
92 13
65 40
60 23
72 12
23 53
25 88
19 9
25 67
37 22
83 66
17 74
70 20
