106
28 69
54 58
71 38
49 44
4 7
85 1
16 42
78 50
0 98
69 81
92 43
86 15
59 92
16 86
31 48
72 21
75 97
73 69
61 54
63 33
15 33
2 85
32 55
13 10
52 39
9 92
66 92
47 81
6 52
34 13
43 24
58 18
97 83
99 98
32 93
99 2
90 70
58 68
34 73
2 1
35 36
94 92
25 88
1 16
64 14
43 71
56 98
79 15
76 35
54 84
39 53
78 8
62 19
69 35
69 87
46 50
82 26
10 66
52 5
66 0
97 29
1 31
19 13
36 99
47 7
75 64
91 96
83 56
34 17
17 58
20 4
10 99
51 99
96 17
49 29
23 73
68 67
47 66
11 82
31 29
84 92
23 55
82 49
90 34
82 78
40 90
12 19
27 4
93 8
56 54
54 33
32 70
13 0
33 85
15 96
39 33
48 71
78 55
37 56
55 15
72 79
72 14
22 65
72 55
72 46
39 47
