118
54 83
46 21
67 6
34 59
6 12
81 52
3 95
96 91
22 9
93 77
31 79
21 99
80 66
45 28
35 53
15 22
55 9
41 67
87 75
8 35
58 41
87 34
96 48
83 13
70 89
97 62
1 55
60 63
25 41
15 60
3 40
67 46
20 1
32 89
73 71
29 17
39 45
73 3
61 31
2 85
47 82
60 19
27 2
73 51
67 76
58 49
14 31
41 14
68 32
85 82
62 90
51 77
94 69
49 35
73 8
90 54
15 37
74 39
20 21
46 98
52 27
0 71
43 0
99 23
93 3
24 77
20 63
76 96
31 31
94 95
85 28
10 81
0 25
8 1
21 46
49 62
26 93
96 38
63 61
41 96
88 64
76 17
5 65
8 90
77 92
31 73
38 50
23 61
30 23
82 37
45 68
59 11
31 3
14 16
80 0
14 84
41 36
8 57
69 97
55 58
68 24
87 49
18 47
48 91
92 27
95 83
85 94
75 58
30 57
82 77
59 73
14 8
18 42
37 22
6 25
73 13
10 42
33 46
