110
86 18
51 16
12 84
86 42
12 64
52 44
4 36
79 58
37 86
46 97
43 73
18 31
65 26
94 90
27 83
93 33
81 44
25 28
21 67
44 45
8 43
52 75
95 49
50 92
48 83
51 0
72 75
22 45
64 93
79 95
33 15
67 10
99 3
62 64
10 94
79 21
82 73
58 29
65 90
65 55
98 8
77 37
51 52
42 19
66 72
59 13
81 64
27 56
22 37
46 55
9 74
19 88
36 27
45 11
85 27
16 0
12 39
99 64
0 11
17 16
84 3
84 54
0 56
99 94
2 28
10 1
80 88
97 74
13 17
99 35
77 0
31 64
93 97
53 34
3 89
36 97
97 17
67 46
3 50
79 99
98 58
58 2
48 70
41 30
75 7
90 78
61 92
0 22
72 21
17 94
18 53
22 6
95 42
16 24
63 35
64 78
20 61
56 99
45 76
20 76
21 23
50 26
55 54
73 24
76 44
58 19
81 12
65 17
61 25
14 30
