109
56 59
25 15
56 76
77 35
69 36
98 15
38 61
5 71
62 13
37 92
48 44
1 25
95 87
97 69
21 60
66 22
36 53
38 16
28 5
91 12
33 72
59 35
32 15
57 23
70 1
67 97
37 33
81 77
18 30
98 30
7 52
83 66
0 70
72 92
42 84
77 19
77 3
64 80
28 45
49 97
20 3
38 98
48 61
6 67
93 6
0 80
45 21
21 24
26 71
56 49
67 7
42 46
31 67
67 34
48 5
80 51
20 90
1 7
1 95
0 39
99 38
6 2
91 91
82 80
89 53
71 52
99 63
23 89
71 29
34 32
89 27
82 96
58 93
2 17
48 71
66 59
5 86
83 40
25 53
86 2
20 80
9 19
41 77
44 30
79 15
54 90
86 95
59 73
92 26
23 20
8 88
74 21
35 11
55 40
56 12
33 39
87 81
73 84
80 41
31 48
51 87
42 69
42 51
28 78
93 18
83 26
67 15
75 11
30 56
