112
76 35
42 39
45 84
22 31
24 45
16 4
69 38
82 72
38 3
25 59
91 59
74 13
28 79
39 60
55 63
95 96
46 17
13 65
49 79
63 8
36 93
47 59
59 74
31 50
93 2
80 87
13 82
6 42
66 99
32 18
31 74
28 95
87 5
61 29
2 60
22 8
92 52
4 85
96 69
68 47
78 20
65 82
83 39
50 94
52 32
32 26
67 5
2 54
22 38
45 5
57 36
30 8
16 44
70 22
51 87
2 73
46 68
74 41
43 25
76 3
77 58
2 14
96 31
7 99
0 0
0 28
96 80
88 99
92 16
63 51
80 74
43 99
19 66
0 34
16 9
18 82
60 2
17 30
65 88
38 41
32 77
81 92
64 65
91 55
86 2
7 13
4 68
0 39
68 85
54 55
18 89
53 18
33 56
21 2
87 69
47 40
83 34
36 7
68 0
88 49
71 19
63 43
14 35
17 75
24 16
84 83
28 31
25 52
85 14
35 87
27 86
48 90
