105
36 90
8 3
64 15
69 83
45 4
18 19
79 15
23 2
47 71
62 39
97 80
29 30
55 53
13 42
31 62
55 94
34 94
82 27
3 11
34 22
23 49
51 49
6 37
54 15
71 12
56 82
89 21
14 66
90 47
13 80
18 96
0 57
2 92
97 34
82 72
72 38
95 86
74 84
92 9
36 37
28 80
48 18
63 26
9 24
7 82
24 16
73 95
53 39
23 96
34 6
94 18
9 17
88 76
36 84
75 30
22 41
80 10
56 5
27 71
60 49
58 21
18 6
49 85
42 8
62 69
98 64
99 49
83 48
45 64
95 99
1 60
17 32
15 61
40 46
28 55
88 1
75 45
41 98
89 61
68 71
38 31
91 32
50 67
8 76
82 90
32 70
48 0
16 47
88 66
69 49
74 78
29 15
86 43
7 28
71 28
96 23
11 68
30 46
61 12
60 80
14 53
96 71
43 66
22 22
52 10
