116
91 60
62 69
12 39
62 32
89 79
54 68
74 19
11 92
35 2
6 13
26 27
40 50
52 21
73 42
9 43
33 40
82 65
55 9
48 54
10 9
51 73
69 25
80 4
75 98
99 48
35 91
96 32
52 93
9 73
2 57
89 94
4 27
21 13
18 94
63 47
98 68
2 87
65 5
29 55
86 11
69 94
65 79
44 27
0 0
18 23
25 5
82 56
49 36
4 79
70 19
26 92
30 46
9 50
11 29
47 18
80 96
30 23
40 40
98 3
78 16
37 69
54 95
51 1
14 69
99 27
24 59
38 66
97 82
77 70
81 42
41 83
63 53
97 63
3 94
48 97
0 31
39 2
64 85
80 79
0 73
97 41
46 80
89 25
29 83
8 1
38 19
0 19
22 56
64 8
16 43
68 67
66 39
86 93
17 91
16 64
50 61
20 8
33 87
55 30
95 38
50 11
27 32
35 16
86 51
83 72
69 33
52 63
14 14
9 78
50 83
18 84
60 26
22 49
35 31
28 19
12 25
