110
43 64
25 8
71 67
55 48
31 16
36 43
38 80
82 58
3 8
54 97
88 16
6 60
90 46
48 14
76 79
27 81
76 12
29 43
92 27
48 78
47 41
64 22
3 28
81 95
71 48
94 66
24 61
10 87
92 86
15 48
59 4
16 34
49 0
96 62
10 9
48 20
39 57
98 12
26 23
99 41
84 42
75 30
75 93
61 78
13 80
85 73
65 48
53 61
34 23
4 89
24 71
51 88
31 9
37 87
69 20
96 77
79 64
90 55
83 19
43 7
86 87
2 42
19 98
49 34
4 22
39 17
75 3
99 3
39 97
99 26
72 34
64 71
23 57
77 98
27 2
10 70
38 60
33 96
20 25
66 89
23 76
7 48
57 52
93 8
60 32
44 37
98 46
41 1
17 10
60 9
22 47
42 71
75 45
60 66
79 72
60 24
55 7
40 52
98 55
58 68
46 23
76 60
61 44
77 40
68 82
37 66
36 12
87 65
81 51
69 60
