114
86 14
32 59
85 92
88 84
82 20
51 35
96 65
3 5
19 9
15 43
38 15
65 42
49 90
52 68
63 92
71 17
74 31
38 29
23 3
54 22
69 74
13 71
5 96
84 53
96 45
3 51
33 84
2 33
62 6
98 98
20 39
31 51
78 73
1 89
67 48
37 64
66 65
15 92
80 34
10 9
75 92
71 11
41 36
57 36
86 70
52 79
14 80
20 61
32 36
11 33
41 54
97 52
14 48
94 87
24 70
89 96
78 15
42 58
66 34
41 0
99 20
92 1
0 65
47 98
28 84
21 18
4 19
95 38
48 2
19 98
52 64
51 17
85 56
34 88
1 1
32 0
98 69
71 99
98 16
17 25
38 73
4 70
35 21
71 59
55 76
55 56
57 95
6 47
82 44
99 6
3 26
83 77
45 44
6 3
82 71
4 59
5 85
31 42
91 23
41 6
28 75
91 8
70 45
27 24
43 68
86 61
22 47
77 50
59 39
91 79
45 28
28 61
60 71
31 47
