113
26 69
86 68
75 49
30 25
47 82
94 91
33 49
2 77
17 32
63 13
71 85
4 17
67 71
17 52
33 87
61 53
44 46
31 35
67 18
74 56
25 55
59 84
87 13
98 60
2 52
59 30
98 3
98 22
9 3
5 74
55 94
7 31
62 2
83 0
76 40
79 94
3 46
89 84
28 77
42 53
10 14
16 59
41 90
68 27
95 70
70 41
81 51
67 7
94 13
77 67
16 20
39 47
25 45
48 91
73 73
13 97
29 5
92 35
44 29
67 46
10 22
45 60
38 4
96 50
24 6
31 19
23 97
1 99
19 76
92 41
50 77
58 50
75 87
79 28
98 86
53 29
40 62
82 14
98 27
55 60
72 1
98 64
38 95
2 9
6 61
63 95
26 63
59 74
37 12
20 38
53 44
46 99
88 93
74 24
76 4
25 88
83 62
40 36
24 39
66 37
20 60
59 22
18 9
93 23
39 86
25 35
64 80
47 38
19 68
59 46
72 9
34 43
29 29
