107
80 14
34 29
95 57
56 51
2 4
62 1
66 35
44 60
41 37
72 91
83 28
24 17
48 4
97 5
7 80
32 86
90 41
58 34
37 14
42 30
31 6
32 38
42 76
58 79
90 77
76 71
98 21
4 60
0 27
52 97
99 88
51 19
70 49
40 51
70 20
5 55
84 59
5 2
89 2
7 89
30 99
66 61
18 14
45 93
34 64
87 31
24 37
96 79
59 3
61 86
75 82
39 70
64 25
78 33
45 54
50 38
45 9
43 85
65 53
84 70
35 22
68 72
9 40
49 29
46 45
73 33
18 64
13 95
1 75
23 74
33 0
7 45
14 23
75 48
18 91
18 55
83 12
67 5
2 94
66 95
17 4
89 85
11 25
61 69
91 27
37 98
15 72
89 63
51 15
37 78
87 42
51 79
65 10
55 93
60 59
9 78
69 88
80 62
82 81
59 31
61 75
66 46
52 4
38 25
69 25
75 64
37 19
