113
34 60
5 84
87 13
16 88
38 28
95 37
14 38
87 72
50 71
0 64
52 56
97 51
47 16
33 89
8 18
42 43
14 49
87 77
26 97
46 39
21 55
74 97
77 35
71 8
73 67
90 95
53 97
34 9
67 48
8 1
22 72
60 31
36 75
0 35
53 17
66 73
20 35
67 54
11 97
14 4
17 20
82 58
54 91
0 57
76 24
97 62
94 80
58 17
44 73
60 95
13 78
68 65
53 45
92 55
40 37
72 25
21 9
60 9
96 73
45 32
79 65
98 3
79 75
46 1
54 26
74 4
96 26
0 20
62 79
33 24
1 98
0 2
94 0
28 47
36 96
70 92
91 31
38 0
83 98
85 17
14 58
83 49
48 87
27 76
43 57
17 92
98 42
23 25
53 67
67 5
2 92
33 82
28 39
39 14
97 46
10 53
59 53
38 51
99 69
74 86
19 78
32 92
14 14
48 83
36 65
59 48
74 52
33 45
67 22
55 37
74 64
36 33
73 72
