113
83 2
49 88
65 19
23 3
45 49
65 43
21 70
96 8
41 8
94 47
54 32
14 88
93 82
78 62
79 17
92 35
57 56
8 79
45 95
92 54
60 13
48 41
77 90
10 45
15 22
2 16
8 60
60 98
35 82
58 75
44 70
74 31
42 15
14 98
70 67
86 99
96 74
1 92
40 33
66 4
89 18
30 1
59 83
62 61
79 99
86 59
87 38
23 77
48 4
67 38
52 27
37 45
74 18
3 86
27 88
38 89
55 46
59 25
25 33
23 52
1 1
70 8
6 34
74 84
19 20
31 64
0 67
80 45
98 67
93 97
16 0
21 36
0 45
2 8
86 4
6 65
19 56
36 14
40 53
87 77
5 10
52 99
7 48
94 11
69 85
76 60
1 81
11 20
28 8
33 38
50 80
63 47
91 3
14 66
90 52
17 84
51 13
73 92
18 50
40 37
11 5
69 77
41 80
84 94
77 3
1 56
64 58
52 92
13 17
28 54
16 31
68 53
52 38
