112
53 10
92 81
7 29
65 4
49 16
54 41
14 97
87 17
54 76
81 90
32 63
59 91
40 98
26 26
47 62
3 68
9 85
77 46
60 23
57 48
56 56
28 79
17 42
85 66
14 3
96 37
69 80
68 35
26 11
40 27
68 65
98 22
44 92
12 20
26 58
85 95
75 16
96 77
92 44
87 7
23 29
80 97
46 70
20 52
7 22
88 22
21 66
68 10
77 64
2 78
31 15
38 89
66 84
80 39
71 25
72 97
69 48
38 15
83 74
77 24
61 73
96 16
43 81
14 34
40 43
70 56
81 1
5 7
92 52
50 1
96 95
28 99
11 56
24 2
18 72
47 30
3 88
34 49
95 66
27 90
62 26
98 40
12 48
48 55
13 78
95 85
0 13
38 67
15 17
28 33
82 42
46 8
52 87
57 19
63 40
35 29
10 66
31 93
38 78
54 25
42 61
87 81
77 92
63 9
45 88
29 18
18 33
43 74
63 29
57 8
66 16
59 35
