111
40 47
80 23
6 31
49 96
13 16
81 57
80 68
42 25
5 59
26 53
72 87
15 95
62 41
50 76
65 21
81 7
6 38
50 51
23 13
36 62
74 27
7 26
50 13
30 79
90 39
95 15
37 5
22 31
11 80
32 94
13 59
81 0
58 73
30 97
96 42
38 31
54 92
26 46
26 72
56 28
94 60
83 24
37 82
11 87
69 69
46 60
59 44
20 59
33 48
33 19
11 70
54 42
42 68
21 56
49 30
66 30
41 12
96 1
89 96
0 8
32 70
63 59
36 56
88 91
97 25
18 2
82 39
96 70
73 95
3 45
81 53
58 8
32 0
41 57
81 82
58 93
7 95
70 0
12 45
6 12
0 25
0 53
58 78
64 55
4 85
21 98
41 98
89 0
80 14
64 99
94 47
8 41
85 59
67 54
60 23
45 80
66 79
19 27
34 39
47 16
27 6
54 46
80 91
44 94
14 19
51 37
18 51
25 67
25 59
56 38
46 55
