118
99 72
76 59
28 23
3 68
8 35
10 96
44 72
44 47
22 87
71 8
53 94
47 8
66 22
4 82
44 26
54 42
40 62
55 85
71 68
30 76
65 2
82 86
98 45
2 51
20 47
81 18
28 4
12 5
90 61
73 98
95 15
33 37
23 61
37 96
97 86
79 45
65 83
9 29
53 28
58 50
32 18
39 89
53 73
91 90
76 84
12 80
83 60
68 41
14 59
58 18
62 61
47 41
36 69
38 23
65 55
87 81
45 80
99 31
93 1
41 36
53 55
33 2
14 3
2 97
81 34
0 67
79 4
51 99
93 46
1 9
67 36
4 35
96 93
26 42
85 3
96 19
66 98
17 13
61 3
17 66
99 39
37 58
41 7
71 77
97 98
27 34
1 34
16 47
84 40
54 14
72 17
9 19
33 90
89 21
81 67
23 14
5 75
62 81
92 52
39 51
50 71
34 75
77 36
40 15
58 34
9 66
61 87
65 65
43 94
65 47
24 65
48 56
30 43
85 10
81 54
31 11
38 80
35 33
