103
73 17
46 16
6 28
7 8
66 91
85 28
41 43
3 46
16 90
71 55
35 2
31 56
20 26
75 80
87 11
53 99
4 1
33 17
67 15
77 62
51 15
45 29
80 56
57 17
78 15
95 78
56 53
20 1
53 77
29 70
90 46
97 14
98 66
33 41
12 85
68 76
90 1
21 56
17 19
47 97
40 67
60 45
82 85
62 88
92 70
24 39
92 51
12 14
61 5
62 96
28 10
94 6
51 85
81 66
43 7
11 29
38 35
27 19
11 4
14 71
32 96
64 30
50 55
64 68
17 9
30 85
59 31
28 28
80 35
27 99
10 47
94 40
6 93
38 81
43 66
70 46
2 32
23 72
80 1
86 84
60 73
93 22
46 48
44 63
20 86
43 27
25 3
7 42
27 49
63 37
76 91
93 15
51 4
3 18
90 72
68 18
59 97
38 42
54 36
89 56
17 24
57 25
24 10
