205
76 8
20 15
40 89
90 3
8 6
6 59
13 78
4 29
52 42
35 53
0 98
65 66
78 93
56 6
42 32
30 74
86 29
90 59
14 94
27 33
32 2
64 86
51 98
87 43
38 18
66 19
78 77
66 38
51 56
11 42
52 21
20 54
48 72
92 94
75 55
98 17
0 72
92 73
25 96
16 79
73 39
18 0
1 25
68 24
61 87
42 2
27 38
0 6
98 1
99 33
32 70
2 58
38 86
65 70
0 90
75 0
1 43
92 88
75 98
60 4
83 22
24 16
51 76
53 58
77 53
20 62
39 48
6 43
49 35
39 4
99 22
92 79
47 17
20 31
88 64
20 98
25 0
6 11
75 4
34 68
78 84
93 48
63 68
63 90
60 45
4 74
10 28
6 95
24 48
48 62
39 94
24 82
84 37
35 26
1 2
97 6
61 9
49 78
72 25
46 0
16 60
80 70
74 50
59 38
58 52
7 22
43 97
3 68
80 13
20 46
64 82
42 39
34 60
29 18
51 25
81 36
16 84
0 46
0 82
15 3
84 60
73 69
68 97
89 22
82 92
0 30
1 66
28 30
89 6
92 42
35 46
54 92
43 80
64 0
44 18
18 69
66 32
54 52
5 51
24 89
27 12
87 74
12 14
83 5
41 66
73 19
58 20
32 54
68 54
42 10
10 36
26 72
82 84
90 19
50 38
0 18
30 95
57 84
91 34
73 35
35 34
15 22
65 7
71 66
44 72
30 86
83 53
24 55
5 82
56 35
25 6
68 49
21 40
88 68
15 70
76 18
47 6
72 88
62 60
50 46
44 54
52 29
71 78
52 10
79 58
19 8
23 22
6 39
77 42
36 13
14 53
29 59
48 88
30 45
37 79
25 64
59 30
43 22
80 27
63 77
32 35
19 87
57 68
86 10
16 25
