115
41 91
6 68
70 5
34 9
84 27
15 32
54 74
97 69
57 13
24 48
6 20
3 6
64 61
2 49
77 68
47 64
29 88
31 45
19 69
17 13
8 53
43 76
9 27
17 42
99 17
64 33
5 86
82 42
32 31
80 93
54 46
61 93
88 81
32 60
49 39
97 57
72 76
40 1
18 79
59 19
4 94
91 14
71 28
55 84
1 45
93 78
36 91
25 25
29 2
90 22
6 12
39 64
68 71
44 38
39 83
98 40
14 24
42 21
94 95
68 47
18 97
75 2
79 97
62 99
83 62
1 66
12 14
82 38
95 50
49 7
13 82
18 63
69 81
0 25
78 57
46 58
54 98
37 15
53 49
67 19
58 0
98 80
59 36
24 66
27 30
31 52
24 83
17 49
96 31
55 78
66 43
66 66
39 29
83 52
44 94
83 86
26 16
94 23
88 70
68 33
20 90
94 43
54 55
74 73
8 60
35 38
11 77
59 52
31 56
18 35
45 48
35 27
75 62
57 64
48 88
