112
48 12
71 96
18 2
2 54
75 8
31 38
90 39
65 69
23 90
57 46
7 20
33 63
9 67
42 91
84 68
64 83
17 95
54 35
37 30
92 32
36 57
16 56
23 38
60 14
76 21
82 90
97 76
6 86
97 3
72 49
98 62
57 66
19 6
51 1
0 41
15 73
28 82
2 14
81 0
74 30
84 59
43 65
91 28
75 14
9 52
22 98
29 68
68 79
40 38
34 85
77 82
64 41
94 51
84 46
35 6
26 20
97 97
54 99
51 26
1 86
16 34
51 53
47 76
69 55
67 1
38 9
82 64
56 88
22 53
68 33
98 51
82 84
13 26
12 99
90 89
23 75
1 24
40 23
63 97
23 0
44 54
26 46
83 8
61 5
74 35
64 61
7 11
42 85
44 8
35 21
7 89
49 40
90 76
85 25
29 97
50 59
24 68
78 68
49 20
63 88
19 40
44 45
26 14
57 74
20 80
22 60
68 48
13 49
20 87
46 33
24 29
73 11
