105
54 71
35 67
17 23
90 34
80 20
62 91
6 77
71 25
34 79
70 8
5 93
33 97
8 40
73 82
54 3
95 57
34 12
15 3
17 40
53 66
49 84
26 57
64 54
36 42
81 64
54 22
75 40
7 56
91 2
99 19
1 5
41 28
11 25
66 98
17 80
15 96
54 50
82 47
78 87
81 70
48 6
21 64
67 58
68 2
37 35
36 59
58 96
40 94
5 66
4 33
2 86
50 27
85 30
44 83
55 10
17 55
28 24
80 40
51 17
52 75
92 86
86 99
56 86
43 69
84 16
83 2
49 51
92 82
31 2
96 51
65 38
2 36
22 80
3 72
3 18
99 96
94 37
69 74
97 10
45 0
69 11
48 44
78 62
23 17
22 44
91 72
76 97
56 26
35 28
34 52
40 14
77 47
57 68
18 65
65 12
39 63
14 81
6 42
29 74
68 48
24 50
57 0
85 79
55 15
13 33
