117
1 53
11 38
87 70
87 86
53 3
39 94
73 72
10 82
15 8
35 27
39 9
85 49
34 42
52 44
77 34
43 71
38 47
6 7
49 86
15 46
3 30
27 33
80 80
77 18
59 97
9 66
58 73
24 64
59 27
75 4
73 95
34 86
80 52
87 15
71 67
42 65
90 96
92 41
61 50
61 5
47 16
51 39
98 51
72 16
96 89
70 91
33 22
5 73
3 38
40 56
3 59
53 71
44 90
44 10
60 36
54 50
37 50
74 42
49 26
21 95
80 87
0 96
97 25
17 23
27 0
96 71
21 78
87 0
18 51
23 99
2 2
32 0
27 80
2 79
99 98
94 55
91 20
74 32
67 0
7 93
21 14
97 75
64 91
17 81
68 53
35 79
16 0
58 64
86 6
79 66
20 37
4 52
1 88
55 87
65 97
70 47
79 99
9 6
57 13
29 7
37 58
24 30
49 94
78 12
2 44
85 57
85 42
18 77
45 37
29 92
85 80
39 19
51 56
49 79
42 85
32 13
47 48
