106
52 33
25 49
39 50
1 34
21 26
26 4
89 43
38 84
83 93
24 93
12 79
66 61
82 10
11 13
44 66
96 65
48 82
3 77
78 15
83 51
17 47
33 8
3 5
27 59
49 71
64 47
62 17
3 57
97 94
69 95
96 8
72 35
86 31
32 75
91 72
61 9
33 99
49 95
18 64
58 49
15 29
45 24
82 83
73 65
22 44
85 24
97 52
7 41
46 60
32 69
78 46
86 8
23 31
65 52
91 87
13 57
47 0
10 96
72 0
62 79
99 25
39 24
66 78
66 99
0 71
83 99
44 51
19 92
78 65
17 7
99 86
0 15
37 28
42 1
57 2
99 44
72 29
98 30
31 45
6 58
18 98
35 14
4 86
53 68
74 81
40 95
55 42
6 29
34 78
67 14
63 92
79 5
42 58
71 39
72 61
13 63
45 81
79 84
95 16
13 21
64 7
26 90
34 61
78 93
88 20
41 73
