110
30 53
24 9
36 24
26 88
46 1
12 18
10 79
2 52
14 64
32 39
38 74
10 35
8 3
42 89
44 48
6 97
0 69
42 28
6 19
18 49
28 96
26 25
40 3
12 96
30 70
2 34
26 1
2 4
44 96
2 83
44 72
30 59
14 44
28 36
4 66
18 83
38 10
0 45
20 24
38 56
22 97
40 21
22 68
42 82
42 38
20 6
38 98
2 92
0 27
44 60
26 82
2 77
6 13
24 39
2 59
44 18
26 20
16 3
18 62
4 42
34 4
38 41
24 75
0 15
36 84
6 28
18 38
38 46
18 94
22 58
8 51
40 63
16 75
10 89
36 66
24 51
30 10
16 21
34 94
8 63
0 0
12 6
6 86
0 99
46 34
32 27
32 87
34 50
14 28
10 71
12 54
44 6
30 16
10 40
18 89
22 32
40 80
30 65
31 0
1 9
18 13
30 77
21 74
29 44
14 52
36 36
37 13
8 24
11 75
20 43
