110
72 12
49 49
7 55
59 76
75 27
54 96
74 61
50 13
25 74
13 4
34 48
11 87
16 61
0 58
78 11
78 28
24 84
25 56
84 14
82 91
88 76
43 71
32 16
18 27
36 34
2 36
32 98
91 49
61 3
97 89
28 2
61 32
53 53
73 50
96 10
71 87
85 62
90 32
16 98
51 88
59 66
5 10
4 41
17 35
48 52
39 14
71 98
77 85
19 52
72 1
54 74
82 71
1 50
11 28
55 45
68 59
68 29
32 23
14 66
59 92
99 66
83 22
3 86
72 43
53 30
60 56
99 21
11 58
90 0
42 65
29 82
90 41
5 18
4 1
76 44
95 80
34 32
58 5
20 8
5 80
34 53
87 55
9 99
46 14
92 6
43 36
0 34
34 5
85 90
14 95
96 72
74 72
64 14
14 21
76 4
95 63
24 49
65 85
32 62
62 41
46 27
20 88
91 21
23 16
5 44
82 86
86 46
46 59
25 61
52 42
