107
52 89
21 74
48 63
28 22
94 42
59 88
90 31
94 58
12 55
41 50
4 12
66 51
99 74
77 79
45 4
44 28
63 76
39 67
82 34
41 43
7 46
86 49
36 39
57 19
72 22
11 85
17 31
25 90
28 58
59 2
75 93
62 35
78 0
1 96
1 74
24 4
22 45
43 77
7 15
1 2
85 78
99 27
6 30
42 19
76 39
25 72
80 53
23 18
96 65
3 37
62 11
73 87
83 71
62 42
47 33
36 78
33 56
14 49
63 21
28 34
84 86
23 85
85 14
63 58
6 71
45 95
34 28
60 72
77 16
59 94
37 96
43 11
0 54
46 49
65 6
22 9
99 56
16 60
44 81
71 60
8 83
2 17
49 3
60 37
77 95
19 23
27 42
76 30
0 80
30 62
11 89
63 65
92 72
5 60
47 80
38 92
26 76
15 46
87 56
38 21
62 87
67 44
20 29
71 13
70 36
31 20
26 64
