102
0 6
2 20
0 45
2 35
2 30
72 0
49 3
15 58
81 18
27 0
70 92
70 52
30 33
2 95
17 90
49 38
2 70
73 70
25 72
20 22
70 33
15 8
17 40
30 57
95 43
49 22
25 88
2 0
0 63
3 85
70 18
30 72
80 32
27 50
25 18
70 77
80 4
10 77
1 14
30 92
22 45
30 8
70 62
49 12
10 53
80 43
2 90
18 0
18 65
30 23
22 95
10 32
70 8
70 43
17 15
5 48
20 72
10 2
30 83
5 77
25 38
95 19
0 78
12 95
10 62
2 25
2 40
28 65
25 27
30 42
25 57
91 2
51 46
97 34
10 12
15 77
2 55
17 30
25 8
72 86
97 10
89 47
49 28
5 7
15 47
68 24
90 19
74 48
22 80
5 62
32 14
10 23
20 52
10 88
20 7
17 35
18 85
10 42
15 23
13 70
19 62
5 17
