88
22 23
28 45
16 20
5 9
91 8
44 6
12 13
60 47
36 28
46 38
40 79
74 26
65 43
9 30
39 14
30 26
34 42
13 44
80 80
36 97
97 28
97 98
90 70
22 6
2 43
2 7
20 41
6 16
14 29
57 74
56 88
53 60
22 88
88 43
0 58
82 56
34 61
19 74
66 78
91 4
34 76
86 18
48 11
44 48
44 28
69 50
27 40
86 29
16 50
31 54
61 53
31 21
62 14
96 69
67 4
38 94
18 91
73 67
16 35
38 0
84 83
12 23
99 4
52 26
71 19
93 67
99 21
0 31
43 73
8 1
87 58
85 8
48 0
72 63
54 18
35 68
52 51
2 38
29 11
41 42
44 56
0 22
34 7
23 29
8 8
18 44
13 17
42 17
