107
44 53
30 65
97 27
70 70
59 57
77 8
35 56
78 53
58 87
6 95
33 4
9 14
23 87
55 36
19 25
96 89
41 6
72 16
50 90
82 68
66 75
64 57
78 48
31 51
50 53
60 5
51 70
9 81
94 59
88 38
78 87
2 55
17 56
33 21
91 14
71 35
30 95
25 43
30 72
99 98
53 26
3 61
88 74
82 90
45 99
26 3
47 69
94 49
99 34
61 43
87 23
73 53
67 69
9 51
81 82
65 13
46 45
28 50
86 60
68 98
11 37
10 0
71 78
58 71
14 75
38 27
74 32
98 5
98 73
42 83
50 5
94 98
24 10
24 91
7 9
17 39
69 30
52 31
25 66
95 81
86 3
19 17
27 29
60 96
45 93
42 21
58 21
28 81
80 39
58 17
82 17
93 32
11 58
80 94
41 74
55 56
42 48
57 80
33 10
61 38
73 25
33 67
74 89
40 61
69 63
67 51
49 40
