106
77 58
97 82
53 50
5 20
81 5
46 37
42 64
85 62
91 5
89 80
18 73
24 54
45 81
55 16
9 88
83 21
37 34
48 12
64 46
70 9
87 54
77 68
19 60
79 11
73 85
62 61
28 20
78 37
4 52
13 40
96 96
30 82
35 6
11 4
49 3
3 92
52 81
28 36
13 22
64 4
60 36
88 84
76 23
9 79
91 66
35 71
37 25
77 42
34 17
63 55
90 18
74 28
63 12
5 30
51 63
46 29
10 67
91 91
26 29
59 96
44 95
26 98
45 73
16 7
96 52
96 27
1 67
1 6
58 99
7 98
39 94
70 74
48 46
89 0
30 56
10 49
61 21
32 42
3 75
75 76
19 36
64 89
42 91
16 87
96 72
43 6
98 54
47 52
68 48
51 23
17 17
1 85
68 27
27 62
83 89
75 1
49 84
78 53
27 15
56 58
36 86
72 50
51 95
36 11
71 59
33 24
