108
8 51
18 81
65 36
79 34
73 3
29 80
82 85
16 65
56 54
34 36
18 35
50 72
91 71
27 21
8 21
67 76
2 97
38 51
68 50
85 24
4 11
59 33
6 77
25 89
90 81
87 36
0 33
67 21
46 8
99 23
19 6
91 96
61 96
78 53
33 8
49 31
66 64
69 79
2 70
3 4
35 58
83 18
99 69
12 83
26 51
86 58
48 18
85 47
74 14
98 81
16 55
41 16
59 82
39 92
96 6
99 44
64 4
23 97
34 73
4 47
45 98
54 47
80 1
70 93
24 22
53 70
41 37
78 90
23 37
99 92
62 22
42 55
22 65
96 25
70 65
85 75
61 91
92 44
45 75
10 31
75 35
2 55
39 30
37 9
11 2
11 86
9 16
56 61
30 63
24 15
42 73
71 70
40 44
81 32
30 93
55 40
26 79
6 62
92 88
40 49
69 54
65 27
31 22
27 42
58 76
74 22
32 48
47 46
