110
51 30
88 2
56 14
79 19
60 86
56 72
42 65
25 39
75 74
73 93
26 90
18 55
2 79
26 7
80 36
46 34
44 57
17 98
18 30
56 7
89 74
41 25
68 66
51 24
27 70
85 53
92 95
2 46
66 51
40 11
5 88
49 92
14 9
8 59
17 75
55 46
77 97
38 49
77 22
62 33
31 85
17 23
59 79
36 4
17 45
90 42
74 68
84 8
63 98
83 83
49 59
22 48
71 41
68 82
44 17
32 60
57 62
99 57
69 1
95 17
3 25
45 89
99 75
98 3
31 24
0 99
92 28
42 75
98 90
3 40
0 71
85 59
28 0
73 19
39 97
14 15
99 45
70 51
94 71
8 86
31 36
85 44
15 59
9 42
81 60
72 98
64 7
27 21
48 39
44 73
61 28
17 80
31 81
88 24
59 70
76 40
52 53
30 54
13 65
78 12
32 20
40 35
83 94
89 47
13 37
70 15
66 80
73 50
12 50
38 64
