117
3 69
77 48
35 7
8 33
54 50
58 82
51 32
72 10
18 91
80 82
49 68
10 65
71 38
84 44
49 53
40 32
60 94
86 50
66 50
50 45
51 7
92 10
70 67
20 76
7 2
16 49
92 72
28 20
33 67
15 32
1 14
67 27
59 4
82 91
0 79
30 95
42 21
97 1
37 53
86 66
11 47
64 84
95 44
8 12
7 88
45 2
89 86
84 72
34 16
42 39
63 29
57 61
91 53
62 70
65 45
39 24
38 81
82 27
52 39
99 35
78 3
27 2
26 34
85 30
43 13
30 51
24 78
49 97
1 37
99 59
1 54
88 13
59 19
36 87
13 89
90 93
0 21
62 0
22 19
48 72
72 81
97 79
35 59
70 13
0 49
87 99
92 30
31 5
0 6
76 60
3 63
92 1
58 14
4 28
68 64
61 79
14 54
77 31
35 46
56 0
25 22
21 40
76 76
39 67
27 90
88 4
52 60
2 40
53 25
63 35
41 10
44 53
44 58
70 75
14 40
39 55
62 6
