116
31 13
74 26
71 43
14 5
34 93
46 1
21 24
13 40
97 23
58 32
93 71
30 68
27 37
72 92
84 2
38 55
12 56
37 69
78 44
28 8
91 23
26 93
56 15
71 9
59 85
1 66
75 71
85 59
43 34
13 99
16 73
92 37
63 55
58 69
49 83
14 84
40 94
82 81
11 13
70 23
45 19
99 42
3 50
75 2
45 68
67 84
51 36
65 70
63 46
80 47
20 36
36 8
38 61
67 39
51 74
17 15
99 93
53 25
71 53
99 57
57 10
4 84
98 77
95 2
73 99
27 52
2 14
88 95
2 36
52 45
11 1
22 51
89 9
33 76
37 35
17 78
41 98
29 23
76 24
98 51
65 98
67 0
15 64
25 98
52 64
2 56
90 63
38 51
49 95
96 16
57 50
5 42
18 81
76 61
17 31
36 83
90 26
59 17
9 70
39 26
79 10
62 64
62 89
32 98
40 84
46 11
70 29
25 9
29 48
89 54
57 39
26 73
70 59
67 53
32 91
72 36
