110
10 52
36 3
76 82
84 28
30 85
12 34
2 53
91 92
86 66
37 33
60 53
72 43
71 4
25 23
94 53
73 28
78 61
73 95
67 75
85 19
90 77
12 79
29 63
2 2
21 4
15 93
56 9
43 68
51 88
2 24
48 36
88 8
30 97
59 73
5 70
66 28
53 18
3 16
89 42
97 95
19 39
20 67
45 82
31 6
38 95
68 14
1 37
75 49
14 10
33 29
65 0
92 56
10 68
19 86
81 92
72 74
60 64
24 90
59 79
76 16
7 60
43 50
99 32
1 88
96 6
53 40
66 92
99 20
51 4
99 72
52 96
80 1
29 70
0 6
58 48
20 52
20 18
39 25
17 32
78 98
38 67
38 82
40 8
77 65
99 43
84 34
41 32
28 5
10 19
63 24
83 98
58 39
92 22
90 85
76 76
57 5
19 76
33 93
67 60
83 61
47 91
14 44
42 10
3 10
17 24
72 79
79 25
83 86
72 89
80 69
