103
77 78
52 39
83 5
8 20
35 58
7 56
78 94
83 40
34 40
8 4
6 41
48 96
68 5
53 5
35 23
95 94
33 93
66 21
80 23
47 77
68 55
21 57
36 6
82 56
33 78
64 95
51 56
67 39
91 79
51 21
22 5
20 39
61 79
20 23
19 96
47 72
36 62
2 42
84 59
68 64
0 1
30 75
98 76
1 22
64 99
48 37
85 26
79 99
95 98
2 58
50 0
54 59
50 92
34 44
34 99
37 26
21 62
56 25
19 8
80 92
31 0
4 37
77 3
20 35
84 77
61 74
7 64
79 42
98 92
48 42
63 7
64 37
2 7
50 98
33 9
74 23
14 22
92 71
59 23
64 90
35 89
16 1
75 70
79 7
62 41
17 43
43 19
28 23
51 78
62 0
79 37
43 57
28 58
61 55
34 36
48 7
77 56
68 80
37 79
8 25
17 58
23 25
71 25
