113
39 52
61 78
76 35
21 45
8 95
32 81
68 88
10 72
71 1
94 62
45 21
7 53
8 20
84 10
31 14
87 26
0 68
19 91
94 3
72 81
12 83
49 88
92 90
39 2
54 48
26 62
93 47
62 36
96 76
27 30
13 4
78 57
59 14
49 62
99 34
79 97
47 4
45 34
58 76
61 50
14 18
13 32
84 91
41 61
87 65
17 64
0 86
53 21
33 47
97 44
82 22
3 58
49 42
34 68
18 59
89 85
8 11
55 68
19 37
87 97
3 77
51 11
45 47
17 25
78 52
26 94
71 66
27 11
64 96
61 0
32 28
93 12
95 30
77 41
61 21
29 79
40 90
73 10
57 98
27 0
76 75
98 99
97 84
66 29
89 8
43 82
89 63
25 46
64 58
36 0
76 50
39 68
55 0
41 29
79 5
94 81
34 16
80 80
63 82
35 44
77 66
65 3
15 10
65 50
25 27
51 47
39 19
12 66
92 71
89 56
32 54
52 58
43 10
