113
34 59
60 61
88 91
73 86
97 24
35 45
54 83
83 1
26 86
2 54
90 67
84 15
61 23
3 28
5 65
20 88
69 57
55 76
24 43
52 62
78 85
62 64
1 83
25 29
7 97
49 97
9 13
46 22
98 8
64 40
36 73
17 74
22 5
94 48
69 0
78 20
93 97
32 31
48 11
13 40
76 62
97 74
49 50
34 91
69 21
88 61
39 69
58 32
81 78
68 84
13 6
9 70
90 8
28 50
14 64
16 83
73 90
89 82
53 66
32 15
79 43
52 4
54 99
99 38
18 25
66 6
85 37
2 97
39 39
40 95
2 19
7 36
98 80
47 82
83 22
17 99
14 54
28 60
84 6
1 77
97 62
60 2
79 58
34 18
52 80
69 38
54 38
33 77
91 34
74 76
53 15
21 44
63 53
8 56
37 61
87 1
41 46
26 93
70 8
60 80
81 94
15 79
70 46
90 20
67 67
23 57
52 85
81 66
77 1
55 54
66 78
79 9
56 87
