114
74 77
82 8
58 19
28 71
71 31
9 65
57 79
32 58
22 8
11 81
42 93
25 25
85 33
53 58
70 10
55 84
72 82
83 3
12 59
54 68
10 16
72 55
40 32
1 47
1 92
97 12
96 81
15 44
55 36
86 93
92 46
88 60
30 85
46 11
10 0
49 50
81 19
95 20
60 40
62 94
63 17
61 70
47 67
80 78
94 26
44 90
11 88
67 37
18 64
7 51
77 25
67 63
44 79
78 11
54 93
34 0
21 99
0 32
31 44
68 25
98 72
93 99
40 15
50 4
76 51
0 17
78 95
0 77
66 3
41 29
36 58
86 64
17 41
16 3
86 41
16 21
1 5
26 87
97 7
48 1
0 51
42 76
95 30
37 40
92 55
93 91
16 96
70 91
32 65
51 42
6 72
11 35
94 0
76 74
31 27
29 50
0 85
71 39
55 15
33 91
5 12
91 40
1 38
82 76
0 62
42 44
63 10
84 90
81 36
87 50
89 7
46 36
79 84
71 16
