125
51 12
81 8
60 5
74 40
41 39
8 90
9 13
84 72
23 9
33 22
72 17
30 7
45 4
32 32
58 10
75 11
51 29
84 56
64 79
9 48
22 62
84 95
22 79
45 68
59 44
70 55
0 2
97 48
95 71
94 9
10 41
59 85
93 88
63 68
5 20
14 93
23 34
88 39
17 1
37 6
92 4
71 80
69 0
27 41
9 2
92 81
39 18
21 21
91 66
52 77
55 21
91 51
28 17
32 90
41 54
3 63
58 99
65 11
83 83
16 78
3 67
54 46
40 97
90 35
81 24
0 92
35 70
96 21
2 28
68 32
99 98
26 48
11 10
38 81
98 65
46 61
98 6
54 91
31 67
0 82
0 49
25 95
18 28
77 55
62 58
76 31
10 65
44 45
46 79
14 99
76 89
68 72
6 36
77 59
19 53
62 27
31 3
90 19
44 12
64 1
30 75
37 31
10 70
15 85
51 44
40 87
65 93
60 70
82 28
53 1
85 42
61 32
13 56
14 20
34 46
76 14
19 42
46 20
69 69
84 10
42 49
21 12
66 6
28 25
10 29
