118
34 48
64 36
93 8
31 86
57 61
9 40
74 15
4 7
97 29
48 21
50 40
8 63
33 66
74 47
34 16
62 97
2 37
88 38
44 69
88 16
37 56
39 42
61 24
95 87
21 3
97 62
76 91
56 83
6 89
57 9
25 37
45 94
30 80
5 26
28 99
82 2
59 66
81 92
2 97
5 73
98 69
35 8
67 51
96 43
9 12
15 91
76 20
44 23
47 79
30 1
55 97
97 22
26 18
70 21
53 59
88 31
62 13
51 28
84 23
82 74
68 0
0 51
96 4
88 57
73 61
15 27
46 62
14 77
63 83
53 2
0 66
22 75
74 35
31 33
18 99
79 98
5 3
10 49
98 77
25 61
0 29
41 92
84 52
10 55
3 82
39 49
12 20
24 42
27 83
89 80
92 64
11 1
65 29
41 11
45 85
16 35
36 30
60 75
98 37
12 86
78 41
67 4
73 56
87 9
65 94
50 10
88 92
25 11
30 75
26 94
42 28
71 42
95 67
89 85
4 33
67 19
76 8
69 33
