112
4 32
69 89
96 93
42 90
65 45
29 6
11 10
80 28
68 8
21 54
53 70
7 49
94 55
39 21
39 75
60 97
31 49
35 90
96 60
80 81
33 16
87 63
92 36
24 35
40 37
71 68
97 12
12 82
4 70
82 97
46 51
23 2
4 6
34 69
64 0
61 37
15 17
70 18
79 56
58 61
57 76
9 24
8 42
44 29
77 6
85 70
71 43
1 78
13 63
36 54
74 95
67 27
35 40
57 87
19 25
3 44
38 84
87 85
34 25
63 65
51 78
64 10
47 9
21 98
77 68
20 84
98 21
99 1
48 0
0 0
88 42
96 98
8 92
54 39
55 22
96 83
91 18
29 97
25 74
22 49
52 55
1 55
84 42
1 14
76 21
70 52
50 12
86 11
71 83
42 67
10 68
21 4
94 76
7 30
32 19
86 49
44 36
58 28
50 16
30 35
72 54
60 90
35 73
17 15
85 81
48 63
63 31
39 6
14 24
28 77
56 16
80 62
