101
61 59
77 50
23 52
47 18
90 69
80 92
29 79
31 55
33 50
85 32
76 73
15 4
3 53
10 37
34 35
50 84
77 14
46 63
56 18
92 77
29 89
81 46
90 92
25 72
47 77
54 47
35 65
96 43
92 9
46 4
11 88
29 15
63 94
59 33
12 32
38 94
68 72
25 38
91 59
75 33
44 35
84 4
4 39
95 36
56 89
15 78
96 73
75 57
73 79
56 63
63 22
62 40
43 49
23 90
52 93
30 70
33 80
56 27
82 70
45 54
42 91
1 5
13 64
29 0
30 43
27 20
79 0
95 96
99 28
4 23
43 2
99 57
27 59
70 15
1 48
17 0
22 17
22 97
89 18
97 91
82 90
10 59
38 4
41 30
19 34
21 2
94 53
62 68
76 43
46 70
79 26
34 25
76 65
55 82
62 25
78 76
26 76
37 88
33 39
54 75
38 78
