117
84 5
47 75
55 10
8 79
26 74
54 51
67 44
11 23
89 56
64 98
35 41
89 81
41 36
74 3
60 5
63 90
32 65
0 16
92 44
75 61
22 53
94 18
25 28
59 24
29 9
44 89
72 30
5 65
42 18
16 94
80 97
2 48
20 49
47 94
96 35
89 19
69 65
15 17
68 80
81 56
98 49
46 10
40 26
17 86
44 40
18 72
80 26
32 76
18 32
38 47
73 58
7 22
62 33
7 86
69 94
13 62
55 87
38 70
84 50
98 99
1 99
3 2
99 0
66 85
30 92
12 53
3 38
94 80
52 68
25 0
93 64
72 13
54 29
22 14
81 33
58 65
35 62
0 35
79 0
99 16
98 30
26 89
54 61
90 2
36 11
94 90
66 19
66 37
93 75
6 95
74 72
12 8
21 39
29 59
77 82
50 59
6 71
41 77
81 42
26 24
50 12
77 9
83 29
42 47
55 35
11 36
18 68
36 84
55 91
20 57
30 38
36 19
48 33
83 70
20 83
30 55
31 72
