110
32 8
4 88
36 40
37 78
39 99
71 62
82 25
39 54
5 37
78 10
95 54
58 1
84 91
57 26
17 97
20 31
14 83
22 6
60 63
72 24
43 32
8 97
78 34
26 38
56 86
46 13
99 74
5 14
20 61
71 47
53 43
84 70
0 52
65 93
96 44
82 48
42 71
18 76
88 11
61 5
6 6
26 22
26 91
50 89
19 51
4 78
73 95
33 77
49 28
29 5
88 24
14 25
88 61
53 67
32 41
52 4
72 31
22 2
53 8
69 78
89 1
94 89
6 62
98 24
56 42
96 40
0 20
34 59
44 96
78 0
27 64
55 57
13 44
93 4
62 20
9 0
5 56
85 67
30 91
67 46
19 16
61 72
12 30
58 89
37 17
19 69
66 2
92 68
33 85
89 39
72 55
39 44
65 25
54 40
14 76
42 64
7 35
80 14
34 36
68 41
43 9
9 52
35 51
13 14
47 86
60 8
28 73
62 55
13 61
32 72
