111
82 32
11 12
90 63
9 36
1 82
48 63
90 95
42 84
22 58
0 23
34 43
76 45
25 20
8 2
93 30
84 69
13 55
4 31
22 8
17 66
85 40
66 55
87 15
74 88
31 97
55 42
64 28
48 0
73 8
46 14
54 93
66 75
99 76
2 59
60 23
2 90
35 98
82 76
44 80
24 28
37 58
11 79
92 47
56 65
48 36
73 59
26 87
70 41
3 76
32 36
93 87
5 53
78 29
81 98
65 84
60 13
48 88
12 1
80 83
9 88
54 33
91 0
9 62
28 73
63 99
38 0
75 2
16 98
39 18
23 1
94 54
41 65
28 57
18 34
83 14
58 4
53 47
1 1
81 60
60 75
6 19
71 97
51 61
22 42
16 82
29 2
4 43
91 21
33 32
0 68
49 28
56 8
69 50
77 16
92 81
24 64
72 31
51 86
75 74
1 50
32 13
39 63
17 90
79 62
62 46
81 90
77 54
61 51
78 39
57 38
81 27
