108
34 79
10 46
44 93
52 47
27 35
1 65
41 79
12 29
4 86
20 64
51 19
70 90
56 5
98 55
89 3
40 61
51 89
32 40
27 24
63 89
22 33
80 30
80 53
88 65
3 6
74 74
97 77
18 82
20 7
64 59
97 93
68 43
62 21
78 94
88 34
68 6
50 37
5 70
9 52
22 68
86 19
61 25
55 55
51 9
88 72
41 38
69 58
18 50
29 87
61 78
88 40
40 22
47 88
45 72
30 65
42 53
55 37
79 83
82 69
25 27
58 20
39 0
20 41
17 11
7 26
27 99
59 73
81 99
37 14
2 84
75 9
33 32
89 8
74 32
93 86
62 0
98 62
30 98
32 49
76 99
72 13
74 38
67 73
17 6
76 56
48 2
45 65
33 83
0 72
23 60
46 39
73 70
87 83
47 24
11 81
66 46
10 35
31 80
27 16
15 64
14 27
60 10
66 78
71 47
66 62
52 29
89 61
57 46
