112
81 57
49 17
47 74
4 57
25 93
47 93
24 74
20 45
98 57
87 42
76 28
47 41
65 0
69 15
6 14
32 96
10 40
47 63
16 59
73 50
81 13
14 74
59 37
0 49
85 29
26 67
36 86
63 85
31 12
97 84
88 70
87 97
69 70
7 90
33 39
13 6
42 23
9 28
51 59
45 7
24 18
70 85
72 1
61 28
65 63
36 55
70 41
7 82
89 56
5 43
58 6
40 97
45 82
36 65
15 41
11 68
21 84
36 24
49 35
68 27
78 67
95 16
64 99
36 77
69 11
0 0
86 93
86 3
99 26
83 79
34 5
4 29
99 69
87 37
61 83
24 98
50 49
10 14
35 41
61 58
25 53
85 75
2 80
81 0
50 11
92 13
67 49
23 33
11 60
20 11
66 77
54 43
79 59
83 43
92 30
32 62
46 55
95 65
40 38
83 73
10 76
74 19
42 73
44 89
45 15
90 87
28 48
18 23
91 23
76 33
82 51
87 64
