103
58 9
42 42
68 68
77 48
72 75
45 82
59 91
56 23
32 60
95 95
48 62
6 4
21 32
10 54
83 63
25 0
27 46
97 27
34 90
64 8
65 57
54 83
38 77
36 17
14 88
12 72
86 18
91 45
65 37
81 93
5 10
49 28
52 98
26 76
29 96
74 2
79 27
63 23
26 7
56 43
51 1
12 29
78 79
4 76
72 51
97 34
33 41
32 26
9 14
17 97
78 43
28 87
77 65
61 69
72 19
91 35
50 94
50 76
62 18
97 80
99 6
78 72
97 65
16 8
61 77
3 96
50 57
4 50
5 35
68 10
20 71
89 12
95 59
97 87
33 2
69 90
26 27
9 40
49 48
26 69
24 43
56 98
38 58
99 41
52 29
83 85
9 83
73 34
63 51
81 17
43 73
82 34
89 52
86 78
69 84
29 75
88 31
71 44
66 21
55 87
56 13
20 81
73 60
