117
50 70
26 69
50 41
33 87
48 63
66 66
45 0
60 81
72 49
54 13
79 27
9 71
10 56
90 57
25 61
16 46
82 38
31 23
13 24
66 35
89 4
10 95
93 95
13 0
98 41
74 10
79 99
58 53
30 47
83 84
92 71
36 1
30 97
25 32
1 57
38 15
64 91
37 83
61 2
5 73
89 14
56 27
2 94
16 93
32 65
66 74
33 32
89 39
55 89
28 83
63 16
19 41
75 33
50 7
56 35
41 76
54 58
15 76
3 39
99 26
34 79
22 9
5 17
4 3
75 7
38 52
1 32
96 65
99 50
24 99
78 92
42 21
15 27
42 38
77 24
81 75
93 25
96 11
81 52
28 5
6 11
68 81
1 50
43 55
22 46
5 79
46 71
15 60
19 84
29 28
96 43
67 6
8 5
84 90
89 67
81 9
51 24
36 42
72 41
29 68
65 23
81 24
3 64
47 14
45 45
12 91
44 87
36 23
6 48
51 61
11 9
27 46
74 39
23 76
84 29
33 59
40 27
