100
4 3
16 29
64 33
19 55
35 24
48 88
41 72
62 71
78 74
14 91
96 49
51 97
35 98
51 61
80 52
74 88
43 37
70 11
50 19
34 41
18 19
36 18
73 38
14 35
62 80
29 36
83 61
74 81
36 58
30 81
96 93
84 28
62 29
8 57
91 63
28 96
86 99
49 42
63 13
84 47
62 63
47 85
19 85
76 67
33 51
19 48
77 43
91 48
64 85
44 51
43 91
58 24
23 33
98 35
7 73
86 11
38 86
65 99
98 26
96 70
66 53
32 7
2 0
95 85
5 87
5 50
46 8
73 19
47 33
22 77
79 97
17 63
32 67
81 10
20 94
81 83
81 31
47 56
10 43
60 44
98 61
56 70
59 15
17 23
42 17
60 85
88 18
66 48
81 67
32 27
37 53
76 60
61 34
88 77
46 23
73 26
29 45
73 91
70 34
89 52
