112
84 73
18 29
23 50
63 20
30 75
82 7
96 60
51 37
14 67
9 51
15 94
88 89
44 94
63 4
40 11
46 55
37 31
97 28
68 76
37 69
9 74
50 22
4 57
15 79
15 57
50 77
4 30
81 23
80 37
93 46
29 97
65 96
24 5
64 56
97 4
6 8
18 20
77 2
84 57
22 44
64 27
5 92
62 42
73 95
39 95
93 12
23 81
69 0
29 30
48 47
65 68
11 90
85 63
13 35
72 17
41 18
29 62
90 3
39 2
72 81
3 4
58 95
92 93
51 62
0 76
99 62
96 32
26 8
69 59
95 83
0 50
85 41
45 81
59 91
13 15
55 16
23 99
0 63
72 32
5 47
96 65
51 30
44 7
56 68
80 19
59 11
25 23
80 77
90 47
44 76
24 76
49 96
23 56
8 91
41 62
25 91
66 83
92 61
27 26
55 57
12 71
74 63
85 4
54 92
10 27
24 12
12 42
66 12
19 50
51 12
31 13
73 13
