109
17 33
89 64
60 27
38 76
42 53
51 55
97 14
42 92
96 32
39 1
74 7
2 28
14 71
80 96
46 33
21 53
31 78
50 67
24 36
88 38
69 32
13 24
68 56
1 12
60 91
74 76
58 10
15 9
27 96
97 97
88 79
10 97
37 25
5 75
96 56
16 48
35 8
79 90
94 81
72 15
31 43
97 40
54 93
24 86
91 98
6 65
34 97
94 20
65 82
35 68
7 37
10 15
64 18
31 58
59 60
44 80
13 56
33 32
67 89
38 63
82 51
88 1
2 90
0 2
54 3
50 38
74 35
85 65
32 15
85 6
76 52
3 95
60 74
55 0
12 78
46 39
99 64
22 89
99 1
32 23
89 27
6 54
32 5
44 15
58 19
53 52
30 64
35 49
96 47
76 21
78 66
80 38
51 79
86 93
68 9
99 29
40 89
6 89
21 75
23 21
84 70
20 58
51 28
68 29
49 42
26 14
28 73
49 64
39 83
