106
11 11
17 14
4 4
78 88
58 60
42 63
84 85
1 18
28 38
43 2
79 64
91 6
11 89
47 32
31 84
18 70
34 56
94 78
92 18
31 98
89 70
27 71
76 9
92 43
17 52
70 48
32 12
61 6
55 84
75 33
14 34
57 42
85 23
17 91
53 13
73 70
72 93
41 25
97 64
7 74
3 23
81 58
44 75
95 53
67 56
18 20
45 42
68 11
96 88
10 97
23 38
40 41
22 24
74 78
21 62
8 5
53 34
21 85
3 86
85 14
71 87
5 60
3 45
52 99
24 0
72 29
99 4
35 99
84 44
56 28
51 79
2 48
49 15
18 48
63 0
1 0
36 21
20 0
0 29
63 99
83 99
60 58
67 27
12 75
99 71
92 86
25 99
79 36
63 24
21 55
34 48
7 63
13 38
78 50
78 72
26 23
63 51
1 8
79 93
71 36
64 17
20 41
15 5
37 34
6 54
88 76
