117
63 85
37 18
96 12
24 30
71 40
73 66
93 82
95 41
89 58
5 59
32 47
33 91
56 20
82 92
67 62
83 14
63 45
32 10
79 42
22 39
37 28
65 75
5 78
17 6
37 61
96 97
57 4
12 92
3 29
72 25
28 72
19 60
73 3
42 80
55 72
77 86
33 3
51 44
3 23
14 74
87 64
18 22
29 96
96 30
59 97
95 52
36 66
7 90
63 28
21 46
87 23
25 5
6 16
5 66
8 25
26 53
4 0
28 61
99 76
95 5
47 41
47 85
59 6
42 0
6 39
1 83
43 56
92 97
70 60
10 97
1 8
47 17
98 0
58 31
82 28
78 11
26 87
93 44
39 34
99 68
61 77
46 49
86 84
84 57
0 97
98 19
13 59
71 5
99 91
62 56
21 80
42 63
40 83
93 38
79 37
66 24
13 46
51 15
98 58
94 72
30 14
17 30
37 38
73 75
53 30
80 47
84 63
94 14
44 61
68 10
94 94
36 50
87 35
77 54
67 34
77 21
38 9
