113
65 24
23 65
8 32
92 9
4 46
47 56
20 79
92 47
65 66
46 36
2 91
90 70
69 82
57 67
32 76
83 52
60 20
85 10
16 85
47 48
30 67
71 19
40 14
53 7
31 48
87 26
34 98
26 28
90 97
13 15
25 6
70 5
65 41
21 47
40 83
33 29
60 81
69 58
95 0
49 64
78 44
35 3
17 31
19 58
79 23
57 27
28 92
34 41
72 71
54 43
46 4
97 13
25 42
78 36
67 98
83 84
2 69
60 69
20 73
5 3
98 83
53 99
98 51
2 84
87 66
6 51
46 79
99 90
95 65
4 9
19 12
16 94
95 39
71 92
63 5
78 1
4 77
54 91
33 62
40 23
75 55
13 59
76 85
39 92
61 52
97 76
10 26
20 5
46 70
7 43
29 45
90 0
34 21
55 35
9 63
76 15
51 13
90 23
10 90
73 29
33 14
64 84
41 54
49 71
90 44
28 60
69 47
68 13
38 33
10 69
87 13
15 44
17 50
