112
22 13
49 32
88 3
61 89
14 39
52 13
92 95
0 47
3 91
64 74
83 60
28 95
79 87
68 17
33 67
14 10
7 30
55 90
58 16
51 82
71 95
11 76
98 64
31 26
85 40
67 34
23 52
37 47
94 28
65 3
41 61
61 67
82 3
95 73
77 44
11 3
7 53
37 91
31 77
47 29
75 22
33 17
16 18
73 76
13 85
90 54
60 37
94 2
31 94
44 68
88 87
47 96
23 33
19 3
55 6
65 89
0 39
82 48
66 81
12 28
1 66
56 52
34 3
43 20
92 18
12 99
51 51
21 59
98 48
58 83
99 78
26 76
1 24
2 88
71 49
3 8
79 7
44 0
87 99
3 73
31 49
62 60
44 34
47 74
98 42
3 49
80 82
48 48
95 81
26 98
61 30
22 66
15 34
84 6
87 63
61 99
40 93
28 19
57 60
58 20
22 96
27 67
12 48
45 38
93 50
8 12
56 68
25 90
48 93
7 46
24 20
63 78
