107
70 3
20 8
71 80
67 95
71 31
53 72
84 8
42 73
62 72
38 96
40 2
95 42
71 57
31 56
15 93
52 48
15 30
76 20
10 87
63 29
28 29
1 45
89 83
9 65
97 20
86 56
44 18
3 10
82 70
3 29
24 95
39 87
21 16
95 77
84 38
62 8
67 58
61 97
99 50
15 78
2 60
56 32
75 39
47 63
79 73
53 82
52 39
81 13
30 20
14 13
37 61
55 21
48 90
68 66
60 80
8 22
18 48
36 42
0 77
58 57
2 99
36 6
91 92
94 28
75 94
55 1
22 1
28 99
38 38
36 79
93 63
54 7
16 57
81 53
1 24
1 91
46 22
44 96
3 64
68 47
25 46
41 39
10 36
68 5
85 28
48 67
88 78
12 5
73 25
65 11
9 77
77 88
17 89
30 13
46 4
50 46
82 48
54 65
15 21
49 86
66 38
46 32
64 91
72 61
41 16
25 15
63 65
