96
4 3
11 7
26 26
40 38
64 69
83 88
13 16
19 7
10 97
50 60
14 70
35 87
78 3
43 7
12 49
23 40
50 23
20 96
67 1
14 82
8 41
74 92
29 84
16 53
50 48
55 66
17 24
4 18
25 20
16 4
28 68
98 97
68 47
76 18
91 45
88 69
88 87
72 70
56 35
57 9
5 93
26 47
13 79
73 77
31 7
42 32
31 23
10 63
35 95
32 45
56 55
26 60
93 93
26 95
20 32
55 42
37 15
64 57
83 79
95 31
49 92
44 76
82 52
65 94
99 51
87 18
40 58
34 34
6 33
49 7
98 81
60 17
93 38
17 15
3 99
0 84
43 91
73 56
66 4
0 10
76 14
45 22
18 0
98 90
10 59
38 81
20 73
69 63
76 84
20 92
17 46
11 19
22 77
49 12
35 30
28 33
