110
16 32
65 23
47 81
68 6
45 35
30 36
75 37
2 57
35 52
25 68
48 59
13 46
73 81
44 9
98 31
3 26
16 17
50 54
26 53
58 37
68 49
35 30
12 64
3 32
88 81
94 10
76 61
7 93
98 57
33 86
76 95
51 98
80 15
11 78
23 7
84 58
53 8
90 35
50 73
35 70
71 77
96 71
56 92
33 10
7 73
86 91
84 3
20 33
70 25
54 24
83 38
76 52
35 47
12 72
60 83
10 39
71 17
5 8
14 25
28 96
2 89
59 68
71 98
18 0
22 46
19 85
70 2
8 12
91 88
93 55
38 5
37 93
97 40
31 21
48 39
88 21
27 70
52 4
61 52
82 68
0 40
62 44
39 23
0 80
80 99
44 41
59 5
41 79
28 87
5 62
5 87
84 11
55 77
52 29
64 20
15 50
24 61
21 18
85 50
40 56
72 41
82 29
34 38
6 22
50 68
82 87
17 78
82 51
57 15
23 28
