110
88 9
39 43
95 52
38 96
68 85
63 16
3 90
73 26
65 70
12 50
4 6
17 66
90 80
9 23
57 58
85 63
67 99
92 38
69 34
12 91
13 37
25 64
41 33
62 62
12 12
58 81
75 48
28 12
47 15
72 2
42 68
30 81
7 76
86 96
45 6
23 34
25 79
93 31
63 37
21 49
4 48
59 23
48 35
87 25
72 10
13 96
39 74
71 68
57 73
17 27
75 33
11 82
31 77
23 55
57 34
52 64
3 62
79 37
99 68
83 77
31 95
82 99
91 11
96 85
51 90
41 53
31 5
2 23
97 93
89 47
26 29
59 44
10 0
37 19
37 99
39 3
99 34
0 31
53 87
26 49
86 3
10 62
52 19
99 76
0 11
79 94
70 54
37 39
22 94
39 63
15 80
23 21
84 51
12 44
19 63
3 28
71 62
5 14
28 86
85 85
90 69
30 35
20 15
56 67
29 62
17 42
88 94
14 89
17 72
26 73
