108
10 15
16 73
7 54
55 74
74 88
69 68
21 13
10 90
71 8
82 38
2 77
96 82
52 31
95 48
44 7
58 79
77 63
21 4
96 94
78 37
49 62
75 81
17 59
91 20
34 39
2 27
36 69
92 4
35 23
20 37
77 23
37 92
96 34
59 47
99 62
79 95
19 89
17 43
35 83
34 47
5 96
62 29
73 51
64 96
10 58
58 58
81 77
52 76
88 63
11 73
8 6
92 43
88 93
21 53
25 78
67 84
75 71
94 55
84 25
44 71
25 47
50 98
1 4
64 8
49 47
45 11
6 33
78 1
29 1
98 1
98 17
31 23
33 62
48 25
25 93
2 58
0 19
43 2
0 80
41 85
15 0
66 14
40 46
10 39
99 21
79 56
90 75
33 28
88 11
50 6
50 58
29 67
65 54
15 96
74 9
6 41
46 21
57 83
3 85
30 74
33 33
81 86
50 66
17 82
65 82
79 71
13 81
75 77
