111
91 78
10 2
28 29
96 11
90 68
49 57
68 13
23 52
9 90
15 77
86 24
52 36
33 3
21 15
56 54
59 23
35 36
39 54
4 77
42 95
7 34
66 74
47 80
48 14
74 98
68 43
95 93
98 36
76 64
36 71
14 63
86 82
33 88
15 49
80 37
91 6
62 2
7 14
66 29
52 78
36 22
50 94
66 51
33 99
52 18
75 18
20 70
43 48
75 86
94 30
36 65
97 72
83 17
32 57
11 53
51 69
29 11
97 88
80 79
60 34
13 73
46 73
82 51
77 28
77 0
52 56
18 59
1 50
15 2
57 0
90 48
14 28
0 27
60 96
25 37
67 68
94 63
96 1
24 94
96 97
30 1
45 11
88 53
70 65
46 41
79 4
23 84
6 31
94 26
56 91
12 31
84 42
44 21
71 3
42 88
55 60
99 79
33 50
60 16
18 9
28 74
89 20
62 45
75 14
45 26
55 30
45 58
57 67
25 61
87 71
87 34
