119
66 16
26 5
93 73
25 63
49 12
29 25
44 95
52 39
93 94
18 93
75 78
85 20
72 3
29 20
37 62
27 75
13 90
40 24
69 44
55 80
9 43
7 57
94 39
57 53
61 99
77 60
95 9
63 66
4 22
69 96
48 66
44 90
3 95
83 62
41 6
12 18
85 91
95 24
77 4
45 20
18 68
50 49
26 11
90 80
67 72
13 54
63 57
25 25
85 11
98 85
58 21
23 75
98 18
86 30
19 12
25 41
0 8
3 73
57 91
2 36
29 90
71 37
61 1
97 0
89 49
39 45
9 2
97 65
41 81
99 38
99 99
64 30
43 4
28 47
12 35
0 54
71 86
10 81
78 99
2 68
71 17
4 98
36 51
55 45
49 73
91 0
33 76
70 79
23 6
55 30
52 15
95 79
85 26
80 53
22 89
0 84
63 5
69 21
20 31
58 31
64 52
22 54
86 76
34 14
53 67
64 93
6 60
33 69
27 33
75 74
14 44
19 79
55 73
81 16
47 22
10 65
73 89
63 22
22 18
