113
89 37
58 79
72 6
20 47
57 53
66 64
18 77
75 42
82 22
10 5
55 22
98 22
26 10
42 42
24 41
96 11
56 30
61 87
26 56
92 36
55 59
55 92
42 85
4 51
2 71
6 20
42 12
96 89
60 37
75 1
75 21
79 51
41 3
54 74
28 19
40 78
71 72
2 65
33 54
14 34
23 82
73 26
44 21
56 45
80 3
49 58
60 96
93 46
71 56
46 34
66 20
71 46
14 53
87 22
77 61
43 50
83 99
99 63
7 93
28 96
87 71
48 80
58 3
4 91
75 92
34 73
83 44
3 1
98 98
74 78
94 5
21 96
27 4
9 34
98 56
17 61
83 95
32 39
53 99
6 85
85 75
98 32
64 10
36 21
49 4
16 99
37 66
19 16
94 53
85 64
82 90
61 16
10 77
51 63
27 72
66 91
46 11
69 63
56 36
86 8
29 53
65 32
60 77
42 66
31 7
66 8
86 36
68 73
56 65
61 58
63 41
76 72
60 50
