114
75 34
89 45
10 25
81 96
9 44
87 78
24 30
16 67
73 82
92 24
55 30
28 14
76 13
67 86
46 34
5 23
85 68
96 38
3 37
70 24
23 46
73 51
45 54
6 81
96 91
39 83
61 59
43 4
53 77
20 86
7 5
27 73
52 18
2 82
82 10
2 52
90 54
69 72
67 46
21 12
35 88
38 26
21 64
50 85
0 23
80 37
61 17
97 73
16 44
87 90
58 41
97 46
86 20
53 64
70 62
19 58
75 43
84 30
79 77
47 22
60 50
58 0
14 48
1 96
82 86
67 99
35 44
7 66
36 97
50 92
22 1
88 40
47 63
25 78
31 28
3 59
40 50
31 13
72 6
0 38
53 3
96 14
22 93
75 99
49 78
1 10
69 21
66 83
84 54
98 30
17 15
31 67
83 70
50 40
29 52
58 10
32 35
72 96
42 12
66 23
88 99
63 77
1 32
17 72
52 24
68 38
24 37
24 22
57 90
48 10
8 30
14 59
11 41
77 27
