116
0 32
77 38
18 65
3 5
81 79
40 71
64 89
31 7
29 53
49 46
47 19
94 15
36 99
15 14
9 70
81 28
44 14
25 42
79 89
4 19
55 2
54 73
96 53
27 26
93 87
63 30
83 59
44 85
27 77
9 54
11 91
56 59
91 47
40 0
3 39
60 94
66 44
46 41
26 96
78 22
60 8
78 53
33 39
55 25
12 22
63 39
5 79
87 94
79 68
34 68
46 93
24 50
85 11
8 63
38 14
20 31
84 44
31 48
5 11
14 60
71 30
98 31
1 98
76 8
90 0
63 60
67 80
24 3
99 17
98 96
1 53
23 93
58 76
66 96
4 35
33 23
80 94
88 66
7 96
64 16
39 85
98 46
69 52
38 55
50 1
81 3
84 74
54 53
31 0
47 25
52 39
94 38
1 58
50 68
68 59
71 15
18 21
94 23
41 82
80 43
15 48
53 90
53 6
32 62
30 34
59 73
92 52
52 20
74 84
38 22
62 53
40 52
62 34
55 49
84 83
73 37
