92
84 75
79 90
80 45
80 97
83 35
92 8
94 85
26 10
61 43
28 42
69 88
87 29
78 64
91 77
50 26
53 9
15 24
78 2
76 16
51 42
16 8
70 32
17 45
55 19
82 55
86 21
71 46
18 15
84 15
73 96
1 7
96 54
65 71
99 11
93 91
69 15
92 63
67 54
28 17
47 35
15 35
51 12
73 70
61 27
85 44
57 49
46 19
74 87
75 60
89 48
89 80
84 9
77 28
3 0
16 52
71 80
55 36
3 16
75 49
98 29
29 25
80 69
52 0
97 2
3 27
35 9
92 99
98 69
67 10
38 32
97 45
56 1
9 33
24 46
19 6
91 30
64 63
86 1
10 3
99 78
18 28
45 29
72 25
92 3
73 35
83 61
58 28
77 10
82 86
79 23
83 72
79 57
