108
69 44
44 89
50 37
49 52
10 80
99 72
18 44
68 90
35 68
25 24
8 96
1 22
51 66
48 21
32 40
66 30
35 14
54 92
56 76
62 45
14 33
91 76
40 25
43 48
54 83
83 63
82 3
18 64
68 13
29 89
96 5
0 59
80 34
69 70
23 22
12 77
60 7
79 17
0 28
95 86
75 87
30 6
75 51
89 61
24 51
8 40
40 54
76 73
8 55
62 97
72 33
49 15
33 33
59 57
87 10
29 45
97 31
55 45
15 3
32 23
91 47
68 81
73 37
18 34
26 79
12 11
38 0
0 99
98 50
97 95
28 94
61 89
97 22
40 75
14 95
88 33
68 7
35 61
14 61
8 16
94 17
84 75
2 49
73 58
17 81
55 99
90 89
87 41
10 61
42 71
56 35
47 92
88 18
6 25
45 17
62 75
42 34
46 71
92 66
42 8
75 62
27 18
76 48
87 82
12 36
39 40
40 18
57 90
