116
74 82
7 17
56 40
17 5
44 37
14 95
29 15
30 62
85 71
69 2
28 87
67 62
1 65
77 96
87 40
71 12
34 91
6 22
64 52
43 49
83 79
45 8
24 47
16 33
91 95
94 26
8 47
10 76
44 75
69 34
94 59
39 35
27 71
68 78
3 8
78 46
2 36
90 66
17 27
59 34
21 67
35 12
63 10
20 87
15 54
33 48
57 58
41 63
87 88
71 49
5 40
38 24
32 76
95 76
12 83
19 13
41 8
16 73
62 95
98 6
80 25
53 21
47 99
92 41
89 2
58 73
72 64
57 26
72 28
44 92
24 30
57 81
86 25
66 94
19 98
2 71
94 90
81 10
65 8
28 2
46 57
99 66
50 7
76 63
71 79
58 65
19 51
49 76
30 34
47 22
57 48
36 88
93 32
88 50
87 96
16 49
30 72
39 51
72 33
51 90
14 90
24 21
70 19
42 43
71 59
8 62
49 14
13 35
79 84
25 58
32 83
17 41
19 84
20 64
81 36
64 64
