114
43 40
1 5
27 18
97 4
56 24
96 63
26 75
83 14
79 63
54 65
50 84
17 47
3 80
12 32
66 79
35 84
25 24
17 67
8 11
35 48
64 67
41 89
87 56
51 76
85 4
98 39
84 83
75 31
61 47
31 3
5 96
62 11
74 93
97 77
57 31
82 37
86 18
39 54
37 33
73 55
20 81
81 97
55 10
55 97
21 39
67 19
52 46
86 42
22 10
70 78
43 32
43 60
95 48
73 37
75 58
90 64
34 13
79 85
18 14
19 29
61 87
0 49
21 98
95 92
99 25
36 41
50 3
68 0
99 7
6 79
32 69
1 44
3 19
71 83
7 57
5 27
15 98
5 2
55 51
35 88
24 57
77 99
66 42
60 96
48 12
48 65
4 85
88 50
2 0
81 9
85 28
50 27
12 68
99 12
16 8
27 26
69 53
39 84
81 78
26 53
54 70
64 16
58 39
88 91
23 32
13 15
91 41
36 26
49 60
9 22
31 40
60 58
48 41
60 77
