111
7 40
44 3
90 56
2 85
67 85
38 39
97 25
97 78
67 5
76 20
65 58
51 46
84 91
22 73
97 56
91 31
11 85
52 11
39 47
81 73
3 63
36 72
4 15
86 10
47 94
26 30
66 30
52 67
7 99
77 42
28 84
69 92
71 60
4 8
20 64
51 83
52 22
99 72
60 43
96 42
0 27
47 60
97 10
80 77
28 45
43 31
15 92
83 50
30 60
1 96
54 91
93 63
61 66
46 53
12 71
58 37
44 70
84 66
19 93
30 8
84 0
6 48
29 22
67 9
99 91
35 86
99 3
5 1
46 41
0 61
30 1
90 25
7 25
46 97
20 43
38 21
22 24
73 24
71 97
81 6
23 59
22 97
52 0
88 89
56 98
65 52
75 35
12 42
57 84
70 2
99 18
37 65
29 77
9 31
94 36
7 75
13 49
41 11
76 69
32 46
64 99
82 28
61 57
66 37
86 53
26 56
42 56
83 35
79 59
83 43
28 67
