110
65 54
29 27
49 26
93 72
37 8
90 94
36 50
49 83
19 61
75 68
53 42
27 78
70 86
90 16
8 81
10 27
84 33
26 45
36 76
83 96
39 15
18 20
41 35
18 51
51 31
55 3
4 50
98 34
65 18
87 55
73 42
50 97
12 64
65 97
51 6
14 90
40 60
2 36
69 60
25 36
10 18
94 60
72 79
83 22
88 44
70 45
16 69
99 24
30 10
56 12
33 69
30 50
14 24
46 40
77 9
53 66
45 18
92 2
21 3
34 44
10 97
96 79
98 99
97 3
72 5
0 84
1 16
56 84
24 92
5 43
47 64
41 82
59 72
35 1
86 59
82 81
99 53
64 0
15 10
75 35
6 71
63 90
93 7
24 84
50 56
77 73
12 46
75 19
85 88
48 88
25 27
29 0
28 64
76 45
52 25
89 22
96 84
20 76
54 75
90 69
74 62
17 40
80 91
23 13
6 54
42 20
32 34
18 89
84 14
63 81
