90
95 35
94 3
28 15
38 26
95 28
27 95
66 26
27 6
56 93
27 59
93 73
55 73
84 37
38 2
96 46
9 53
55 1
85 71
92 54
26 85
60 28
87 2
85 25
50 26
27 1
98 24
17 36
75 85
1 74
12 91
73 13
40 84
27 38
27 53
27 71
84 55
50 94
83 17
59 37
14 85
94 8
60 84
95 65
9 82
18 60
86 48
47 85
0 34
3 7
85 99
48 51
98 93
77 37
73 57
4 27
57 3
47 59
0 59
72 93
29 99
18 25
64 70
37 17
12 43
52 40
19 4
3 94
28 45
58 98
0 80
32 81
29 67
79 7
56 23
15 76
42 91
98 40
25 20
60 13
19 41
27 91
65 29
90 19
56 89
38 80
15 51
25 9
17 96
62 92
92 24
