118
31 61
38 6
65 26
21 38
39 88
39 71
6 1
77 48
3 43
50 62
62 11
44 42
88 4
46 11
75 25
59 64
40 34
24 54
35 76
55 73
94 22
72 89
12 17
80 76
2 86
94 71
98 54
7 70
90 37
92 93
26 29
7 40
43 20
11 90
41 51
12 63
28 90
80 23
69 97
53 43
96 79
57 25
66 57
86 52
23 44
85 36
71 79
9 49
48 25
42 80
32 67
82 96
15 57
90 25
30 53
49 28
54 88
21 66
21 6
68 12
18 49
0 7
6 26
84 9
43 98
90 66
76 62
96 0
17 81
73 44
56 91
47 2
32 2
9 18
0 92
21 95
32 21
98 44
47 56
97 15
71 40
67 82
2 50
80 65
0 33
20 32
52 5
99 68
65 63
2 79
69 26
81 12
41 41
57 78
24 74
36 66
7 8
34 85
38 15
45 94
92 31
55 58
91 8
61 18
85 74
9 86
87 45
12 26
71 55
72 19
35 57
82 35
62 84
91 16
36 46
12 35
23 59
23 49
