106
38 67
50 39
92 90
31 19
95 4
54 70
46 73
79 96
51 17
34 45
37 90
85 32
68 22
24 98
9 60
74 55
94 65
60 6
31 81
78 85
51 23
95 10
26 73
45 63
23 5
2 39
56 84
65 38
91 47
39 0
23 56
81 11
16 21
68 68
53 98
74 81
92 25
98 91
17 92
28 41
54 47
39 93
1 55
17 73
9 9
46 21
73 15
93 39
95 57
75 66
13 33
88 95
49 81
30 62
89 4
68 86
43 15
38 87
94 17
44 51
84 92
1 90
67 2
89 70
78 32
25 1
3 22
15 83
35 34
16 58
66 19
69 98
24 23
6 95
12 44
80 56
41 6
99 60
98 84
99 26
78 40
6 31
74 4
27 48
60 72
17 77
66 59
83 70
37 48
6 54
29 14
85 53
87 18
49 28
91 97
33 5
42 88
89 49
29 95
74 96
68 74
36 75
79 62
24 85
87 86
33 50
