112
66 42
82 77
24 29
30 96
92 14
73 90
3 11
73 55
25 60
76 31
38 67
44 14
40 43
75 72
30 21
31 85
41 59
72 4
94 47
57 78
5 63
8 43
15 91
54 4
32 4
60 23
57 93
94 68
25 44
17 12
76 94
65 19
59 38
47 83
9 31
95 39
87 19
99 7
98 77
42 36
14 97
42 98
95 54
58 52
70 69
14 67
60 0
80 16
76 37
39 51
86 81
29 75
33 18
46 69
71 96
69 50
47 38
83 33
42 2
14 24
84 55
85 5
32 65
50 67
62 87
63 35
4 77
95 92
20 21
2 2
1 16
18 3
0 62
0 42
47 17
25 39
96 23
15 87
25 0
18 57
64 66
81 36
8 74
59 99
19 43
51 53
46 28
28 94
89 61
96 74
95 31
65 14
30 25
81 41
11 59
54 70
65 83
71 63
89 17
55 30
8 17
23 68
84 75
14 40
36 74
27 15
36 14
77 49
69 36
35 34
39 25
69 46
