111
12 10
21 42
18 31
67 33
94 68
99 37
40 28
47 46
24 86
7 71
81 74
26 57
74 61
81 20
61 20
16 7
59 36
81 9
33 83
80 35
33 23
27 52
95 89
61 2
49 68
2 23
90 48
57 83
2 85
97 8
63 75
89 86
96 65
56 89
74 85
48 54
25 2
54 22
98 51
31 67
39 84
3 97
64 11
77 17
4 76
83 39
10 30
51 37
89 1
20 79
32 32
1 12
95 79
73 80
18 49
24 9
24 35
54 15
91 15
62 52
43 0
72 12
71 26
4 46
41 96
98 97
10 61
97 30
80 58
70 94
63 70
14 66
67 50
43 55
80 0
26 18
44 69
11 92
95 22
31 97
79 96
47 6
6 39
33 3
95 73
12 25
35 46
22 72
29 59
83 49
75 0
45 74
92 23
45 40
64 61
13 45
18 3
67 43
95 58
25 76
7 19
89 71
55 25
69 83
94 33
40 36
15 57
75 43
23 24
35 62
21 66
