107
34 31
71 94
9 48
32 38
8 2
76 18
64 4
96 23
55 95
3 96
73 79
49 51
18 22
5 73
33 91
71 60
81 35
43 7
19 3
16 38
63 55
7 17
46 41
78 48
39 47
52 67
65 27
88 64
35 74
97 92
96 78
93 0
15 62
2 33
61 19
67 78
72 4
26 7
90 37
52 75
9 82
82 20
52 36
30 66
66 74
21 52
88 74
85 55
4 26
38 66
28 24
9 10
54 44
19 44
77 64
72 89
18 69
38 33
11 22
88 46
74 30
20 99
77 73
27 86
99 54
50 97
53 19
97 97
97 18
36 98
1 63
39 0
17 97
86 2
39 17
79 95
3 1
64 41
98 32
21 83
67 5
95 14
55 61
39 77
7 88
40 55
64 93
21 21
46 97
72 46
0 12
56 29
34 9
62 60
10 40
42 26
35 84
5 8
19 29
36 41
67 11
55 52
65 81
56 68
22 93
10 32
14 10
