108
15 75
64 75
26 61
46 87
50 49
74 54
87 32
61 8
87 67
5 49
46 24
95 94
95 8
18 24
15 8
38 12
27 87
9 79
54 10
33 3
13 45
49 94
65 82
4 2
77 41
75 9
63 43
17 97
42 65
32 46
76 23
61 23
34 32
1 11
80 72
53 74
95 75
47 39
56 57
91 25
74 87
20 38
40 93
13 83
86 54
6 55
55 24
21 66
86 91
85 10
60 82
61 68
48 29
23 52
13 90
42 81
47 15
65 64
68 15
24 78
3 29
81 21
63 96
62 39
93 51
19 2
22 24
98 23
42 61
3 93
99 64
18 9
77 98
57 99
33 7
66 1
90 47
79 68
19 99
7 70
98 35
37 71
32 41
43 0
36 27
80 82
69 29
75 45
45 45
49 98
5 9
30 52
18 61
33 18
5 85
57 77
65 22
68 53
14 17
63 90
73 76
20 80
54 31
51 12
37 41
28 14
60 16
74 17
