111
98 2
50 9
10 96
51 74
92 92
11 4
88 76
83 15
75 51
6 60
10 78
61 46
25 10
27 40
5 42
41 87
72 59
83 91
80 7
46 63
55 78
23 52
22 29
12 88
13 13
92 29
39 18
71 26
32 76
95 51
52 35
25 98
38 50
63 19
33 4
67 85
85 73
4 56
69 67
44 32
1 16
78 46
31 68
90 19
99 84
27 86
58 13
49 89
4 78
90 65
13 32
31 26
11 93
26 6
72 8
86 11
50 25
61 69
33 56
85 28
95 73
53 84
60 99
99 32
21 66
1 22
78 97
73 81
3 0
39 0
54 49
19 48
70 22
56 1
88 43
72 37
33 41
86 62
45 67
7 74
25 21
99 24
35 93
24 83
60 54
71 79
47 39
10 46
87 92
17 33
94 43
43 11
60 62
18 8
56 28
39 27
0 88
48 53
27 79
80 37
81 13
40 10
24 25
12 55
89 35
30 84
38 33
92 85
39 76
61 81
47 21
