110
45 58
86 17
4 7
92 18
25 16
73 71
53 97
91 37
31 59
71 45
39 13
12 74
38 95
38 35
15 41
20 96
84 95
4 58
22 30
52 53
2 47
46 92
38 66
45 48
52 64
27 27
48 87
38 58
35 80
70 24
83 55
94 83
54 21
53 2
64 88
58 35
17 68
96 44
20 12
74 78
80 8
12 0
0 66
93 76
72 39
45 17
72 93
51 81
16 22
44 81
42 25
33 14
0 30
4 98
96 4
57 89
67 0
21 22
28 45
95 59
8 88
29 78
57 68
3 16
98 93
82 0
36 5
13 36
14 88
79 25
97 52
20 2
87 62
99 36
72 56
79 97
76 39
54 16
34 95
20 49
4 74
58 40
99 11
21 74
87 84
66 69
37 30
94 29
85 69
57 74
13 93
8 50
50 6
37 74
23 44
72 86
77 20
15 63
31 87
45 33
92 44
74 46
29 51
52 71
13 19
28 30
74 68
92 14
24 84
30 19
