112
12 50
19 77
27 96
40 90
81 1
91 57
86 26
3 50
95 96
57 56
82 80
18 63
70 14
51 39
39 68
65 82
11 11
93 17
95 49
93 74
75 76
19 55
9 45
90 7
24 21
7 25
74 35
74 94
56 16
1 85
32 8
37 35
46 14
9 5
16 83
96 2
0 58
46 65
32 69
67 28
23 29
92 39
46 89
52 42
55 10
90 67
15 41
67 73
10 78
5 13
25 46
46 76
9 64
10 96
72 0
66 97
25 3
34 51
3 32
39 1
62 59
51 99
80 95
39 27
97 88
66 45
31 86
80 66
98 70
93 23
52 75
0 79
87 53
61 86
6 30
21 97
69 9
42 18
78 37
26 51
42 57
51 2
18 5
91 31
66 23
4 62
35 99
51 45
34 5
22 70
20 31
35 41
93 13
64 90
0 67
41 85
10 19
76 6
86 60
75 80
31 22
24 88
7 82
77 30
23 61
57 52
39 43
19 14
37 12
25 37
5 53
13 86
