112
65 64
58 36
91 43
96 80
66 82
19 41
36 34
10 87
78 37
10 63
24 81
30 5
39 82
25 25
87 97
51 31
75 46
73 24
75 63
21 86
46 45
41 61
94 9
16 4
35 98
52 90
10 26
1 75
61 50
67 96
73 15
40 5
21 55
8 41
47 63
88 16
92 35
55 22
1 94
87 57
73 31
4 65
67 48
25 49
21 27
20 66
18 12
68 87
28 95
83 10
51 38
77 94
58 94
71 51
14 34
14 49
66 2
81 80
1 2
41 20
56 44
5 18
93 94
0 36
45 6
69 37
89 66
99 31
61 7
46 83
65 79
88 52
78 0
2 50
35 63
8 79
95 85
7 98
22 72
52 96
74 66
61 74
47 24
21 1
0 27
88 72
46 54
98 39
29 42
84 2
2 57
44 68
19 98
32 17
4 83
80 28
9 4
29 31
11 18
26 63
49 93
14 40
40 58
43 36
79 16
57 28
5 35
19 19
22 46
81 47
74 77
17 57
