114
48 48
18 98
82 98
82 40
69 0
78 70
42 90
2 8
33 18
17 68
41 35
80 84
83 6
51 18
91 22
67 32
52 97
8 5
74 62
31 12
82 23
51 83
49 34
39 10
38 28
98 75
26 79
36 58
66 96
88 58
16 22
29 44
60 64
7 70
9 96
76 21
98 56
47 70
56 4
74 53
25 34
58 45
61 18
23 80
35 1
35 88
37 65
90 72
52 91
73 9
72 27
91 62
69 73
46 42
26 72
30 32
99 10
7 45
97 92
18 54
89 0
2 80
1 94
1 62
0 19
88 43
68 92
22 7
51 2
94 90
8 80
20 94
98 7
97 21
15 57
41 73
3 1
63 73
33 50
47 17
70 53
76 67
83 80
90 27
28 1
95 48
73 39
64 99
23 40
59 34
42 2
54 20
66 7
80 89
92 7
99 67
46 59
14 10
58 84
16 83
94 86
31 22
81 16
78 46
86 31
54 41
74 84
59 15
94 68
77 60
31 42
50 9
80 65
91 14
