110
21 59
80 51
84 63
20 53
39 48
97 51
46 77
67 37
73 6
12 81
22 97
24 10
59 58
86 33
41 34
76 76
94 76
66 54
28 65
68 7
48 45
76 44
13 64
67 67
14 30
67 96
37 97
90 94
3 93
3 41
55 13
44 4
90 18
55 88
28 28
19 39
16 12
5 63
33 71
83 96
33 46
72 81
48 69
17 80
75 13
27 25
60 13
1 86
20 2
14 97
7 29
38 86
35 52
51 50
63 87
69 61
14 17
20 63
42 77
60 4
66 47
5 3
25 49
96 35
94 17
79 28
5 46
56 30
45 19
53 98
88 79
94 37
82 48
3 78
7 99
3 8
76 20
51 96
38 18
62 27
98 42
9 44
23 5
57 82
81 65
74 1
93 86
6 58
32 81
51 2
56 67
21 32
51 27
89 70
70 33
30 14
4 32
68 82
41 58
12 76
87 19
75 34
91 51
60 98
36 77
70 15
93 26
50 80
19 74
73 54
