165
34 97
96 61
24 38
73 7
87 82
53 7
99 28
4 16
32 53
72 68
9 50
88 41
38 76
18 23
48 96
50 35
75 49
55 83
30 37
79 63
64 62
94 55
48 87
90 30
17 47
90 72
26 29
33 43
21 84
98 96
48 62
94 2
6 93
38 5
66 93
24 8
64 31
1 33
7 76
22 70
46 20
88 15
1 1
82 98
55 49
74 21
18 85
73 79
6 1
0 79
32 21
2 30
22 64
24 2
1 57
50 68
25 98
90 0
54 21
40 0
73 43
96 93
0 16
2 93
34 78
67 0
16 63
57 99
78 93
48 42
66 36
98 42
6 33
94 77
98 16
32 60
62 79
72 16
62 56
39 23
18 15
86 34
40 99
0 72
80 56
47 51
18 0
49 2
32 82
57 75
81 83
69 35
8 58
78 0
0 39
94 47
73 98
64 4
88 19
2 19
98 5
21 91
47 27
47 5
96 81
41 64
90 96
16 33
43 91
0 4
33 50
32 6
66 20
15 77
25 22
78 51
2 86
72 94
79 30
53 42
55 65
80 16
99 21
32 26
18 55
9 16
58 93
38 40
90 62
64 52
7 65
42 71
7 44
33 0
50 13
54 28
18 5
96 33
62 83
80 45
64 67
64 16
22 40
40 48
38 16
70 83
10 19
89 57
33 68
24 55
22 79
64 40
86 92
82 35
47 77
7 86
8 4
43 35
24 50
56 71
57 37
24 13
54 58
32 12
10 27
