112
46 78
61 95
92 84
90 25
19 63
33 98
33 64
70 66
87 70
6 47
74 33
39 5
70 3
3 33
43 49
59 12
17 31
47 94
32 39
47 71
75 56
93 29
80 73
27 38
0 66
84 97
19 92
7 7
89 48
31 83
9 77
68 81
61 53
89 10
70 99
35 9
14 5
33 68
71 38
21 24
8 18
84 5
50 18
47 54
62 31
95 77
65 6
25 85
78 93
80 21
64 85
76 42
86 60
72 72
12 38
44 58
73 50
37 61
82 54
41 75
99 98
46 29
9 96
61 27
22 49
73 18
99 62
1 51
98 13
32 24
55 40
23 1
91 43
1 76
0 21
41 93
50 14
66 67
38 2
23 18
19 53
24 99
58 54
54 99
99 58
37 44
11 66
90 33
75 96
96 87
50 74
16 83
99 20
5 40
54 32
19 9
55 92
33 1
85 78
22 77
7 23
19 35
66 24
36 34
40 84
96 52
52 42
62 78
9 55
87 86
11 48
45 63
