112
69 91
57 49
10 60
23 80
68 65
19 47
10 71
43 18
1 93
81 3
84 80
64 31
47 79
38 52
63 4
94 91
27 13
77 19
24 92
91 69
41 60
69 76
42 5
91 48
11 4
41 33
78 36
96 25
13 18
0 83
89 11
18 38
19 96
36 74
83 97
53 75
47 33
35 99
94 41
61 88
29 25
66 60
87 2
29 47
30 7
67 18
1 64
28 78
78 79
13 46
5 11
41 38
87 42
88 91
87 73
59 79
21 12
27 84
50 99
18 85
30 35
78 88
3 28
24 61
75 50
97 62
90 25
4 45
58 44
5 97
49 93
52 57
63 26
0 79
98 87
35 0
2 59
83 64
37 67
99 65
72 39
19 26
14 76
43 52
99 48
91 4
54 99
82 50
20 0
38 91
93 18
79 26
60 53
77 64
8 38
15 66
27 21
41 86
30 61
28 0
51 40
63 68
10 90
33 46
6 53
65 46
79 14
85 52
86 35
28 66
78 40
40 44
