112
70 71
12 86
43 0
92 83
79 53
73 83
35 56
3 25
36 89
73 24
90 25
63 7
13 47
48 11
79 42
40 49
39 63
22 42
89 92
66 86
87 34
79 82
69 76
54 78
84 10
18 67
60 39
22 20
2 4
96 60
54 54
28 77
3 97
67 21
52 85
3 46
53 20
37 99
33 5
81 57
12 4
68 3
58 63
30 38
12 30
45 78
11 94
66 26
60 91
19 81
78 94
83 52
40 8
12 20
67 65
87 81
29 65
74 52
3 64
46 35
39 22
93 5
0 40
99 23
0 72
99 99
82 37
81 96
52 40
93 48
1 18
39 94
88 66
25 13
99 82
43 64
42 30
99 18
52 16
14 55
71 4
26 34
5 73
38 1
43 68
64 48
28 57
27 85
6 87
18 27
19 72
88 28
51 35
65 37
7 39
50 54
70 9
83 72
32 52
37 84
92 60
7 63
53 68
74 27
74 90
64 77
34 70
90 86
57 26
71 35
78 65
80 79
