109
30 90
45 73
35 63
69 20
78 59
62 47
20 28
87 46
98 62
86 31
13 63
90 90
57 81
38 27
54 8
83 24
84 65
68 73
28 97
85 77
89 39
38 75
59 71
49 81
77 34
94 71
45 96
97 8
6 22
12 44
27 47
45 53
4 87
8 98
67 47
20 83
20 68
84 97
7 62
99 38
40 34
60 90
84 14
59 15
78 97
95 53
14 34
61 37
76 77
73 56
64 67
17 49
45 89
95 33
82 91
71 42
38 93
20 56
81 57
69 85
41 65
20 3
41 1
68 3
46 48
1 53
98 94
17 11
5 76
33 19
98 17
99 79
34 34
85 7
48 26
62 20
32 4
11 8
57 37
24 18
29 81
42 8
99 73
27 41
31 55
10 26
61 53
30 95
43 45
81 16
13 70
52 76
51 33
28 71
74 86
61 73
53 90
23 88
93 80
77 20
68 34
35 79
70 48
91 21
33 77
66 44
49 70
61 79
65 78
