114
14 86
40 78
61 50
17 29
95 30
3 45
60 9
79 9
62 86
92 57
15 53
46 7
46 57
59 27
82 68
10 97
54 85
73 79
63 2
27 79
90 7
8 55
83 57
69 86
34 95
85 90
48 36
85 41
31 5
13 72
75 26
28 46
97 14
37 58
42 33
57 47
89 95
61 23
27 70
48 94
7 41
2 68
75 18
39 10
76 73
31 91
45 80
74 55
18 82
64 32
88 47
18 45
49 31
29 33
5 76
80 19
61 79
37 81
94 77
8 18
17 2
63 64
1 14
98 75
7 99
99 57
0 84
72 97
22 19
49 66
1 31
27 97
24 4
79 36
43 16
98 21
22 59
1 54
47 2
99 44
53 67
26 23
61 43
9 26
86 85
47 48
60 98
58 16
24 64
78 59
90 71
16 88
83 12
43 28
69 38
57 94
43 62
21 40
10 68
68 72
83 87
71 46
65 94
37 34
29 15
25 68
60 59
55 18
54 80
89 55
17 42
51 25
37 26
87 77
