113
43 21
13 72
68 53
46 77
6 9
92 47
18 66
74 8
71 72
2 62
8 24
83 30
61 85
94 8
32 60
22 29
86 46
18 57
96 31
80 78
54 70
65 44
83 15
74 61
64 61
20 15
52 6
29 3
47 93
46 58
16 88
26 45
79 95
91 87
59 20
50 51
38 82
37 18
66 3
38 33
59 99
35 67
15 0
73 19
2 20
24 79
56 45
69 97
27 11
7 73
44 12
97 41
77 25
57 82
32 25
63 9
80 12
98 67
62 51
2 97
11 43
27 97
73 84
99 73
98 24
2 91
0 3
62 30
40 40
43 96
4 26
24 96
93 59
71 39
12 87
85 71
83 49
55 34
24 37
16 61
34 53
2 31
39 74
50 95
45 19
56 64
18 23
7 99
14 5
38 77
92 22
82 46
81 85
2 85
12 57
72 65
64 81
33 91
33 39
65 12
86 79
16 29
37 8
4 64
87 26
30 70
57 75
29 22
24 87
16 12
7 16
48 82
27 62
