112
82 6
37 9
71 81
8 79
57 18
55 64
53 93
14 95
11 4
85 85
47 28
15 31
40 67
41 49
55 37
86 15
70 3
64 26
45 2
51 17
43 19
24 54
83 56
84 71
94 38
4 49
26 84
30 25
70 44
31 39
98 74
5 22
11 61
44 74
70 29
22 75
18 45
98 18
85 0
62 97
42 97
2 72
64 48
74 58
81 94
29 8
5 4
90 30
89 63
71 12
93 83
5 87
79 78
71 32
12 47
88 24
28 98
95 98
59 23
78 20
77 66
0 30
95 0
20 15
67 98
84 48
34 84
54 58
70 65
7 65
38 69
54 43
48 98
44 33
6 18
1 38
21 29
99 14
99 33
19 9
0 55
49 90
12 87
57 9
15 66
1 16
26 49
50 60
84 41
88 57
74 2
87 91
20 26
20 89
70 75
47 44
43 6
40 28
93 77
73 30
88 5
9 44
36 14
16 73
79 17
78 87
64 58
56 46
98 23
29 15
64 16
48 21
