108
66 57
87 49
41 83
65 15
64 85
44 23
6 15
29 4
3 59
6 37
91 74
75 2
45 49
86 91
13 87
35 34
72 43
33 67
73 20
8 70
84 4
92 70
6 63
43 34
81 32
89 18
45 6
35 96
97 36
17 50
5 0
73 73
43 69
81 55
15 94
22 81
97 60
59 61
76 71
24 50
14 36
69 95
50 47
28 28
79 37
29 91
32 49
96 51
69 9
37 77
72 34
73 85
52 61
18 87
90 36
35 41
98 2
24 37
92 60
18 6
94 97
29 19
49 9
2 86
98 83
55 94
1 45
58 21
62 76
87 21
13 2
49 85
80 86
18 66
36 3
64 36
14 17
89 1
36 63
57 68
98 39
72 17
19 57
0 70
50 23
72 52
61 4
94 90
73 67
28 76
26 8
87 13
11 43
35 89
42 26
78 89
21 59
40 9
13 77
45 42
81 47
93 33
70 23
54 17
76 77
33 82
9 67
79 12
