108
63 8
90 54
31 81
42 90
9 63
68 25
64 91
48 32
1 11
24 23
87 75
71 55
20 40
54 49
40 66
34 35
50 24
75 74
13 5
70 33
50 85
5 74
64 46
43 30
33 6
89 5
8 28
56 64
33 52
96 18
17 85
12 42
99 70
64 1
40 5
75 17
77 39
50 77
36 86
50 94
4 24
20 79
78 53
0 3
80 72
3 66
60 22
33 29
55 38
13 20
42 13
35 77
58 15
71 47
12 69
24 29
39 42
89 94
98 32
16 99
3 90
95 99
81 4
96 55
27 54
6 46
99 84
25 99
79 89
95 3
84 30
96 48
58 78
42 59
22 69
48 2
27 12
98 28
1 60
17 43
41 99
53 63
99 53
72 67
9 2
56 1
96 10
82 14
17 64
33 57
27 74
6 55
85 61
22 17
7 33
51 17
55 71
29 90
14 47
66 15
8 7
28 32
51 38
85 51
36 20
75 60
42 22
48 66
