87
2 19
48 58
22 63
5 80
80 96
42 87
26 32
38 43
89 92
19 69
22 41
6 68
82 88
57 82
68 73
24 90
4 51
46 93
27 97
29 81
8 24
41 62
66 87
10 16
55 71
27 59
12 47
45 97
89 97
44 52
76 80
30 39
15 33
12 63
24 76
1 4
14 55
6 86
61 99
57 61
2 42
40 78
16 18
14 96
21 83
3 33
0 12
6 8
32 73
21 34
42 56
51 97
2 57
65 79
9 74
31 91
26 51
0 94
75 98
66 64
39 71
28 26
22 20
50 74
2 65
18 48
14 91
54 56
54 96
6 38
83 94
40 93
22 68
51 82
74 90
12 10
36 64
26 87
26 42
14 24
59 86
32 79
49 62
40 85
50 87
19 38
29 71
