115
48 80
16 77
82 75
40 12
13 90
62 32
27 26
83 61
72 13
15 52
36 61
58 95
70 55
55 4
34 44
59 43
47 22
38 75
69 22
85 98
15 13
5 64
95 36
2 20
2 37
42 98
4 1
88 19
48 52
85 47
70 87
24 99
28 46
66 66
3 78
18 70
87 81
42 57
55 34
9 57
69 28
92 67
42 8
7 42
56 54
51 86
20 84
73 48
41 22
10 8
23 50
44 66
49 41
27 74
10 74
50 11
31 58
65 39
99 97
97 0
16 60
21 32
99 31
95 15
74 2
81 96
38 97
62 75
59 98
92 50
83 23
36 3
95 64
8 23
94 32
0 55
79 38
23 18
69 62
36 89
56 0
1 15
55 26
77 80
4 86
21 93
34 82
41 0
87 8
56 76
61 96
69 16
31 30
1 69
98 37
84 67
12 31
46 71
43 48
64 13
46 29
72 33
70 71
24 40
52 70
32 62
32 96
88 40
18 44
50 62
58 18
53 75
27 89
11 67
23 60
