111
66 32
92 73
5 76
53 9
54 24
40 58
93 7
43 91
48 70
21 24
85 57
28 74
3 51
38 19
87 32
75 20
94 68
86 6
1 87
61 12
84 71
64 54
0 19
19 95
12 38
14 2
98 48
61 85
86 89
21 60
27 10
58 71
37 47
47 94
23 41
6 15
7 66
49 56
21 56
83 85
19 80
51 25
2 36
36 78
38 94
34 8
81 15
2 81
88 42
61 2
28 27
35 64
51 77
56 96
90 51
13 31
78 8
15 53
28 80
11 83
24 17
27 51
53 41
74 99
74 44
69 59
92 98
99 27
14 98
46 0
0 50
38 39
69 82
99 83
78 71
40 73
98 7
33 96
52 38
4 65
71 29
62 68
99 54
54 55
36 25
99 15
24 1
82 29
7 32
67 18
22 74
98 64
74 60
41 11
61 40
17 91
60 54
19 9
20 38
35 55
73 13
79 49
26 66
60 26
92 13
37 22
25 88
13 76
87 66
74 24
32 13
