106
28 69
54 58
85 1
71 37
52 44
4 4
16 42
78 50
2 99
17 86
59 92
92 43
69 80
84 16
31 48
75 97
3 85
15 33
73 69
63 32
32 55
60 56
2 12
72 21
13 10
9 93
68 88
45 73
32 97
5 54
39 36
34 12
90 69
94 92
58 18
99 6
47 79
57 99
97 98
43 24
98 82
76 7
40 52
82 26
54 84
24 89
58 67
34 73
69 35
68 12
45 46
52 38
68 94
77 33
62 21
1 32
52 0
78 12
97 29
7 70
51 52
75 64
20 1
30 17
16 59
43 93
33 34
47 4
98 20
21 67
74 53
90 95
94 6
31 83
8 99
67 2
10 18
80 79
0 0
29 8
37 58
80 54
14 2
51 98
12 79
58 13
48 28
48 71
29 94
83 93
87 35
32 26
72 73
22 53
54 33
83 50
15 93
69 45
32 67
19 75
37 50
68 66
61 12
22 11
76 56
44 65
