111
73 36
83 92
13 85
97 22
69 77
93 64
5 40
5 60
44 62
33 89
50 80
98 50
51 35
32 74
68 12
22 56
34 27
14 29
82 15
88 83
90 95
82 47
60 92
10 4
8 99
78 62
89 34
27 11
91 4
5 83
59 6
29 31
70 55
2 57
15 50
40 20
23 71
49 48
96 13
41 85
58 86
80 29
36 62
75 10
2 94
91 75
73 44
32 84
81 87
61 75
14 76
38 15
14 98
41 76
28 65
77 42
0 77
53 28
30 49
10 25
13 8
28 5
95 36
62 55
79 67
52 12
99 92
49 42
97 66
75 28
43 5
75 91
57 94
99 6
32 35
55 71
63 2
27 92
19 44
58 55
21 14
1 52
96 28
68 20
16 69
96 57
58 37
82 10
72 0
19 90
0 84
13 18
50 21
25 29
77 74
15 40
18 75
92 20
64 82
14 60
2 72
32 58
67 62
91 68
94 30
31 68
57 45
24 87
80 33
27 78
24 59
