105
24 67
91 87
9 66
86 25
22 38
8 97
75 34
63 13
49 50
35 8
9 74
11 47
95 61
70 13
74 44
98 91
34 69
60 51
25 27
20 58
80 15
51 94
46 26
29 85
12 9
96 13
59 77
49 11
80 67
31 49
99 31
35 87
89 80
26 8
13 91
18 23
5 51
48 98
64 27
4 8
64 70
83 93
60 41
2 73
78 77
55 3
41 1
39 43
88 60
27 93
37 19
18 77
0 60
16 51
19 32
89 19
37 51
56 18
42 9
0 34
77 0
24 52
65 96
73 26
88 40
49 32
42 70
94 3
73 59
53 80
7 24
57 63
93 75
18 6
96 42
77 91
40 66
92 5
22 98
59 34
69 2
4 78
46 48
62 85
86 53
54 97
73 63
37 97
59 61
77 10
23 70
28 11
53 47
51 21
27 20
19 88
81 83
85 32
29 42
71 69
27 75
57 70
66 19
57 91
20 18
