100
43 25
53 88
58 61
95 3
44 93
58 97
68 71
46 4
26 93
80 47
95 74
7 61
1 77
24 71
6 33
85 95
29 9
12 46
82 21
53 23
49 52
70 22
42 10
32 98
4 95
38 79
35 50
5 6
65 4
18 18
67 38
93 55
98 17
22 36
51 37
53 67
8 80
27 57
3 14
79 58
33 24
72 2
78 77
86 28
94 44
13 62
63 77
74 42
56 53
92 9
36 71
53 35
41 55
98 56
88 81
62 88
21 56
27 78
48 82
73 52
75 26
12 76
41 21
56 29
60 45
87 48
4 28
81 97
18 93
99 37
0 0
59 10
36 41
9 99
40 99
20 13
2 56
49 0
77 72
20 43
90 25
68 18
38 27
74 76
37 97
64 65
15 12
29 63
51 9
10 66
72 17
15 86
65 55
80 35
27 20
41 37
60 25
9 52
63 39
59 54
