112
49 27
12 22
32 56
18 92
3 76
45 1
35 36
88 28
92 51
94 13
72 89
33 13
75 58
4 97
1 3
47 44
40 85
62 10
11 37
17 28
7 27
58 65
56 87
21 4
81 3
14 57
38 71
88 67
68 75
21 78
63 24
88 35
51 64
95 7
7 70
30 41
54 79
5 45
45 49
27 91
20 64
36 8
26 24
7 80
91 45
74 68
94 60
10 15
65 15
91 14
29 76
1 31
40 22
47 59
60 17
82 52
82 15
21 52
45 87
25 16
87 1
33 65
95 82
93 98
69 45
40 46
23 1
50 2
70 97
69 29
67 0
86 81
61 49
90 84
62 99
43 24
3 10
3 91
9 43
5 61
15 0
98 22
97 49
75 51
82 34
55 43
97 90
39 0
19 50
22 85
57 28
70 61
25 31
52 8
60 71
83 27
3 17
7 3
21 57
69 9
30 0
16 36
18 18
85 38
39 32
43 63
48 17
50 34
34 27
40 11
43 16
19 8
