110
56 59
29 15
98 15
55 75
77 35
69 36
39 60
65 22
48 44
2 25
5 71
36 91
97 68
96 86
30 71
21 60
57 22
92 13
30 7
37 53
60 36
24 13
63 13
38 16
80 75
97 29
37 33
74 2
18 31
72 92
49 97
79 19
7 52
68 97
27 46
0 81
6 68
83 66
42 84
64 80
54 49
19 4
67 5
92 6
45 21
48 62
38 98
1 70
31 67
21 24
74 20
36 46
66 33
72 55
50 7
21 82
3 5
0 39
90 53
10 91
91 94
83 39
98 65
97 40
2 19
1 95
5 1
81 80
34 32
77 4
71 29
58 97
83 94
18 88
43 78
66 59
59 73
91 27
27 88
9 19
88 80
53 42
79 42
89 1
77 97
42 30
69 0
26 67
80 56
55 90
3 85
52 15
35 11
32 73
23 20
28 50
94 23
50 72
70 87
45 45
79 25
35 37
50 85
28 82
68 15
93 18
42 53
29 60
38 68
73 7
