109
47 68
42 44
95 36
63 60
75 68
71 88
13 16
80 19
4 29
25 46
43 25
7 44
20 63
50 3
46 91
72 95
20 72
49 61
64 77
71 64
38 62
76 80
55 65
25 99
92 96
66 2
2 92
99 77
58 32
73 35
35 78
0 70
82 47
24 25
94 22
17 4
10 82
92 76
39 1
31 81
9 48
61 44
27 44
32 95
91 39
80 29
56 1
11 61
59 84
28 51
3 43
77 87
71 46
26 76
14 32
2 59
57 76
36 87
57 17
89 8
82 36
0 8
98 53
30 66
13 41
30 12
71 8
39 29
94 5
3 2
90 93
87 62
1 25
65 29
6 75
42 20
99 39
50 92
15 13
31 5
51 45
96 25
7 85
53 8
24 32
77 99
58 94
62 24
90 54
91 80
39 53
65 55
85 79
6 65
0 51
88 22
21 83
67 12
77 43
37 34
50 82
46 60
18 55
55 26
61 69
70 82
10 36
31 41
63 84
