112
72 38
45 84
19 31
40 38
16 4
24 45
96 98
45 15
57 62
81 73
90 60
28 79
26 59
63 8
37 2
40 61
13 65
59 74
76 34
35 93
74 13
47 59
49 79
31 50
68 98
79 88
32 24
57 35
12 85
90 3
4 38
1 54
94 52
62 28
64 82
29 93
69 49
31 9
95 70
4 85
78 20
87 5
31 74
51 96
4 61
16 45
82 41
53 32
46 6
23 9
70 2
24 37
50 86
70 21
2 73
33 20
45 68
68 35
97 31
76 3
2 23
43 25
1 0
28 31
9 99
3 16
82 94
76 56
96 79
16 71
60 52
3 34
82 77
69 84
90 53
15 8
62 1
93 15
38 41
89 98
32 77
42 99
66 66
55 55
64 89
19 85
62 5
83 36
86 1
19 63
45 43
7 41
33 56
54 20
23 4
5 9
18 81
85 80
5 68
72 17
87 67
37 8
37 91
87 51
60 46
26 17
27 51
10 36
44 89
28 88
82 12
73 41
