116
66 4
29 91
45 91
45 45
86 28
31 1
73 64
47 72
71 50
3 8
7 87
98 29
79 37
74 7
40 77
58 10
95 21
2 32
96 80
14 23
8 58
31 42
21 77
93 95
39 59
63 27
33 25
96 7
61 88
81 85
68 20
28 64
52 12
42 1
62 37
63 54
6 2
5 79
97 76
17 50
98 94
69 67
22 91
55 81
82 44
8 27
39 42
57 95
34 62
78 1
86 19
39 5
15 58
21 33
94 35
25 83
2 22
70 34
78 59
58 17
42 66
51 4
99 59
74 40
4 98
0 60
57 53
3 42
74 82
25 11
89 71
3 1
41 92
92 43
24 47
62 73
47 40
17 11
51 26
0 41
87 1
16 72
0 56
84 92
85 56
49 66
60 79
28 32
15 93
60 0
30 99
88 57
67 92
93 14
39 15
2 65
80 23
83 78
30 56
39 86
15 40
95 90
24 69
70 59
88 64
28 85
14 79
73 73
13 50
38 52
87 14
59 62
71 54
65 87
18 61
20 89
