111
42 63
25 8
36 43
54 49
71 67
31 16
52 98
77 10
3 9
38 78
90 46
82 58
6 60
92 26
48 20
28 44
51 79
27 80
74 79
89 18
47 41
17 34
78 97
7 85
69 49
4 27
97 62
64 23
49 1
25 62
92 88
61 6
99 41
86 73
10 9
84 42
75 30
15 50
95 9
33 24
39 57
75 93
12 79
24 69
65 49
50 87
48 12
66 76
96 77
31 9
26 23
53 61
71 19
94 69
80 65
91 55
37 87
85 87
43 8
17 98
81 21
2 42
49 34
98 0
36 93
75 4
1 93
65 90
39 17
59 32
99 24
26 1
1 21
74 34
59 76
9 69
12 84
38 71
17 12
20 48
38 99
57 9
67 56
4 50
34 57
99 47
43 39
22 27
40 0
24 76
99 14
82 96
61 42
97 55
53 70
60 23
77 39
20 55
42 25
77 73
55 6
76 59
61 69
40 53
59 50
70 82
79 45
85 68
32 67
34 10
82 54
