112
86 68
27 70
75 49
25 55
2 76
44 46
33 87
62 11
47 81
17 32
31 35
96 92
72 84
2 18
61 53
66 72
30 25
67 18
17 52
58 86
74 56
35 45
56 30
2 53
98 18
84 1
9 2
99 61
98 3
3 29
62 2
69 39
87 16
6 76
57 93
4 45
16 23
79 94
89 84
80 50
28 76
39 85
96 66
41 49
18 59
67 25
15 12
73 72
94 13
76 40
67 9
42 93
27 42
77 66
11 95
93 42
31 51
45 63
31 6
47 91
25 99
8 23
66 48
35 11
46 28
90 35
2 97
4 61
98 48
49 44
75 86
37 1
57 59
99 84
98 28
21 75
38 64
77 6
53 78
1 6
30 21
76 25
43 99
17 37
63 95
82 30
60 31
88 95
93 70
24 8
26 90
17 67
58 73
56 45
82 15
31 29
70 3
11 61
81 57
60 23
47 34
58 51
8 11
21 46
44 57
67 36
90 20
24 67
73 11
65 83
23 35
40 35
