105
80 14
35 28
55 52
2 6
64 31
95 57
60 2
43 35
44 58
72 93
32 84
87 37
9 79
30 6
97 5
26 16
83 28
50 5
67 3
58 34
44 29
37 14
32 38
5 60
82 71
98 84
59 85
70 49
98 19
1 27
30 98
53 98
47 76
68 72
6 53
17 14
40 52
34 65
45 93
5 90
89 3
5 2
50 22
25 38
69 23
80 80
84 56
94 79
63 49
79 33
46 7
2 78
57 81
74 67
43 84
88 30
64 57
38 69
48 50
66 25
50 37
33 21
19 63
49 30
72 33
10 39
11 96
24 78
29 1
66 35
12 18
60 66
37 99
66 92
92 42
77 51
83 11
98 88
20 93
15 25
7 45
66 9
16 56
74 85
52 14
92 88
19 3
88 61
86 75
15 70
41 63
92 26
65 63
7 85
38 79
61 77
57 93
47 10
79 61
59 59
46 44
36 19
42 72
77 71
65 84
