104
26 31
26 94
53 31
78 92
23 77
63 74
40 69
97 57
54 19
10 46
40 47
77 62
96 26
5 15
38 3
4 62
61 53
65 10
83 3
97 8
24 63
36 94
74 83
88 25
97 37
71 46
51 9
38 59
2 88
59 95
96 76
18 8
97 99
17 99
78 2
55 59
12 25
26 16
54 73
76 16
49 45
8 72
74 97
64 44
45 16
12 6
37 34
7 51
11 96
59 5
26 68
3 25
45 6
65 59
36 66
48 65
74 32
85 49
18 18
99 62
21 46
95 90
51 90
77 77
40 20
0 36
98 42
37 80
3 67
59 33
81 99
44 97
78 47
28 45
2 96
4 7
17 32
85 17
45 92
31 89
41 52
70 76
54 27
1 76
0 52
30 10
83 43
94 28
63 8
87 89
18 70
67 91
47 75
36 38
66 39
26 24
8 40
55 47
27 77
34 53
75 42
49 53
35 15
50 20
