115
6 86
87 13
34 61
16 88
41 42
1 64
91 71
36 27
94 35
52 69
48 16
15 38
98 49
21 55
8 17
53 55
33 89
47 37
87 77
14 51
25 98
66 48
1 34
35 75
68 65
51 99
80 57
33 7
72 8
73 95
8 0
70 27
90 95
21 73
56 30
21 37
96 53
58 16
0 58
77 35
17 20
57 93
72 70
14 4
94 80
66 70
77 23
44 73
11 97
97 65
63 53
61 95
10 78
40 38
21 9
63 19
51 47
75 77
60 9
97 1
77 66
46 1
49 28
0 3
76 4
96 28
31 24
2 20
94 0
0 99
47 83
25 77
79 95
40 0
17 57
35 46
31 93
92 33
67 51
83 18
70 84
84 51
22 23
62 34
33 95
47 87
66 4
44 57
99 58
51 73
0 90
28 48
42 14
17 95
21 78
99 38
34 66
72 92
98 72
61 80
34 31
16 14
13 47
55 37
94 56
83 71
49 20
74 52
74 64
40 47
45 42
26 38
55 46
78 72
33 83
