108
7 31
80 23
14 17
40 48
81 57
49 96
81 67
81 7
36 62
47 76
23 53
63 42
15 95
63 21
42 23
72 87
5 58
9 40
23 13
50 53
74 26
28 56
7 26
21 30
91 37
35 92
38 6
27 79
67 68
96 15
11 80
49 36
49 17
30 98
78 1
58 91
25 71
96 42
61 44
94 60
61 74
49 60
13 58
85 24
39 31
14 87
24 45
55 30
41 72
33 18
11 70
36 82
66 30
40 14
53 39
22 61
15 48
35 55
94 98
2 9
33 48
95 0
60 7
54 45
77 41
75 98
17 1
81 84
99 71
34 71
0 52
32 1
65 60
90 90
0 26
52 90
9 94
64 16
81 52
4 11
96 21
68 0
41 57
64 99
54 75
64 56
5 84
65 84
1 40
44 97
93 46
87 1
22 99
81 90
19 27
85 63
35 40
47 14
80 17
66 53
9 14
4 47
29 11
44 90
61 78
48 30
26 67
45 56
