116
30 85
68 73
86 56
19 7
41 50
4 3
6 28
12 63
57 91
70 36
39 65
50 76
54 59
3 66
18 81
74 29
81 66
15 14
72 77
26 4
39 86
29 29
23 47
87 41
96 84
47 27
24 98
46 7
91 19
83 90
86 3
27 55
49 38
86 95
55 5
21 32
56 96
6 17
12 54
23 75
69 93
38 40
77 58
35 23
90 51
7 77
8 53
78 73
69 61
60 73
21 86
66 87
9 10
46 48
73 9
60 20
62 47
93 35
98 87
41 7
40 98
76 82
36 67
5 87
77 23
21 97
49 22
17 37
45 81
77 43
94 78
3 24
66 7
71 99
0 4
35 16
63 26
18 66
30 54
49 54
94 42
54 92
92 75
34 38
46 78
80 28
31 72
30 7
30 24
87 70
91 93
54 41
4 61
49 96
58 10
8 24
12 0
21 71
78 37
60 37
6 71
72 92
27 92
45 62
16 17
37 46
27 78
53 84
90 84
24 66
40 78
76 70
40 33
83 77
29 41
45 40
