116
76 59
99 71
53 95
28 23
7 34
44 47
46 10
10 97
71 8
45 72
4 82
21 85
3 68
42 27
66 23
54 42
40 62
71 68
30 76
64 1
57 84
74 86
13 58
9 5
82 17
94 86
23 45
29 4
37 96
96 13
78 45
96 46
83 60
71 98
58 50
8 28
23 61
58 18
3 51
45 76
31 41
39 89
30 14
63 85
81 87
17 48
66 53
52 27
13 80
47 41
90 61
55 73
68 41
35 20
87 81
63 80
63 60
34 67
35 32
97 30
85 3
41 36
53 55
99 96
2 98
82 43
14 14
3 4
35 0
1 66
51 99
1 31
17 0
53 13
78 2
84 37
94 94
97 20
98 39
67 35
96 0
37 60
17 66
1 37
73 16
9 14
64 99
35 89
61 4
1 72
68 67
34 75
27 32
23 9
92 46
82 65
89 21
38 4
97 82
48 78
55 33
70 77
45 93
74 36
38 22
42 51
87 14
9 65
88 87
27 62
91 52
64 46
47 56
44 15
83 54
37 81
