103
72 14
46 16
66 91
7 27
7 8
87 28
23 26
40 43
35 3
75 79
87 11
77 62
16 90
3 46
53 99
31 56
54 18
1 2
42 32
34 17
70 54
79 13
80 56
63 17
95 77
30 71
56 53
20 1
53 77
87 43
22 37
69 75
43 46
9 85
62 88
11 13
95 3
90 68
21 57
82 85
99 18
48 96
61 5
40 67
61 47
26 18
93 51
12 27
97 66
83 67
75 19
85 3
47 6
21 10
50 85
32 42
62 97
51 15
25 6
58 32
15 72
33 98
19 25
11 5
64 31
5 41
23 86
63 67
44 62
29 99
39 82
82 39
44 66
9 94
17 21
88 85
48 31
9 49
26 72
69 46
76 93
93 41
94 21
93 5
62 73
0 36
40 4
51 58
62 40
34 35
27 85
26 48
3 18
55 38
39 25
89 72
93 15
91 58
58 98
30 12
31 31
18 9
56 21
