115
66 12
94 58
16 11
13 91
79 61
43 73
42 12
30 23
78 94
56 37
95 73
50 88
40 49
49 60
4 40
40 27
75 14
62 30
74 84
46 36
53 30
89 20
90 41
3 25
34 91
93 87
26 50
32 64
93 2
63 95
12 68
1 11
57 66
81 37
49 8
15 51
95 27
18 91
35 5
83 97
32 95
95 44
54 52
21 25
82 5
52 6
38 41
11 13
98 83
14 28
83 16
89 50
70 23
22 15
47 48
77 69
3 64
18 73
40 78
1 46
60 98
63 72
6 83
46 99
26 0
71 41
53 84
74 0
96 8
68 81
81 69
99 22
18 65
64 58
50 0
79 53
24 81
1 39
12 2
33 58
59 11
20 98
94 78
2 16
44 22
64 40
79 91
28 30
76 29
10 77
98 53
14 54
32 79
6 32
30 55
42 94
57 15
57 45
28 9
48 74
91 34
83 55
64 2
85 14
5 50
42 7
42 40
37 59
81 30
74 94
42 69
38 87
31 16
12 25
81 25
