105
70 11
38 67
32 52
12 52
78 39
96 39
86 8
8 64
47 90
22 68
30 4
97 82
9 8
50 25
23 32
88 54
44 28
25 12
41 3
42 86
90 30
85 90
79 77
12 22
57 5
63 73
72 99
70 27
50 46
17 86
92 13
31 80
47 63
94 55
55 76
62 95
12 44
42 42
36 21
63 34
96 20
26 85
70 70
24 8
96 63
82 36
48 2
78 91
50 83
82 15
15 5
21 49
85 61
56 37
78 48
97 32
22 73
39 52
70 36
33 16
52 71
55 28
34 99
57 52
1 42
4 22
4 69
0 2
10 96
79 0
11 82
64 11
87 94
19 28
98 6
9 38
64 90
68 50
75 64
30 54
95 48
43 98
74 21
50 18
43 68
27 29
37 75
57 61
89 1
38 93
61 87
13 61
81 41
50 42
35 47
18 35
80 23
64 43
41 14
12 68
21 20
13 39
74 40
22 41
60 46
