112
5 42
27 25
62 8
44 81
13 18
60 83
29 82
23 0
27 50
5 74
74 97
72 30
82 14
49 23
6 88
64 26
8 21
21 6
52 87
58 13
52 10
83 48
94 60
37 2
45 49
39 33
13 56
67 53
84 72
29 64
95 23
98 44
3 5
98 5
64 68
16 95
53 48
26 85
79 2
83 95
80 62
65 98
99 72
35 13
2 34
77 35
6 54
43 89
4 96
85 23
26 69
58 43
10 82
92 38
57 25
40 12
85 3
7 11
49 82
27 15
75 83
98 99
50 66
31 99
62 17
29 45
95 81
71 4
10 60
3 40
44 59
63 59
1 94
89 86
20 70
45 33
76 76
62 74
25 36
72 38
62 97
80 18
77 55
88 46
43 51
44 74
0 63
91 27
19 48
83 89
44 9
16 75
32 89
14 4
53 63
1 49
53 40
78 8
87 56
79 81
35 73
30 54
66 64
43 24
21 12
56 82
29 71
54 21
28 78
20 16
53 72
15 13
