105
54 71
63 91
91 33
80 20
7 77
15 24
35 79
71 25
35 67
73 81
69 6
17 42
94 57
54 3
5 93
35 96
15 3
34 12
55 67
50 84
7 39
26 57
38 36
91 3
53 23
58 50
82 70
0 5
82 48
98 20
9 55
69 60
1 30
76 41
60 98
36 41
14 94
70 10
51 17
18 18
18 67
40 94
77 86
39 27
67 98
16 82
47 6
1 85
81 64
3 66
37 59
64 53
85 30
55 9
50 76
50 27
19 56
28 25
82 40
43 83
87 99
93 80
56 86
32 2
68 75
83 0
96 95
96 50
48 49
41 70
67 39
4 14
84 16
2 38
27 80
98 10
21 43
69 2
4 71
91 85
33 52
77 63
13 26
75 99
56 26
43 0
91 66
54 64
45 43
21 63
88 32
78 49
6 46
41 15
55 0
9 79
39 63
65 12
27 71
84 79
67 46
42 28
15 32
23 49
60 14
