115
34 54
41 6
37 71
28 60
55 77
40 22
68 23
79 56
14 58
21 93
63 1
9 23
87 30
92 47
74 86
60 28
72 47
45 70
35 12
5 77
8 2
96 82
82 4
68 68
35 39
54 13
45 96
96 15
82 70
60 97
97 66
20 14
79 33
2 19
14 46
28 76
41 37
45 1
90 85
42 52
98 52
66 99
70 9
31 86
85 13
15 9
28 54
74 23
65 82
64 39
95 91
40 17
17 83
86 48
89 63
26 6
51 5
40 45
13 19
80 29
31 20
22 31
0 53
4 97
88 55
93 99
8 41
2 83
95 29
41 97
62 54
78 90
0 47
59 62
95 33
17 66
0 10
46 88
48 51
90 2
95 76
69 4
53 69
50 40
78 74
57 20
33 78
56 99
5 25
72 41
73 59
59 0
47 20
25 46
21 62
86 94
81 13
94 68
60 91
72 75
10 51
17 24
66 9
93 23
31 58
68 90
78 48
39 14
20 47
81 64
82 39
88 82
79 19
10 14
37 51
