109
10 25
34 7
20 66
30 53
42 31
12 84
34 76
14 53
6 1
30 92
2 97
26 25
2 68
18 11
0 45
18 38
44 96
44 66
44 48
0 15
2 74
44 6
42 22
6 28
26 88
38 80
34 38
30 1
10 56
10 98
4 42
16 69
40 63
38 98
2 8
42 82
14 16
18 44
18 83
32 21
16 3
26 62
38 4
24 39
38 47
0 27
2 62
2 86
26 98
26 20
34 50
38 35
30 68
22 2
2 80
6 59
18 98
18 76
2 35
36 18
20 30
42 88
36 66
2 92
8 39
10 5
24 51
26 82
4 18
2 52
34 94
42 40
42 16
26 7
42 56
18 22
49 0
20 54
28 36
8 87
42 73
10 67
10 10
24 69
12 42
0 0
34 85
10 20
18 92
34 28
30 14
40 2
10 77
34 58
14 61
46 25
30 43
26 77
12 96
14 32
22 13
17 49
30 57
9 50
9 70
34 72
41 10
21 85
25 31
