113
25 18
4 22
55 12
34 31
38 63
73 90
93 44
77 7
48 40
84 75
73 62
12 78
27 47
29 86
29 4
11 22
86 43
85 61
42 13
37 37
22 12
76 84
7 14
5 45
58 67
71 27
97 16
89 28
91 99
5 92
9 59
58 87
54 27
16 36
60 5
69 34
36 72
11 73
45 59
84 3
47 81
24 81
3 29
19 5
68 69
36 27
51 24
78 59
10 51
62 10
87 89
20 26
47 74
77 36
34 83
42 35
65 50
29 19
99 59
2 0
98 79
19 97
98 0
50 99
43 1
0 62
70 97
21 60
51 46
15 99
79 13
22 40
95 65
33 92
6 87
5 4
61 73
35 48
85 29
45 3
4 66
16 76
75 0
93 12
90 81
28 65
49 51
45 93
63 40
54 22
0 8
84 96
76 76
10 97
81 50
64 65
64 84
44 76
82 27
46 10
6 28
15 7
2 73
14 81
71 9
85 65
36 60
32 11
30 75
51 19
83 17
42 67
11 12
