109
78 92
41 71
22 16
83 66
25 50
63 38
36 78
3 64
10 87
71 54
3 37
38 34
89 21
14 73
88 5
3 14
75 96
85 29
26 19
42 85
76 74
32 40
3 74
88 70
45 19
85 48
70 12
54 55
51 96
9 50
58 80
63 66
97 48
65 11
47 51
58 31
90 79
32 92
74 26
23 60
2 28
21 33
87 14
36 14
34 72
10 9
68 92
82 94
94 27
59 62
74 57
17 25
60 44
89 56
40 29
31 59
42 80
17 15
45 0
98 99
27 2
97 85
20 98
21 78
97 4
28 30
99 68
13 1
56 10
82 43
37 0
2 86
9 58
1 23
67 1
46 43
41 14
76 30
44 66
58 88
17 47
59 36
55 22
20 68
18 88
76 2
77 71
40 94
91 86
22 43
69 26
50 17
6 67
75 88
26 88
95 62
45 60
31 16
48 45
89 82
39 46
27 67
74 62
53 36
35 86
44 74
45 25
38 72
35 65
