136
51 19
30 17
72 87
29 37
2 27
12 48
88 38
31 2
81 68
30 52
38 77
80 3
81 18
82 98
28 97
99 62
62 97
69 27
49 91
51 37
78 51
0 2
12 77
8 91
20 62
97 1
92 77
17 29
59 7
18 8
48 61
68 41
97 91
90 22
70 66
41 7
68 81
28 88
52 77
40 27
99 52
52 47
2 77
7 19
69 2
69 58
82 8
98 30
60 26
42 48
29 71
80 89
79 27
27 9
20 46
8 37
72 47
8 67
37 39
58 67
88 58
17 19
78 78
38 61
3 59
99 7
2 99
96 99
42 98
98 77
0 6
17 79
7 99
59 2
91 44
0 54
46 77
0 37
22 98
58 91
58 51
43 0
2 21
17 0
67 19
99 16
42 91
23 23
31 78
68 97
91 98
97 38
30 57
46 34
13 0
99 67
60 76
0 86
83 59
0 69
40 21
95 16
22 38
1 51
82 37
58 18
83 84
50 3
92 1
62 59
36 44
14 84
62 37
35 92
48 98
20 68
73 9
49 67
82 45
66 74
27 29
12 11
73 13
20 92
91 91
8 57
92 30
52 11
93 69
43 69
57 86
93 49
49 30
7 29
90 6
66 12
