106
60 97
23 50
29 8
82 43
22 35
57 40
1 80
66 90
4 62
33 86
81 91
45 19
81 22
81 61
46 55
65 65
91 80
64 42
21 59
24 23
32 39
28 59
29 29
2 43
98 58
92 12
42 97
16 75
2 19
74 1
59 12
18 89
50 72
96 26
98 95
97 43
67 81
70 1
37 44
21 9
8 47
38 6
95 73
51 32
68 51
16 21
75 9
95 49
29 87
55 66
61 83
65 36
43 79
91 98
20 66
15 50
28 2
52 42
79 52
83 30
21 41
47 47
35 17
6 5
60 76
98 6
66 20
55 8
35 64
3 29
81 76
82 96
89 4
97 66
84 36
16 81
99 80
2 34
36 71
37 93
36 36
5 20
51 56
74 95
1 53
76 17
9 67
16 35
43 16
37 60
59 28
59 68
95 78
45 32
59 85
60 58
89 91
27 83
86 56
8 53
74 89
75 38
72 15
42 60
14 46
41 24
