87
22 23
28 45
16 20
3 6
91 8
45 6
11 12
46 38
66 42
40 78
36 28
74 26
60 46
40 13
9 30
34 42
31 25
91 72
14 44
97 99
36 97
79 80
98 28
20 5
2 43
6 8
20 40
14 29
6 16
59 74
35 61
53 87
23 90
82 54
51 58
2 62
90 40
18 74
88 16
94 3
32 76
69 78
68 52
46 13
44 52
42 29
86 30
17 51
28 40
37 11
61 54
31 54
13 26
62 10
91 66
73 19
17 93
66 3
37 94
73 67
27 29
46 72
97 1
16 14
87 83
89 57
98 74
50 24
49 2
0 32
98 22
43 46
73 62
84 8
34 64
16 35
53 20
36 2
7 2
0 21
1 40
30 15
54 51
16 48
30 22
22 29
40 42
