107
35 56
69 68
96 28
77 8
60 57
42 54
30 65
7 97
96 89
56 37
56 89
24 86
31 5
19 25
80 50
9 14
73 18
67 77
50 90
41 6
82 68
52 53
31 51
64 57
59 6
71 38
18 57
50 68
90 15
1 51
93 59
33 21
10 80
82 88
56 27
88 38
25 43
97 96
33 71
32 97
24 4
4 62
86 73
83 92
99 36
75 45
45 99
51 43
87 23
71 79
86 56
6 51
55 68
65 13
27 51
94 49
69 53
74 86
59 43
7 37
67 99
64 71
81 82
10 0
98 3
42 48
40 25
11 76
43 81
99 74
75 32
28 83
58 13
24 10
6 8
17 39
42 23
84 5
52 6
24 65
97 79
23 96
73 22
93 99
28 29
61 98
59 21
18 17
98 22
47 67
46 95
9 60
53 35
54 82
41 74
38 11
79 54
71 29
86 14
71 70
81 39
67 47
62 38
40 64
36 69
65 61
53 60
