108
1 30
36 14
66 26
82 38
97 70
15 34
9 81
70 8
92 93
64 42
17 5
41 84
68 98
85 19
22 55
33 97
30 32
13 66
90 35
49 10
1 75
34 7
58 53
9 46
93 81
74 23
91 41
47 43
1 58
85 58
57 78
21 89
72 68
82 0
17 20
71 82
51 62
36 78
85 95
47 0
39 21
99 94
54 30
99 60
13 85
26 41
74 46
24 97
88 74
55 68
83 14
65 92
91 26
27 8
69 57
81 66
44 72
86 50
27 86
1 93
4 11
99 5
36 56
46 90
63 9
76 82
3 44
57 25
98 28
28 56
84 5
33 42
60 95
16 31
49 37
61 1
0 35
82 96
40 64
42 94
96 67
19 13
16 51
36 19
43 1
98 46
99 84
61 45
94 3
56 11
72 77
20 81
79 45
2 86
12 20
50 76
77 7
68 31
97 76
23 50
23 27
41 89
62 85
43 22
78 60
69 17
27 16
57 37
