106
54 50
42 64
97 82
5 18
77 57
80 3
46 37
85 62
89 80
91 5
24 52
9 88
46 10
83 21
18 73
45 81
37 35
55 16
70 9
64 46
87 53
77 68
18 60
79 9
29 21
71 87
3 50
30 82
13 40
78 39
11 4
94 96
62 63
48 83
12 21
35 6
76 23
28 36
2 93
33 21
60 36
51 2
90 18
8 77
36 70
88 83
64 4
53 64
91 66
49 26
10 67
76 32
63 12
5 31
75 46
36 14
26 28
90 93
63 55
42 96
56 98
25 99
45 73
62 85
98 50
18 6
96 28
74 72
39 94
1 11
48 45
10 95
1 73
61 98
29 56
90 0
63 28
32 42
98 55
75 76
44 53
9 51
46 28
15 18
97 72
16 88
19 34
0 89
55 78
70 51
61 21
30 65
43 89
85 90
48 12
74 27
26 18
56 58
5 79
77 11
77 64
51 95
38 86
40 24
34 25
70 60
