109
10 52
12 75
90 90
76 83
76 10
57 68
89 39
26 41
40 85
9 33
13 7
65 34
24 97
91 70
3 94
38 99
12 60
24 7
64 22
80 32
40 92
18 38
6 43
49 7
72 97
54 99
26 77
93 5
83 55
54 50
47 27
96 23
39 47
0 1
78 50
63 52
41 4
80 15
41 20
11 21
20 90
2 65
62 76
77 97
31 30
1 11
18 97
4 85
2 37
95 13
56 21
84 84
50 85
68 95
74 38
62 57
40 23
12 66
16 27
69 30
91 13
34 86
50 79
38 63
51 15
99 58
28 58
48 35
92 96
69 2
82 69
97 44
27 6
98 85
49 51
2 19
48 1
79 55
84 0
54 93
97 65
25 22
94 30
44 60
73 73
19 79
8 4
87 1
55 71
78 24
20 63
12 81
34 20
83 49
14 95
33 98
60 67
91 37
23 36
61 28
92 64
73 91
6 7
17 17
46 10
82 26
82 64
84 8
86 24
