103
81 56
37 57
5 5
65 40
23 20
53 5
64 76
83 5
34 40
33 78
63 94
20 5
34 95
66 57
94 76
20 39
81 40
50 39
6 21
36 4
66 21
83 20
93 94
21 57
6 41
79 76
47 77
51 22
37 21
48 94
68 4
78 94
5 58
52 56
18 98
78 34
1 36
37 25
98 92
51 62
62 71
0 0
99 78
52 25
1 19
31 74
49 42
22 63
7 60
81 62
64 36
35 0
20 0
64 99
37 61
34 99
22 25
79 99
49 99
50 0
77 6
31 42
84 25
83 79
97 99
0 44
45 75
66 62
16 42
64 43
0 59
34 7
79 42
67 25
63 7
65 92
48 37
78 72
19 10
78 1
3 7
7 26
49 90
35 88
93 72
34 36
82 93
49 8
19 34
77 56
64 2
48 56
68 76
44 23
59 21
15 56
30 57
29 21
52 76
76 20
37 79
61 57
15 24
