112
72 86
60 59
36 46
38 60
97 23
88 91
78 84
52 80
25 87
5 64
82 3
91 66
61 23
3 28
81 18
68 59
52 62
20 88
57 86
24 43
2 54
62 64
8 96
49 98
94 48
45 24
27 29
2 83
22 5
99 7
36 74
17 74
64 41
49 10
11 14
14 38
95 75
67 19
94 98
72 0
76 62
34 91
87 61
81 77
58 78
90 4
47 49
15 66
59 32
27 51
13 5
39 69
9 70
85 11
37 40
66 84
91 83
16 83
53 66
84 38
35 11
21 25
64 0
79 39
0 97
98 34
50 4
13 52
2 35
3 19
99 82
41 93
83 25
14 98
56 97
65 5
24 61
1 78
56 38
97 58
74 48
52 12
32 31
7 54
74 90
76 22
29 59
75 72
33 77
83 59
90 19
26 90
47 84
87 34
31 21
79 2
20 46
83 95
70 36
69 65
93 9
53 76
9 79
22 32
65 52
23 57
73 5
50 90
57 54
64 78
81 11
79 66
