108
12 20
75 10
57 62
33 38
83 97
75 43
37 10
35 76
2 8
10 41
79 80
63 25
42 58
18 56
87 18
65 6
24 74
24 24
32 62
13 52
34 17
82 89
63 17
43 88
8 95
4 68
49 43
88 3
95 49
15 2
75 66
49 74
47 28
47 0
23 1
74 49
87 25
47 94
2 33
3 82
1 63
70 80
17 18
80 31
37 31
53 90
96 25
30 82
77 96
15 70
27 53
80 57
31 0
66 66
42 49
71 34
13 27
43 66
21 67
74 86
77 24
96 79
28 97
92 65
97 93
91 44
59 46
56 76
62 94
48 20
0 12
25 41
0 89
95 83
3 48
54 5
74 1
98 34
42 99
68 99
90 11
18 7
8 76
34 84
45 44
59 31
69 48
33 2
43 14
11 80
91 20
48 58
12 4
26 33
9 24
59 86
75 17
31 77
63 35
39 24
39 93
46 9
34 57
56 82
71 59
47 82
14 14
28 11
