110
57 91
86 55
52 76
64 7
95 7
72 76
73 90
17 70
17 14
70 68
85 36
93 79
71 51
78 6
55 44
71 23
92 22
86 75
84 29
64 66
91 13
53 86
67 17
69 58
76 65
51 14
56 34
9 15
20 78
96 63
25 12
97 86
20 62
59 2
60 32
95 52
93 0
70 85
20 6
60 98
56 71
14 22
90 39
96 16
83 60
82 12
92 33
77 26
67 92
62 21
32 26
87 97
80 73
38 46
0 1
48 58
0 29
87 2
33 0
24 42
23 56
62 86
36 21
92 28
11 85
4 0
38 40
15 29
6 70
1 15
72 42
81 95
34 5
22 85
59 48
15 56
29 28
15 0
24 71
6 30
94 84
49 94
96 45
95 70
56 8
0 19
83 52
53 24
57 41
9 63
21 28
19 0
76 98
10 77
55 77
2 8
69 45
61 57
30 3
84 79
88 57
78 42
67 26
86 19
22 24
82 89
66 77
87 63
14 6
73 55
