102
61 59
78 49
21 54
29 79
45 18
90 67
80 92
31 56
33 49
15 4
2 53
34 35
73 73
50 84
10 37
46 63
86 31
77 14
54 18
28 88
91 93
24 72
94 77
47 77
54 47
36 64
78 73
12 88
99 44
93 7
63 94
45 3
59 33
29 14
42 92
44 35
90 59
82 46
75 33
3 38
24 38
64 24
75 58
11 31
73 79
58 89
14 80
86 4
95 36
55 62
63 42
38 78
43 49
56 27
20 88
30 70
67 70
51 93
30 43
1 8
46 56
11 64
30 0
25 61
97 98
21 17
7 22
76 0
14 0
92 15
98 30
82 90
70 18
35 94
30 20
41 1
97 75
96 51
7 56
97 91
26 99
97 54
42 30
19 32
0 47
23 1
77 43
39 4
57 80
36 21
90 78
61 19
75 22
76 65
54 76
35 87
82 66
45 70
33 39
24 76
41 86
33 79
