116
85 3
55 10
47 75
7 79
41 35
29 71
92 44
0 15
64 98
67 44
91 58
54 51
13 22
88 83
60 5
32 64
38 43
63 91
74 1
6 21
93 19
41 18
77 61
23 52
56 24
71 30
30 8
48 96
81 97
9 63
2 48
16 91
23 26
68 80
44 89
19 50
69 65
87 18
97 36
28 78
34 39
82 57
7 86
83 29
14 13
46 9
40 26
18 32
48 38
98 49
18 61
63 33
75 56
55 87
69 94
33 71
82 7
95 99
1 99
99 1
17 74
66 85
83 51
12 53
30 93
0 34
47 60
94 66
26 0
61 65
4 3
97 81
2 65
73 15
16 97
2 43
81 34
97 16
57 20
40 52
98 30
78 83
52 69
27 92
64 37
95 91
32 10
79 0
95 73
31 38
26 23
42 80
11 36
81 43
54 66
39 59
76 72
7 95
48 33
18 67
66 19
25 37
14 82
55 34
33 15
37 85
80 68
50 16
79 25
33 55
58 90
21 83
26 15
8 71
26 56
41 68
