110
32 8
4 88
36 40
38 99
39 77
37 54
84 91
72 24
5 37
60 64
77 8
20 31
61 5
95 54
86 23
17 97
57 26
43 31
22 2
14 83
71 62
28 6
8 97
78 34
26 38
2 18
99 73
81 50
19 62
52 44
51 87
3 55
47 14
84 70
65 93
6 4
87 9
44 70
19 51
98 46
28 22
17 76
58 1
32 78
69 42
26 91
72 94
58 88
48 28
14 25
53 67
52 8
86 57
71 32
4 78
32 43
52 4
82 25
70 77
98 87
92 7
2 60
96 24
94 40
35 59
67 46
54 41
14 1
21 67
0 46
85 64
14 17
44 95
89 0
62 20
54 58
12 32
2 12
31 92
70 5
84 41
51 92
26 65
96 68
33 17
72 56
14 51
46 10
60 71
35 84
68 21
10 34
39 45
77 1
13 75
59 44
24 6
44 86
44 63
36 49
70 48
29 35
82 17
16 61
11 12
10 42
60 14
60 54
26 74
31 72
