196
42 76
49 60
97 68
36 96
7 53
15 83
47 23
7 36
36 8
5 96
90 14
62 77
21 56
89 92
82 62
54 98
68 34
7 16
23 36
83 77
67 63
71 90
34 62
23 71
61 47
82 26
67 7
22 97
92 41
50 6
33 47
20 9
5 71
47 43
29 22
76 47
99 82
96 27
98 54
61 21
71 98
46 77
93 9
97 99
36 90
75 20
77 6
6 19
44 21
64 61
78 77
50 37
85 91
56 94
78 44
5 5
5 50
84 59
27 75
21 39
50 57
8 82
21 94
97 12
21 13
99 65
12 68
27 26
96 42
64 30
51 91
61 16
44 37
44 6
57 76
35 53
9 30
97 79
27 41
86 96
92 37
61 6
28 5
12 99
27 70
7 64
96 51
33 26
51 97
70 48
6 44
79 28
84 4
65 33
99 5
63 81
40 82
77 73
98 24
99 89
6 79
83 19
76 98
54 62
30 98
14 4
55 47
21 50
40 61
12 22
42 40
54 20
33 22
78 62
22 85
7 93
58 5
76 12
83 34
90 96
48 27
91 51
93 78
68 84
98 34
56 73
26 55
37 85
13 36
56 44
65 99
23 78
11 63
42 11
41 68
40 99
78 82
92 65
15 16
68 57
70 43
28 37
68 29
12 50
26 64
40 47
90 19
59 14
26 93
93 72
60 70
89 55
37 12
11 28
37 76
64 56
21 18
85 41
83 82
65 89
51 14
27 50
79 37
36 33
12 56
22 64
18 28
93 84
75 57
41 27
83 13
78 91
34 43
13 79
49 83
42 91
55 56
48 72
68 68
82 49
47 51
54 27
55 83
68 77
92 27
36 72
71 12
40 55
63 43
68 22
14 42
30 14
83 68
59 35
29 85
15 92
