108
34 79
1 66
52 47
11 45
27 35
44 93
41 80
53 7
68 90
10 27
2 86
89 3
98 55
20 68
39 61
49 19
52 90
24 26
31 41
21 61
21 34
85 42
16 84
19 10
69 10
69 58
97 77
3 3
79 29
71 76
62 25
87 65
97 93
68 43
10 50
52 37
5 70
63 57
40 22
79 92
86 20
77 55
47 40
62 89
88 35
55 53
30 87
63 17
90 70
31 63
62 80
47 87
18 53
30 23
45 72
82 69
44 54
14 28
79 83
41 38
56 19
40 0
22 42
27 97
22 5
82 97
55 3
75 9
88 6
67 73
74 30
83 50
33 14
94 84
32 31
1 81
29 99
69 4
17 6
56 74
48 2
30 78
68 95
0 72
99 63
45 64
30 49
65 63
47 25
74 36
11 81
16 63
56 39
72 99
9 35
64 0
76 76
33 83
89 84
69 49
26 17
49 11
57 30
65 47
76 66
60 12
58 46
88 75
