196
54 28
29 15
68 43
16 84
13 63
56 7
6 15
73 84
35 98
76 56
15 40
36 47
9 97
99 23
42 9
82 72
82 97
61 93
34 70
55 54
92 36
84 11
49 83
96 61
97 98
34 29
98 7
61 72
68 22
5 50
98 79
71 5
16 5
19 26
82 26
26 57
5 29
31 84
5 75
90 54
76 40
56 33
51 57
20 98
65 97
41 47
65 19
93 83
43 98
20 40
70 58
44 15
40 33
79 71
40 68
19 70
98 42
79 98
58 70
5 93
76 9
14 12
98 57
5 65
97 28
44 83
7 34
92 6
30 7
47 97
98 94
20 55
27 98
35 33
85 20
71 37
62 75
54 40
58 12
23 84
85 51
10 7
35 54
58 97
79 91
93 99
6 44
7 83
30 79
78 77
69 61
44 19
93 78
21 20
21 37
47 79
98 13
5 69
97 37
56 51
62 5
78 33
93 63
44 65
33 6
13 99
5 23
61 47
51 36
5 54
19 61
79 12
47 5
98 83
27 21
61 26
82 54
64 83
28 94
37 61
82 6
99 69
48 19
82 34
14 80
34 44
82 93
68 98
99 50
43 93
26 70
84 74
93 22
65 65
20 47
70 26
20 6
57 89
51 62
83 40
69 79
38 84
65 44
40 27
12 26
62 12
21 79
92 44
48 41
26 30
94 14
89 68
74 63
48 13
17 56
12 93
33 12
45 77
70 46
93 93
78 26
12 19
41 57
54 63
43 42
20 93
30 48
79 86
49 93
92 29
12 68
11 49
15 33
35 94
29 65
75 23
56 86
65 56
33 78
48 50
62 36
74 49
68 72
27 36
19 14
85 83
28 45
72 14
72 90
51 30
56 74
34 22
91 49
55 21
84 64
48 70
