114
93 93
28 64
44 26
26 95
53 6
49 89
48 49
14 51
97 13
30 13
58 91
31 53
25 24
87 12
17 92
40 19
37 44
76 92
87 57
2 82
51 73
99 66
75 76
78 42
70 57
33 78
2 64
1 43
64 32
96 37
72 6
82 18
21 78
60 77
23 32
55 21
12 97
91 71
58 4
44 59
33 3
17 47
13 19
79 91
42 90
51 0
54 98
70 42
23 9
70 22
35 61
50 27
94 60
65 95
38 81
34 21
57 82
11 1
25 52
0 11
23 15
27 88
48 18
99 44
0 49
7 80
4 25
63 55
93 31
2 98
74 0
91 99
37 39
36 0
89 77
97 2
78 26
14 74
98 23
38 99
61 40
77 60
85 47
11 60
48 68
96 80
1 87
19 76
3 48
6 11
67 80
46 41
20 0
83 11
30 99
32 68
23 40
49 7
57 32
63 48
84 91
86 27
93 51
83 4
42 44
81 84
16 65
32 94
61 25
67 92
9 89
29 74
37 14
15 84
