115
48 16
47 76
79 56
98 57
6 59
69 17
88 42
11 39
59 37
14 74
62 3
33 97
5 12
78 28
48 93
44 38
0 49
48 64
25 70
17 58
25 93
77 51
81 13
70 2
19 44
85 29
36 86
85 69
69 74
97 86
87 99
36 24
36 55
21 14
7 90
59 84
10 26
44 6
30 39
64 63
69 39
10 5
51 57
25 74
45 23
68 83
12 80
5 40
64 31
31 12
36 65
49 34
73 69
90 58
43 81
10 65
42 96
69 9
21 84
99 22
65 99
83 84
99 71
84 7
96 15
52 50
36 77
83 93
63 23
3 83
37 7
16 24
28 98
25 46
1 3
88 38
86 77
59 7
91 34
61 54
12 59
50 19
2 43
36 40
65 84
82 55
82 1
90 84
67 47
32 62
24 18
6 76
52 42
16 41
93 64
93 14
7 29
78 21
46 55
13 12
44 71
82 45
27 53
79 74
42 90
23 32
70 25
87 61
80 67
76 35
57 43
88 22
39 15
26 66
84 51
