108
29 89
1 71
97 2
1 92
61 78
43 9
23 45
57 39
58 94
81 23
88 66
6 21
92 49
95 21
22 8
16 60
79 93
15 94
82 13
60 51
93 29
32 9
38 35
59 2
67 20
95 89
71 68
49 25
3 0
28 24
37 49
49 90
80 49
93 86
29 84
53 74
97 68
22 39
0 66
84 98
79 34
7 98
57 16
35 23
50 40
11 6
13 54
27 98
56 70
64 88
62 63
85 58
73 24
56 25
54 6
49 52
39 83
94 14
32 30
85 89
55 88
0 38
17 74
45 21
34 54
99 35
4 35
12 21
99 99
65 36
48 71
8 4
66 4
72 51
34 75
12 74
0 99
66 99
45 1
99 75
70 65
75 87
86 5
15 46
15 99
72 9
42 58
28 52
99 28
0 30
90 64
39 8
34 93
16 64
29 21
6 14
47 60
54 45
46 85
21 62
92 57
79 64
19 45
58 11
90 15
20 91
67 73
48 11
