109
5 64
8 27
71 7
53 55
80 20
97 41
62 84
82 59
88 84
57 21
13 93
34 38
6 6
24 9
36 92
24 76
48 27
3 10
74 65
61 59
95 78
9 46
68 42
38 15
34 54
96 2
41 75
2 84
94 24
2 48
22 46
76 86
46 7
68 5
30 96
50 37
93 47
88 6
62 76
78 29
18 23
5 70
64 28
88 74
61 5
60 68
36 99
39 38
31 78
52 51
4 21
95 10
41 65
16 4
38 45
81 66
81 2
24 91
73 15
72 30
20 61
96 97
31 44
97 62
37 0
4 99
78 94
66 17
25 65
3 80
7 32
89 38
40 20
47 75
30 3
67 52
16 44
96 56
0 32
22 97
7 66
56 7
10 86
72 80
94 31
22 1
78 43
55 35
1 53
27 60
15 33
49 21
39 5
16 51
21 73
85 20
55 70
68 60
3 90
79 71
35 88
32 63
78 11
66 72
25 58
9 59
43 38
87 11
10 43
