110
84 42
27 51
96 96
53 70
28 71
20 10
84 81
27 93
35 21
20 35
4 31
79 97
50 22
7 54
71 14
52 46
98 38
72 91
38 43
37 97
65 66
26 66
3 48
75 77
58 83
23 82
32 41
86 90
88 61
70 44
59 6
87 11
96 73
72 63
10 62
42 77
7 21
39 57
11 89
71 36
65 9
47 38
60 92
23 28
53 61
57 12
22 47
64 46
70 96
24 21
33 80
51 52
66 90
61 69
37 49
13 54
2 5
85 26
34 6
9 75
2 93
93 53
17 8
69 29
51 96
48 1
0 8
97 93
52 31
5 34
38 13
78 56
1 63
4 96
90 76
29 0
80 12
69 0
93 59
5 17
40 19
6 40
5 82
55 98
79 63
51 7
62 32
36 90
22 14
80 41
23 52
34 73
73 21
15 77
61 74
44 63
80 83
10 34
24 42
50 17
50 42
66 15
59 55
79 67
17 61
32 46
34 66
78 89
46 53
17 47
