110
55 47
25 42
5 2
13 53
57 92
96 40
50 51
76 81
97 65
55 25
31 69
72 6
91 78
59 66
41 49
60 85
98 84
48 37
94 71
91 11
15 28
22 89
0 82
72 31
19 9
33 19
34 2
74 64
81 42
94 26
42 92
9 81
59 16
39 75
26 95
3 51
18 57
36 54
86 28
79 0
14 23
63 42
89 62
48 25
21 80
89 88
66 67
26 14
40 12
78 27
71 91
15 78
10 63
63 74
37 87
83 17
22 51
67 28
55 59
76 98
63 2
98 49
92 97
34 30
19 0
98 0
6 17
77 77
43 5
8 43
87 13
1 86
20 99
79 60
28 66
48 98
75 45
32 38
9 33
62 18
94 30
65 35
97 91
60 90
30 24
97 16
91 52
50 9
34 97
69 61
75 85
4 22
38 66
28 84
99 77
48 43
77 15
16 14
40 22
19 43
80 34
46 58
27 57
58 39
22 28
10 45
84 70
68 22
30 44
66 81
