114
62 22
23 65
9 29
93 10
3 47
47 56
20 79
69 82
92 44
57 67
45 36
87 67
2 91
84 52
85 10
67 66
31 77
67 21
16 85
46 48
30 66
32 50
21 6
56 8
90 96
18 45
35 3
23 31
87 26
70 7
35 97
65 41
39 81
37 13
14 15
31 29
95 0
69 57
59 81
48 62
57 27
28 92
76 21
24 47
77 44
72 71
89 11
78 36
20 59
46 4
55 44
35 38
61 70
68 16
7 0
21 74
54 98
1 69
69 98
95 80
25 42
0 86
97 83
95 65
79 85
98 50
3 6
5 51
45 78
51 91
25 27
80 0
16 94
19 12
99 94
99 16
34 15
95 38
6 75
43 26
10 25
51 12
64 84
62 3
78 53
61 48
13 61
33 65
81 24
8 43
78 82
90 70
37 90
38 52
9 57
60 26
16 31
47 69
8 89
38 33
26 7
72 92
90 3
50 70
70 48
10 72
34 19
55 35
74 30
92 20
90 46
75 14
27 61
16 52
