88
16 70
5 23
53 61
33 93
19 59
35 79
90 92
27 28
60 94
35 55
7 14
11 56
27 91
2 33
66 89
57 66
15 16
3 82
36 41
12 96
37 63
52 76
76 96
4 48
17 30
25 53
23 67
39 48
9 69
33 83
56 86
24 38
16 46
71 75
46 98
4 93
29 97
82 89
37 69
51 56
19 89
8 77
3 44
63 72
75 89
20 23
40 85
32 69
10 61
37 99
43 56
45 81
12 36
62 80
10 20
24 76
93 98
23 92
2 8
16 53
45 63
1 62
30 36
67 65
2 78
27 62
65 99
1 14
1 37
14 99
85 99
4 88
17 81
17 39
49 84
53 67
69 94
25 42
48 90
6 30
13 93
26 56
16 66
32 73
55 78
57 83
27 72
9 81
