114
67 50
14 22
40 6
28 96
57 84
44 90
11 54
81 85
82 58
34 59
9 77
54 56
62 8
71 96
91 97
31 82
24 31
42 95
19 49
15 75
92 53
69 79
51 96
23 10
93 16
96 82
87 1
80 39
35 41
54 29
75 17
94 34
55 71
83 0
91 71
97 57
26 13
22 71
8 13
48 12
95 20
68 27
12 44
12 85
61 84
44 59
84 70
66 69
18 26
84 90
20 65
54 5
85 23
86 54
61 92
35 92
40 27
88 80
0 26
47 73
12 98
39 45
97 1
57 40
36 1
6 57
0 41
49 87
2 81
0 14
33 74
53 46
74 44
71 64
62 23
30 16
99 43
26 52
99 71
68 9
57 99
31 33
74 35
89 95
10 28
27 87
40 61
52 19
75 93
18 7
92 2
65 65
10 60
94 40
53 53
85 18
5 75
99 61
74 78
48 34
70 13
23 68
85 66
4 52
83 49
41 86
72 60
9 25
76 31
66 59
90 56
59 74
90 64
20 79
