98
4 3
12 7
28 22
38 37
83 88
64 69
19 7
13 16
15 78
51 60
67 1
8 98
23 40
34 86
16 53
43 7
22 97
50 23
8 41
12 72
48 47
73 92
78 3
55 66
12 49
16 24
25 20
4 18
92 44
28 69
76 17
98 99
66 48
88 69
57 10
35 90
73 77
55 37
28 6
89 87
6 93
31 44
72 69
26 59
10 64
16 83
42 31
25 24
93 92
31 97
19 3
56 52
18 33
38 17
56 43
83 78
29 84
26 47
98 30
45 76
51 92
62 59
1 84
85 23
65 93
99 52
82 49
37 58
19 18
97 83
98 38
62 20
49 8
76 12
3 30
0 98
28 34
64 5
0 10
70 54
44 22
10 58
44 91
99 92
13 1
69 63
43 36
20 88
21 74
37 82
75 88
33 27
48 15
26 78
19 43
27 93
7 19
9 3
