110
16 32
65 22
45 35
68 6
47 81
44 8
97 30
26 66
72 81
47 59
31 34
5 60
34 52
13 46
17 18
68 49
3 25
58 37
51 53
75 37
12 64
3 34
26 53
35 30
33 86
51 98
82 14
96 60
80 98
90 81
9 78
82 58
6 94
34 9
50 76
90 34
53 5
94 10
74 62
35 70
71 77
56 92
7 74
83 5
78 90
72 26
21 32
96 71
84 37
54 24
23 7
7 39
14 75
35 47
77 52
86 91
22 46
14 25
71 17
4 9
60 83
37 94
17 2
23 86
58 69
1 55
0 90
96 45
93 89
62 3
82 68
72 96
33 97
39 1
32 20
62 43
87 19
48 39
28 71
0 40
83 51
60 52
73 3
4 76
57 27
48 0
8 11
27 84
17 50
40 22
8 90
87 13
22 18
42 80
40 56
92 51
45 40
68 23
56 77
71 43
24 64
82 29
7 20
50 68
59 10
86 50
37 37
13 72
28 28
62 21
