111
30 21
60 43
9 70
90 5
48 10
40 89
59 78
41 34
40 74
1 6
30 58
88 22
68 58
11 42
89 78
92 42
9 90
88 94
71 34
72 18
48 62
62 6
68 94
0 33
30 6
0 51
89 58
59 26
10 23
28 42
70 79
0 77
40 50
12 6
49 90
32 94
30 73
10 61
72 2
62 58
0 94
48 2
89 86
60 94
90 35
31 14
41 26
0 27
90 13
71 42
91 50
0 71
72 86
49 46
90 67
71 70
28 66
50 27
32 86
51 78
10 14
30 49
10 55
62 14
1 42
10 81
41 2
28 34
48 54
72 26
50 39
0 18
39 18
10 29
0 58
41 58
70 51
52 70
70 10
0 87
41 82
62 66
59 34
48 18
60 51
40 42
27 0
38 66
58 86
89 0
88 72
12 0
89 27
50 99
11 97
40 10
27 28
58 0
27 80
1 2
12 37
69 65
58 20
43 96
12 76
0 10
10 45
0 66
50 32
57 72
50 81
