109
10 15
16 73
55 74
8 58
74 88
69 68
21 13
73 10
15 92
96 94
0 76
96 48
78 37
52 31
44 7
22 4
59 82
77 64
49 62
97 84
75 81
17 59
82 38
37 22
34 81
34 36
1 29
90 19
15 45
91 4
99 62
59 47
36 93
20 34
75 24
7 94
64 96
79 95
39 72
34 47
74 50
97 35
8 6
59 57
26 79
95 55
81 78
11 73
62 29
4 54
88 63
19 51
20 85
90 92
52 76
65 82
84 25
74 70
24 46
91 43
50 95
73 4
53 4
98 0
33 61
97 17
51 45
4 34
30 0
41 21
1 3
2 99
68 8
34 65
44 2
2 80
52 60
89 72
1 19
26 21
99 21
15 0
13 89
32 42
75 0
52 24
88 10
13 37
81 57
67 54
42 86
38 29
40 45
8 42
70 17
47 10
30 75
23 93
53 67
80 87
66 86
2 86
29 67
10 51
47 71
56 83
72 76
15 79
80 68
