113
62 52
8 36
16 56
34 20
30 59
53 28
31 28
60 89
72 10
38 72
2 95
26 42
54 2
22 91
84 57
51 91
38 53
70 55
68 3
4 53
23 61
90 96
16 78
85 29
52 76
19 12
88 80
99 26
78 43
82 0
63 21
58 72
40 96
33 74
7 25
33 8
48 62
52 39
95 82
80 14
81 84
8 95
91 49
86 71
23 76
14 64
9 43
38 24
62 58
10 82
95 30
20 45
70 17
58 82
33 53
3 9
97 0
99 61
39 66
36 93
48 6
73 80
68 39
19 6
1 57
1 23
76 95
32 0
21 27
98 44
1 77
23 99
24 51
55 19
48 54
77 58
1 38
99 77
49 34
54 98
82 38
46 2
21 94
14 29
41 90
77 70
35 25
64 31
5 67
82 91
87 34
75 1
53 68
76 51
70 64
22 17
7 89
19 71
53 9
27 37
66 80
64 42
49 83
44 57
12 41
39 17
6 28
80 76
57 38
62 9
13 32
18 84
45 68
