113
22 71
4 64
85 90
54 79
74 80
24 96
2 36
63 36
18 10
80 51
40 26
12 26
38 72
73 70
45 88
61 46
21 3
85 42
60 88
4 50
3 30
21 83
72 15
96 76
68 0
20 42
37 4
49 12
2 97
46 57
77 29
91 62
34 39
3 87
61 22
31 24
86 21
50 98
19 61
56 71
75 65
78 2
16 24
34 95
13 76
63 8
85 15
88 73
42 7
10 4
31 72
32 18
25 91
72 58
68 82
55 95
23 17
82 78
98 32
98 8
28 9
48 40
3 9
19 46
36 55
81 95
84 0
98 83
45 26
95 46
17 98
77 37
54 61
44 41
2 1
93 28
16 40
51 0
49 63
61 99
79 92
92 47
58 17
71 50
70 34
11 59
30 36
94 88
25 66
35 2
40 76
90 20
76 21
5 35
70 7
64 83
92 42
31 87
16 18
56 50
16 2
82 59
20 26
43 12
38 48
63 67
29 31
77 75
67 93
72 9
82 30
18 30
80 84
