109
30 18
40 41
38 60
23 33
47 22
15 81
6 14
58 19
54 95
92 61
95 86
74 77
34 94
4 46
62 65
56 35
90 45
1 80
15 28
1 11
68 86
41 17
28 43
51 3
84 2
17 5
73 29
32 76
94 12
53 49
90 30
9 96
9 30
96 80
93 96
40 94
83 74
73 39
22 54
21 3
20 95
38 45
63 96
5 39
84 90
83 56
29 25
35 8
69 72
21 85
54 11
8 16
78 30
38 85
60 88
61 26
47 46
29 32
13 90
24 22
1 61
12 12
73 12
28 72
0 99
95 28
74 54
13 72
46 67
69 10
3 0
47 81
24 51
76 59
67 44
53 1
49 98
10 63
1 76
60 72
0 29
60 57
11 42
99 89
89 65
31 65
75 86
48 32
91 36
76 2
76 24
65 41
25 39
52 55
63 12
23 93
32 72
3 30
86 21
89 89
43 6
0 16
21 10
46 90
63 79
46 52
26 90
36 41
32 86
