113
43 13
53 45
84 3
3 13
38 64
20 56
62 95
68 65
28 23
86 72
39 50
15 29
73 46
26 85
17 10
47 3
55 56
12 65
72 73
32 52
59 80
82 58
94 39
3 53
87 25
17 99
97 82
78 95
67 32
39 93
42 36
98 2
14 43
12 73
93 55
26 3
26 39
49 74
73 26
97 22
86 10
11 1
84 35
59 39
38 28
95 66
37 82
32 9
58 61
23 25
60 33
83 53
34 60
65 74
47 51
28 96
12 16
34 43
82 23
73 58
66 6
60 45
3 98
48 61
71 9
77 89
47 94
4 79
26 72
8 30
51 22
56 3
7 48
16 88
98 57
0 10
51 79
81 75
0 65
99 78
71 98
29 67
80 43
34 0
18 84
67 0
66 79
68 16
20 41
32 26
6 27
42 74
42 5
10 46
85 67
33 88
69 51
25 55
42 20
40 38
92 29
17 67
51 58
84 44
47 70
53 36
25 92
36 19
74 37
53 49
19 46
52 72
46 44
