111
1 56
3 94
93 58
27 38
32 82
2 21
93 66
3 28
94 78
20 58
61 69
82 35
49 82
10 68
27 4
45 8
62 44
4 5
44 15
30 30
18 73
61 82
9 20
57 29
86 17
95 43
75 85
18 92
59 12
73 9
93 2
66 97
32 66
40 94
31 21
92 86
4 70
24 52
5 84
61 63
21 7
87 37
14 49
43 23
64 2
23 81
54 12
19 44
41 83
5 61
88 86
32 6
21 17
28 73
75 53
41 54
42 38
71 25
90 23
6 0
4 37
9 61
78 57
58 99
54 48
74 99
79 75
78 1
44 97
56 83
91 96
55 44
55 69
9 99
41 1
7 35
91 9
53 26
12 1
53 62
1 92
83 68
82 52
85 31
1 14
33 50
25 31
42 76
77 15
78 82
63 9
69 60
32 88
33 25
48 31
61 91
89 72
18 8
60 16
61 49
62 73
36 72
83 21
50 28
55 95
35 20
8 6
70 87
54 76
85 78
38 30
