122
93 71
66 16
26 5
49 11
36 64
29 20
46 90
74 4
14 90
75 78
27 75
93 94
52 39
85 19
29 29
40 23
25 63
63 55
8 43
56 79
81 61
5 57
61 98
95 38
11 19
95 9
21 95
49 51
62 65
95 85
70 48
44 95
42 4
47 66
1 94
71 97
4 22
47 25
15 67
85 91
96 17
28 9
68 71
87 28
24 25
56 20
14 56
24 76
56 50
91 79
85 13
57 91
18 17
95 24
11 3
60 1
71 34
27 43
2 73
84 47
34 14
0 8
67 31
6 38
96 63
41 81
98 1
98 99
29 90
38 42
0 88
99 38
70 15
11 36
0 51
53 34
1 66
77 60
79 97
91 0
71 1
70 85
35 56
53 65
14 81
21 2
6 97
21 58
24 40
52 15
82 32
75 74
67 50
70 19
79 4
86 63
49 75
33 82
52 46
65 95
18 81
40 6
19 31
61 34
68 79
32 67
54 75
64 6
32 25
11 62
78 51
48 18
84 75
13 44
81 18
10 86
19 9
89 81
62 20
75 88
22 86
19 65
