112
11 78
23 67
56 67
31 31
58 21
87 71
84 16
93 28
8 36
75 28
68 89
40 90
90 48
2 67
75 2
13 10
30 64
43 36
92 12
67 23
79 82
62 78
88 32
59 35
96 85
26 95
64 51
37 18
30 2
5 53
79 47
2 10
58 93
93 95
11 28
78 67
93 54
66 56
90 3
50 44
4 75
34 25
5 43
5 2
56 79
3 26
96 77
66 37
84 95
35 67
36 96
76 12
64 73
69 42
4 98
57 2
34 49
20 52
8 15
53 62
99 15
97 61
53 2
41 11
19 91
46 77
57 99
23 0
22 14
24 38
41 51
74 62
8 92
1 57
61 7
96 47
18 82
79 31
34 53
75 89
27 68
18 14
0 41
18 37
33 87
8 71
48 52
63 98
71 8
81 76
0 19
80 52
90 18
27 52
30 23
17 30
89 64
55 39
51 67
33 39
91 8
70 20
60 53
67 70
34 16
79 37
66 14
7 28
63 59
80 23
59 46
33 58
