117
40 55
24 38
30 47
61 95
59 59
28 94
29 23
38 7
73 57
64 6
63 33
3 82
17 5
95 30
52 97
34 26
57 6
62 68
31 0
75 96
79 19
76 40
19 82
3 6
5 68
98 92
68 81
82 80
89 55
94 12
2 35
45 40
58 51
45 91
94 46
20 56
18 97
8 25
52 27
16 39
73 1
88 72
51 0
21 19
57 71
35 53
67 96
10 10
7 57
60 11
42 16
84 89
70 50
52 54
27 6
67 8
94 83
27 29
37 39
35 81
2 96
43 69
26 69
75 20
80 35
0 49
42 45
62 37
87 7
77 63
81 98
90 51
2 88
99 39
99 19
6 72
45 83
27 65
31 95
6 49
50 21
12 68
11 30
41 2
86 65
62 86
80 14
17 93
69 23
22 0
72 66
7 35
56 35
28 84
64 81
43 59
15 19
26 49
83 40
36 17
66 28
51 46
10 82
22 34
81 70
39 63
54 82
14 73
70 88
28 54
78 49
66 64
20 12
71 9
70 68
29 15
27 39
