115
89 45
75 35
84 98
87 78
9 23
28 14
22 30
17 68
54 31
8 44
68 88
92 24
76 13
3 26
73 82
96 38
46 34
85 68
70 23
3 37
2 82
41 82
53 64
43 4
24 47
69 60
8 7
18 84
97 91
66 46
47 55
18 54
33 88
84 12
62 16
79 98
27 73
3 52
89 54
21 13
71 74
38 27
49 88
71 52
60 61
97 73
8 81
50 19
83 30
15 65
54 75
73 44
95 45
58 41
16 44
89 88
55 21
85 19
79 77
14 50
3 96
58 1
87 40
62 53
0 61
38 50
83 87
27 95
1 11
21 1
65 99
72 4
31 67
53 5
32 35
55 89
35 12
97 29
38 97
32 52
46 63
94 10
84 54
31 28
2 20
70 18
0 44
25 81
45 79
48 39
19 16
10 66
62 75
70 94
73 33
43 12
2 30
35 45
82 70
64 21
23 22
50 85
8 26
75 30
68 80
24 64
57 10
12 40
45 23
26 36
64 39
50 14
82 42
9 33
9 61
