116
76 38
0 32
20 64
81 81
40 71
31 7
65 88
50 47
94 15
48 21
13 14
2 5
29 52
36 99
7 68
45 16
81 29
23 43
79 89
4 19
9 54
54 72
90 48
29 27
81 61
57 5
44 86
26 78
61 33
9 90
96 54
5 37
61 61
44 42
59 92
27 93
62 39
50 1
80 23
87 94
77 67
35 67
82 44
12 22
42 1
30 37
53 21
93 87
85 11
5 62
66 28
5 79
47 95
67 42
79 52
31 48
39 15
6 11
14 60
19 32
97 32
67 80
70 33
2 97
84 1
25 5
67 17
99 17
22 98
97 97
66 97
40 82
5 98
1 51
77 5
0 36
30 22
84 75
80 96
58 55
91 1
28 0
50 71
96 47
62 10
47 27
59 75
15 48
87 65
33 58
52 57
94 36
7 73
39 85
62 55
53 88
37 56
53 41
31 31
55 7
70 18
18 18
84 82
58 71
22 46
55 26
72 56
94 23
38 49
76 42
91 55
34 23
74 85
53 45
27 56
71 53
