90
83 76
79 90
83 35
80 45
80 97
92 7
95 84
61 43
26 10
28 42
83 28
70 87
78 64
91 77
53 19
17 26
78 2
16 10
54 7
86 21
51 25
52 43
17 45
69 34
97 7
82 55
76 16
73 96
71 46
16 19
82 13
96 56
0 2
65 71
68 16
93 91
92 59
15 35
48 20
75 60
47 35
57 49
85 42
11 7
84 72
28 18
53 11
74 82
60 29
91 29
67 54
89 48
2 28
89 80
70 26
99 28
18 52
73 70
54 37
39 33
75 53
1 17
98 10
57 0
91 98
35 14
98 42
83 65
20 5
2 11
50 2
8 34
26 26
68 10
24 46
98 69
88 0
69 78
64 63
75 30
99 78
75 91
84 16
83 6
46 28
77 10
60 23
75 49
80 23
82 86
