98
97 2
2 3
88 50
86 90
33 39
96 77
15 53
55 30
14 78
49 6
12 13
42 97
80 6
28 65
68 37
20 92
54 44
64 2
7 65
84 59
38 1
15 43
47 26
27 35
17 17
75 30
6 2
21 52
45 40
3 54
58 60
2 97
35 15
90 34
65 91
53 77
73 68
84 17
31 21
28 75
70 23
66 53
91 54
62 84
74 52
32 7
7 20
24 84
58 25
76 49
2 11
75 19
26 44
73 59
43 67
81 38
43 56
97 36
75 73
35 98
78 98
50 95
92 91
66 8
49 10
93 20
59 99
38 87
43 73
81 80
24 66
26 21
46 57
74 1
41 33
58 48
54 25
72 93
48 71
93 13
15 81
19 36
57 2
34 78
65 67
28 91
38 59
40 22
90 27
24 58
55 91
81 90
87 53
69 28
59 8
58 52
69 43
34 32
