109
69 44
50 37
42 88
49 52
24 25
49 19
97 71
56 76
34 67
12 76
32 40
9 97
1 22
69 91
35 15
67 30
18 44
53 68
52 91
91 75
63 44
16 32
38 22
55 85
43 48
79 63
86 11
1 58
68 14
18 63
81 35
0 28
31 93
75 88
80 5
95 7
77 74
95 86
9 81
60 7
31 7
74 49
61 59
9 39
22 52
40 54
8 55
32 35
89 61
23 19
72 31
59 93
47 16
69 70
80 18
28 44
52 45
18 34
29 21
99 27
15 6
98 50
69 81
26 79
97 22
3 98
40 74
98 94
91 47
71 38
35 0
86 33
15 95
12 13
66 6
28 86
83 61
65 98
0 51
39 69
46 34
90 89
7 20
10 61
86 18
54 99
86 40
83 76
43 19
16 60
47 73
63 78
36 62
45 90
17 81
69 60
94 13
13 34
55 36
45 11
93 67
77 46
33 21
6 25
84 80
54 79
38 40
43 28
59 85
