97
25 14
16 25
7 13
4 57
76 20
16 78
2 4
29 4
21 83
28 19
54 5
52 90
14 99
27 63
68 89
96 30
12 27
11 53
74 25
2 21
17 68
13 90
11 20
20 9
69 63
57 26
65 39
98 7
52 65
87 52
89 75
92 60
92 24
53 99
0 68
69 83
63 13
83 72
61 42
94 0
91 46
26 97
18 50
56 12
89 8
63 66
99 38
15 1
59 51
99 59
75 84
79 31
30 74
59 95
58 76
9 74
78 59
86 82
81 23
67 95
12 60
23 71
73 3
2 88
98 73
26 49
76 49
28 29
78 6
27 93
18 18
0 84
52 81
99 44
60 28
77 64
2 27
74 97
6 97
95 80
53 23
29 88
84 42
83 9
11 95
58 68
68 49
64 7
91 21
98 56
27 12
82 57
71 34
15 58
16 97
85 18
21 89
