112
51 54
4 65
34 43
88 96
29 95
29 52
91 32
47 93
58 23
76 85
50 2
2 50
29 23
17 34
78 71
1 93
92 46
45 32
64 76
30 13
56 15
44 40
78 25
92 14
35 79
9 3
70 57
96 62
64 42
95 77
51 85
24 91
62 70
19 60
8 48
98 91
96 6
80 22
15 5
31 69
53 51
9 32
5 15
94 37
88 59
13 72
98 21
62 36
55 94
81 81
0 60
25 83
44 83
11 39
17 25
51 25
59 89
36 31
71 9
78 44
3 97
33 5
11 78
73 1
55 0
0 30
74 95
97 72
34 61
37 10
5 94
65 62
76 30
93 98
86 8
99 44
59 0
77 48
25 47
65 84
22 9
10 99
63 17
21 68
44 15
59 66
17 86
99 29
6 46
96 58
37 82
24 32
65 95
81 58
80 88
60 46
92 73
29 2
43 25
61 32
47 1
7 64
83 50
30 17
62 81
67 54
25 74
28 55
73 40
75 67
50 39
13 59
