118
87 6
2 83
93 29
94 12
34 72
31 94
55 72
13 51
64 84
59 10
71 26
56 30
36 7
94 71
42 55
44 16
95 38
28 14
19 45
76 10
27 66
69 4
80 22
82 29
63 54
58 97
81 47
99 53
1 35
2 12
16 92
79 73
30 30
76 97
42 84
18 4
7 73
81 54
62 39
69 67
27 58
56 54
85 83
4 20
37 78
8 88
47 91
55 36
62 4
64 99
51 76
78 91
41 64
61 58
86 61
69 79
86 15
99 87
39 41
12 59
42 2
0 40
12 23
33 98
45 20
16 76
12 1
29 20
72 43
95 48
40 35
3 70
12 96
59 16
93 91
24 37
1 87
1 50
48 0
42 50
32 0
14 20
93 33
92 7
76 44
73 1
95 56
22 89
33 80
49 86
18 74
62 92
24 61
9 37
60 21
58 51
34 48
96 18
6 59
71 58
46 61
47 41
58 69
42 13
22 47
61 24
94 41
68 38
71 86
30 75
35 15
61 74
50 15
54 24
68 13
91 21
85 53
11 46
