107
70 5
84 48
96 38
65 93
16 44
60 43
90 5
97 61
38 91
85 89
33 46
68 73
25 22
48 58
76 26
94 15
9 49
33 54
67 62
30 93
55 38
50 86
69 80
16 37
87 32
66 18
80 13
82 68
40 70
13 70
12 94
47 18
37 1
2 11
19 9
96 84
6 63
80 95
0 49
54 80
28 72
20 98
67 88
81 62
66 38
94 8
48 30
74 6
81 31
3 36
91 91
23 87
34 62
17 32
62 76
52 3
23 4
40 16
4 77
4 25
2 99
32 29
96 64
99 23
98 78
61 16
57 99
84 53
34 96
16 64
68 47
18 2
41 33
67 1
58 61
84 74
46 72
6 91
4 54
47 11
50 47
19 81
97 18
69 32
52 94
31 19
7 5
89 97
6 99
55 29
33 86
79 70
75 93
92 52
62 64
75 45
78 21
49 44
44 63
88 37
98 9
36 51
90 81
56 14
62 55
90 12
85 83
