105
38 67
31 19
90 95
55 71
95 4
50 39
46 73
69 24
51 23
84 31
37 86
24 98
36 46
74 55
94 66
60 6
78 85
9 60
95 10
31 81
51 17
96 90
39 93
79 96
26 73
45 63
54 95
24 56
91 49
25 5
40 5
66 39
17 21
81 11
1 38
9 9
72 79
56 86
94 20
15 91
16 73
0 56
53 46
31 41
71 65
94 56
95 36
73 15
45 21
68 64
13 33
31 61
90 87
90 5
67 88
50 80
82 91
88 21
44 13
44 51
3 22
1 90
87 69
68 0
26 2
81 39
22 49
7 55
8 94
9 40
25 25
96 80
42 0
80 54
36 35
69 98
66 19
99 61
99 31
16 77
94 47
35 88
82 68
74 7
14 81
77 30
27 11
17 58
65 71
47 25
3 28
28 42
29 95
84 98
48 70
95 15
38 52
88 53
72 69
42 87
30 8
76 97
83 61
38 78
26 85
