113
66 42
82 77
25 29
27 61
90 17
30 96
72 89
41 64
41 42
3 11
76 31
73 55
44 14
31 85
30 21
75 71
61 3
94 53
3 63
33 4
27 45
57 79
15 91
59 24
9 41
93 68
56 93
92 39
99 6
17 12
53 3
11 31
70 97
51 66
43 36
81 14
60 49
96 74
65 19
42 96
37 72
85 83
14 67
15 96
70 69
77 39
95 15
75 95
48 83
29 75
60 38
72 4
42 58
93 48
43 2
36 15
84 55
48 40
67 51
85 33
85 5
22 22
37 50
15 24
46 69
62 87
32 66
5 78
94 94
2 16
19 1
1 0
23 44
1 41
3 58
16 87
49 21
98 21
20 58
65 67
26 1
99 79
7 73
93 31
29 28
51 54
45 28
67 11
60 98
67 83
62 34
10 55
88 59
7 16
80 41
13 40
27 37
56 70
26 98
21 66
68 61
85 74
44 25
87 19
57 40
78 47
33 16
31 31
29 12
68 38
52 30
81 45
69 43
