111
82 75
61 55
43 24
42 35
37 94
92 33
6 91
41 50
8 8
94 67
4 22
19 42
24 86
41 68
68 68
76 35
44 97
34 21
61 74
32 27
85 4
67 89
82 90
4 41
59 8
27 69
97 92
81 54
96 48
30 6
99 9
78 17
9 86
68 48
23 39
58 88
80 2
33 50
22 94
93 62
7 50
82 49
69 97
88 81
52 71
34 86
67 38
51 92
86 16
95 5
7 98
49 30
78 29
41 16
68 72
71 6
36 57
89 94
32 79
73 88
58 46
32 35
38 85
20 19
3 66
15 94
2 71
52 5
21 61
58 24
1 36
37 2
47 68
3 57
13 77
98 66
92 38
94 24
14 21
50 52
66 53
64 6
87 75
58 30
96 53
50 11
46 38
36 49
14 28
22 47
76 72
54 81
35 12
57 99
82 44
66 25
93 9
29 96
43 94
27 54
78 11
65 93
74 63
38 21
65 83
41 58
78 84
36 33
83 8
33 42
30 17
