111
12 10
18 32
22 42
24 86
97 35
80 9
66 32
94 68
47 46
33 23
81 33
6 71
81 74
27 56
74 61
33 83
40 28
16 5
79 17
59 36
61 20
27 51
57 85
4 86
90 86
98 9
88 47
2 22
48 69
63 2
97 89
72 80
55 89
3 97
55 15
98 51
39 84
30 67
48 54
24 1
96 65
73 83
24 34
51 37
10 29
89 1
4 76
20 74
3 11
83 39
54 22
90 15
96 80
18 49
64 78
64 9
24 9
72 26
32 33
43 2
73 13
62 53
80 96
4 50
99 28
39 97
98 99
62 70
81 20
44 69
82 60
14 88
26 19
80 0
43 54
69 54
9 56
49 4
31 97
9 36
70 94
97 20
19 84
47 74
16 69
84 46
31 5
13 55
95 72
45 40
27 60
64 46
9 18
75 0
37 40
62 60
17 1
91 33
57 30
92 58
73 45
11 24
85 71
69 84
22 66
10 41
32 48
26 80
37 63
89 21
19 25
