113
24 73
14 45
50 27
39 80
5 37
6 81
79 5
40 1
90 55
76 79
60 8
65 67
70 33
49 69
58 50
30 6
20 47
90 5
44 25
34 92
42 66
61 27
69 13
20 34
44 77
35 50
92 96
61 85
99 26
20 89
4 7
85 27
4 56
4 98
76 46
27 25
93 59
75 90
46 3
51 52
12 4
77 64
20 54
12 86
88 88
89 32
34 59
68 51
15 14
30 34
76 9
64 37
23 77
4 45
70 18
92 18
54 76
49 54
30 87
71 3
75 24
91 74
55 98
3 64
69 97
40 99
98 2
99 78
13 20
99 97
45 39
18 62
51 90
82 47
0 76
29 17
49 19
77 99
62 81
92 50
34 42
94 82
32 56
23 69
3 92
26 98
97 68
7 71
57 12
49 39
14 88
84 37
43 15
94 25
83 93
46 83
11 36
68 82
48 62
26 14
36 28
88 69
87 18
85 98
57 31
90 42
62 59
36 53
39 73
84 84
65 19
14 81
25 61
