110
98 2
91 91
50 9
9 96
11 4
51 74
91 75
6 60
72 59
12 79
87 12
28 40
5 42
24 11
60 47
41 87
86 89
75 51
59 79
23 52
45 65
86 72
80 7
22 29
14 91
13 13
94 49
46 31
29 76
68 29
92 30
34 1
38 17
39 50
27 97
61 18
65 85
2 57
31 69
70 69
84 27
78 45
0 14
52 35
50 91
72 8
4 78
99 83
89 66
31 26
48 27
15 34
58 13
34 55
79 95
27 6
24 83
59 71
81 13
30 86
91 19
51 85
62 99
1 25
1 0
53 49
97 34
90 48
0 88
55 0
70 22
38 0
18 48
72 37
22 66
14 31
47 62
33 40
71 83
7 74
47 13
33 95
85 65
98 22
10 45
61 55
88 33
6 94
73 78
98 77
17 9
48 38
56 74
26 20
16 53
35 74
40 26
81 35
49 56
84 16
41 7
96 40
60 27
22 25
92 85
61 64
43 80
34 33
10 88
50 20
