109
60 55
21 36
70 14
5 36
62 80
35 37
36 51
77 90
33 11
36 75
18 2
62 33
47 86
45 27
47 2
32 58
68 74
70 56
23 45
16 11
35 28
52 78
70 25
2 6
82 2
12 54
92 51
91 28
88 76
99 66
22 79
7 79
79 38
45 97
82 73
17 26
86 7
57 47
49 67
64 4
91 86
17 91
16 72
73 47
54 27
9 44
75 19
31 79
4 25
57 41
21 31
39 22
56 88
61 25
70 66
8 47
48 52
39 67
81 13
79 83
31 29
41 80
0 66
66 84
99 1
60 98
81 97
2 81
99 23
94 37
61 0
41 99
47 8
17 58
87 50
95 80
37 43
95 8
90 96
84 64
64 60
0 75
37 6
13 8
80 41
3 40
68 98
77 27
6 61
89 0
41 65
47 20
49 45
41 89
22 54
89 58
74 0
54 61
56 94
89 16
63 75
63 43
87 80
36 83
43 37
69 32
46 71
16 41
55 84
