114
20 22
95 2
11 38
28 52
39 65
8 44
79 30
53 74
49 21
69 93
66 42
95 45
25 84
39 87
31 32
47 32
58 46
15 10
61 90
58 16
40 58
45 78
14 33
17 67
44 4
5 0
24 99
95 87
3 89
77 75
59 61
91 16
91 66
86 32
29 13
54 60
50 97
6 16
4 82
59 76
48 46
28 34
20 76
89 56
25 92
11 0
30 54
56 99
13 55
36 10
47 88
35 79
36 32
12 24
55 55
41 40
26 70
51 79
65 3
3 68
80 5
30 23
71 25
76 98
94 96
97 80
70 60
81 1
98 30
99 66
1 14
51 2
77 95
68 18
12 99
82 16
98 51
75 41
99 9
92 81
53 30
1 44
75 65
61 37
21 11
33 98
43 0
20 84
23 49
11 65
5 52
92 47
82 69
89 84
47 7
16 96
82 11
64 23
33 37
60 80
39 93
12 69
34 65
58 36
7 9
55 65
84 26
28 78
43 25
90 3
27 57
64 54
33 42
33 85
