111
19 77
27 96
12 50
82 1
41 92
91 57
86 26
3 50
44 66
96 96
65 82
84 82
11 11
59 59
50 39
70 14
18 63
95 49
93 16
93 74
19 55
74 76
9 45
90 7
67 29
28 8
46 14
8 25
24 30
0 83
74 93
57 54
15 86
53 11
10 4
43 78
32 69
74 36
96 2
26 42
92 40
39 34
0 58
56 13
92 66
67 73
52 46
46 90
22 20
10 65
37 70
4 15
10 80
15 41
35 55
43 0
61 99
97 88
27 5
5 31
72 0
12 98
81 96
39 27
85 53
93 24
2 79
60 89
34 98
34 41
98 70
43 57
51 75
66 45
66 24
67 4
0 65
80 67
16 82
9 30
81 33
36 17
32 84
95 10
52 41
54 98
20 96
21 1
28 54
49 6
87 29
35 5
66 90
38 84
75 7
18 17
4 62
24 70
43 19
87 61
20 27
36 22
38 43
23 58
72 80
79 25
23 86
7 51
21 49
14 74
11 23
