114
49 47
82 40
18 97
82 98
40 91
51 17
74 65
33 12
6 6
91 21
68 2
43 34
67 32
83 6
54 96
15 69
80 84
34 18
82 23
2 8
78 70
38 28
50 87
38 10
97 73
27 78
36 61
24 35
48 69
88 57
68 95
14 21
30 48
96 56
5 70
76 21
74 56
58 43
57 4
6 98
60 66
61 18
24 80
36 0
89 72
29 32
69 52
35 54
35 89
50 41
72 27
26 71
73 9
76 49
69 73
95 64
50 36
96 94
16 55
8 43
98 4
1 63
2 77
20 94
22 6
96 20
2 94
41 75
89 43
95 91
52 0
56 81
0 19
60 97
94 5
2 1
55 21
17 59
81 88
87 0
24 43
49 62
67 92
9 79
96 50
43 1
27 1
90 28
61 75
49 19
85 81
14 12
49 94
99 66
65 10
14 85
58 36
75 41
98 10
44 41
28 20
30 40
80 63
39 68
86 31
81 13
61 81
95 84
90 62
61 13
39 33
89 16
71 84
52 14
