166
34 96
96 61
64 61
31 36
6 16
86 71
78 50
53 7
50 34
48 93
14 50
31 51
73 6
39 76
87 85
99 28
88 40
51 84
16 20
72 67
31 27
93 56
1 20
78 65
90 34
31 42
25 40
25 77
91 14
7 91
1 35
66 84
70 22
1 58
89 99
38 5
50 51
65 42
7 2
18 64
23 6
1 78
70 98
99 77
53 70
40 62
46 20
98 1
57 30
97 99
7 75
24 83
24 0
16 36
0 92
0 44
73 82
39 1
66 0
49 99
88 18
74 36
80 1
1 2
64 46
32 22
22 63
25 99
66 19
95 85
55 99
39 68
2 30
56 66
78 98
95 42
64 17
96 6
50 13
46 40
59 84
37 91
0 73
78 54
77 28
0 16
18 85
8 52
98 22
38 22
18 15
23 68
15 0
77 84
98 50
11 35
87 0
35 56
58 48
54 33
98 93
6 54
32 1
53 77
95 36
48 3
87 65
41 97
74 79
80 35
40 38
22 91
64 94
32 17
83 14
35 77
54 56
65 5
0 5
74 51
64 67
17 41
98 16
50 6
23 22
8 87
8 60
33 82
91 91
63 27
16 4
27 56
50 79
5 21
49 62
32 5
71 15
39 42
79 43
51 28
0 84
90 57
19 77
72 94
64 35
56 94
26 36
8 5
39 48
33 63
16 55
40 17
6 30
22 16
82 93
64 53
64 78
26 30
47 69
56 21
33 72
86 28
6 41
55 43
73 44
25 51
