112
46 78
61 95
92 84
90 25
85 69
17 62
75 31
33 69
74 58
39 7
32 98
26 37
8 48
70 0
44 47
47 94
59 12
3 33
76 73
47 72
17 31
32 39
93 29
68 68
10 17
80 93
89 43
89 10
6 77
17 92
16 4
61 30
59 51
31 83
75 97
33 63
2 68
75 44
50 18
31 7
63 79
87 52
83 6
25 85
37 61
73 50
94 77
86 97
63 6
50 53
7 6
80 21
22 23
62 87
88 59
70 36
16 39
44 58
41 75
22 52
45 30
9 96
97 12
99 61
1 54
97 99
32 24
52 16
20 76
35 2
43 95
0 23
72 17
55 34
38 45
0 77
95 85
24 99
1 39
44 67
31 3
14 45
10 65
16 9
89 32
71 64
27 19
58 99
98 55
53 36
99 22
70 82
82 74
41 81
64 50
7 24
66 25
36 31
66 97
15 83
19 54
93 51
24 1
57 92
87 83
68 72
66 30
10 39
51 44
78 56
15 55
89 81
