108
76 58
83 25
47 45
3 21
25 96
89 12
2 63
79 97
96 80
3 97
39 10
50 68
64 89
34 82
61 39
65 2
56 18
41 90
39 42
87 71
44 3
16 64
8 80
99 47
10 44
2 4
28 53
23 33
95 33
65 75
61 54
28 74
82 81
74 17
30 14
64 32
98 5
12 24
42 59
84 61
21 74
70 56
72 7
47 36
55 73
46 22
14 52
98 16
86 33
71 82
70 27
4 53
16 33
79 67
18 80
46 54
91 80
57 63
60 28
70 48
53 47
99 97
18 6
11 71
57 87
43 94
33 28
17 99
76 43
78 79
85 95
57 9
32 60
33 43
86 2
39 0
21 10
71 0
9 94
1 67
36 27
3 27
20 50
43 86
82 45
60 16
75 21
89 19
97 75
62 60
43 65
34 46
22 26
77 61
68 41
30 88
18 43
70 17
72 76
72 91
32 95
61 44
90 22
54 54
64 83
28 47
74 54
41 38
