113
70 71
12 86
43 0
92 83
80 52
73 83
87 31
38 50
36 89
37 65
72 23
3 24
22 42
65 6
48 10
89 93
90 24
68 87
13 47
33 52
79 42
81 81
69 76
52 86
52 53
61 41
84 9
24 77
96 64
21 24
1 4
2 96
81 58
36 98
19 69
54 78
4 48
30 38
56 17
12 3
66 27
58 63
33 5
13 21
11 94
45 78
70 20
60 91
39 8
84 51
14 33
18 79
29 66
67 65
79 95
74 52
0 63
45 35
77 81
39 21
92 7
99 96
4 71
71 0
1 39
99 23
94 48
49 33
43 64
97 81
14 65
89 68
84 97
2 21
66 48
37 95
98 20
25 56
19 17
81 37
38 84
74 4
55 25
38 0
48 52
27 11
64 37
6 87
59 9
43 68
40 35
11 55
7 34
23 33
86 34
24 83
5 77
91 79
90 62
52 45
9 63
53 67
70 91
75 25
57 27
75 63
62 73
69 10
32 71
37 56
76 33
87 89
83 71
