112
82 6
72 81
7 79
37 9
58 18
55 64
52 92
18 30
42 49
38 70
10 6
54 37
14 95
42 18
81 81
84 15
64 27
70 3
45 2
51 17
47 28
90 30
21 75
23 46
98 74
87 57
64 48
12 57
5 23
98 17
65 99
86 88
27 52
75 57
42 97
3 72
72 29
88 64
93 38
27 86
28 9
86 1
3 50
70 43
43 73
31 24
77 21
83 71
31 39
80 94
5 87
71 8
92 85
12 47
69 34
58 23
78 65
89 24
80 85
96 99
3 32
99 10
13 3
32 86
53 58
4 15
85 46
47 97
19 25
16 65
40 64
69 96
25 99
6 1
0 58
54 41
69 63
95 0
40 35
1 37
99 34
48 90
18 9
85 40
12 86
57 11
6 17
21 29
62 63
72 5
49 49
43 10
41 28
5 43
19 44
13 71
20 95
97 24
75 28
82 51
69 73
21 16
85 11
37 14
9 63
56 47
47 59
92 75
90 5
63 17
31 15
50 20
