113
16 77
48 80
82 75
40 12
13 90
32 59
55 4
56 96
70 55
26 28
58 43
34 43
68 20
83 61
15 53
47 19
40 74
58 34
72 13
65 32
88 19
82 95
16 12
98 37
42 97
4 1
70 87
49 54
2 67
1 38
85 47
2 18
24 99
27 45
25 73
64 66
94 34
16 60
46 60
60 97
87 81
8 44
4 78
41 22
72 48
92 67
72 32
51 86
36 60
46 8
7 60
51 42
20 84
10 74
10 8
18 70
44 69
23 48
56 54
97 2
99 93
65 38
22 30
8 25
99 19
34 85
71 0
33 2
83 22
84 99
60 72
92 50
40 99
54 0
95 65
59 19
44 29
74 73
0 57
86 11
97 33
4 85
62 75
35 90
22 20
21 91
38 7
11 30
0 16
82 38
42 46
80 79
71 63
30 28
63 12
19 44
32 66
73 23
52 26
29 89
41 1
48 76
7 53
42 55
91 40
11 64
84 73
54 67
32 95
26 61
25 36
48 11
43 61
