113
59 45
39 5
87 72
65 78
6 19
43 43
63 21
79 76
49 61
33 63
29 48
44 29
10 75
39 91
87 29
13 60
82 56
34 30
57 36
96 30
57 83
30 2
20 74
35 56
60 67
86 92
17 91
92 44
25 19
50 14
0 4
73 98
16 4
11 47
69 64
26 77
48 80
98 49
68 49
50 56
22 48
47 4
76 62
48 25
34 70
5 14
20 86
87 63
47 91
52 31
71 85
29 39
15 52
65 37
55 56
25 68
64 0
74 11
94 10
1 94
98 83
59 99
44 50
92 98
3 76
93 14
19 26
77 19
2 59
73 33
37 40
26 99
12 28
56 0
53 97
74 4
35 88
1 18
58 14
81 42
45 71
15 45
94 90
21 10
62 69
99 18
99 40
76 90
39 23
83 49
84 21
68 27
11 70
24 34
28 62
72 13
12 6
33 80
4 65
62 93
90 35
11 21
53 18
55 38
47 57
38 28
18 83
29 54
55 45
29 32
47 34
19 70
25 44
