104
3 3
17 10
45 22
42 50
45 2
45 82
15 68
7 50
28 85
10 32
22 50
27 25
3 97
35 72
38 35
3 19
3 76
38 95
30 3
17 95
5 82
33 65
22 45
3 58
2 35
23 80
17 15
40 18
45 57
27 30
3 92
45 37
3 12
13 1
22 65
3 54
38 3
33 90
43 75
5 28
43 90
18 90
1 83
23 40
35 2
37 55
1 68
38 40
35 18
20 73
1 43
22 55
17 5
1 27
20 22
45 67
32 10
18 60
7 40
28 95
2 15
37 45
43 30
5 67
30 58
10 93
45 13
33 80
20 33
15 78
22 1
46 97
27 20
38 60
15 38
12 25
12 55
40 67
38 85
27 35
28 75
18 85
10 72
37 25
10 7
7 45
30 42
27 15
10 63
28 70
48 45
10 17
25 7
32 50
15 47
10 83
42 81
0 50
24 91
40 8
14 29
24 61
16 22
33 28
