112
75 30
70 74
60 59
63 10
53 45
84 67
29 15
51 6
23 88
41 62
30 33
3 23
58 93
80 96
47 75
99 46
87 72
84 58
20 36
40 46
60 41
24 11
77 61
71 86
55 34
9 80
94 24
4 54
83 8
27 52
19 65
48 21
40 79
86 2
85 90
0 71
65 2
13 95
12 24
87 22
70 2
45 45
39 8
75 53
18 25
11 61
80 27
32 59
90 76
69 36
71 97
45 32
92 61
29 25
17 17
80 75
35 55
1 1
34 97
37 0
9 38
95 92
25 72
83 44
78 67
56 59
50 90
98 60
4 89
8 54
14 10
4 36
19 93
72 22
87 6
43 18
21 48
91 94
2 80
38 61
58 87
31 91
55 67
59 11
68 45
6 52
8 15
40 16
84 49
40 39
88 11
27 94
79 85
28 6
0 42
72 4
78 35
65 27
35 38
59 53
33 23
34 65
12 34
79 89
18 53
91 82
35 44
22 19
84 63
49 63
79 17
79 40
