116
2 51
79 32
53 45
21 32
23 18
9 55
82 97
91 15
67 82
22 86
1 29
67 44
19 56
87 40
95 4
90 88
63 72
15 90
23 6
66 92
88 32
55 30
49 65
84 73
72 6
8 71
40 96
49 17
35 67
35 26
43 81
9 15
72 14
24 36
0 76
11 97
10 41
73 30
93 68
56 14
57 48
93 96
4 56
72 1
45 36
94 33
73 99
21 50
64 29
15 21
7 83
52 39
16 85
36 52
73 61
90 54
3 2
90 18
54 91
43 7
38 50
36 82
99 77
26 3
21 65
55 99
70 66
81 56
52 81
99 19
71 84
0 6
29 19
41 67
85 80
18 4
56 59
29 95
99 34
26 33
69 29
29 77
81 18
76 46
98 6
0 44
45 15
28 39
4 65
48 74
37 91
59 32
69 87
35 62
11 1
93 40
85 87
13 38
29 5
12 71
22 97
40 15
94 11
30 37
34 76
5 50
25 56
58 18
55 70
71 32
46 88
26 21
75 36
25 11
82 31
8 60
