111
92 73
65 32
5 76
1 52
20 25
48 66
97 7
53 9
75 20
44 90
29 76
87 32
85 56
39 18
53 24
89 7
41 58
94 68
1 87
61 12
84 71
17 96
16 49
15 0
62 52
88 90
62 86
2 36
99 46
7 14
22 62
27 9
36 52
22 45
38 95
0 19
59 67
83 85
17 29
34 27
19 79
8 65
67 55
36 78
51 27
78 11
47 94
91 51
34 8
3 80
50 77
60 2
11 36
47 57
21 57
88 41
22 74
55 97
25 15
10 83
34 63
76 98
52 42
40 73
91 97
76 44
99 29
77 70
27 53
12 97
38 36
32 98
46 0
69 82
98 84
99 14
97 65
79 28
81 5
0 46
52 38
2 62
99 51
38 44
60 71
71 29
73 61
26 92
88 1
68 14
24 1
42 14
6 32
23 39
62 40
51 52
76 49
91 15
37 22
60 26
30 83
16 91
22 13
17 76
84 15
66 18
83 64
26 65
27 27
32 17
72 25
