111
51 16
52 44
11 64
11 82
87 41
86 18
45 75
36 86
94 90
79 56
12 40
46 97
65 26
25 28
27 83
93 33
21 68
4 35
44 45
95 49
52 75
50 92
18 31
81 44
48 83
72 75
98 5
51 0
64 96
33 14
82 99
68 11
64 63
27 55
10 96
81 73
66 90
79 20
58 30
65 55
52 49
76 37
9 43
79 61
60 12
20 86
99 13
36 27
66 72
26 37
47 56
47 10
9 74
22 45
85 27
42 19
97 67
20 7
1 12
84 2
0 55
10 17
19 0
97 76
98 91
80 88
38 71
0 31
77 0
96 60
36 97
80 93
17 16
27 62
5 89
99 35
42 31
10 1
99 2
59 0
3 51
67 46
76 14
1 21
25 59
62 25
66 79
81 64
55 99
94 96
87 78
79 4
52 70
18 23
52 32
98 44
14 93
60 92
20 53
62 15
18 79
74 47
71 29
12 22
56 56
85 50
56 15
61 39
71 16
51 27
13 29
