110
7 75
29 70
59 66
94 72
28 19
72 23
93 40
87 93
5 95
81 12
12 10
37 30
36 83
38 53
84 58
39 9
16 31
63 28
54 75
26 85
69 13
90 82
88 68
7 85
47 42
9 49
65 98
95 14
62 48
52 86
5 14
94 32
77 30
32 50
52 59
77 54
52 27
30 4
9 29
13 70
45 12
19 56
31 66
18 48
9 96
76 2
91 8
32 26
0 76
7 3
18 85
80 47
93 61
1 90
70 32
44 37
18 25
33 61
42 98
71 85
73 71
16 80
28 99
20 66
53 5
46 99
0 49
96 95
97 46
99 20
65 42
40 80
67 93
99 5
67 3
86 84
48 20
66 65
6 63
55 81
33 0
86 27
46 54
22 37
70 57
98 67
7 44
59 29
2 11
32 22
99 81
19 16
34 86
68 18
50 45
82 40
92 54
35 6
82 21
50 77
54 15
65 79
8 25
43 63
46 35
73 62
6 56
24 22
31 76
28 12
