112
76 36
46 85
41 39
19 31
24 45
16 4
68 38
38 3
82 71
96 98
25 59
40 60
28 79
55 63
91 59
74 13
46 17
35 93
59 74
13 65
63 8
47 59
49 79
31 50
14 83
4 41
80 88
87 6
67 99
32 24
1 55
54 32
93 51
30 8
2 86
82 41
77 21
68 85
97 70
92 4
29 94
66 47
51 96
30 73
16 45
69 22
2 60
21 8
67 5
32 18
46 6
52 87
79 35
62 29
28 31
2 73
46 68
22 38
76 3
43 25
3 15
11 97
97 29
0 0
76 58
0 30
81 74
99 77
45 43
59 49
82 95
7 13
33 76
20 63
91 13
17 80
59 0
64 79
68 63
90 55
0 26
43 99
8 42
57 34
88 99
23 4
55 56
83 1
83 80
66 89
50 21
33 56
6 69
38 41
87 49
27 89
63 43
67 0
45 82
16 9
18 89
88 66
70 16
37 8
14 34
16 71
84 15
53 36
75 41
22 53
24 12
37 89
