116
54 65
91 60
62 32
89 79
12 39
62 69
32 39
74 19
51 23
10 90
40 52
35 2
55 9
10 9
26 26
73 42
9 43
5 12
82 65
48 53
51 73
69 25
55 95
82 7
2 26
86 93
95 34
10 73
35 91
2 57
69 94
99 48
98 65
63 50
21 94
44 26
18 23
3 86
31 56
25 5
86 11
67 4
64 80
73 99
81 57
70 18
2 2
25 92
40 40
81 95
49 16
13 25
8 80
22 10
7 49
26 33
52 32
31 47
17 60
98 2
36 71
78 16
96 26
43 0
95 79
79 80
48 97
0 31
48 79
64 54
82 43
33 20
31 78
2 94
97 40
67 71
89 94
0 67
50 0
21 58
52 94
89 25
8 3
99 72
15 42
0 16
64 85
34 65
17 92
50 40
62 8
76 66
66 39
18 69
40 85
35 22
49 63
92 40
18 6
35 17
1 78
69 33
48 9
32 85
86 51
54 81
24 60
10 28
83 71
65 24
53 69
18 49
14 83
25 18
19 16
33 29
