117
66 4
45 45
45 91
29 91
86 28
72 65
30 3
3 8
40 77
75 37
7 87
96 29
71 50
58 10
74 7
47 72
73 61
95 21
21 77
27 64
10 26
12 61
96 97
86 87
31 42
97 75
68 20
61 88
44 2
33 25
60 37
96 7
38 59
14 23
17 50
7 4
2 32
53 13
22 91
5 78
76 0
93 82
83 45
65 27
85 18
58 79
39 43
63 54
39 5
57 96
32 57
94 35
21 33
42 68
1 22
28 85
96 90
17 58
70 34
59 18
51 4
0 51
89 61
78 84
96 58
2 98
56 54
25 11
1 37
74 75
94 43
87 65
1 3
7 64
44 86
70 89
87 1
58 63
23 71
33 99
51 26
46 40
15 92
15 40
29 33
39 14
50 67
0 64
81 24
90 96
93 14
60 0
17 11
63 74
39 96
73 56
89 67
36 63
74 40
22 47
7 40
83 80
14 78
64 86
86 10
5 60
87 52
80 39
53 86
36 50
66 70
72 86
25 82
15 72
9 46
82 56
19 87
