115
28 63
13 15
12 48
35 11
36 71
19 96
34 26
67 46
84 60
78 91
7 80
83 8
30 40
63 71
32 80
12 3
65 92
13 61
68 35
87 18
22 41
22 89
78 16
54 8
70 1
49 43
41 92
97 82
11 32
97 54
95 96
82 32
5 94
9 47
29 25
59 30
49 10
51 85
71 68
42 67
95 26
77 47
48 33
4 10
31 48
69 99
1 57
84 70
47 96
12 25
24 80
69 78
41 75
71 9
29 18
3 70
6 39
17 86
59 84
42 85
17 12
56 56
90 4
2 99
92 47
91 98
98 62
33 98
89 76
66 31
40 50
3 25
49 4
3 77
64 53
27 57
49 19
80 56
13 66
97 12
0 93
56 4
50 48
76 99
91 26
0 13
49 69
80 35
27 96
57 86
69 26
35 17
90 92
38 31
92 10
79 61
17 30
70 50
78 76
52 70
21 63
48 53
1 85
22 77
26 49
32 32
35 62
38 78
77 22
10 62
13 39
9 18
70 40
37 75
39 25
