115
87 13
32 59
85 91
82 20
52 68
2 7
88 84
96 65
65 43
20 41
51 35
20 8
60 92
38 15
51 88
16 46
70 16
38 29
78 33
23 3
54 22
5 94
8 71
68 76
7 32
84 53
34 83
96 45
98 98
70 45
14 93
67 65
29 52
26 73
75 91
3 51
42 58
72 30
88 69
71 10
0 89
32 37
11 11
52 79
57 36
61 6
15 79
37 64
42 38
93 87
95 54
80 77
20 61
76 16
89 96
41 54
99 22
39 0
66 34
93 0
45 99
2 65
15 27
93 39
32 93
73 99
2 36
71 59
0 1
53 2
56 56
96 72
13 98
9 50
41 10
34 23
90 8
86 55
81 70
54 74
5 17
33 0
38 74
98 8
68 48
25 80
48 17
65 93
6 3
19 13
6 57
92 22
29 28
11 30
45 44
57 62
15 75
23 48
26 66
81 47
5 85
74 73
4 27
97 16
6 47
43 68
31 42
58 66
60 38
27 63
86 62
44 24
75 53
90 81
30 48
