113
85 68
27 70
75 49
41 48
59 85
67 18
15 33
2 76
35 84
94 89
31 35
4 17
26 56
73 86
61 53
67 71
62 12
30 29
49 81
17 52
36 46
74 56
57 28
99 64
86 0
3 48
95 20
9 2
95 13
73 40
28 20
7 31
57 93
62 1
31 88
8 76
78 94
88 84
81 52
14 13
87 16
14 61
64 27
46 44
97 4
94 71
43 94
68 43
68 7
27 78
18 21
75 68
32 52
73 72
49 91
27 42
36 5
90 38
12 97
10 22
99 49
45 62
89 33
33 2
0 54
4 99
46 29
57 53
22 99
81 15
7 62
4 45
72 2
96 85
0 7
97 57
23 73
36 16
43 99
56 71
26 5
39 62
79 29
60 31
99 27
50 44
17 36
64 85
45 80
63 95
21 70
79 4
90 94
77 20
54 60
83 61
18 59
8 16
56 46
60 21
25 35
76 42
49 33
93 23
73 82
66 35
42 85
23 49
45 37
24 66
69 50
42 56
70 13
