113
54 10
92 82
8 27
65 4
50 16
12 96
41 95
88 16
56 76
56 56
3 67
61 90
32 62
54 41
77 46
26 26
81 89
60 23
9 86
47 63
57 48
94 37
68 65
42 80
14 43
13 6
87 65
76 25
41 27
26 77
70 79
92 44
25 57
85 95
96 77
24 10
90 23
23 32
11 20
68 39
88 8
76 64
39 87
71 23
21 52
80 99
33 15
67 9
99 23
2 78
42 72
22 67
84 41
85 75
61 73
69 48
47 91
71 98
14 34
75 16
66 84
96 16
38 42
27 98
70 56
9 6
83 2
49 2
94 96
44 29
7 20
90 55
25 3
13 67
98 43
1 87
11 52
27 91
41 57
62 26
18 72
0 15
44 99
29 18
96 68
47 10
28 36
95 85
36 79
6 31
77 40
59 37
11 81
54 88
30 11
47 70
37 52
79 91
63 9
31 93
61 33
21 40
48 54
38 30
89 81
14 14
51 24
37 65
38 15
63 40
13 31
65 20
58 18
