109
49 96
7 31
80 68
13 16
79 22
41 48
81 57
64 40
41 25
48 78
23 53
63 21
5 59
14 96
36 62
81 7
73 87
7 40
50 54
23 13
28 57
74 27
7 26
22 28
50 14
37 5
97 42
25 74
29 99
12 82
94 15
56 92
91 38
60 44
68 70
80 1
29 81
51 29
94 60
34 95
12 68
43 70
59 73
49 35
83 24
34 20
26 45
13 58
49 60
38 81
66 30
20 60
55 40
39 31
35 57
40 14
99 1
91 97
1 7
15 48
33 48
34 71
81 51
98 68
4 84
32 2
10 97
73 97
83 85
99 24
66 54
18 0
68 0
64 16
54 45
52 93
88 90
2 12
80 43
1 26
0 52
85 0
65 99
65 60
68 82
60 13
52 76
43 98
8 79
19 98
11 40
64 56
41 57
34 42
18 22
92 46
80 17
83 60
3 45
27 6
78 93
56 28
46 17
61 78
44 94
15 19
26 67
14 87
47 53
