116
29 87
68 74
86 56
59 90
1 5
40 50
4 68
23 3
41 64
4 30
76 30
50 76
14 14
11 63
22 81
38 84
81 66
54 59
70 36
30 29
97 81
51 35
46 9
85 3
21 48
84 94
87 41
94 17
72 78
21 32
22 98
68 92
38 41
47 27
54 9
83 90
6 77
26 73
25 55
97 87
71 60
12 17
64 73
6 57
57 97
90 52
35 22
80 72
17 8
77 58
14 55
9 4
25 79
46 48
39 99
66 87
7 14
61 25
60 46
61 5
6 85
78 21
77 7
92 35
38 6
76 82
73 44
45 83
87 70
20 40
36 67
32 14
58 1
46 99
59 19
25 97
7 49
36 46
16 0
97 42
3 23
54 53
26 65
91 94
52 81
72 99
12 71
94 75
82 27
59 39
31 6
27 26
44 79
58 75
35 38
43 62
10 28
49 23
22 91
53 44
52 93
22 72
78 37
30 54
90 84
69 89
86 76
46 39
74 72
35 80
17 65
40 34
28 3
24 42
18 77
30 82
