114
99 72
76 59
66 22
71 8
45 46
9 32
23 87
3 71
40 25
46 10
40 62
55 85
10 96
54 94
33 21
44 72
64 1
4 82
30 76
71 68
54 42
31 41
11 5
23 57
84 16
74 85
99 46
3 50
28 5
99 87
78 45
37 96
73 99
90 61
4 35
91 88
6 67
52 27
68 41
18 48
93 15
65 55
26 24
39 89
62 81
81 86
62 61
84 61
44 32
59 18
35 67
31 14
14 59
86 79
12 80
23 45
54 74
48 41
41 80
63 48
65 86
34 33
93 0
96 31
54 56
7 14
3 97
83 43
14 1
79 2
33 0
51 99
1 28
97 97
93 46
61 4
1 8
0 66
67 36
40 53
82 35
99 23
87 14
97 91
8 28
37 58
98 38
52 15
66 97
16 15
73 15
27 68
38 6
43 94
69 66
17 66
49 71
83 64
83 2
53 32
29 35
70 82
47 56
24 14
73 37
92 21
32 85
48 77
92 51
34 75
42 17
84 51
55 49
42 35
