113
5 42
44 80
10 19
27 25
60 9
24 0
58 83
8 87
30 81
28 49
64 26
82 14
49 23
74 97
20 8
72 30
5 74
15 16
53 88
60 14
52 10
2 4
99 72
80 62
52 48
91 27
96 57
63 67
96 4
15 55
29 64
35 13
38 34
69 53
84 48
46 49
79 5
4 99
38 4
84 72
24 88
3 33
83 95
97 43
78 35
65 98
29 71
6 51
3 89
17 92
43 87
58 43
56 26
85 3
39 13
92 38
85 24
47 82
7 11
99 98
72 80
29 14
33 99
1 59
87 87
56 62
22 34
71 0
42 58
15 70
94 22
20 48
95 82
76 77
53 68
75 59
72 38
89 57
51 40
78 20
0 42
27 82
45 73
38 50
24 68
61 97
10 25
4 56
82 91
66 11
12 78
23 4
42 20
48 33
70 64
62 80
87 46
31 45
46 6
9 5
33 57
10 60
64 56
33 91
80 9
63 19
79 81
33 75
52 80
17 78
55 22
14 9
52 73
