112
2 7
26 89
42 47
22 14
10 59
14 26
4 84
28 72
18 40
42 68
42 25
42 89
0 69
2 40
26 56
30 1
14 73
46 1
2 98
28 30
0 21
10 53
14 2
38 40
18 94
42 97
42 10
42 62
2 35
26 16
10 82
42 20
2 14
34 76
26 49
26 98
10 97
20 72
4 54
44 54
24 63
42 37
38 4
18 19
22 1
42 74
8 3
22 34
0 87
6 68
8 39
30 82
34 98
36 18
10 23
22 43
42 32
2 2
0 51
42 80
6 74
36 54
14 89
18 58
4 24
34 44
36 84
22 8
34 25
22 86
34 68
18 29
12 42
2 61
6 91
28 42
16 9
34 10
32 57
46 94
18 65
18 83
24 27
6 46
10 17
30 7
34 92
32 33
46 17
43 0
18 50
0 33
24 75
0 76
20 99
12 66
40 54
10 11
14 34
30 19
28 96
41 83
11 30
32 73
12 93
26 61
36 60
33 48
18 78
37 35
14 53
9 79
