109
28 22
49 62
53 88
90 31
20 74
94 42
12 56
66 51
3 12
37 40
94 57
63 76
77 78
45 4
99 74
80 35
41 50
40 68
61 90
44 28
7 46
88 51
70 21
56 17
17 31
25 88
10 85
60 36
78 2
0 75
59 2
2 97
22 45
24 4
75 93
28 58
10 14
99 26
77 40
44 76
3 0
85 72
3 38
42 19
26 72
78 54
41 43
85 78
64 22
6 30
98 65
63 43
23 18
73 86
33 56
36 78
31 37
15 50
46 34
63 13
84 86
38 94
87 13
23 32
7 62
24 93
64 57
62 71
41 96
4 69
60 96
43 10
34 29
5 83
25 8
77 16
63 37
39 90
1 22
49 79
73 61
77 97
97 51
68 4
1 55
45 48
49 4
1 83
76 30
25 68
16 46
37 23
16 91
65 65
90 71
21 23
88 55
33 64
26 77
67 43
62 87
27 42
17 60
72 10
42 82
21 86
68 35
50 89
31 20
