114
40 20
9 98
42 88
3 87
78 28
10 17
47 72
64 24
61 7
93 60
22 76
6 39
51 49
89 16
6 49
71 17
12 28
53 33
91 84
25 93
62 70
80 93
16 59
35 37
31 54
26 4
65 44
60 91
97 3
95 98
87 41
34 22
26 34
83 65
39 68
28 90
98 50
66 1
61 77
27 49
81 6
20 2
87 86
43 16
82 29
93 67
83 56
62 39
3 96
15 13
2 21
68 83
15 50
89 6
54 73
40 57
83 79
90 33
29 29
38 41
81 14
22 46
51 27
55 87
2 64
41 48
0 3
48 1
13 76
64 63
76 98
98 28
46 99
34 0
0 36
55 54
40 86
28 77
81 46
79 72
52 3
97 75
76 32
5 82
25 63
62 16
0 44
18 30
33 99
57 98
12 3
73 48
42 71
26 15
11 66
74 13
42 63
10 91
68 38
5 7
75 64
59 63
26 83
57 18
91 91
77 78
89 52
8 47
55 35
17 72
76 87
39 27
71 24
90 80
