108
79 91
41 72
82 64
25 50
21 14
61 38
36 79
4 67
3 37
70 54
88 21
37 35
11 87
88 5
3 14
76 73
3 74
28 21
84 29
75 96
33 39
14 73
42 85
88 70
45 22
87 45
48 52
70 9
9 52
53 96
59 82
63 67
97 46
62 10
91 79
59 30
24 59
55 54
76 30
43 15
4 28
33 94
20 34
10 9
70 93
86 14
95 25
34 73
74 58
60 44
35 12
31 59
16 13
59 62
88 52
83 95
40 29
18 27
43 79
43 0
98 99
99 4
56 7
20 87
97 82
98 65
28 30
18 0
3 84
76 2
1 22
18 94
67 25
36 2
20 75
10 58
38 93
48 19
60 88
35 45
45 68
97 62
47 36
65 39
17 44
20 69
74 24
90 82
81 71
31 16
41 60
68 2
55 23
21 44
76 88
27 2
25 89
6 70
48 45
93 87
89 59
27 67
34 90
44 43
74 66
39 75
45 74
34 69
