105
2 10
0 27
0 42
2 5
2 20
2 35
70 33
22 0
15 77
30 33
25 52
3 65
20 92
49 32
30 17
95 43
70 53
70 3
70 68
30 77
79 18
17 40
70 83
0 87
49 17
17 25
80 43
49 2
15 93
17 70
30 57
22 5
8 55
70 92
80 4
49 42
30 92
2 70
70 18
15 18
2 95
3 0
25 37
80 33
18 65
30 2
7 50
27 85
3 80
23 20
70 43
22 45
25 62
8 40
15 3
5 88
3 60
25 78
25 93
30 48
94 7
2 15
25 28
17 10
10 32
10 93
96 16
97 31
76 70
10 73
15 47
30 67
28 10
73 1
52 10
87 20
68 58
20 77
90 46
10 23
51 24
91 2
10 2
3 75
69 77
23 15
5 28
70 22
10 62
7 45
75 53
69 8
20 33
33 40
33 25
17 60
18 85
17 55
1 49
15 33
10 13
10 83
24 72
18 50
0 56
