107
59 97
1 80
23 50
30 7
56 42
82 42
22 35
66 90
82 93
81 61
44 20
44 54
32 87
24 20
91 80
4 63
81 22
65 65
65 39
22 57
32 39
28 59
29 29
59 10
95 12
19 77
99 58
77 4
51 71
97 26
4 18
0 42
98 43
17 91
98 93
42 97
37 6
64 80
71 1
95 72
38 40
45 80
8 46
67 51
55 67
29 88
81 53
90 98
20 10
83 30
95 50
61 36
73 11
58 87
19 66
48 45
15 50
16 21
41 47
60 71
51 32
22 42
37 19
8 2
66 24
33 70
96 6
81 78
57 12
3 27
76 97
97 64
36 66
97 79
15 81
1 56
85 36
23 1
0 33
85 2
58 57
36 95
7 69
73 19
43 16
8 18
77 92
15 35
67 76
66 45
67 0
94 78
8 55
41 65
93 93
43 26
53 57
86 52
29 82
60 28
29 14
45 32
61 81
72 91
71 42
36 56
18 43
