87
22 23
28 45
17 18
91 8
3 7
45 6
9 10
67 43
36 28
41 78
9 30
46 38
74 26
59 45
37 11
31 24
34 42
11 15
89 70
2 43
98 98
98 28
34 96
79 80
20 4
14 44
19 40
15 23
82 53
22 88
57 76
34 59
0 59
51 58
91 42
16 32
19 74
95 4
87 18
56 86
34 74
51 15
71 78
44 52
68 52
85 26
44 14
42 28
19 47
33 54
29 26
61 54
28 40
67 5
6 16
71 20
16 90
0 29
46 0
99 72
73 67
36 93
86 84
87 61
58 12
72 63
43 73
2 2
99 3
17 54
99 21
92 64
85 6
37 0
49 29
42 46
35 68
3 38
24 30
8 1
0 21
30 15
51 52
17 37
39 37
48 8
11 33
