107
70 70
77 8
42 53
97 27
30 65
60 57
36 57
54 34
23 87
7 96
9 15
53 88
31 5
19 25
80 50
96 89
71 17
67 77
41 6
64 57
82 68
50 53
31 51
91 14
5 63
73 37
57 6
81 82
51 70
93 58
8 81
18 57
44 99
33 21
88 38
1 55
98 96
57 90
24 4
78 87
53 26
27 44
29 71
46 67
30 95
76 47
98 35
59 43
87 23
94 49
87 74
82 90
74 55
8 50
53 41
47 91
65 13
63 71
25 49
85 60
47 46
71 79
68 99
10 0
9 36
97 72
38 29
11 78
98 8
68 64
74 31
49 8
9 10
28 81
25 95
43 83
23 11
94 99
84 5
70 22
96 78
18 40
41 21
61 98
28 30
23 64
81 93
57 12
62 39
96 32
19 18
10 56
37 68
70 27
78 54
85 16
35 14
80 40
41 50
57 80
41 74
56 57
59 20
41 63
59 68
69 49
73 87
