107
81 39
2 33
97 70
36 14
65 25
15 34
58 53
66 41
6 81
13 65
33 97
41 84
92 93
67 98
86 18
30 32
17 3
23 55
70 8
32 6
91 41
48 10
0 78
9 46
90 35
95 82
74 23
48 42
20 91
73 68
55 79
71 82
85 60
82 0
17 20
0 59
53 34
47 1
55 68
83 93
36 79
99 96
39 21
96 58
78 47
64 91
15 84
83 15
52 65
54 26
26 41
93 74
25 98
81 66
29 8
68 56
91 26
49 73
28 84
1 13
98 6
38 62
3 95
86 50
63 7
37 57
46 90
0 30
24 50
62 96
78 82
1 45
93 3
85 97
13 22
58 0
98 28
1 81
21 81
62 47
39 94
63 81
33 22
97 49
34 41
78 6
43 1
16 31
15 50
68 33
47 24
19 13
96 64
69 18
77 77
92 81
30 56
54 11
84 4
46 68
77 44
60 33
79 58
38 87
25 25
26 15
89 70
