108
42 65
55 49
79 59
96 82
81 5
6 19
46 37
91 5
89 80
85 62
22 56
9 88
57 16
18 73
85 20
45 81
64 46
35 34
46 10
70 9
87 54
78 68
79 11
76 35
72 86
27 19
2 49
31 83
10 5
96 97
14 41
62 62
50 85
10 67
51 3
3 94
11 24
27 35
35 5
73 29
79 43
55 59
59 34
34 71
64 10
36 24
88 83
5 30
44 72
18 61
78 21
9 75
51 27
35 13
27 28
63 55
89 64
90 93
44 98
28 98
59 96
94 28
30 24
18 7
99 50
29 52
1 5
16 88
73 72
58 99
0 70
93 20
47 42
5 97
65 0
90 0
31 55
55 81
36 86
50 17
99 57
45 56
12 48
65 28
74 78
0 89
74 45
97 72
64 14
60 85
13 15
45 92
32 46
46 25
19 33
76 1
83 89
48 66
69 60
27 67
31 19
35 92
82 19
6 83
64 18
77 53
49 94
67 52
