106
13 74
90 92
77 83
10 52
88 40
76 10
37 97
14 7
60 66
25 43
64 22
18 97
9 33
2 93
91 70
11 56
24 7
42 93
65 34
80 32
41 84
18 38
6 43
51 49
80 55
41 25
68 94
93 17
0 10
41 4
27 82
51 15
65 51
79 52
57 99
92 5
78 14
73 99
6 23
4 85
66 74
50 79
47 29
0 2
96 23
37 45
93 87
31 30
2 65
27 97
49 8
2 38
74 38
61 59
76 97
20 89
56 21
84 84
13 66
85 50
49 85
16 27
41 20
71 30
56 69
86 11
40 66
29 57
99 58
34 86
72 1
85 69
98 44
31 7
90 3
72 76
20 68
46 34
94 26
26 22
43 60
48 1
99 67
15 12
12 82
57 52
53 95
7 0
80 24
83 67
33 24
32 98
16 94
12 19
99 9
23 36
89 36
61 28
78 0
76 90
45 9
90 65
20 80
7 7
85 29
88 20
