110
10 52
76 82
33 6
12 34
30 85
84 28
3 51
79 63
72 2
91 77
91 95
36 33
72 41
94 53
25 23
60 53
71 27
85 19
67 75
73 95
85 67
58 8
45 82
34 64
20 68
13 11
1 2
13 93
2 20
5 70
36 94
20 40
57 71
36 3
43 34
88 10
1 34
75 49
43 68
51 88
51 19
89 42
14 78
91 89
92 56
32 96
70 78
65 1
27 65
21 3
12 67
27 90
69 12
59 65
4 14
32 28
18 85
80 93
7 60
76 16
46 51
99 20
58 39
59 79
3 89
50 5
99 32
50 97
98 73
66 95
97 6
66 26
52 38
17 25
79 2
19 50
98 94
45 14
0 5
77 65
28 7
85 25
2 24
52 34
97 46
80 99
18 17
16 32
79 32
34 91
42 4
65 22
60 47
65 61
54 12
83 64
18 76
40 20
48 90
94 26
79 79
36 82
12 46
84 96
12 14
80 58
74 88
75 72
83 84
73 31
