103
81 5
49 94
51 41
66 38
36 39
7 57
31 95
23 20
37 22
22 5
52 5
6 22
36 57
65 58
49 76
76 94
51 56
5 39
6 3
32 78
93 77
82 40
66 6
53 20
38 4
22 56
93 95
21 41
79 76
68 20
81 57
82 22
64 76
65 95
17 96
4 0
0 56
2 41
97 78
2 19
31 72
97 98
84 25
49 99
19 34
84 61
53 26
79 0
22 61
46 71
35 98
39 25
64 35
66 62
20 0
79 99
43 56
77 41
47 3
68 90
63 1
82 79
32 8
50 90
48 42
7 61
22 27
32 41
60 75
98 92
35 92
0 37
8 25
2 7
28 58
76 8
62 54
68 25
77 74
17 6
16 43
62 7
64 99
93 72
46 7
63 21
32 1
79 36
38 78
83 90
45 23
34 37
62 44
53 76
29 22
78 56
42 62
77 22
49 37
14 57
69 76
13 20
57 62
