115
10 94
23 45
32 81
61 78
76 35
39 52
68 88
14 20
5 56
11 74
82 8
86 25
47 21
90 63
31 14
69 2
19 91
94 3
3 71
72 81
11 83
46 5
83 90
55 49
50 87
95 80
96 42
79 53
27 31
13 4
49 62
24 61
62 36
91 95
46 31
99 36
10 29
59 14
62 51
86 66
37 0
93 49
58 74
42 62
16 58
2 85
55 18
33 47
8 21
77 98
80 23
49 42
33 68
8 11
17 64
92 87
56 66
19 37
44 45
5 78
49 11
71 66
17 25
33 18
26 97
56 99
1 57
22 1
61 0
77 39
99 74
43 80
90 6
74 10
17 44
62 21
30 74
94 28
95 99
32 28
77 50
77 77
63 97
42 2
96 64
39 87
28 12
65 50
99 83
91 11
66 28
43 29
76 67
30 52
9 52
83 98
67 4
79 81
53 0
64 83
48 45
85 55
64 57
39 68
14 11
26 28
84 15
91 72
37 43
52 59
79 61
40 16
89 85
9 66
39 8
