126
47 12
59 4
81 8
32 32
8 90
42 42
23 8
84 69
75 40
8 13
72 17
34 21
30 7
46 5
62 11
75 10
10 41
83 93
62 68
83 54
57 43
61 85
19 22
93 80
51 29
24 61
44 68
97 48
24 78
92 4
16 92
72 54
91 66
0 3
27 41
89 39
2 21
10 48
71 79
14 0
91 11
91 90
39 18
52 78
95 73
23 32
56 21
91 51
68 2
66 77
16 12
37 6
83 83
52 10
37 84
2 68
56 99
41 99
83 26
29 18
44 58
2 36
5 71
25 47
1 96
67 31
97 20
25 92
36 70
56 47
97 96
19 77
0 51
63 92
98 66
39 53
93 34
41 89
3 27
15 57
99 4
77 56
18 27
0 82
41 39
29 3
11 99
1 61
61 58
75 36
8 0
28 66
90 19
62 0
77 91
47 82
65 26
59 69
76 17
15 82
49 43
76 61
10 66
33 90
19 53
39 28
15 30
82 32
9 5
33 73
62 34
51 0
35 46
23 1
55 91
57 14
44 22
73 68
85 40
16 45
61 78
86 11
42 49
12 16
68 11
31 26
