109
12 18
75 10
57 62
33 37
82 99
75 43
37 10
25 24
18 56
35 76
87 18
63 25
10 41
2 8
32 62
79 80
42 58
63 7
24 74
34 17
13 52
78 89
63 16
3 66
43 89
47 28
88 4
23 3
74 66
95 46
49 75
49 43
9 99
47 0
3 82
83 55
86 27
16 4
46 96
10 20
3 35
74 48
32 3
56 86
77 97
82 29
38 32
65 66
42 49
29 78
97 25
28 53
15 70
70 80
72 34
17 19
42 67
77 24
20 65
94 90
89 68
27 98
13 27
62 96
11 85
99 80
48 22
1 60
60 47
98 40
92 87
74 0
56 3
41 96
0 87
90 11
61 30
24 40
54 76
92 44
2 13
40 91
3 45
64 87
27 82
20 5
69 48
44 14
5 68
44 46
95 19
68 99
25 35
31 0
78 14
46 8
46 53
63 35
9 75
68 60
48 90
72 85
86 93
35 83
11 6
44 85
27 12
38 26
35 55
