119
92 8
64 35
34 48
57 61
33 66
89 38
78 15
3 38
49 24
33 87
34 12
50 40
5 6
97 23
69 49
8 63
62 97
9 39
44 69
37 56
38 42
61 24
88 16
2 97
99 68
97 86
83 95
21 4
55 83
15 91
57 9
2 69
97 42
42 24
1 27
74 47
97 62
84 2
75 90
29 97
30 81
23 40
58 67
9 12
45 94
26 18
72 17
6 91
47 78
30 1
88 31
62 14
54 94
54 60
97 33
81 24
66 20
51 28
74 63
87 76
69 1
18 73
23 35
63 82
91 55
8 54
53 2
98 6
14 77
41 10
46 62
2 7
87 52
16 20
28 61
73 33
89 82
77 98
1 53
35 26
18 99
3 83
8 33
71 55
96 69
39 93
38 49
15 0
28 84
68 97
35 5
66 0
80 38
12 86
0 35
58 76
96 28
89 78
42 28
19 35
24 15
10 47
48 11
67 31
84 92
84 9
47 85
92 62
10 71
32 75
25 96
29 34
15 28
76 10
68 39
97 78
34 16
63 28
77 21
