110
50 87
88 63
2 56
28 63
64 68
40 92
59 90
42 25
22 83
99 23
15 13
42 7
68 42
34 46
63 19
83 90
4 47
48 79
17 73
98 17
61 60
72 13
48 31
5 10
78 66
33 22
46 16
57 83
5 33
98 85
46 57
60 5
95 67
25 40
62 26
26 88
81 9
35 77
76 46
71 79
60 50
10 54
62 33
23 18
43 47
48 99
48 66
1 22
68 62
31 78
21 61
71 27
38 65
72 69
51 56
0 82
27 2
97 48
40 85
91 35
14 96
64 78
0 89
99 91
43 0
2 75
58 0
79 96
62 98
79 26
6 2
23 35
82 41
26 98
99 39
84 86
1 39
92 72
39 43
17 54
84 21
85 57
3 61
15 87
78 73
24 26
58 43
9 19
56 19
35 60
91 40
54 99
37 32
68 84
21 45
87 94
94 81
66 56
38 11
20 75
52 30
57 15
53 46
72 51
39 77
82 80
54 93
87 66
58 65
75 57
