111
4 32
69 89
53 70
44 90
81 30
69 9
31 49
93 55
39 75
9 49
28 4
97 94
12 11
39 21
65 45
87 63
80 81
60 98
37 91
21 54
32 16
96 60
42 38
19 25
95 13
72 66
13 84
83 95
3 73
94 36
67 31
45 52
6 5
35 69
75 7
70 45
57 61
8 69
22 35
24 1
5 24
58 76
61 3
9 41
35 25
75 17
36 41
79 60
17 14
74 95
13 63
87 84
44 27
38 84
56 84
60 37
2 43
36 54
77 68
61 66
50 76
64 10
21 99
47 9
86 71
73 56
97 4
57 20
20 83
98 22
2 1
97 99
8 92
90 41
47 2
0 57
96 83
24 72
91 19
50 56
32 98
52 39
53 16
73 81
2 79
67 51
20 50
83 38
3 16
66 24
95 75
60 91
34 43
84 15
87 48
21 7
37 7
36 72
30 23
8 30
88 78
49 62
29 38
60 17
58 31
29 77
43 69
13 21
49 11
70 23
14 15
