108
55 91
64 7
86 55
52 76
95 7
17 70
72 77
17 14
69 68
73 90
86 75
85 29
72 52
70 21
57 40
78 6
92 22
91 80
86 35
55 87
66 16
91 13
70 62
61 87
80 65
51 13
57 48
14 22
98 62
15 63
56 31
97 86
19 7
14 78
95 0
63 65
27 15
7 15
57 3
84 61
95 51
92 35
69 85
60 98
97 16
62 22
58 70
68 47
77 26
83 11
90 40
63 30
93 75
36 41
4 1
34 1
0 28
28 29
87 96
87 1
48 60
68 93
34 46
23 83
20 55
79 73
1 2
93 26
36 26
19 0
5 29
36 10
15 84
27 69
21 28
82 94
72 42
13 55
29 43
0 21
55 7
7 71
48 93
2 6
96 45
15 0
56 37
29 1
74 99
32 18
22 66
12 29
53 22
81 53
58 55
55 77
86 79
1 15
24 76
90 60
78 42
83 88
67 58
88 21
21 22
15 7
62 79
85 64
