102
61 58
78 49
33 49
90 67
45 18
29 79
80 92
31 56
23 52
12 32
75 75
85 32
2 53
46 63
15 4
77 14
47 77
34 35
94 78
54 17
22 74
26 88
50 84
90 92
56 48
36 64
93 7
28 13
64 94
11 89
97 45
59 33
46 4
68 73
91 60
12 39
83 47
41 90
44 34
67 24
62 40
56 89
85 4
56 63
2 43
77 58
37 94
43 48
95 36
26 38
14 80
75 33
80 72
37 78
56 27
25 61
75 68
52 93
30 70
46 54
10 66
0 5
29 45
33 86
6 23
30 3
95 96
16 1
99 29
44 1
27 22
22 98
76 0
91 17
97 74
82 89
9 56
97 51
68 13
23 16
19 34
39 4
37 21
99 90
98 54
58 72
76 44
5 39
69 82
20 93
76 25
63 16
23 1
61 70
41 28
90 77
44 68
35 41
81 66
28 76
58 82
36 82
