104
58 9
77 48
72 75
42 42
68 68
33 59
7 4
26 45
61 92
44 82
55 24
22 31
97 97
97 27
25 0
47 62
11 53
84 64
35 89
58 80
64 8
65 57
40 78
11 72
27 72
36 18
83 94
56 43
17 98
79 27
92 46
52 98
74 2
77 41
63 24
4 7
26 6
51 0
79 79
27 87
49 28
3 74
86 18
10 30
98 33
33 41
71 54
9 15
15 89
31 26
31 96
50 94
88 32
70 20
64 37
80 65
50 76
68 10
97 80
96 7
17 8
3 97
78 72
61 69
4 36
5 53
96 66
62 18
49 57
68 90
89 11
34 3
24 28
98 89
18 70
99 41
10 39
94 60
84 86
41 57
8 87
25 74
73 34
50 46
56 98
52 29
25 42
90 53
45 71
79 19
87 78
64 74
82 34
63 51
23 84
54 13
51 80
73 82
70 48
91 37
30 75
74 63
75 20
57 87
