116
51 70
26 69
50 41
33 87
50 63
66 66
60 81
82 38
54 13
9 71
46 1
90 57
70 50
16 46
79 27
25 61
10 56
37 13
87 13
85 87
33 34
19 96
5 93
67 35
99 41
14 2
69 11
55 27
13 25
92 71
31 48
76 99
91 93
1 51
29 27
63 89
36 81
90 4
4 74
19 39
55 56
33 67
38 0
60 2
13 92
76 8
66 72
30 98
55 89
92 42
28 83
75 31
55 33
26 32
15 76
64 18
45 66
50 8
4 36
99 22
32 77
0 5
79 85
22 7
93 26
86 71
38 53
5 13
41 19
41 77
0 98
98 63
1 58
5 32
42 39
99 46
27 9
60 52
80 52
77 24
8 18
83 9
21 46
7 4
24 99
2 82
18 60
77 94
79 78
45 45
43 24
97 11
73 45
18 84
87 39
34 57
64 83
46 86
26 26
4 65
62 25
7 50
51 59
36 42
47 24
80 23
12 28
13 13
21 75
47 15
73 38
26 45
35 23
46 58
29 71
87 27
