117
25 3
27 95
83 0
73 35
42 67
25 58
24 77
48 12
4 65
43 38
27 44
70 20
31 18
59 85
92 22
83 64
66 42
46 58
23 63
77 25
50 96
6 98
85 87
97 77
71 93
94 43
10 5
56 29
97 57
3 28
66 67
17 21
78 50
3 83
43 3
16 47
59 9
42 74
9 60
80 78
35 88
52 49
19 92
24 34
18 78
98 49
52 77
63 14
85 17
33 51
66 52
84 71
5 72
51 21
77 74
76 10
16 53
90 80
95 98
96 7
61 19
75 65
41 34
28 1
0 5
94 28
61 66
36 20
15 19
60 81
5 93
1 58
85 98
14 38
79 32
43 93
84 47
52 55
98 24
38 74
7 25
61 38
50 4
29 99
26 8
68 88
81 94
93 60
17 85
99 35
37 25
46 42
66 60
41 8
35 80
63 34
10 52
6 76
15 7
7 19
80 54
25 49
78 20
80 69
32 29
96 66
11 93
33 66
25 91
56 63
17 29
74 83
44 82
71 56
68 40
54 33
20 46
