110
23 51
84 74
63 20
19 30
45 54
40 11
88 88
12 71
30 75
43 93
40 34
98 60
6 57
15 94
97 28
63 3
82 8
68 76
38 67
51 22
8 51
51 38
15 79
15 57
81 36
64 98
51 76
97 4
84 54
22 4
29 97
3 30
7 8
63 57
5 93
78 3
49 95
19 20
77 25
74 96
91 47
62 42
95 64
22 44
8 76
90 14
64 69
61 26
48 47
68 1
28 25
41 18
23 81
11 90
29 62
72 16
13 35
84 62
87 3
14 65
14 49
98 45
3 2
40 4
66 84
91 93
26 6
0 63
0 79
59 97
70 57
75 31
23 99
43 82
83 80
43 64
99 35
11 14
0 48
58 19
24 21
38 97
47 61
95 83
44 8
59 71
83 39
54 92
76 78
84 18
94 7
30 31
6 90
90 61
25 91
45 76
23 77
58 12
50 31
10 26
74 63
25 13
64 92
13 41
58 60
72 9
24 55
65 11
50 13
33 12
