105
62 31
78 46
97 77
46 77
93 92
52 31
80 12
8 87
75 97
49 51
97 3
95 18
51 9
24 51
28 12
70 70
5 45
32 74
86 76
69 12
15 86
96 25
21 42
96 10
66 24
43 66
89 17
59 97
34 26
81 29
0 64
11 4
95 98
61 63
25 3
18 98
87 46
52 84
66 0
27 59
76 62
42 10
91 68
8 76
63 80
92 3
4 55
53 43
33 23
23 87
94 33
72 52
92 82
54 67
33 66
87 98
75 36
82 66
59 71
4 17
37 42
18 27
86 56
89 25
0 99
17 64
4 35
32 91
80 54
78 83
50 23
43 3
21 37
7 15
1 82
9 50
43 93
51 45
66 9
95 39
18 70
26 6
96 0
34 44
67 35
29 82
22 13
63 49
98 84
37 59
57 4
9 59
29 27
43 85
38 45
55 18
38 9
56 36
50 66
23 61
24 78
40 36
31 15
87 10
21 55
