111
17 33
42 53
60 28
89 64
38 76
51 55
46 33
38 0
88 38
73 6
39 90
21 53
98 13
14 71
80 96
2 28
50 67
25 36
70 33
96 32
31 78
14 23
85 78
54 92
10 97
59 9
0 14
66 84
97 95
66 55
17 8
35 14
16 47
2 78
32 96
95 79
97 57
72 15
37 28
31 43
67 89
32 68
13 56
90 97
74 76
45 77
97 39
24 86
93 20
64 20
8 38
6 65
60 91
10 16
59 59
81 91
31 58
37 63
87 3
4 0
82 51
6 98
53 0
44 15
50 40
19 86
74 35
31 6
77 55
98 63
99 4
38 97
56 1
52 77
85 6
29 20
0 94
6 57
46 39
57 23
24 99
30 64
40 95
23 22
10 81
56 74
79 24
84 68
32 34
99 25
35 4
96 47
83 40
35 49
45 61
86 94
38 81
81 63
66 6
56 52
20 58
19 76
50 24
4 85
89 27
26 15
83 61
45 42
71 26
26 72
34 25
