107
13 13
3 3
8 8
42 61
59 59
85 85
78 88
2 17
16 18
29 37
46 33
18 70
91 8
42 2
31 84
77 66
14 90
94 76
92 18
31 98
34 56
26 71
89 70
62 6
91 44
70 48
76 8
76 34
18 52
54 85
13 33
44 75
38 21
57 42
72 92
86 22
10 97
53 15
2 24
95 53
6 75
32 12
81 58
92 90
53 34
40 41
20 84
23 24
97 67
67 55
22 38
68 11
19 62
75 78
3 86
16 9
87 13
47 43
1 51
52 99
64 25
28 1
99 4
38 97
3 59
78 36
4 44
66 98
56 64
24 99
49 80
21 0
64 0
49 15
80 99
39 27
18 47
99 86
75 73
60 28
99 60
1 33
83 42
74 30
33 47
12 75
65 50
75 97
82 61
21 55
71 83
25 22
63 14
2 8
17 91
15 38
11 65
37 33
62 21
7 89
81 54
72 37
86 76
81 94
7 52
79 76
21 46
