116
62 83
24 30
96 12
37 19
72 67
92 82
95 39
30 45
64 45
80 42
57 21
32 92
82 92
5 59
89 58
83 14
32 9
67 62
72 40
22 39
37 28
65 75
14 74
7 25
59 97
95 98
14 95
72 23
34 62
54 4
15 5
40 79
73 3
19 60
34 3
76 87
54 46
5 79
96 30
87 68
7 17
1 30
29 97
39 57
68 25
21 46
55 72
95 49
4 65
6 90
20 19
88 25
27 73
25 4
63 29
38 67
26 50
1 3
48 86
41 34
99 4
59 7
0 94
99 69
27 60
6 39
96 54
20 82
62 59
49 38
96 7
98 89
79 54
71 6
78 36
0 8
50 19
40 5
88 99
45 61
10 97
99 22
71 72
47 47
93 73
11 56
0 85
39 83
3 23
82 56
82 28
80 12
60 81
58 37
17 30
54 13
99 74
28 16
28 88
11 48
85 85
36 38
98 58
92 40
82 61
69 11
39 9
55 32
68 59
37 48
89 12
91 93
10 22
81 46
66 37
89 37
