111
27 51
84 42
72 92
21 37
95 98
22 12
26 67
51 45
65 66
49 22
84 81
98 37
5 52
37 95
8 30
73 14
35 18
58 83
24 82
77 96
39 43
75 78
53 69
29 71
29 93
86 90
32 41
66 42
59 7
88 59
95 72
11 89
87 11
2 45
38 59
10 62
17 8
4 18
71 36
74 61
51 52
43 77
23 28
65 11
61 92
47 38
18 46
62 69
24 21
56 15
13 54
69 98
53 61
32 79
41 52
84 25
2 3
66 90
46 1
37 13
94 54
5 84
6 98
70 28
3 66
82 45
29 0
51 96
4 36
7 22
79 63
54 31
68 48
90 76
96 89
0 8
67 1
80 12
14 77
1 89
95 62
81 65
50 5
23 53
55 97
36 90
31 6
61 49
34 21
8 76
61 74
42 60
62 34
5 27
74 22
35 73
17 61
49 17
26 37
79 82
67 19
75 53
7 41
36 47
80 89
6 56
33 68
26 45
63 55
48 49
32 48
