115
23 65
64 22
9 30
91 10
20 79
4 46
46 54
44 34
66 66
2 91
91 44
67 83
90 70
32 77
56 67
46 48
71 19
86 9
16 85
83 52
30 66
37 13
53 7
21 46
88 95
20 4
84 25
34 97
24 29
70 5
65 41
60 81
34 3
29 48
37 80
17 15
30 29
57 27
69 58
50 63
91 1
78 36
56 44
28 92
73 70
34 39
19 57
47 4
61 24
79 42
97 13
17 31
4 7
57 97
0 71
60 69
26 42
21 74
98 84
81 82
71 98
98 63
94 43
6 51
46 79
6 0
0 86
88 26
97 77
62 6
71 93
14 95
78 56
97 95
34 62
95 39
32 15
42 27
12 16
52 92
89 65
5 76
10 59
8 45
61 49
75 20
78 3
51 14
65 85
98 1
99 53
38 91
38 31
45 71
10 26
38 53
13 64
76 79
29 7
90 23
10 90
68 25
77 11
51 70
55 33
36 20
69 47
27 59
18 47
12 74
89 12
68 15
33 53
72 30
15 55
