106
68 10
61 78
65 50
83 42
52 20
68 25
5 84
88 88
95 21
96 58
23 61
42 89
26 75
39 27
2 18
18 30
7 43
51 76
74 38
9 74
86 28
82 58
34 72
76 10
96 82
92 11
56 67
13 24
80 17
49 52
40 11
3 59
74 96
15 94
75 71
97 52
22 40
91 73
9 8
34 91
56 90
49 41
54 27
63 47
31 23
18 62
10 97
95 89
81 94
73 57
7 79
39 47
69 75
62 33
87 13
36 80
61 73
27 67
28 29
98 36
23 11
66 66
1 33
62 9
30 98
5 53
64 98
37 56
75 81
96 66
42 13
24 15
48 90
34 42
80 44
7 39
78 99
93 26
26 92
84 74
72 24
9 19
58 53
12 76
32 77
58 26
81 36
88 95
42 39
83 51
40 95
2 49
27 59
65 39
44 17
47 79
66 84
88 59
19 85
73 18
29 53
54 74
57 38
80 82
79 32
77 48
