115
22 12
88 2
59 92
49 32
33 67
14 38
27 95
54 10
2 49
84 61
89 95
4 91
64 74
71 20
78 83
67 94
11 28
52 90
14 10
57 19
51 81
25 49
97 77
86 41
8 76
94 28
29 27
63 34
67 4
5 53
84 5
42 60
33 93
61 67
11 3
75 46
92 54
43 20
32 79
0 39
10 86
74 76
47 96
92 84
73 96
30 14
37 47
94 2
47 29
44 68
98 64
13 20
19 1
41 93
24 33
7 33
70 80
83 50
56 83
55 52
44 0
17 61
95 98
89 21
98 49
72 23
3 67
65 36
44 34
10 97
57 59
34 3
26 74
24 99
30 49
4 7
58 5
1 75
81 9
48 37
98 45
85 87
85 56
27 65
4 24
62 59
79 41
66 18
47 76
93 73
63 99
29 19
11 48
2 89
48 15
80 3
19 96
49 51
21 66
60 38
37 86
17 35
1 46
79 91
48 47
60 70
8 13
91 64
26 90
57 24
23 19
59 28
62 90
9 46
63 79
