88
18 70
5 23
53 61
19 59
32 82
27 28
90 92
60 94
35 55
33 93
11 56
15 16
57 66
3 34
67 90
7 14
27 91
36 41
2 82
12 96
75 97
37 63
36 77
4 48
52 76
26 52
17 30
23 67
9 69
40 49
57 87
24 38
69 74
16 46
46 96
76 87
5 93
19 90
50 53
38 69
83 89
20 24
11 75
64 72
36 98
3 44
46 81
29 97
10 61
25 77
13 20
14 38
63 80
44 56
33 74
2 8
93 99
16 52
23 91
0 28
47 63
39 84
1 64
2 78
33 34
26 63
68 99
67 65
85 98
13 92
1 14
48 86
4 90
16 74
70 95
18 38
15 99
53 68
5 32
18 76
43 92
29 58
28 40
60 81
11 83
32 68
26 74
57 78
