106
70 3
72 79
20 8
72 31
53 72
84 8
67 95
42 73
62 72
15 30
38 97
67 58
32 57
10 87
52 48
94 41
39 1
75 20
63 29
28 29
15 91
73 59
99 22
3 11
2 45
86 53
95 79
45 19
2 63
83 69
24 14
59 97
23 95
74 38
9 65
52 40
61 8
87 83
3 28
39 87
97 52
45 64
58 57
58 81
30 20
86 38
12 74
81 13
56 32
13 13
53 82
36 62
78 74
55 21
8 22
36 41
17 50
69 65
2 99
48 90
53 7
88 95
23 0
94 26
39 6
74 94
0 77
36 34
32 77
56 1
29 99
80 51
15 55
93 59
86 29
25 43
1 85
46 22
8 38
45 47
0 19
18 79
67 4
68 45
45 98
10 7
31 15
48 68
47 5
14 95
79 54
86 76
3 67
71 27
39 42
67 12
68 91
48 86
14 23
54 64
66 37
77 88
46 33
40 16
21 16
61 67
