115
14 23
37 3
67 52
59 85
28 96
16 47
85 87
90 53
31 82
15 73
44 91
72 96
35 59
53 56
62 8
21 28
10 55
7 76
84 61
69 79
91 97
51 95
49 89
92 16
78 39
22 7
81 0
38 44
48 12
68 26
93 72
93 34
54 29
55 71
8 87
83 23
98 54
88 2
27 14
82 86
7 14
22 67
69 17
67 71
42 60
86 71
97 22
54 5
96 81
20 65
34 93
55 81
87 55
22 75
42 98
58 92
0 44
39 27
88 80
0 27
33 41
10 97
54 46
70 57
96 0
14 41
1 13
37 75
3 59
73 35
40 4
1 82
58 37
69 12
92 41
18 27
34 18
53 51
52 19
83 16
21 10
77 95
17 50
73 78
99 59
94 7
99 41
58 99
29 89
41 64
73 43
24 29
3 53
63 66
44 34
98 76
26 52
88 95
43 74
77 60
7 29
8 79
77 29
63 18
30 32
60 70
92 57
83 46
74 63
78 20
9 58
12 17
37 87
62 59
90 66
