111
88 9
39 43
3 90
94 52
73 26
68 85
38 96
63 16
85 63
12 50
27 65
88 81
67 71
55 63
5 4
5 22
92 38
13 66
67 99
13 36
11 90
73 35
41 33
59 59
58 82
12 12
74 2
32 82
27 14
49 15
86 96
41 71
76 49
57 34
25 49
99 31
8 76
22 35
27 84
44 7
4 48
72 69
86 25
63 37
71 9
13 98
18 28
48 37
11 83
59 23
23 55
57 73
83 37
30 75
63 60
18 46
99 69
42 57
54 87
40 4
97 95
40 99
2 63
91 11
81 98
84 77
35 19
9 0
1 33
98 76
51 90
27 34
93 47
30 5
60 45
23 95
45 71
7 15
53 18
15 73
71 55
85 5
87 85
21 17
4 29
29 63
77 95
89 30
9 60
25 31
1 6
37 39
9 45
39 75
90 67
30 96
25 79
69 34
97 84
84 47
23 61
70 62
25 20
75 29
14 76
10 26
56 67
15 86
87 93
29 71
39 65
