108
10 15
8 58
55 74
74 88
69 68
16 73
21 13
78 39
11 90
71 9
44 7
95 48
1 77
96 82
52 31
60 81
75 81
77 61
22 4
49 62
96 93
17 59
89 21
36 80
17 43
35 23
34 39
91 6
75 23
2 27
37 94
59 47
99 62
96 34
6 98
81 36
36 70
17 37
19 90
38 45
62 29
8 6
79 95
64 96
4 53
51 76
80 78
87 63
74 50
59 58
9 72
84 25
24 44
73 67
88 90
92 43
24 79
66 84
19 51
94 55
42 72
46 12
52 98
74 2
33 59
0 5
96 0
31 1
28 26
74 75
49 58
99 22
50 27
65 11
5 32
0 73
86 11
52 5
25 93
42 87
14 0
52 44
68 15
34 26
34 44
2 21
4 43
89 75
28 65
46 0
3 87
76 37
67 53
94 14
15 95
72 6
10 39
56 83
42 21
33 74
55 65
7 55
21 82
80 88
36 35
15 79
67 80
80 69
