112
62 52
17 57
7 35
52 26
34 19
31 26
30 59
54 92
21 93
73 6
55 3
38 72
26 42
1 97
84 57
38 53
69 2
70 54
61 88
4 52
22 61
99 22
14 77
91 79
77 81
19 15
52 77
90 97
85 26
80 43
65 20
40 96
7 25
34 8
33 74
52 40
60 69
95 83
87 71
10 82
83 0
21 46
45 64
69 17
13 63
7 44
37 25
90 48
23 76
95 30
8 96
81 14
61 60
57 83
34 53
19 87
3 11
98 1
38 67
98 60
76 95
61 38
28 1
50 4
40 88
3 67
24 51
0 81
97 44
69 38
15 30
24 99
53 9
19 6
83 42
75 59
2 21
48 50
99 80
1 38
47 35
0 57
29 37
80 89
83 75
39 14
35 94
55 19
17 25
89 32
63 76
49 58
66 42
32 29
78 66
19 71
48 79
43 3
22 17
69 12
53 65
3 28
12 91
71 64
64 31
15 40
81 85
41 57
59 9
77 48
50 89
13 35
