113
22 72
4 36
76 78
5 62
80 51
18 13
38 72
25 93
62 35
55 81
40 25
86 90
73 69
11 28
62 45
22 2
85 42
45 88
60 88
21 83
3 30
4 50
69 81
46 12
86 22
68 0
72 16
22 40
3 90
96 75
46 56
80 3
34 3
62 6
34 21
24 99
55 72
34 39
92 63
3 97
48 97
20 61
78 29
16 20
74 63
44 6
11 3
13 78
31 72
88 69
63 23
83 14
29 27
56 95
31 13
33 95
98 36
80 80
97 10
48 40
23 13
37 54
77 95
3 11
95 89
18 46
86 0
58 64
41 74
46 30
18 98
94 43
70 48
77 34
97 80
62 96
92 26
2 0
49 14
12 62
29 37
1 33
30 86
53 0
51 50
92 41
77 11
26 64
79 92
72 55
92 16
60 81
16 2
61 67
42 39
13 42
60 16
67 31
88 46
30 4
21 28
71 93
83 28
38 44
78 66
71 6
44 65
38 4
20 24
77 61
17 10
85 79
77 25
