201
91 93
3 14
64 5
4 63
57 50
43 3
63 76
29 44
90 42
9 0
52 98
15 30
19 91
5 84
99 22
28 10
32 77
89 12
75 97
85 56
41 34
97 70
79 82
0 28
77 34
63 19
42 60
13 49
26 63
49 80
33 96
1 98
75 68
98 1
99 53
47 19
56 32
80 0
0 43
16 73
29 25
98 36
22 7
1 58
62 59
70 34
79 54
55 94
78 20
27 59
69 95
44 64
34 93
82 81
1 78
48 47
14 46
98 86
42 17
93 72
46 0
15 24
21 87
6 98
92 99
27 40
47 82
65 11
4 7
94 21
2 36
61 62
25 2
75 40
96 67
47 65
63 48
45 42
91 35
83 1
62 34
19 71
0 21
49 4
2 82
20 96
57 78
71 72
85 15
82 53
86 95
99 81
40 78
20 26
43 24
71 18
61 99
7 59
99 57
43 49
67 2
18 0
24 58
99 17
93 1
0 73
78 76
20 77
32 7
32 35
62 29
35 82
2 92
5 35
96 42
61 93
19 15
16 93
84 29
19 44
77 51
49 17
34 21
68 63
47 91
0 49
11 64
54 2
59 44
48 33
99 27
69 9
12 1
93 56
69 89
6 78
84 84
4 21
19 21
84 6
34 72
28 54
76 26
54 64
27 95
33 40
55 16
5 93
4 42
82 70
36 11
84 38
64 44
68 78
34 54
6 28
25 72
11 58
47 28
56 61
93 27
55 84
93 51
91 5
94 84
47 44
30 30
12 8
77 61
43 74
69 21
16 88
55 11
21 48
75 5
31 86
67 45
14 77
92 78
52 70
5 72
41 30
17 37
50 54
83 66
22 35
72 30
6 51
62 68
84 47
72 58
57 21
56 74
19 62
54 38
44 8
29 15
36 26
33 47
27 81
16 16
