117
83 51
78 84
38 85
4 35
3 11
98 89
41 7
27 34
61 8
81 19
17 80
38 36
83 77
51 2
92 81
45 61
25 3
18 98
21 55
66 60
98 54
22 17
63 24
57 88
3 85
95 18
53 34
96 1
2 99
8 64
49 20
97 37
36 50
77 98
8 38
35 96
14 23
21 74
63 54
89 66
53 79
71 69
0 25
35 21
21 47
87 13
4 42
36 62
34 91
92 88
46 12
89 21
10 12
29 59
76 64
48 94
4 18
31 8
69 38
53 7
81 0
83 36
2 78
62 93
52 40
69 11
81 99
49 56
67 75
12 59
98 45
98 63
97 95
14 2
47 71
84 47
2 70
5 92
30 73
49 26
98 22
48 99
61 38
83 28
46 40
35 28
62 68
20 24
92 4
0 8
84 62
81 79
24 79
52 57
30 49
62 83
56 22
22 61
86 33
95 85
39 1
18 16
13 31
23 88
94 60
8 49
54 85
68 68
50 48
36 12
37 56
55 12
92 48
42 26
59 79
70 61
29 15
