111
23 67
11 79
57 69
87 71
85 16
31 31
58 21
93 28
9 37
75 2
3 67
14 12
73 29
89 46
42 89
68 89
30 64
92 13
88 32
42 35
79 82
64 78
67 22
65 50
37 13
58 37
5 53
26 92
0 8
98 81
91 95
11 28
56 95
28 25
78 67
61 54
79 48
30 2
93 55
84 95
4 42
7 4
90 7
57 78
6 78
2 26
51 44
35 67
34 95
66 36
71 14
64 73
36 22
70 58
6 98
50 4
30 49
70 40
8 15
19 91
25 3
99 59
60 2
34 48
18 41
58 99
98 45
45 78
53 62
93 1
1 58
96 75
20 53
17 15
99 15
49 48
10 93
84 66
76 88
32 68
64 98
59 7
0 19
33 86
72 23
9 74
76 53
0 44
93 84
23 39
34 16
38 53
75 39
54 67
71 6
9 30
59 31
20 12
16 80
78 79
89 21
70 67
43 51
33 39
17 26
77 34
66 15
57 46
82 24
61 63
30 56
