113
58 79
72 5
89 37
58 52
20 47
66 64
18 77
99 22
83 23
10 5
56 29
73 43
25 11
43 42
54 92
26 52
93 35
96 11
56 24
62 88
56 59
24 41
46 12
2 64
36 77
98 89
9 19
5 50
74 2
40 4
78 49
72 74
51 76
30 20
2 70
75 25
43 50
22 82
14 34
40 85
57 43
59 97
80 3
72 58
62 18
42 22
95 46
33 54
49 58
55 38
17 56
77 60
71 46
87 22
46 34
58 75
84 95
19 96
5 93
98 63
86 71
65 35
58 3
3 2
77 95
73 78
98 98
28 95
10 33
6 85
83 44
94 5
35 63
31 6
97 52
52 98
80 98
12 98
35 22
32 39
12 50
99 31
26 74
47 5
69 12
83 75
43 75
52 62
22 13
8 77
73 27
94 53
84 90
66 93
8 94
82 61
61 8
86 8
29 59
29 9
58 57
78 20
65 73
85 35
48 86
42 67
63 43
53 53
37 13
64 20
72 67
74 69
59 68
