92
79 90
84 75
80 45
83 35
80 97
93 8
61 43
28 42
95 84
26 10
83 28
69 88
78 64
91 77
50 27
53 7
15 24
78 2
54 22
53 43
14 10
77 16
69 34
17 45
83 56
86 21
72 47
73 96
18 15
84 12
0 6
65 71
97 55
68 15
93 91
98 6
48 37
48 21
92 63
57 49
28 16
15 35
89 30
73 69
52 12
75 50
60 29
89 49
73 84
67 54
89 80
73 29
83 65
99 31
55 38
1 16
85 44
16 50
29 26
2 0
41 34
53 0
99 13
35 10
10 32
91 98
82 72
98 69
67 6
98 45
20 4
4 26
24 46
84 0
75 60
56 1
70 20
11 2
69 78
64 63
99 78
85 15
18 27
75 91
53 16
92 4
57 26
81 7
78 86
83 9
77 55
83 23
