109
42 88
49 52
69 44
50 37
38 22
98 71
8 97
23 25
31 42
54 67
1 23
34 67
67 30
66 91
55 81
12 76
19 34
48 21
34 14
62 45
91 75
52 90
58 77
18 44
43 48
81 35
87 10
1 58
77 74
66 14
19 62
34 3
32 91
84 5
0 28
79 63
75 88
10 81
96 87
34 36
60 7
15 30
25 49
96 7
75 48
62 97
41 54
48 16
11 58
89 61
80 18
61 59
74 33
29 20
10 38
54 46
65 83
22 20
68 69
99 22
13 6
98 49
99 31
14 95
97 95
10 12
40 70
24 77
0 49
91 47
71 39
0 96
61 89
85 78
69 3
30 6
38 72
28 86
85 62
88 32
46 92
7 15
84 18
10 62
90 89
44 36
74 53
54 74
52 98
86 41
14 84
44 16
37 63
30 35
94 15
12 36
83 76
58 33
69 62
28 50
7 53
44 9
92 65
44 25
5 27
48 72
38 40
54 87
34 21
