113
0 5
43 40
16 47
83 14
99 4
12 32
51 76
33 86
79 63
29 20
93 65
56 24
66 79
17 67
30 50
3 80
53 65
8 11
51 84
25 24
87 3
26 75
86 57
64 66
42 90
31 6
72 92
59 9
75 31
62 48
98 49
88 38
5 96
82 79
97 79
36 34
37 54
22 7
54 31
81 94
89 19
55 97
19 81
73 37
73 78
51 45
51 14
20 39
98 37
76 54
43 60
67 19
37 80
43 33
83 39
34 13
93 61
79 85
19 15
69 55
62 87
20 29
36 41
24 99
1 51
95 93
10 97
99 22
68 0
71 83
2 45
5 27
3 59
7 4
29 55
50 4
78 10
10 81
32 69
98 7
57 47
75 99
4 20
48 68
61 96
68 38
64 7
2 0
13 69
89 92
90 42
50 27
6 87
99 13
29 27
17 8
56 67
86 28
77 60
63 14
58 81
15 11
34 49
46 57
58 40
35 27
86 88
62 59
86 48
30 41
12 25
50 40
25 31
