112
92 56
3 87
45 3
67 85
7 40
93 26
75 20
51 45
38 39
97 76
22 73
69 58
66 4
84 91
52 11
97 56
11 85
91 33
39 47
82 66
87 10
45 71
24 28
1 58
4 17
51 85
76 43
31 62
49 99
61 63
52 24
58 37
26 85
77 74
4 7
12 71
97 10
46 61
0 94
70 95
1 27
96 42
29 44
61 56
57 87
22 61
17 91
43 31
99 25
83 50
67 30
82 75
36 72
45 54
62 44
93 60
6 99
53 68
29 9
48 40
98 90
74 2
3 2
12 41
38 22
37 87
24 99
19 20
31 1
2 61
80 3
86 32
99 4
98 71
4 24
88 88
13 49
72 23
66 9
64 99
44 9
20 98
17 64
66 60
8 76
29 48
33 23
98 19
4 44
53 99
83 2
28 76
52 0
41 57
69 38
67 89
97 80
78 57
21 43
10 31
86 41
82 24
44 91
31 67
11 90
85 56
76 69
73 34
25 52
66 49
54 91
35 65
