111
29 27
65 54
90 94
93 72
49 27
36 48
37 8
36 77
90 16
19 62
75 68
8 81
70 86
10 27
84 33
53 42
49 83
26 45
39 14
29 78
83 96
19 20
43 40
18 51
85 56
53 7
50 97
73 42
98 34
4 50
65 18
52 24
64 98
2 36
13 92
16 65
40 60
69 47
90 60
81 22
71 62
24 37
12 16
98 24
70 78
30 10
88 44
41 34
32 68
33 51
18 71
15 24
56 12
54 31
93 1
69 3
55 65
44 18
85 78
19 91
99 4
97 98
20 4
1 16
76 8
0 85
53 83
99 53
45 61
10 97
97 77
4 42
53 0
74 22
4 73
33 39
35 0
85 87
93 8
94 57
61 74
51 90
6 56
25 84
64 0
78 36
14 10
76 63
39 82
49 56
18 39
28 1
50 4
84 12
31 63
53 74
76 45
24 25
89 71
78 86
38 22
11 65
62 90
90 27
15 86
11 49
75 72
94 86
29 48
23 11
63 81
