112
4 65
51 53
34 44
88 97
29 95
29 53
31 15
58 26
53 0
67 76
44 91
92 32
2 49
0 94
45 32
17 34
28 24
56 15
78 84
92 46
45 40
78 71
70 57
7 4
81 22
36 77
62 44
98 6
58 94
93 79
91 60
99 22
9 50
47 2
76 26
21 93
99 92
15 5
60 69
11 36
15 72
31 69
59 89
5 15
34 11
98 36
17 23
44 82
88 16
61 36
98 58
19 61
27 84
82 59
51 25
0 60
51 85
37 31
74 2
77 41
76 88
49 58
14 77
5 93
1 33
76 8
29 1
97 73
65 50
95 98
33 59
73 92
63 1
23 47
61 15
1 98
41 15
73 27
15 97
57 66
49 51
99 31
63 96
84 12
9 46
84 54
75 38
33 3
92 72
59 30
44 25
25 31
11 28
21 75
99 41
35 80
20 90
74 66
8 64
29 60
74 86
75 43
61 80
60 47
21 9
63 65
86 83
14 41
10 62
66 84
21 66
55 41
