106
58 27
13 35
82 64
42 56
55 93
93 36
52 33
3 11
31 91
68 81
3 67
90 76
59 68
33 30
54 47
10 52
78 28
76 49
76 69
60 53
95 85
45 66
7 24
97 52
47 2
66 14
32 15
91 20
81 87
28 53
50 96
45 78
8 38
8 76
1 51
22 40
23 65
26 98
96 92
92 10
48 37
77 55
0 28
38 9
32 82
74 38
96 45
55 88
73 88
8 66
14 25
44 45
51 65
42 24
19 56
22 30
88 45
89 86
8 42
11 90
19 9
10 97
74 13
60 12
64 99
24 14
27 72
93 26
84 5
0 94
36 0
52 12
15 81
71 97
58 50
5 70
37 87
74 63
85 98
75 20
69 3
62 34
99 32
86 71
1 16
15 11
46 10
92 17
60 82
45 70
33 58
46 51
76 17
60 61
57 96
19 51
65 83
28 20
19 71
87 78
68 49
19 33
78 13
49 43
84 81
61 92
