118
87 5
2 83
93 29
94 12
12 50
44 16
57 69
36 77
64 83
71 27
58 9
31 93
56 30
26 65
28 14
42 55
94 71
95 39
77 11
19 45
80 22
36 8
69 5
82 29
59 97
75 97
78 46
3 11
98 54
2 36
63 55
16 92
18 4
30 29
79 73
46 91
79 91
51 76
5 72
56 36
27 58
56 51
4 20
81 54
8 94
35 71
64 99
60 4
69 79
85 83
62 38
85 63
62 59
47 82
41 64
85 15
69 69
99 87
41 39
18 78
12 59
45 19
42 2
12 25
1 50
32 97
12 0
98 45
45 61
1 89
41 34
82 47
60 16
24 37
94 91
34 0
33 51
21 74
30 21
14 20
0 40
74 2
93 8
53 0
45 40
31 85
98 49
55 72
61 92
7 76
4 62
72 41
90 33
62 23
94 18
27 48
42 13
97 57
69 60
10 39
8 90
84 51
53 53
66 37
75 88
22 87
41 86
49 15
30 63
63 76
26 74
45 47
59 28
72 16
9 46
91 20
36 15
53 23
