112
34 42
46 61
47 91
13 91
93 90
8 71
87 23
73 91
69 47
1 51
51 36
36 77
61 67
72 23
90 50
54 87
18 98
41 99
71 56
70 33
25 80
67 75
44 36
80 43
34 8
27 65
20 4
2 21
85 68
15 32
87 4
48 19
49 51
30 35
10 55
3 85
66 18
59 99
30 15
79 86
86 41
26 85
86 59
58 81
22 58
3 67
40 59
86 82
36 34
18 93
80 60
26 8
34 84
76 28
55 57
13 44
55 95
66 56
11 80
0 5
50 4
72 5
99 74
42 87
98 13
16 18
1 99
95 98
1 33
90 27
70 1
6 3
58 19
80 98
90 9
44 73
18 27
99 92
26 51
34 20
95 71
93 36
3 11
5 70
2 91
73 97
71 77
82 9
22 70
45 54
55 65
90 97
30 42
39 14
15 55
12 16
31 57
81 77
28 71
35 38
95 83
52 85
3 75
9 19
74 50
81 36
79 82
14 59
38 28
41 51
60 74
31 64
