105
38 67
92 92
50 40
31 19
95 4
54 70
47 73
79 85
52 24
37 87
24 99
9 60
84 32
70 23
94 66
34 45
60 6
74 55
96 9
39 93
51 17
96 90
26 73
82 92
31 81
45 63
1 40
9 9
66 37
25 3
95 49
57 87
25 57
40 5
17 21
81 11
68 68
0 55
54 46
94 21
15 73
17 91
28 41
53 98
78 99
72 16
47 25
75 81
73 67
95 57
95 38
13 34
29 62
50 80
67 88
90 5
88 21
88 97
43 13
46 52
2 91
3 22
68 0
79 54
81 40
87 70
26 0
36 34
10 97
24 21
99 31
12 41
12 81
97 80
68 99
14 59
42 2
66 19
98 63
66 60
76 8
27 48
35 89
84 68
3 28
88 53
7 55
16 76
68 74
75 31
27 14
46 20
38 48
42 88
74 96
59 73
29 95
92 18
90 51
30 5
36 75
37 54
23 84
82 61
89 86
