108
65 12
63 96
11 2
40 57
58 22
61 38
57 59
36 95
34 44
91 82
94 21
8 97
74 69
46 31
44 8
25 30
8 30
21 69
14 43
13 85
67 70
50 5
35 85
53 15
96 35
73 29
30 6
79 93
10 16
95 65
91 49
17 57
42 67
29 48
57 97
1 98
19 99
79 35
54 44
61 83
18 16
0 37
7 83
81 69
65 7
79 55
37 63
40 88
2 21
21 86
34 11
68 43
8 38
76 78
26 63
47 52
21 23
41 79
44 16
45 46
55 33
35 74
0 55
87 3
80 16
1 51
33 53
98 49
16 2
91 1
95 83
40 31
93 26
47 2
8 76
75 2
49 73
91 6
78 21
30 99
83 91
54 92
17 64
26 85
66 0
99 41
19 48
72 58
32 34
87 63
68 82
98 12
22 2
55 57
68 25
54 87
19 71
44 26
89 35
45 71
63 19
68 88
36 21
53 39
28 44
61 5
27 67
33 68
