112
66 42
83 75
93 15
3 11
24 28
31 85
38 67
73 90
41 42
24 64
73 55
76 31
44 14
30 21
75 71
29 95
41 59
1 64
94 54
97 77
34 3
57 78
59 21
63 1
5 41
55 94
95 39
27 45
14 92
79 14
17 12
57 50
70 94
47 38
54 4
10 32
98 6
61 36
15 66
41 97
15 96
65 19
46 83
70 69
78 39
77 95
91 68
87 17
95 49
42 36
85 82
33 17
72 4
43 3
65 50
86 32
30 75
35 51
15 25
45 70
66 85
84 55
50 67
84 7
72 37
2 78
22 22
33 65
92 95
0 14
19 1
19 43
2 60
2 0
1 43
20 58
99 22
45 19
29 99
26 1
51 53
10 75
59 99
62 64
16 88
24 37
91 31
53 34
81 78
95 72
7 15
9 59
55 72
91 58
81 41
69 64
46 28
65 8
29 27
67 35
60 92
16 41
79 49
27 58
89 24
37 75
39 14
57 38
28 10
44 25
71 44
35 33
