110
84 73
61 55
92 33
43 25
37 94
42 35
5 93
61 74
19 43
7 7
42 50
3 22
76 35
24 86
41 70
34 21
92 69
46 94
68 68
32 27
78 86
83 9
59 9
4 42
99 4
95 49
92 91
79 54
30 6
69 97
27 69
32 54
6 98
23 95
80 3
66 37
57 88
78 28
23 39
10 84
86 16
94 57
70 72
37 56
52 70
42 16
83 89
8 50
69 51
51 93
39 85
50 30
69 8
67 89
34 48
81 48
58 46
34 86
75 13
87 83
32 34
92 7
1 64
32 77
19 20
15 95
4 36
53 7
98 95
5 70
18 60
38 1
58 24
17 18
48 68
91 37
94 21
99 69
14 75
2 56
53 53
62 6
40 99
90 97
65 92
57 30
75 71
94 63
99 9
49 12
84 1
57 79
11 28
78 20
80 42
45 39
68 56
22 46
38 21
70 23
74 90
60 96
31 97
34 13
41 61
29 44
74 63
36 34
66 84
39 14
