113
50 27
15 46
41 79
24 73
5 37
90 53
62 6
76 78
5 79
65 66
30 6
58 52
79 7
70 33
44 3
50 68
35 92
44 25
90 5
20 34
42 67
59 30
70 13
32 54
19 91
95 98
89 30
4 7
61 85
4 55
2 94
74 47
85 87
28 24
51 50
11 3
97 29
19 48
96 59
83 25
70 18
23 77
77 64
61 38
38 0
30 35
69 51
74 91
35 59
41 85
55 77
21 14
49 54
11 83
21 55
77 11
94 19
4 45
65 23
29 87
71 3
45 78
97 77
74 25
57 99
1 64
6 98
13 20
93 1
40 99
34 39
73 97
88 45
93 73
46 12
5 70
88 88
42 39
18 60
62 80
77 99
52 17
31 15
92 92
49 95
0 73
84 47
96 66
37 53
25 99
12 17
49 64
23 69
70 81
93 26
13 35
36 25
91 98
84 40
86 68
13 91
48 41
87 54
56 14
62 59
91 82
35 50
87 19
39 70
14 77
9 46
25 61
80 89
