104
71 41
11 11
44 16
17 43
85 68
30 10
21 54
86 41
70 57
14 95
5 62
66 9
11 28
48 49
63 79
44 65
43 81
22 79
6 14
23 27
41 39
19 62
23 46
10 51
89 11
98 54
8 76
92 92
64 93
42 95
55 35
80 0
77 55
74 13
67 71
0 28
23 99
50 63
36 77
93 35
49 22
8 81
95 83
67 43
13 6
77 74
91 51
6 56
33 33
52 85
12 99
30 60
69 3
56 43
20 39
62 62
40 51
91 44
76 44
66 34
38 71
44 29
78 98
95 98
1 89
23 84
47 5
99 13
75 20
63 96
95 27
89 65
58 21
3 46
14 56
81 93
54 49
81 77
16 29
89 30
40 11
61 74
83 17
27 89
92 99
37 47
52 70
67 76
36 61
37 25
9 70
71 61
83 51
55 63
69 86
12 36
34 43
50 40
13 85
74 80
69 49
80 8
45 61
62 83
