109
61 56
33 58
93 41
10 73
75 37
56 68
63 66
40 22
21 48
95 89
25 13
95 9
40 71
2 18
90 75
31 34
60 47
74 24
40 29
64 78
36 61
46 66
76 87
82 61
1 51
43 93
2 3
55 17
44 7
18 96
46 49
94 27
95 55
19 26
16 47
28 1
87 3
88 95
74 96
54 28
4 66
78 64
56 83
26 91
9 31
65 50
95 44
68 20
94 76
88 31
30 48
14 23
77 94
32 69
86 56
5 40
46 72
63 86
61 62
21 56
45 25
65 5
27 22
4 99
50 96
9 0
27 84
79 4
59 31
59 9
11 70
38 0
17 1
41 99
49 43
25 82
81 6
8 17
83 23
78 56
83 80
6 45
51 9
42 89
63 45
25 34
72 71
98 36
66 93
38 53
18 85
54 23
39 75
85 9
7 25
36 25
19 42
54 78
42 57
53 53
53 62
16 38
42 67
74 13
26 45
63 24
26 52
71 62
47 33
