111
93 1
13 35
27 51
21 23
8 44
45 78
66 42
81 29
67 94
94 43
25 84
39 65
58 16
35 31
15 10
53 74
61 91
39 85
49 21
56 47
39 59
47 32
28 33
43 3
24 99
90 16
15 64
4 84
60 61
91 85
4 0
86 68
63 76
38 9
49 95
50 49
84 32
22 69
4 90
7 17
90 58
97 85
77 75
11 3
25 93
30 54
13 55
10 38
28 74
54 64
47 7
29 13
59 97
42 39
46 87
20 78
12 24
54 56
49 79
29 24
69 3
35 80
2 70
81 99
98 45
83 14
0 14
69 26
69 60
98 30
99 61
86 0
77 95
53 0
97 95
63 24
2 45
97 10
11 98
94 80
35 99
8 70
60 53
22 7
77 67
62 34
79 4
75 41
66 18
23 47
96 66
7 52
19 85
43 25
81 18
97 52
60 81
14 30
32 35
94 5
56 32
86 22
14 95
6 9
33 66
39 92
36 45
57 39
27 36
31 82
27 59
