112
12 50
27 96
19 77
87 24
81 0
40 90
91 57
3 50
57 60
97 95
83 80
70 14
51 39
65 82
44 66
18 63
11 11
93 15
95 49
93 74
90 7
74 76
9 45
19 55
7 25
46 12
73 35
28 10
3 85
24 29
36 37
74 94
53 7
96 0
33 68
10 5
51 45
46 89
0 58
90 40
66 28
24 21
14 84
56 15
89 67
16 41
58 52
46 76
67 73
10 81
5 13
26 42
9 64
12 98
36 54
52 98
44 25
1 33
25 3
98 89
81 94
67 4
65 48
39 1
66 99
60 86
23 95
97 70
89 30
43 58
0 71
8 29
81 63
33 40
74 0
32 84
69 21
51 75
29 67
42 18
38 97
93 26
17 1
48 3
33 5
1 78
78 36
82 53
52 42
66 93
35 23
24 70
95 21
76 8
18 27
39 83
28 53
4 62
75 80
86 60
11 90
25 84
9 21
75 29
38 68
41 43
5 53
21 48
37 12
19 17
23 62
14 74
