112
65 64
95 80
91 43
58 36
36 34
6 87
13 63
17 37
75 46
87 97
20 84
66 85
39 82
24 24
30 5
73 24
51 31
75 63
24 81
78 37
41 57
83 9
25 49
2 73
52 90
15 5
35 98
61 50
12 41
37 63
45 47
10 26
87 17
56 22
39 7
68 78
93 35
77 94
69 16
21 63
2 94
87 57
50 63
19 15
27 95
6 65
59 93
96 10
69 50
73 31
21 55
22 30
50 40
68 96
12 52
69 38
68 0
2 14
56 44
24 40
1 40
99 31
47 5
88 74
18 98
97 95
11 3
83 3
41 20
50 96
62 9
0 28
73 78
91 51
6 0
97 87
89 66
44 83
6 98
78 3
6 78
80 80
47 25
23 0
6 56
22 69
63 79
98 37
43 67
83 19
27 16
72 67
10 19
3 50
30 31
76 53
49 93
59 74
8 92
26 63
56 29
6 36
24 44
48 58
81 27
39 37
19 20
64 45
7 42
82 44
17 57
15 33
