113
49 47
18 98
82 98
82 40
41 34
7 4
82 5
33 12
50 97
74 66
51 17
68 2
15 69
91 22
80 84
51 83
67 32
2 8
31 19
82 23
78 70
42 89
38 28
38 10
49 34
29 44
66 93
90 60
37 63
96 75
29 78
14 23
60 64
73 52
6 98
5 70
37 56
75 20
58 45
58 4
97 56
61 18
48 72
24 80
25 34
36 0
35 89
74 56
89 68
74 10
52 91
69 73
26 72
72 27
50 40
95 64
8 45
99 4
97 95
18 55
30 32
1 64
2 78
22 7
0 19
96 7
87 46
51 0
5 92
64 99
97 21
95 91
20 94
3 2
80 89
47 16
15 60
34 49
42 72
62 74
6 78
95 49
90 27
91 1
47 58
69 51
82 81
43 2
27 1
54 20
23 40
70 94
13 13
99 13
66 9
62 37
16 83
59 85
94 86
81 12
33 17
86 30
78 46
98 63
46 40
81 65
52 14
31 42
72 42
73 84
93 15
85 56
59 14
