164
34 97
96 61
33 41
90 42
72 67
53 7
7 15
9 50
54 33
48 96
86 71
72 5
34 75
26 26
97 27
86 86
54 82
79 51
30 49
1 16
64 59
93 56
16 46
16 20
81 65
48 87
94 33
29 35
22 40
31 6
40 22
72 92
2 78
9 0
17 64
73 35
87 13
64 20
95 98
49 51
23 84
8 94
1 33
48 68
96 0
99 77
65 50
48 37
0 55
83 14
66 93
32 68
22 7
47 5
24 99
8 76
73 78
81 0
66 0
0 94
6 36
80 31
46 20
80 99
70 20
2 0
47 65
59 77
66 42
24 21
38 97
31 82
0 19
38 0
96 7
16 2
30 56
0 73
58 99
97 47
93 91
96 24
17 83
78 34
66 64
0 39
5 56
79 85
62 6
78 56
59 28
54 51
26 63
42 41
42 16
62 79
93 84
24 1
49 0
98 42
72 98
15 37
16 80
37 77
10 19
72 16
62 34
10 62
91 1
31 63
98 15
86 99
31 1
1 5
30 21
38 36
22 93
0 30
89 65
41 93
0 81
56 53
56 19
17 5
74 49
91 28
25 49
39 50
54 72
57 93
23 79
72 83
39 70
47 16
22 35
85 35
90 89
62 69
26 16
15 54
87 57
67 14
49 40
38 5
88 19
8 87
48 80
81 41
8 39
64 31
40 66
24 67
8 4
46 30
64 83
73 44
58 63
31 27
8 31
16 16
31 15
78 89
58 44
24 58
