114
47 79
59 97
92 84
33 41
73 35
77 55
33 67
32 96
41 7
90 27
70 1
85 68
8 46
69 70
17 62
59 13
17 31
47 71
44 47
47 94
3 33
80 72
26 38
75 97
91 44
84 5
8 76
18 93
31 82
17 8
60 52
34 8
62 31
67 80
50 18
33 60
85 98
75 41
3 67
12 16
80 22
89 10
96 77
93 29
49 52
86 59
24 84
81 94
7 7
66 6
37 61
74 50
22 23
64 85
69 65
16 39
86 50
41 75
99 97
45 58
10 97
46 30
1 51
99 59
2 26
31 24
60 28
98 13
72 19
2 73
28 1
24 99
40 95
14 2
22 52
53 15
65 99
99 65
58 38
22 77
99 22
85 87
1 40
51 76
34 44
38 0
26 19
15 55
77 33
91 36
63 54
61 95
7 25
8 69
54 33
71 72
96 89
16 83
24 1
93 52
18 53
85 78
36 34
54 92
51 45
63 79
66 24
88 24
10 39
81 54
41 81
69 40
41 64
15 48
