106
83 34
52 32
22 40
33 96
64 21
15 19
72 63
22 95
45 61
11 70
47 47
68 78
24 8
92 98
93 24
44 9
90 47
67 58
39 98
82 92
57 48
33 65
12 27
55 76
35 88
93 31
55 40
17 57
71 44
84 74
32 22
97 63
56 90
23 80
2 59
97 95
42 2
97 47
67 30
1 27
24 54
14 74
5 53
81 63
89 19
97 86
37 60
20 37
34 8
99 41
73 27
25 73
11 48
61 65
10 20
21 89
90 89
17 67
74 71
3 2
68 0
5 93
87 3
65 56
36 36
86 42
5 65
0 79
45 78
46 23
66 93
56 1
4 7
63 14
20 3
93 8
1 82
64 98
57 69
80 89
95 70
35 33
33 50
26 22
28 1
77 41
6 87
50 4
0 19
42 94
92 17
54 47
99 49
31 79
6 38
69 17
85 53
59 31
19 51
31 59
58 62
8 11
58 14
68 42
11 65
61 49
