113
69 91
24 84
57 49
11 59
68 65
19 47
10 72
85 78
80 3
40 52
94 91
28 11
51 79
3 93
64 31
62 4
43 17
77 20
89 68
24 91
42 61
42 6
79 80
68 76
90 42
30 35
37 75
11 3
47 33
78 34
13 18
96 25
89 11
66 60
91 51
33 96
0 85
29 26
15 41
83 97
68 17
1 64
87 3
58 79
19 85
31 49
5 11
20 14
40 37
95 69
43 81
34 5
83 42
29 77
18 96
88 91
59 87
42 32
48 96
3 28
78 88
77 48
58 44
22 61
3 46
91 25
82 62
14 74
28 1
98 49
63 24
50 94
8 97
72 51
96 89
52 62
0 78
26 66
8 38
1 58
90 7
43 51
18 27
54 72
99 58
78 28
97 39
80 64
56 97
54 42
18 1
34 92
93 19
37 66
6 56
27 21
22 41
73 42
6 91
58 55
82 10
29 61
28 16
64 72
15 67
84 33
36 45
23 80
85 56
41 44
31 82
13 49
64 50
