107
75 59
83 25
89 12
47 46
4 20
25 96
61 38
42 88
48 68
97 80
2 63
3 97
65 2
63 91
56 18
38 10
79 97
39 43
87 71
71 56
35 82
44 3
20 75
3 2
8 45
67 76
22 35
99 46
28 53
31 15
94 32
99 4
75 20
58 62
62 34
10 81
73 6
16 65
41 95
82 81
16 33
13 51
46 22
85 63
45 54
74 52
31 73
73 81
86 33
98 16
9 27
18 80
47 36
1 52
56 74
61 55
70 26
42 58
89 82
78 67
60 28
95 98
11 72
54 46
19 6
57 88
32 29
75 42
11 99
74 2
22 12
59 9
40 4
22 52
89 1
1 70
8 94
34 26
82 47
72 16
90 16
43 64
96 75
85 95
32 83
13 24
34 43
72 74
69 40
60 16
35 59
57 57
72 91
34 96
29 44
61 43
57 66
23 28
60 81
89 21
17 43
79 76
69 47
38 50
67 17
70 86
37 39
