112
70 71
12 86
43 2
92 83
80 52
77 81
71 84
33 53
72 23
2 26
90 24
36 89
13 47
39 66
63 7
46 12
38 50
88 33
89 93
22 42
79 42
69 76
53 53
83 9
95 62
23 25
18 65
3 97
52 85
64 37
13 4
26 78
52 17
38 97
33 5
3 46
66 90
58 63
70 20
80 61
1 4
54 78
68 3
30 38
12 32
10 92
19 81
85 79
45 78
74 52
38 9
62 90
11 21
66 27
79 95
83 51
67 65
29 66
1 64
48 37
2 73
97 98
43 64
91 6
97 22
95 47
50 32
99 83
0 40
22 17
13 56
0 19
83 94
39 93
98 19
43 32
89 65
82 37
61 41
6 73
49 52
26 34
26 85
38 0
72 5
55 24
28 11
41 18
43 69
66 51
29 56
4 36
8 87
89 30
22 69
75 25
91 61
40 83
8 63
61 74
69 12
51 44
57 26
36 52
81 80
72 92
73 35
33 74
49 66
89 86
84 61
81 72
