111
31 91
37 65
69 20
47 73
8 63
83 23
61 49
87 46
95 62
90 89
38 28
19 28
54 8
77 59
68 73
77 34
27 95
85 77
54 82
91 40
17 67
39 76
94 71
59 71
86 30
83 66
16 47
96 9
8 97
46 96
6 22
45 53
21 81
78 97
36 34
61 38
25 49
57 87
4 87
99 38
59 14
12 32
85 98
71 55
85 15
75 79
20 53
71 39
96 55
94 32
46 89
69 85
63 65
83 91
68 48
34 93
82 56
24 14
40 11
16 2
47 82
31 0
68 3
0 55
45 47
99 13
6 78
47 25
34 62
99 92
59 81
11 8
98 71
85 6
52 33
10 43
46 3
29 77
61 22
41 43
10 26
13 63
70 34
56 36
32 20
77 18
18 13
63 93
25 43
20 88
51 68
91 79
34 57
90 24
38 36
32 72
13 69
41 96
76 87
63 70
14 49
99 81
59 47
75 48
75 25
35 79
27 67
44 67
67 76
66 42
51 76
