112
16 29
61 49
40 77
16 85
60 8
95 30
3 45
90 7
91 58
46 58
8 97
41 8
69 86
53 83
58 27
12 56
82 58
74 77
62 2
79 9
63 89
47 6
27 79
82 68
48 37
35 96
85 89
76 26
19 43
3 67
85 44
30 34
62 31
27 70
88 95
38 59
32 6
27 48
5 76
97 15
74 55
5 42
43 28
12 90
31 91
78 20
77 73
55 89
57 47
61 23
42 82
41 34
11 72
6 56
88 52
81 15
46 94
16 51
61 83
97 77
0 14
57 69
16 2
48 31
22 16
10 26
95 79
99 46
25 65
82 39
63 64
0 82
99 22
70 94
24 21
24 99
1 31
68 38
2 98
7 17
25 2
39 19
45 78
98 54
46 51
58 16
87 38
86 86
60 97
21 37
69 47
38 22
76 17
49 66
22 69
77 61
20 83
56 18
88 72
83 87
60 75
8 63
49 57
36 81
62 42
22 62
29 16
12 41
68 72
58 61
86 76
48 21
