113
45 19
13 71
6 9
46 76
67 54
92 47
18 68
93 8
81 29
71 72
61 85
73 6
96 31
2 60
5 26
22 29
32 60
52 70
87 46
80 78
65 44
18 57
84 12
74 61
64 61
28 10
49 51
20 89
26 45
58 99
39 32
78 94
53 6
59 20
91 87
46 91
36 80
19 15
77 25
67 4
28 2
14 0
46 57
13 88
0 19
36 18
9 74
56 45
69 97
35 67
58 81
31 24
40 12
71 19
25 79
97 42
61 8
97 70
12 41
0 94
60 52
73 84
27 95
95 27
1 98
99 74
72 40
42 98
61 30
0 3
40 40
1 33
10 55
93 60
15 16
23 98
83 50
26 38
94 22
55 34
85 73
50 96
5 84
40 81
8 98
46 8
34 53
55 65
78 13
17 30
64 78
14 5
83 89
35 38
82 44
38 73
16 61
73 65
88 74
37 89
17 23
42 17
68 9
87 26
29 67
4 64
51 85
31 18
8 24
26 63
85 17
56 74
7 17
