112
82 6
70 81
8 77
55 64
57 18
37 10
15 30
14 95
51 90
85 85
9 5
54 36
38 70
42 49
43 20
84 14
45 2
64 26
70 3
51 17
47 28
12 59
25 49
64 98
26 85
62 48
75 59
96 75
91 31
98 15
89 62
50 96
7 25
28 10
2 73
21 46
70 43
22 75
78 20
3 50
44 73
81 94
31 24
94 40
86 0
80 80
70 34
83 56
41 98
31 39
5 87
70 28
77 66
93 83
71 8
14 48
88 24
84 70
95 98
57 50
3 2
96 0
19 15
33 86
2 36
25 99
59 23
17 64
0 55
3 11
29 55
87 46
68 99
1 31
18 32
69 65
39 65
40 35
99 19
98 34
14 0
53 59
19 91
44 6
55 41
72 5
57 12
16 74
5 17
84 40
78 86
19 6
5 41
83 17
70 73
41 29
29 19
74 28
16 26
49 58
91 79
11 65
84 61
98 24
90 4
11 85
86 93
47 44
63 63
48 23
37 14
64 17
