107
87 49
66 57
64 84
6 14
66 16
41 83
29 4
44 23
8 69
33 67
84 5
90 76
2 55
10 87
87 92
6 37
46 49
35 34
72 43
75 2
73 19
91 71
6 63
43 34
9 0
35 96
47 5
17 50
82 33
96 35
99 58
31 49
76 71
23 81
88 20
70 94
62 59
46 69
15 94
81 55
14 36
50 47
74 74
28 28
87 13
74 33
23 47
97 49
29 91
88 38
40 77
69 9
73 85
52 61
20 89
78 36
23 37
99 4
91 60
55 95
1 89
23 11
90 97
51 9
36 42
4 0
53 23
99 83
2 73
26 74
37 63
61 74
38 0
2 45
15 64
29 20
12 15
45 84
64 37
50 27
78 89
99 41
70 23
61 8
19 57
96 89
89 1
72 49
76 67
57 69
38 9
19 6
80 87
21 59
91 29
37 87
42 39
54 13
10 43
17 78
77 47
80 12
39 24
8 65
78 81
32 82
78 20
