108
64 9
89 53
68 25
31 82
7 63
48 32
64 91
41 90
37 66
86 76
71 55
19 43
32 34
13 5
53 51
22 20
0 11
50 24
80 72
72 34
49 85
7 73
64 46
41 34
87 3
94 18
41 7
8 29
99 69
17 85
33 52
56 65
78 39
63 1
76 17
10 43
32 7
13 20
0 5
51 76
49 95
33 86
24 29
58 15
23 75
80 53
74 74
14 61
4 24
49 38
42 13
33 29
61 24
12 69
37 77
95 98
78 89
98 36
24 99
3 90
71 44
38 42
98 84
97 52
80 3
90 97
0 58
29 54
87 27
99 12
16 99
9 0
8 45
47 5
40 99
52 70
42 60
94 55
95 3
28 14
72 67
53 0
93 26
21 66
61 81
19 82
58 37
26 34
94 43
84 12
53 18
13 49
34 57
7 35
1 71
51 65
78 57
9 9
68 15
36 18
27 89
88 60
3 52
48 68
40 22
16 38
28 24
86 50
