87
48 58
4 18
5 79
22 61
80 96
38 44
42 87
22 41
80 87
27 31
6 68
20 69
89 93
60 81
29 98
3 53
29 81
77 81
10 12
49 95
66 72
41 62
43 93
15 33
13 19
88 99
14 55
56 70
23 91
24 76
46 51
30 39
12 47
66 86
8 24
10 62
8 87
2 3
1 32
59 99
57 60
40 78
27 61
15 96
2 45
45 98
0 12
41 56
21 83
21 34
19 20
9 74
28 88
65 79
32 73
0 94
26 50
21 64
72 99
39 70
28 25
63 65
52 98
2 64
5 39
4 7
49 80
86 94
14 92
54 56
19 48
3 59
49 72
54 96
73 91
37 63
32 92
15 39
48 86
45 61
26 67
9 50
32 82
57 87
14 23
24 44
38 81
