113
58 45
79 76
4 17
40 5
63 21
64 79
43 43
89 74
45 61
99 31
29 48
15 60
33 30
10 75
82 56
39 91
89 30
33 68
58 81
56 36
28 4
20 74
60 67
41 30
35 56
75 97
91 44
18 93
2 3
89 95
25 18
49 18
47 2
98 49
20 4
68 63
46 89
11 49
58 53
85 63
46 23
66 37
21 84
48 80
22 47
6 13
75 86
76 62
52 55
29 77
16 54
29 39
67 51
52 32
24 66
44 50
89 11
59 97
2 91
75 13
63 1
14 28
92 16
95 98
95 80
46 33
24 99
78 20
71 34
1 57
1 77
52 98
56 1
0 19
37 89
83 42
17 23
72 5
60 16
92 94
37 40
99 22
45 71
66 84
13 42
87 39
26 8
31 62
4 63
25 80
10 5
84 47
71 27
32 34
63 70
53 15
99 40
39 19
86 16
11 72
50 63
61 92
11 21
72 12
27 44
31 73
52 40
21 37
27 65
18 70
28 53
17 78
54 48
