104
3 3
40 22
43 3
7 25
20 58
23 95
45 78
28 10
5 93
8 45
45 47
1 58
22 30
5 72
22 75
27 45
17 1
37 65
38 95
3 11
37 80
35 23
43 40
10 88
3 41
1 77
35 58
15 62
23 15
1 27
22 80
40 2
45 93
22 40
45 18
45 68
1 93
30 93
34 3
5 62
45 33
22 35
5 18
11 3
1 47
23 50
30 63
30 78
15 83
28 1
38 50
23 25
43 85
22 65
37 30
1 67
17 10
1 18
5 33
5 52
22 90
3 87
45 58
37 45
30 17
43 10
15 73
15 32
18 5
40 73
38 90
37 35
25 57
10 17
7 80
12 95
10 57
10 32
30 32
35 73
30 52
23 85
15 17
38 15
13 40
28 5
40 57
48 25
22 20
22 70
17 45
0 33
32 40
10 72
32 85
15 53
12 90
9 50
28 24
11 65
10 12
17 23
29 71
33 12
