111
75 30
70 74
25 13
84 61
65 10
49 43
61 61
51 6
87 71
20 89
80 98
49 73
99 46
30 31
3 23
39 63
59 92
54 33
77 61
21 36
40 46
60 41
71 86
80 66
8 63
85 6
88 23
8 81
27 52
17 64
5 53
85 89
40 11
20 17
86 2
65 3
96 24
40 78
14 96
45 61
2 73
46 33
88 81
86 53
14 23
68 38
81 28
31 57
71 3
55 47
48 21
29 15
71 97
76 54
91 60
19 22
80 75
3 2
35 96
7 37
29 24
35 55
23 84
38 0
50 89
97 93
25 70
4 36
2 78
82 47
58 55
90 9
99 59
72 23
18 46
94 76
17 7
56 70
43 19
94 96
6 16
66 42
4 42
6 87
30 89
60 12
61 85
35 38
82 39
8 56
34 8
78 20
79 4
28 95
79 93
31 67
34 24
65 27
41 40
22 7
4 48
20 54
56 52
81 84
14 32
33 41
25 3
73 6
77 34
84 67
16 16
