113
94 69
66 32
5 76
85 56
48 68
53 9
1 51
75 20
94 7
27 75
20 25
45 90
87 33
53 24
39 18
2 82
86 5
92 73
61 12
39 59
83 71
98 45
19 96
21 55
0 19
23 11
2 36
61 85
63 55
87 90
22 41
13 1
50 96
36 95
2 91
22 61
35 51
35 80
7 66
60 69
7 14
34 27
19 79
51 27
34 8
15 30
49 58
86 41
81 15
60 2
96 51
83 85
12 50
51 76
37 66
11 36
25 19
78 8
11 83
26 53
55 41
73 97
40 73
36 34
99 31
76 69
70 34
58 99
98 15
91 98
68 56
46 0
33 99
69 82
10 97
41 44
97 80
67 17
3 67
76 44
5 52
27 3
97 65
54 55
39 13
99 4
26 92
21 75
51 39
8 33
77 52
56 71
61 49
22 35
91 51
81 27
43 97
74 65
33 74
35 23
72 12
27 9
92 13
17 91
60 26
17 76
62 40
83 66
31 15
26 67
28 24
31 82
74 24
