106
28 69
54 58
4 7
71 37
49 44
16 42
78 50
85 1
75 97
73 69
57 97
3 85
32 55
2 99
92 44
71 21
86 15
17 86
58 55
68 81
15 33
31 48
13 10
52 38
68 88
67 34
9 93
48 77
5 53
99 4
91 93
56 15
90 69
34 97
44 26
34 15
97 98
70 14
35 71
95 83
2 0
34 37
23 88
0 14
84 25
54 84
42 70
57 66
58 31
76 7
40 52
59 92
76 35
58 19
51 52
66 96
8 69
53 0
81 15
1 31
98 29
34 8
68 0
19 1
43 93
83 56
14 56
72 74
45 5
20 10
32 29
72 51
98 19
6 99
32 83
83 91
23 67
52 98
37 56
48 30
13 78
69 65
85 35
92 5
9 19
78 77
29 94
97 89
29 9
62 34
60 12
46 79
23 51
83 50
10 0
21 72
38 35
15 93
66 18
74 66
34 78
45 61
73 45
45 47
78 56
38 50
