113
73 35
13 85
97 22
5 40
5 60
83 91
93 64
69 77
45 61
32 77
21 55
98 49
50 80
32 29
67 13
53 34
14 28
82 14
90 94
33 89
88 83
6 98
7 4
82 47
61 92
77 61
38 14
89 34
5 84
37 63
91 6
59 6
68 56
29 7
49 48
15 50
23 71
2 57
81 29
32 82
58 86
74 10
35 22
14 98
91 75
75 42
96 13
26 63
42 87
14 75
76 89
2 94
61 76
40 77
34 49
51 20
7 25
22 12
58 37
61 56
44 6
27 34
78 66
0 76
99 92
73 0
98 36
52 24
13 6
99 4
55 72
99 59
55 94
18 46
68 20
19 90
33 34
16 20
53 9
1 51
46 40
58 55
77 74
82 19
97 29
96 66
18 76
19 36
3 74
24 94
23 62
73 45
63 1
43 20
28 12
76 28
85 94
66 84
91 68
34 62
94 28
68 63
0 85
79 43
59 47
25 77
12 60
92 20
17 64
81 36
23 84
33 68
23 25
