104
59 97
57 60
44 93
42 22
95 3
52 87
28 10
26 92
96 75
68 71
25 74
81 48
85 95
9 64
11 48
1 77
46 8
82 20
6 33
49 51
52 25
70 22
32 98
25 58
69 40
65 5
4 14
22 35
5 97
35 46
99 17
17 20
98 56
38 80
79 76
48 37
62 44
43 58
80 60
85 26
31 24
8 81
9 7
71 1
63 77
87 47
93 8
88 81
13 63
52 33
36 71
42 11
73 54
38 27
53 67
62 90
76 26
56 50
47 82
77 40
91 46
90 53
13 76
19 91
77 95
98 36
0 28
51 0
0 94
6 0
8 45
29 55
40 99
68 19
22 13
7 62
43 3
76 69
56 29
19 43
95 27
58 7
26 69
32 54
13 13
35 96
73 78
66 55
82 33
2 54
15 86
63 37
26 19
54 22
42 37
27 78
74 16
50 4
59 58
60 21
17 57
66 66
46 23
29 62
