108
51 35
88 16
49 94
98 45
60 81
80 98
17 43
35 38
1 81
33 52
86 74
17 84
5 96
50 11
70 41
84 0
33 19
55 72
80 90
10 38
64 37
44 40
85 56
4 17
11 70
31 91
96 30
17 8
74 22
60 51
4 0
39 75
85 39
45 54
76 69
2 45
10 62
24 78
25 55
74 11
32 98
78 39
29 37
58 62
73 97
84 81
42 17
10 92
62 10
96 53
53 86
30 69
90 33
68 72
33 28
46 36
17 93
13 78
90 50
70 81
98 89
17 23
98 6
39 1
94 43
92 69
63 1
1 31
63 99
56 24
16 29
93 1
70 23
47 71
11 56
46 89
98 15
31 14
40 54
97 73
0 67
7 18
99 29
57 50
44 6
83 17
68 8
76 45
30 77
21 37
90 60
62 48
59 28
56 95
82 73
28 21
82 32
19 91
7 22
50 75
97 22
38 67
87 5
42 50
23 70
57 34
54 58
41 44
