109
42 44
47 68
63 60
75 68
95 35
44 25
5 41
68 88
27 48
48 3
12 17
2 27
20 71
81 19
46 91
47 61
72 96
9 48
20 63
64 77
70 64
39 63
55 65
76 80
73 35
11 83
97 77
36 80
82 47
27 95
66 0
0 71
61 44
2 94
58 30
93 95
24 25
17 3
89 21
38 0
90 76
29 52
31 81
16 38
81 36
56 1
61 85
95 27
2 59
76 88
92 41
31 66
71 46
12 37
31 41
81 29
32 91
11 65
56 74
28 76
3 2
87 3
98 54
63 14
30 12
96 7
1 6
60 16
84 61
38 28
90 92
31 6
54 92
23 95
8 87
4 24
65 30
51 45
71 6
0 45
15 13
42 20
77 99
95 39
83 75
18 32
32 34
4 73
90 55
12 59
50 27
53 7
61 56
65 23
61 92
2 49
23 47
76 44
38 86
40 54
91 81
53 60
18 86
50 82
70 81
20 53
22 32
66 84
61 67
