108
17 96
50 53
34 8
90 76
2 58
76 86
60 61
26 67
99 13
90 32
34 45
13 34
37 23
54 39
59 25
16 4
1 42
88 51
33 68
90 24
27 44
44 28
60 19
41 9
87 85
25 9
35 13
80 3
43 93
3 72
63 0
58 89
51 73
97 63
74 49
36 77
10 55
73 97
17 23
14 75
20 90
68 31
4 35
21 46
83 28
34 39
60 52
53 82
18 68
13 95
85 46
79 91
80 80
43 75
2 21
73 67
92 99
33 19
98 36
1 82
65 5
16 20
70 34
43 58
76 17
51 8
67 74
37 91
92 16
20 82
97 70
98 54
11 10
68 48
93 90
29 59
50 36
51 96
8 38
93 8
25 3
5 62
87 60
65 66
78 21
75 99
27 33
84 37
67 80
30 86
94 18
61 15
23 61
40 61
38 2
89 69
71 83
29 48
67 53
19 37
32 73
13 82
23 18
46 80
93 26
73 78
25 49
22 40
