112
76 36
42 39
46 86
22 31
24 45
16 4
69 38
74 13
90 60
55 63
27 59
81 72
37 2
95 97
45 15
28 79
13 65
39 60
63 8
49 79
37 92
59 75
47 59
33 52
11 83
78 89
93 1
5 39
2 54
64 99
62 31
97 70
33 93
32 8
78 20
31 73
68 48
86 5
91 50
4 85
43 25
18 10
63 83
82 38
50 94
56 36
24 37
4 65
32 24
68 3
46 6
70 23
23 3
16 44
2 73
46 68
52 33
49 87
33 20
76 3
0 14
99 31
6 99
2 0
92 16
97 77
1 33
75 59
83 75
81 94
18 89
63 51
32 77
90 53
16 29
71 83
60 2
38 39
21 63
1 23
88 99
54 19
66 66
40 99
54 56
18 79
87 39
3 59
25 93
87 2
62 4
8 41
64 90
85 78
9 9
69 17
45 40
79 35
26 17
25 49
38 9
86 50
62 44
30 31
16 74
86 68
85 14
42 82
29 88
32 49
15 34
73 41
