104
10 5
37 89
65 15
45 71
89 21
97 80
13 42
55 94
59 49
72 86
44 8
31 62
18 19
24 2
27 30
35 96
3 11
84 25
6 37
56 82
34 22
51 49
24 48
71 12
62 39
54 13
80 16
5 84
1 58
18 93
95 49
82 72
15 67
97 34
2 91
71 37
35 38
86 46
71 82
36 82
92 8
93 87
58 19
12 81
47 2
54 56
73 29
9 21
32 7
28 80
74 94
24 96
85 78
94 18
52 40
18 5
44 18
80 10
27 71
48 86
22 40
8 16
56 5
23 21
98 63
64 69
63 26
95 98
0 64
15 60
78 46
42 67
68 71
41 99
88 2
43 33
93 66
16 30
28 54
45 64
8 76
79 32
42 2
42 47
85 61
12 56
72 49
50 63
92 32
60 78
9 30
84 88
30 15
28 44
96 71
62 9
11 70
93 25
84 40
34 67
16 47
24 14
76 78
48 8
