113
87 13
32 59
88 84
85 92
82 20
66 42
22 7
17 44
50 89
50 35
3 5
96 67
38 15
52 68
54 22
60 92
75 30
70 16
38 29
97 52
66 66
4 35
1 89
82 52
12 72
98 98
16 92
34 84
3 51
79 76
21 37
62 6
28 1
68 48
97 47
8 11
44 54
74 91
80 34
26 70
31 48
67 76
13 49
50 80
42 36
11 31
5 96
88 69
15 80
70 12
57 36
33 63
17 11
94 87
41 68
30 35
66 34
77 16
89 97
41 58
99 22
49 0
93 0
20 61
5 70
32 91
46 96
95 38
19 98
44 0
55 54
7 25
66 93
34 21
91 8
80 69
0 64
76 53
49 15
2 0
29 84
98 63
58 68
22 17
34 44
4 84
98 15
74 96
82 44
4 19
7 1
8 45
70 57
44 6
55 65
18 27
38 72
99 7
5 61
90 22
89 65
45 44
64 39
74 72
91 79
22 52
55 75
28 77
27 24
44 29
90 54
33 53
73 45
