114
83 3
62 18
48 87
23 3
45 49
54 33
41 7
92 54
93 35
77 61
8 77
97 9
62 45
93 82
21 70
79 17
44 93
15 88
65 39
48 41
93 47
57 55
76 88
59 97
32 82
9 60
86 99
14 46
60 79
16 22
66 4
2 16
1 93
44 70
50 27
70 67
96 75
48 4
15 97
74 31
80 98
87 60
31 1
92 17
61 62
72 17
87 38
40 35
40 13
27 88
60 13
4 85
38 43
37 87
59 25
23 77
26 34
29 55
0 44
69 11
2 0
1 64
95 98
54 46
22 17
16 2
74 83
10 32
99 69
79 45
32 61
2 78
40 29
93 1
0 5
21 48
3 58
86 75
58 75
50 96
15 30
73 92
87 3
6 42
12 16
72 52
34 15
17 66
54 92
67 76
34 39
38 53
88 52
78 66
48 78
77 3
94 12
15 7
54 17
31 6
7 22
18 55
19 34
3 50
12 82
69 85
82 92
40 79
65 59
7 64
9 7
59 89
65 19
51 36
