114
54 10
92 82
8 29
65 4
50 16
87 17
54 51
31 63
3 67
26 26
56 74
41 95
9 86
77 46
61 90
80 89
47 63
14 96
54 40
60 23
88 67
13 6
95 39
29 78
99 25
17 42
70 78
41 27
43 81
68 35
31 15
75 97
7 22
21 66
79 24
78 66
18 52
22 28
92 44
87 7
69 54
2 78
97 77
66 84
23 11
46 89
85 95
63 9
42 72
55 57
10 20
76 16
83 42
36 18
25 57
61 73
90 22
38 89
72 23
84 74
16 33
96 16
68 65
36 41
81 0
51 0
9 6
96 96
27 98
92 53
11 55
61 38
1 89
46 30
68 99
23 0
13 78
34 49
98 40
0 17
78 39
26 92
63 24
14 48
37 66
41 99
17 71
68 8
47 55
94 67
95 85
72 53
82 98
46 8
55 24
58 45
37 32
9 36
52 85
39 75
13 69
23 35
86 81
26 19
32 92
40 57
13 13
47 71
64 30
55 19
67 49
85 87
63 19
57 38
