110
6 31
80 22
42 48
13 16
81 57
49 96
81 67
48 77
13 92
36 61
63 21
81 7
62 42
42 24
23 53
72 87
5 59
50 54
23 13
10 40
73 27
28 56
7 26
26 74
22 30
38 9
91 37
33 93
94 14
67 70
54 92
11 83
38 31
18 98
81 0
55 38
95 44
94 60
13 68
30 79
50 13
26 45
61 74
29 99
56 29
42 70
83 24
60 44
11 56
47 55
38 84
34 17
20 60
32 70
49 35
77 41
37 56
96 0
65 30
88 88
1 6
15 48
75 97
68 0
97 70
19 1
33 53
2 82
90 97
63 60
97 22
34 0
64 16
10 97
1 40
66 84
82 52
2 26
82 81
64 99
5 12
54 45
36 3
64 56
0 54
91 44
8 76
51 76
34 39
60 12
48 21
41 99
86 2
21 23
86 59
67 53
47 91
83 17
50 62
80 95
44 16
57 78
32 8
7 45
58 92
10 19
48 30
27 67
34 44
41 57
