116
30 86
69 74
86 56
25 3
13 63
1 6
14 12
39 50
59 93
41 64
6 28
76 29
50 76
20 82
3 66
39 85
52 57
70 36
81 66
19 6
48 37
95 80
22 30
21 48
93 19
35 23
56 8
83 89
83 3
87 41
21 98
73 78
6 78
34 39
54 90
97 87
25 55
26 72
47 7
69 93
71 60
84 94
10 57
7 14
90 51
46 28
64 73
29 25
81 72
46 48
25 79
77 58
11 19
8 5
60 26
36 99
76 82
57 59
62 6
40 4
6 87
91 37
78 10
79 24
73 43
7 49
66 87
52 98
45 78
33 67
17 37
59 21
53 43
33 9
7 25
88 67
27 65
56 1
27 95
68 99
96 44
49 22
45 98
55 75
62 45
9 73
37 47
92 94
47 62
80 28
37 13
4 24
93 73
3 59
15 2
26 27
39 80
36 41
58 37
20 89
19 62
85 78
32 54
29 44
72 92
81 35
41 34
88 81
46 40
51 85
49 80
74 69
15 55
29 89
17 78
21 71
