114
43 90
34 9
70 6
7 68
7 22
77 67
43 75
63 60
19 43
2 49
3 5
97 69
84 26
29 88
57 74
57 13
31 45
19 70
10 30
17 13
47 64
8 53
23 50
62 31
54 46
79 91
63 96
35 28
80 42
99 16
10 84
43 3
94 57
88 81
73 78
29 2
50 39
4 94
26 25
32 60
92 16
97 80
2 45
18 79
56 22
73 29
34 93
54 84
28 31
10 12
37 66
92 26
42 37
67 71
11 21
39 83
18 35
99 41
4 15
18 97
93 95
40 22
69 47
75 2
79 98
94 40
0 65
1 89
45 54
82 61
61 92
60 2
64 45
23 65
70 19
85 40
48 10
86 22
91 79
17 50
78 56
52 70
50 49
96 49
25 84
57 95
26 16
68 79
31 51
68 33
18 64
40 29
40 11
47 85
2 26
67 65
11 77
8 63
19 91
58 37
45 47
85 89
89 67
60 52
82 53
96 31
52 64
34 37
75 75
16 29
30 56
11 15
74 63
56 57
