111
48 12
19 6
2 54
76 8
72 96
67 80
38 31
33 59
8 69
43 93
92 32
56 36
24 91
84 68
4 18
23 38
16 56
90 38
57 47
60 14
83 91
16 96
76 21
65 70
31 39
98 76
97 3
72 47
3 87
28 77
14 74
45 61
98 63
19 1
81 0
51 0
2 42
64 84
74 30
59 65
92 50
8 87
74 13
30 86
24 99
42 39
35 56
12 53
6 10
85 57
90 26
76 81
62 40
28 68
84 47
22 82
34 8
45 78
97 98
27 21
7 25
52 98
53 27
71 54
99 49
15 30
53 62
40 11
0 28
47 47
90 76
81 65
44 84
75 33
59 85
61 6
41 25
61 99
23 43
91 90
10 97
28 1
83 8
68 56
67 1
14 27
19 60
47 5
49 52
76 69
34 62
28 95
66 34
35 22
83 83
85 23
26 46
58 71
46 33
65 91
50 19
25 12
22 72
80 16
16 45
29 27
63 60
47 55
48 41
19 91
21 55
