112
6 43
59 9
10 19
46 79
28 25
8 87
32 82
23 0
72 30
73 97
81 14
60 84
27 50
49 23
15 16
63 27
4 74
21 6
52 87
52 10
58 19
94 57
49 51
98 71
82 47
13 56
67 53
64 69
29 64
37 3
3 5
93 25
80 62
39 34
97 43
98 5
80 3
1 33
26 85
43 51
15 95
56 44
2 89
83 96
84 70
34 12
65 98
25 69
5 53
85 23
77 35
42 88
40 11
55 24
5 97
62 7
85 3
7 11
92 38
43 77
97 98
74 83
29 99
29 14
29 44
95 80
53 65
65 55
79 82
9 60
22 35
52 40
19 71
41 55
71 1
1 39
80 18
63 76
69 38
85 56
63 96
0 64
89 86
19 76
91 30
11 25
19 50
2 47
44 33
54 46
66 60
35 89
52 62
8 81
44 8
9 5
76 77
88 44
79 91
63 19
33 53
78 10
29 71
56 81
42 24
73 58
11 10
33 73
51 84
55 72
20 10
24 78
