115
33 53
36 71
41 6
28 59
40 22
7 25
52 77
63 1
72 23
21 93
72 47
95 47
86 29
74 86
82 57
14 60
60 28
37 13
46 68
89 11
66 66
9 9
64 98
97 80
34 39
54 13
15 46
7 76
44 93
80 73
98 66
80 3
26 74
19 15
98 15
8 4
60 91
91 85
46 0
5 23
43 53
41 37
98 54
65 23
26 6
78 31
65 39
71 9
96 90
31 87
87 46
63 83
17 83
88 61
31 20
80 29
54 4
13 19
42 44
28 48
6 98
1 51
33 11
89 55
22 31
61 63
77 88
40 99
2 82
96 30
0 44
92 99
49 51
4 7
68 99
91 1
46 86
20 60
94 33
10 40
84 71
58 19
32 77
78 46
75 13
71 62
50 40
62 49
54 98
51 67
17 64
50 18
19 6
56 1
34 57
72 5
86 94
96 75
20 47
21 26
76 76
0 19
74 38
94 69
91 25
67 89
9 50
76 17
65 11
29 62
44 15
83 37
77 67
38 50
83 80
