117
1 51
85 86
87 70
11 38
53 7
72 74
13 6
77 34
35 28
50 49
40 95
10 81
39 9
34 42
86 49
43 71
15 46
6 9
50 86
53 41
3 30
37 47
27 33
80 80
59 97
58 26
32 82
72 16
75 2
26 63
9 65
86 11
97 94
73 95
58 73
90 42
71 65
41 64
74 41
61 6
49 26
88 18
40 14
98 49
88 95
44 92
59 49
3 59
71 92
80 52
5 73
51 71
38 50
79 19
60 38
33 22
2 40
47 16
41 55
23 95
17 23
0 94
27 1
98 79
99 22
20 96
21 48
24 77
65 52
96 65
2 78
3 2
19 1
74 33
66 0
36 0
86 2
24 15
8 95
29 81
56 63
54 87
94 57
64 98
54 10
78 66
99 86
38 78
17 82
78 99
48 37
1 89
85 80
70 48
18 41
21 27
4 44
24 9
50 96
46 12
67 89
33 60
83 37
55 52
16 74
7 55
78 8
43 34
30 90
84 57
16 11
32 15
42 88
49 58
78 89
49 80
89 86
