111
77 34
37 53
27 87
88 3
52 63
93 78
26 5
86 36
63 56
38 82
9 0
95 98
70 81
25 37
50 16
70 9
91 40
19 30
74 28
45 14
93 89
94 54
89 21
13 63
4 24
57 97
2 77
35 24
81 60
77 74
34 39
2 36
49 73
22 66
22 87
7 52
51 28
3 10
98 25
62 81
97 8
23 1
31 15
49 51
51 9
89 95
56 23
24 59
81 20
38 65
15 71
94 0
35 93
90 68
99 31
62 90
33 32
32 59
61 38
5 93
77 95
57 2
19 99
14 46
19 23
74 1
48 86
23 84
70 43
65 23
96 75
5 61
2 0
55 43
88 54
41 39
72 71
72 92
45 78
8 38
98 95
48 96
32 8
24 44
99 16
1 70
52 57
23 73
19 91
59 28
67 76
72 16
80 42
85 86
44 8
38 76
40 29
83 28
46 58
10 32
13 78
57 49
86 46
17 57
32 68
26 92
49 66
68 25
59 14
45 64
92 26
