114
14 74
4 36
34 8
6 98
42 88
24 21
42 67
38 31
2 64
10 19
26 85
2 82
30 49
22 35
14 2
22 61
14 49
0 9
44 18
44 48
14 95
38 97
40 81
42 2
6 22
18 4
26 64
0 45
42 34
2 59
42 62
20 96
18 79
18 41
20 18
34 1
0 75
2 1
36 48
44 96
38 16
0 93
8 63
2 26
30 98
38 73
16 33
28 6
32 33
8 45
6 92
22 50
14 10
30 70
24 93
44 78
16 63
40 45
0 33
38 22
8 81
4 48
42 8
2 16
26 79
36 66
8 3
16 21
12 84
26 32
22 56
24 3
12 66
30 16
51 0
38 56
8 33
34 91
4 72
30 43
34 82
12 36
20 72
30 22
46 38
18 88
26 40
6 10
32 63
46 58
22 10
14 56
46 28
0 51
30 77
9 99
30 55
4 84
42 14
28 96
8 51
13 13
26 74
8 69
28 24
37 87
10 26
18 84
34 39
36 25
18 27
33 12
20 46
12 42
