108
79 91
61 38
82 66
36 77
21 14
25 50
41 71
89 21
70 57
10 86
4 65
4 38
38 34
88 5
3 14
77 74
30 20
41 86
75 96
15 72
1 75
84 29
33 40
88 70
38 79
65 11
86 50
46 51
45 19
59 82
10 52
20 34
51 97
61 63
91 79
95 49
71 9
32 92
59 31
76 27
23 60
2 24
37 13
87 13
93 26
65 66
58 45
17 15
69 93
31 59
83 95
89 56
55 55
16 25
10 9
40 29
45 77
32 68
47 2
97 98
29 32
23 95
25 3
99 4
52 18
95 83
72 52
22 78
99 67
68 25
1 82
65 5
0 19
14 48
80 33
17 0
62 88
39 1
45 61
80 3
8 69
80 69
54 22
39 93
65 39
43 43
24 85
90 82
82 43
96 64
56 8
9 58
41 15
39 45
17 90
25 46
23 19
22 70
74 55
76 88
93 90
44 66
52 37
46 23
72 67
49 45
27 70
33 86
