88
19 20
28 44
44 6
91 8
4 8
22 26
8 12
14 15
66 42
46 38
40 78
36 28
74 26
39 14
60 47
9 30
34 42
30 26
35 96
88 74
97 98
97 28
12 44
80 80
20 4
2 43
20 40
14 30
90 42
49 58
85 56
54 87
1 58
33 60
22 87
66 78
32 77
87 17
14 23
92 3
18 76
0 5
57 78
47 11
69 51
44 28
44 52
16 47
85 26
32 54
61 54
65 5
31 21
4 20
19 91
72 67
90 60
38 0
63 14
96 75
38 94
50 27
99 4
0 28
18 55
45 70
17 35
70 20
84 83
99 21
72 63
47 2
85 6
53 17
93 68
32 14
53 53
9 0
1 40
38 67
41 42
27 40
34 8
7 15
44 16
24 28
29 48
42 46
