107
97 70
82 38
1 31
15 34
65 25
37 14
33 96
10 81
18 4
92 93
30 32
86 20
66 40
58 53
41 84
23 55
67 97
70 8
13 66
9 46
32 6
1 77
91 41
49 10
74 23
95 82
90 34
13 20
72 67
1 58
57 78
53 34
71 82
83 2
83 58
40 22
84 95
36 80
47 2
50 63
13 85
25 93
98 60
99 96
48 42
88 74
75 46
65 92
90 24
55 67
54 26
26 40
28 10
68 56
27 86
80 65
46 70
83 14
82 47
22 86
99 4
37 56
0 94
2 11
61 1
47 91
0 35
76 82
17 19
33 41
29 55
84 5
98 49
13 49
61 96
64 9
98 28
81 96
15 30
97 77
73 78
35 23
43 93
2 49
92 3
41 64
61 48
68 32
20 99
43 1
68 15
1 82
54 10
96 66
18 13
47 24
60 84
27 46
91 82
91 51
49 72
78 8
26 25
60 33
78 60
41 89
24 14
