107
80 3
54 51
5 18
85 62
42 64
96 81
46 37
77 58
91 5
89 80
18 60
56 15
9 88
45 81
85 20
36 34
48 12
24 51
64 46
18 73
70 9
87 53
77 68
80 12
78 39
31 82
14 41
35 5
2 49
32 20
72 86
96 96
11 4
62 63
14 23
73 29
3 93
53 81
28 36
60 36
62 9
36 70
10 67
38 23
88 83
5 30
49 3
91 66
63 55
8 77
75 23
47 27
74 45
51 63
36 15
90 89
25 29
59 97
24 99
40 99
45 73
97 52
64 98
93 26
17 8
38 95
29 25
75 72
6 98
49 45
93 19
30 56
63 1
1 6
0 71
89 1
17 88
61 21
54 92
99 59
76 7
31 42
10 52
37 85
0 89
15 18
74 78
26 67
45 54
52 24
77 34
44 6
17 37
79 54
83 89
94 74
66 25
5 79
43 93
62 90
68 49
56 58
82 17
65 11
48 86
70 57
29 15
