112
14 74
10 55
75 83
90 92
80 12
13 6
58 68
17 37
88 38
40 95
92 70
64 22
19 98
3 94
42 87
9 33
25 43
25 7
65 34
80 32
6 43
77 48
40 4
46 30
96 7
68 99
51 50
0 0
27 81
96 23
51 16
31 30
12 59
57 97
11 21
4 84
65 56
76 97
62 76
84 55
26 98
94 88
39 47
0 12
87 10
5 62
50 4
2 36
42 16
57 21
51 81
33 99
20 89
85 86
70 29
94 15
36 82
64 94
40 25
16 27
11 65
47 11
98 49
74 38
69 3
43 64
28 57
86 71
99 63
31 6
57 50
9 0
45 61
72 74
45 33
25 22
79 54
71 9
89 1
4 18
90 36
12 81
61 49
55 72
49 95
96 66
79 24
18 68
94 30
83 1
9 50
77 88
14 95
34 21
99 13
46 79
59 54
23 36
18 13
81 63
79 18
60 28
83 49
18 79
43 93
61 65
5 7
92 63
32 85
48 86
86 22
84 25
