109
87 3
51 31
56 14
79 19
60 86
17 57
42 67
73 92
18 98
26 6
2 79
67 65
87 73
18 30
80 36
43 33
44 56
59 71
25 91
26 39
56 7
42 25
75 74
51 24
65 50
40 11
27 70
2 45
86 53
95 93
75 97
17 50
16 20
6 87
31 85
50 89
16 74
56 45
38 49
77 22
7 60
90 42
49 58
34 3
62 28
15 10
84 83
71 41
84 8
70 81
49 38
62 97
56 82
57 62
75 68
44 17
32 60
14 51
99 59
70 1
92 26
98 45
1 40
97 77
96 0
4 24
44 73
0 94
41 95
31 24
96 16
98 91
28 1
86 59
72 16
0 71
72 51
42 75
15 35
16 16
32 54
11 83
29 37
62 6
95 70
68 99
29 81
81 91
45 89
92 46
76 40
13 65
86 22
24 21
82 61
56 76
69 55
68 15
58 37
50 49
21 84
29 20
10 43
76 8
24 44
38 67
85 44
66 79
17 43
