112
32 15
14 5
74 22
71 43
72 92
33 96
39 53
20 24
29 36
59 31
13 55
93 72
91 23
30 70
13 40
46 1
84 2
26 93
40 60
78 44
28 8
97 23
38 92
37 69
72 30
1 64
60 81
14 84
86 59
76 69
56 15
63 55
12 98
97 47
71 8
43 24
16 69
57 69
80 80
51 36
51 85
11 10
3 50
92 37
65 50
74 2
66 84
35 10
16 74
43 34
46 68
81 48
67 70
17 33
18 13
51 74
69 38
97 95
53 27
72 52
5 84
75 97
97 77
93 1
2 36
54 13
24 51
1 12
52 93
89 93
92 16
57 50
9 0
32 77
94 57
63 1
99 41
0 61
30 50
71 23
61 98
36 34
4 42
24 99
40 99
90 9
51 45
92 63
19 85
26 22
41 84
61 64
21 37
50 18
8 69
76 62
88 24
36 83
53 67
90 53
21 48
57 87
78 10
64 36
57 21
46 10
21 8
26 72
31 94
71 63
58 37
63 43
