115
96 30
60 47
47 66
71 54
78 39
17 64
44 16
86 59
97 95
56 29
28 88
73 5
75 71
23 15
20 58
89 56
64 2
56 55
49 30
56 36
16 38
97 77
32 68
19 1
5 79
90 9
35 28
5 18
69 86
46 86
0 94
33 5
57 77
70 26
6 48
42 48
25 49
98 36
35 96
18 85
34 36
11 31
54 91
98 16
68 92
61 69
7 64
76 78
72 12
84 28
47 62
51 98
66 66
8 69
31 54
78 90
52 80
46 52
32 19
76 63
41 38
90 21
41 75
47 2
58 15
14 99
58 61
1 33
7 4
0 19
82 95
94 54
77 48
27 72
95 89
96 7
81 0
19 29
29 99
4 55
53 15
17 15
91 70
3 87
55 1
92 40
61 38
37 13
75 20
76 34
40 89
20 78
58 95
19 96
33 59
98 63
58 44
80 80
68 20
30 28
5 24
10 8
83 14
47 25
47 71
72 40
77 73
80 53
46 44
55 83
18 73
66 9
63 55
28 63
65 46
