112
10 52
12 34
84 28
76 82
30 85
36 3
3 52
38 31
69 3
79 63
61 55
91 92
70 40
90 77
94 53
25 23
70 78
73 95
85 19
71 27
84 68
14 77
42 67
27 65
53 18
4 14
20 4
50 89
13 92
56 74
2 0
44 34
87 10
1 33
5 70
36 95
97 95
69 12
75 48
55 10
92 56
2 18
34 6
20 40
89 42
63 76
32 96
14 10
20 71
34 64
45 82
31 28
79 91
19 85
11 67
59 65
27 90
8 61
76 16
46 51
99 32
50 96
61 38
1 89
96 9
98 71
50 4
64 92
77 0
17 50
74 63
52 33
15 25
1 4
84 34
65 26
78 98
99 20
40 4
0 28
39 24
60 47
97 47
66 1
65 62
15 30
32 91
25 4
63 24
46 89
90 87
12 16
23 65
81 99
85 25
78 77
84 63
53 38
72 2
56 79
9 46
40 12
93 23
59 9
22 17
36 81
64 73
76 88
85 56
75 31
71 72
80 87
