103
79 76
20 58
32 77
7 22
48 77
36 41
77 95
7 4
65 5
37 56
81 22
50 4
63 96
5 39
35 23
33 93
65 23
22 40
49 95
6 56
35 5
50 40
79 4
67 40
94 76
81 41
21 6
51 22
63 78
92 94
52 56
82 56
67 57
21 21
19 96
4 36
85 63
0 55
3 2
53 62
95 98
97 77
27 72
0 19
84 25
19 43
68 63
64 9
37 26
49 0
34 0
35 99
37 62
64 37
80 0
54 92
48 37
67 80
17 57
80 98
16 20
19 1
52 77
83 80
99 92
64 0
19 37
67 25
49 7
35 91
78 42
2 41
64 43
79 8
33 42
34 8
52 98
46 23
4 7
68 99
22 61
48 72
6 62
47 41
32 22
61 23
72 56
77 74
46 58
32 57
78 36
92 70
80 90
75 22
62 74
42 78
17 6
58 57
23 25
65 92
52 25
7 27
32 37
