103
8 63
49 58
7 22
28 1
28 23
27 70
6 42
50 35
48 21
28 40
6 0
49 0
28 56
49 51
7 15
7 69
27 7
49 15
49 72
29 77
7 37
28 62
27 28
49 43
7 7
49 7
6 49
28 47
50 63
28 12
49 27
7 27
7 57
29 35
67 71
20 75
53 0
0 73
35 80
2 0
58 40
33 41
58 19
34 8
13 20
0 55
1 40
42 67
0 14
34 26
21 55
58 55
21 0
59 70
44 50
12 41
59 14
12 72
34 62
59 35
42 2
43 20
0 29
14 13
0 5
13 56
42 41
13 35
0 64
43 64
36 0
23 72
14 0
56 4
58 51
21 20
44 16
56 29
2 21
23 51
0 49
44 37
19 36
57 65
19 6
43 58
34 14
13 62
21 28
16 47
36 34
15 30
24 14
40 29
37 54
1 33
13 6
34 21
33 68
44 6
22 40
21 66
34 48
