116
74 78
82 8
8 63
58 19
32 58
58 77
71 31
28 71
12 81
43 93
21 7
50 55
85 33
25 26
12 59
71 9
57 86
83 3
54 68
58 37
10 19
96 9
2 91
41 30
71 55
86 94
1 47
45 11
96 81
93 47
16 43
30 85
89 64
44 79
73 82
93 26
72 23
15 2
62 94
66 37
80 80
96 21
10 87
45 69
60 71
49 47
54 92
82 19
63 18
67 63
18 64
7 52
44 90
80 12
0 5
34 44
23 99
36 0
1 32
95 98
78 49
50 4
66 0
87 60
39 14
76 96
18 41
0 77
36 58
81 35
41 34
97 70
99 13
17 23
1 16
24 91
63 43
6 1
1 39
42 76
53 54
47 2
95 89
86 50
34 39
96 30
2 63
91 1
52 33
77 73
70 92
16 96
0 89
32 63
65 23
35 28
38 44
92 54
11 36
3 10
53 15
30 94
82 78
0 51
6 72
86 41
72 40
79 27
61 5
87 86
24 48
48 37
92 35
67 18
85 11
80 87
