119
93 8
34 48
64 36
57 61
8 63
49 38
4 7
33 86
88 38
76 17
48 21
34 66
2 37
62 97
34 15
74 47
97 23
10 40
44 69
37 56
38 42
61 24
88 16
11 90
25 3
79 91
95 62
96 87
61 83
57 9
45 94
0 99
58 68
27 95
10 12
46 79
99 69
2 26
98 42
82 2
69 50
25 37
29 81
6 71
26 18
40 22
72 16
33 3
88 31
86 92
4 86
55 97
68 19
53 59
94 32
82 24
51 28
62 14
68 0
86 76
76 63
0 51
20 75
99 4
19 1
89 55
54 2
14 26
46 62
73 35
19 91
29 62
80 98
6 56
5 4
47 85
24 44
0 29
85 52
31 99
88 78
15 76
0 69
66 97
60 75
34 26
16 20
71 55
17 98
43 13
38 48
69 33
10 49
97 77
19 34
92 63
85 8
29 71
72 93
24 15
33 33
98 37
65 3
11 2
41 94
9 85
56 83
78 39
52 12
78 21
3 31
84 83
60 29
27 85
69 40
95 70
32 8
41 28
74 13
