113
4 32
69 89
9 9
40 88
30 6
54 72
71 9
94 55
9 49
97 94
31 49
65 45
39 21
80 28
79 82
40 77
87 63
60 97
40 92
21 54
96 60
32 16
11 83
72 67
8 69
46 51
22 35
93 35
44 36
94 15
83 97
7 25
61 38
3 2
57 60
25 3
63 1
76 7
17 15
34 67
36 41
78 56
13 63
57 87
86 71
42 27
10 43
67 31
1 78
33 95
70 17
20 24
61 66
86 86
51 78
35 25
2 43
72 43
73 95
36 54
64 10
77 68
47 2
56 22
98 1
19 98
99 22
86 41
20 82
50 9
27 69
95 75
97 99
0 57
87 13
70 81
7 4
0 73
52 55
6 90
90 41
52 37
45 8
1 17
42 67
95 80
63 24
30 35
69 51
36 81
92 20
15 22
21 7
60 91
78 21
6 34
86 48
51 16
28 80
33 45
17 47
85 80
71 55
29 20
57 30
57 77
39 6
33 74
56 15
49 65
81 62
12 18
52 70
